[ 2017-06-15T17:08:00+08:00 ] 127.0.0.1 /Home/Goods/ajax_spec_key.html
INFO: [ app_begin ] --START--
INFO: Run Behavior\ReadHtmlCacheBehavior [ RunTime:0.001215s ]
INFO: [ app_begin ] --END-- [ RunTime:0.002007s ]
SQL: SHOW COLUMNS FROM `goods_spec` [ RunTime:0.0078s ]
SQL: SELECT `spec_price` FROM `goods_spec` WHERE `spec_key` = '4,60,54' AND `goods_id` = 12 LIMIT 1   [ RunTime:0.0002s ]

[ 2017-06-15T17:08:02+08:00 ] 127.0.0.1 /Home/Goods/ajax_spec_key.html
INFO: [ app_begin ] --START--
INFO: Run Behavior\ReadHtmlCacheBehavior [ RunTime:0.000844s ]
INFO: [ app_begin ] --END-- [ RunTime:0.001261s ]
SQL: SHOW COLUMNS FROM `goods_spec` [ RunTime:0.0049s ]
SQL: SELECT `spec_price` FROM `goods_spec` WHERE `spec_key` = '5,60,54' AND `goods_id` = 12 LIMIT 1   [ RunTime:0.0002s ]

[ 2017-06-15T17:08:03+08:00 ] 127.0.0.1 /Home/Cart/addToCart.html
INFO: [ app_begin ] --START--
INFO: Run Behavior\ReadHtmlCacheBehavior [ RunTime:0.000672s ]
INFO: [ app_begin ] --END-- [ RunTime:0.001077s ]
SQL: SHOW COLUMNS FROM `cart` [ RunTime:0.0079s ]
SQL: UPDATE `cart` SET `user_key`='1' WHERE `user_key` = '9b537f9697c7ea0617839c81fd84c435' [ RunTime:0.0003s ]
SQL: SHOW COLUMNS FROM `goods` [ RunTime:0.0126s ]
SQL: SELECT g.id,g.goods_name,g.shop_price,g.market_price,g.image,s.spec_price FROM goods as g left join goods_spec as s on g.id = s.goods_id  WHERE g.id = '12' AND `spec_key` = '5,60,54' LIMIT 1   [ RunTime:0.0002s ]
SQL: SELECT `id`,`number` FROM `cart` WHERE `user_key` = '1' AND `goods_id` = 12 AND `goods_spec_key` = '5,60,54' LIMIT 1   [ RunTime:0.0003s ]
SQL: UPDATE `cart` SET `number`='4' WHERE `id` = 9 [ RunTime:0.1557s ]

[ 2017-06-15T17:10:16+08:00 ] 127.0.0.1 /Home/Goods/ajax_spec_key.html
INFO: [ app_begin ] --START--
INFO: Run Behavior\ReadHtmlCacheBehavior [ RunTime:0.001134s ]
INFO: [ app_begin ] --END-- [ RunTime:0.002654s ]
SQL: SHOW COLUMNS FROM `goods_spec` [ RunTime:0.0049s ]
SQL: SELECT `spec_price` FROM `goods_spec` WHERE `spec_key` = '4,60,54' AND `goods_id` = 12 LIMIT 1   [ RunTime:0.0001s ]

[ 2017-06-15T17:10:19+08:00 ] 127.0.0.1 /Home/Goods/ajax_spec_key.html
INFO: [ app_begin ] --START--
INFO: Run Behavior\ReadHtmlCacheBehavior [ RunTime:0.000679s ]
INFO: [ app_begin ] --END-- [ RunTime:0.001090s ]
SQL: SHOW COLUMNS FROM `goods_spec` [ RunTime:0.0078s ]
SQL: SELECT `spec_price` FROM `goods_spec` WHERE `spec_key` = '5,60,54' AND `goods_id` = 12 LIMIT 1   [ RunTime:0.0002s ]

[ 2017-06-15T17:10:20+08:00 ] 127.0.0.1 /Home/Goods/ajax_spec_key.html
INFO: [ app_begin ] --START--
INFO: Run Behavior\ReadHtmlCacheBehavior [ RunTime:0.000702s ]
INFO: [ app_begin ] --END-- [ RunTime:0.001133s ]
SQL: SHOW COLUMNS FROM `goods_spec` [ RunTime:0.0076s ]
SQL: SELECT `spec_price` FROM `goods_spec` WHERE `spec_key` = '4,60,54' AND `goods_id` = 12 LIMIT 1   [ RunTime:0.0002s ]

[ 2017-06-15T17:10:23+08:00 ] 127.0.0.1 /Home/Cart/addToCart.html
INFO: [ app_begin ] --START--
INFO: Run Behavior\ReadHtmlCacheBehavior [ RunTime:0.000676s ]
INFO: [ app_begin ] --END-- [ RunTime:0.001082s ]
SQL: SHOW COLUMNS FROM `cart` [ RunTime:0.0044s ]
SQL: UPDATE `cart` SET `user_key`='1' WHERE `user_key` = '9b537f9697c7ea0617839c81fd84c435' [ RunTime:0.0003s ]
SQL: SHOW COLUMNS FROM `goods` [ RunTime:0.0042s ]
SQL: SELECT g.id,g.goods_name,g.shop_price,g.market_price,g.image,s.spec_price FROM goods as g left join goods_spec as s on g.id = s.goods_id  WHERE g.id = '12' AND `spec_key` = '4,60,54' LIMIT 1   [ RunTime:0.0002s ]
SQL: SELECT `id`,`number` FROM `cart` WHERE `user_key` = '1' AND `goods_id` = 12 AND `goods_spec_key` = '4,60,54' LIMIT 1   [ RunTime:0.0003s ]
SQL: UPDATE `cart` SET `number`='11' WHERE `id` = 8 [ RunTime:0.0723s ]

[ 2017-06-15T17:10:53+08:00 ] 127.0.0.1 /Home/Goods/ajax_spec_key.html
INFO: [ app_begin ] --START--
INFO: Run Behavior\ReadHtmlCacheBehavior [ RunTime:0.001141s ]
INFO: [ app_begin ] --END-- [ RunTime:0.001998s ]
SQL: SHOW COLUMNS FROM `goods_spec` [ RunTime:0.0045s ]
SQL: SELECT `spec_price` FROM `goods_spec` WHERE `spec_key` = '4,60,54' AND `goods_id` = 12 LIMIT 1   [ RunTime:0.0001s ]

[ 2017-06-15T17:11:00+08:00 ] 127.0.0.1 /Home/Goods/ajax_spec_key.html
INFO: [ app_begin ] --START--
INFO: Run Behavior\ReadHtmlCacheBehavior [ RunTime:0.000711s ]
INFO: [ app_begin ] --END-- [ RunTime:0.001179s ]
SQL: SHOW COLUMNS FROM `goods_spec` [ RunTime:0.0045s ]
SQL: SELECT `spec_price` FROM `goods_spec` WHERE `spec_key` = '5,60,54' AND `goods_id` = 12 LIMIT 1   [ RunTime:0.0002s ]

[ 2017-06-15T17:11:07+08:00 ] 127.0.0.1 /Home/Cart/addToCart.html
INFO: [ app_begin ] --START--
INFO: Run Behavior\ReadHtmlCacheBehavior [ RunTime:0.000671s ]
INFO: [ app_begin ] --END-- [ RunTime:0.001077s ]
SQL: SHOW COLUMNS FROM `cart` [ RunTime:0.0078s ]
SQL: UPDATE `cart` SET `user_key`='1' WHERE `user_key` = '9b537f9697c7ea0617839c81fd84c435' [ RunTime:0.0003s ]
SQL: SHOW COLUMNS FROM `goods` [ RunTime:0.0043s ]
SQL: SELECT g.id,g.goods_name,g.shop_price,g.market_price,g.image,s.spec_price FROM goods as g left join goods_spec as s on g.id = s.goods_id  WHERE g.id = '12' AND `spec_key` = '5,60,54' LIMIT 1   [ RunTime:0.0002s ]
SQL: SELECT `id`,`number` FROM `cart` WHERE `user_key` = '1' AND `goods_id` = 12 AND `goods_spec_key` = '5,60,54' LIMIT 1   [ RunTime:0.0003s ]
SQL: UPDATE `cart` SET `number`='6' WHERE `id` = 9 [ RunTime:0.1361s ]

[ 2017-06-15T17:11:56+08:00 ] 127.0.0.1 /Home/Goods/ajax_spec_key.html
INFO: [ app_begin ] --START--
INFO: Run Behavior\ReadHtmlCacheBehavior [ RunTime:0.000844s ]
INFO: [ app_begin ] --END-- [ RunTime:0.001266s ]
SQL: SHOW COLUMNS FROM `goods_spec` [ RunTime:0.0045s ]
SQL: SELECT `spec_price` FROM `goods_spec` WHERE `spec_key` = '4,60,54' AND `goods_id` = 12 LIMIT 1   [ RunTime:0.0001s ]

[ 2017-06-15T17:12:00+08:00 ] 127.0.0.1 /Home/Cart/addToCart.html
INFO: [ app_begin ] --START--
INFO: Run Behavior\ReadHtmlCacheBehavior [ RunTime:0.000839s ]
INFO: [ app_begin ] --END-- [ RunTime:0.001248s ]
SQL: SHOW COLUMNS FROM `goods` [ RunTime:0.0077s ]
SQL: SELECT g.id,g.goods_name,g.shop_price,g.market_price,g.image,s.spec_price FROM goods as g left join goods_spec as s on g.id = s.goods_id  WHERE g.id = '12' AND `spec_key` = '4,60,54' LIMIT 1   [ RunTime:0.0002s ]
SQL: SHOW COLUMNS FROM `cart` [ RunTime:0.0044s ]
SQL: SELECT `id`,`number` FROM `cart` WHERE `user_key` = '9b537f9697c7ea0617839c81fd84c435' AND `goods_id` = 12 AND `goods_spec_key` = '4,60,54' LIMIT 1   [ RunTime:0.0004s ]
SQL: INSERT INTO `cart` (`user_id`,`user_key`,`goods_id`,`goods_spec_key`,`number`) VALUES ('0','9b537f9697c7ea0617839c81fd84c435','12','4,60,54','3') [ RunTime:0.1418s ]

[ 2017-06-15T21:28:29+08:00 ] 127.0.0.1 /Home/Goods/ajax_spec_key.html
INFO: [ app_begin ] --START--
INFO: Run Behavior\ReadHtmlCacheBehavior [ RunTime:0.002210s ]
INFO: [ app_begin ] --END-- [ RunTime:0.002889s ]
SQL: SHOW COLUMNS FROM `goods_spec` [ RunTime:0.0056s ]
SQL: SELECT `spec_price` FROM `goods_spec` WHERE `spec_key` = '4,60,54' AND `goods_id` = 12 LIMIT 1   [ RunTime:0.0002s ]

[ 2017-06-15T21:28:42+08:00 ] 127.0.0.1 /Home/Cart/addToCart.html
INFO: [ app_begin ] --START--
INFO: Run Behavior\ReadHtmlCacheBehavior [ RunTime:0.000793s ]
INFO: [ app_begin ] --END-- [ RunTime:0.001192s ]
SQL: SHOW COLUMNS FROM `goods` [ RunTime:0.0044s ]
SQL: SELECT g.id,g.goods_name,g.shop_price,g.market_price,g.image,s.spec_price FROM goods as g left join goods_spec as s on g.id = s.goods_id  WHERE g.id = '12' AND `spec_key` = '4,60,54' LIMIT 1   [ RunTime:0.0002s ]
SQL: SHOW COLUMNS FROM `cart` [ RunTime:0.0043s ]
SQL: SELECT `id`,`number` FROM `cart` WHERE `goods_id` = 12 AND `user_key` = '4bf0b38aa9d748a48c7563912ed304ec' AND `goods_spec_key` = '4,60,54' LIMIT 1   [ RunTime:0.0003s ]
ERR: 1048:Column 'user_id' cannot be null
 [ SQL语句 ] : INSERT INTO `cart` (`user_id`,`user_key`,`goods_id`,`goods_spec_key`,`number`) VALUES (NULL,'4bf0b38aa9d748a48c7563912ed304ec','12','4,60,54','1')
ERR: 1048:Column 'user_id' cannot be null
 [ SQL语句 ] : INSERT INTO `cart` (`user_id`,`user_key`,`goods_id`,`goods_spec_key`,`number`) VALUES (NULL,'4bf0b38aa9d748a48c7563912ed304ec','12','4,60,54','1')

[ 2017-06-15T21:30:41+08:00 ] 127.0.0.1 /Home/Cart/addToCart.html
INFO: [ app_begin ] --START--
INFO: Run Behavior\ReadHtmlCacheBehavior [ RunTime:0.000864s ]
INFO: [ app_begin ] --END-- [ RunTime:0.001277s ]
SQL: SHOW COLUMNS FROM `goods` [ RunTime:0.0082s ]
SQL: SELECT g.id,g.goods_name,g.shop_price,g.market_price,g.image,s.spec_price FROM goods as g left join goods_spec as s on g.id = s.goods_id  WHERE g.id = '12' AND `spec_key` = '4,60,54' LIMIT 1   [ RunTime:0.0002s ]
SQL: SHOW COLUMNS FROM `cart` [ RunTime:0.0042s ]
SQL: SELECT `id`,`number` FROM `cart` WHERE `goods_id` = 12 AND `user_key` = '4bf0b38aa9d748a48c7563912ed304ec' AND `goods_spec_key` = '4,60,54' LIMIT 1   [ RunTime:0.0001s ]
ERR: 1048:Column 'user_id' cannot be null
 [ SQL语句 ] : INSERT INTO `cart` (`user_id`,`user_key`,`goods_id`,`goods_spec_key`,`number`) VALUES (NULL,'4bf0b38aa9d748a48c7563912ed304ec','12','4,60,54','1')
ERR: 1048:Column 'user_id' cannot be null
 [ SQL语句 ] : INSERT INTO `cart` (`user_id`,`user_key`,`goods_id`,`goods_spec_key`,`number`) VALUES (NULL,'4bf0b38aa9d748a48c7563912ed304ec','12','4,60,54','1')

[ 2017-06-15T21:30:44+08:00 ] 127.0.0.1 /Home/Goods/ajax_spec_key.html
INFO: [ app_begin ] --START--
INFO: Run Behavior\ReadHtmlCacheBehavior [ RunTime:0.000802s ]
INFO: [ app_begin ] --END-- [ RunTime:0.001222s ]
SQL: SHOW COLUMNS FROM `goods_spec` [ RunTime:0.0051s ]
SQL: SELECT `spec_price` FROM `goods_spec` WHERE `spec_key` = '4,60,54' AND `goods_id` = 12 LIMIT 1   [ RunTime:0.0001s ]

[ 2017-06-15T21:30:52+08:00 ] 127.0.0.1 /Home/Cart/addToCart.html
INFO: [ app_begin ] --START--
INFO: Run Behavior\ReadHtmlCacheBehavior [ RunTime:0.000819s ]
INFO: [ app_begin ] --END-- [ RunTime:0.001237s ]
SQL: SHOW COLUMNS FROM `goods` [ RunTime:0.0316s ]
SQL: SELECT g.id,g.goods_name,g.shop_price,g.market_price,g.image,s.spec_price FROM goods as g left join goods_spec as s on g.id = s.goods_id  WHERE g.id = '12' AND `spec_key` = '4,60,54' LIMIT 1   [ RunTime:0.0002s ]
SQL: SHOW COLUMNS FROM `cart` [ RunTime:0.0041s ]
SQL: SELECT `id`,`number` FROM `cart` WHERE `goods_id` = 12 AND `user_key` = '4bf0b38aa9d748a48c7563912ed304ec' AND `goods_spec_key` = '4,60,54' LIMIT 1   [ RunTime:0.0002s ]
ERR: 1048:Column 'user_id' cannot be null
 [ SQL语句 ] : INSERT INTO `cart` (`user_id`,`user_key`,`goods_id`,`goods_spec_key`,`number`) VALUES (NULL,'4bf0b38aa9d748a48c7563912ed304ec','12','4,60,54','1')
ERR: 1048:Column 'user_id' cannot be null
 [ SQL语句 ] : INSERT INTO `cart` (`user_id`,`user_key`,`goods_id`,`goods_spec_key`,`number`) VALUES (NULL,'4bf0b38aa9d748a48c7563912ed304ec','12','4,60,54','1')

[ 2017-06-15T21:30:55+08:00 ] 127.0.0.1 /Home/Cart/addToCart.html
INFO: [ app_begin ] --START--
INFO: Run Behavior\ReadHtmlCacheBehavior [ RunTime:0.000847s ]
INFO: [ app_begin ] --END-- [ RunTime:0.001258s ]
SQL: SHOW COLUMNS FROM `goods` [ RunTime:0.0044s ]
SQL: SELECT g.id,g.goods_name,g.shop_price,g.market_price,g.image,s.spec_price FROM goods as g left join goods_spec as s on g.id = s.goods_id  WHERE g.id = '12' AND `spec_key` = '4,60,54' LIMIT 1   [ RunTime:0.0002s ]
SQL: SHOW COLUMNS FROM `cart` [ RunTime:0.0047s ]
SQL: SELECT `id`,`number` FROM `cart` WHERE `goods_id` = 12 AND `user_key` = '4bf0b38aa9d748a48c7563912ed304ec' AND `goods_spec_key` = '4,60,54' LIMIT 1   [ RunTime:0.0002s ]
ERR: 1048:Column 'user_id' cannot be null
 [ SQL语句 ] : INSERT INTO `cart` (`user_id`,`user_key`,`goods_id`,`goods_spec_key`,`number`) VALUES (NULL,'4bf0b38aa9d748a48c7563912ed304ec','12','4,60,54','1')
ERR: 1048:Column 'user_id' cannot be null
 [ SQL语句 ] : INSERT INTO `cart` (`user_id`,`user_key`,`goods_id`,`goods_spec_key`,`number`) VALUES (NULL,'4bf0b38aa9d748a48c7563912ed304ec','12','4,60,54','1')

[ 2017-06-15T21:31:01+08:00 ] 127.0.0.1 /Home/Cart/addToCart.html
INFO: [ app_begin ] --START--
INFO: Run Behavior\ReadHtmlCacheBehavior [ RunTime:0.001286s ]
INFO: [ app_begin ] --END-- [ RunTime:0.001902s ]
SQL: SHOW COLUMNS FROM `goods` [ RunTime:0.0085s ]
SQL: SELECT g.id,g.goods_name,g.shop_price,g.market_price,g.image,s.spec_price FROM goods as g left join goods_spec as s on g.id = s.goods_id  WHERE g.id = '12' AND `spec_key` = '4,60,54' LIMIT 1   [ RunTime:0.0002s ]
SQL: SHOW COLUMNS FROM `cart` [ RunTime:0.0044s ]
SQL: SELECT `id`,`number` FROM `cart` WHERE `goods_id` = 12 AND `user_key` = '4bf0b38aa9d748a48c7563912ed304ec' AND `goods_spec_key` = '4,60,54' LIMIT 1   [ RunTime:0.0002s ]
ERR: 1048:Column 'user_id' cannot be null
 [ SQL语句 ] : INSERT INTO `cart` (`user_id`,`user_key`,`goods_id`,`goods_spec_key`,`number`) VALUES (NULL,'4bf0b38aa9d748a48c7563912ed304ec','12','4,60,54','1')
ERR: 1048:Column 'user_id' cannot be null
 [ SQL语句 ] : INSERT INTO `cart` (`user_id`,`user_key`,`goods_id`,`goods_spec_key`,`number`) VALUES (NULL,'4bf0b38aa9d748a48c7563912ed304ec','12','4,60,54','1')

[ 2017-06-15T21:32:33+08:00 ] 127.0.0.1 /Home/Cart/addToCart.html
INFO: [ app_begin ] --START--
INFO: Run Behavior\ReadHtmlCacheBehavior [ RunTime:0.001010s ]
INFO: [ app_begin ] --END-- [ RunTime:0.001730s ]
SQL: SHOW COLUMNS FROM `goods` [ RunTime:0.0045s ]
SQL: SELECT g.id,g.goods_name,g.shop_price,g.market_price,g.image,s.spec_price FROM goods as g left join goods_spec as s on g.id = s.goods_id  WHERE g.id = '12' AND `spec_key` = '4,60,54' LIMIT 1   [ RunTime:0.0002s ]
SQL: SHOW COLUMNS FROM `cart` [ RunTime:0.0042s ]
SQL: SELECT `id`,`number` FROM `cart` WHERE `goods_id` = 12 AND `user_key` = '4bf0b38aa9d748a48c7563912ed304ec' AND `goods_spec_key` = '4,60,54' LIMIT 1   [ RunTime:0.0001s ]
ERR: 1048:Column 'user_id' cannot be null
 [ SQL语句 ] : INSERT INTO `cart` (`user_id`,`user_key`,`goods_id`,`goods_spec_key`,`number`) VALUES (NULL,'4bf0b38aa9d748a48c7563912ed304ec','12','4,60,54','1')
ERR: 1048:Column 'user_id' cannot be null
 [ SQL语句 ] : INSERT INTO `cart` (`user_id`,`user_key`,`goods_id`,`goods_spec_key`,`number`) VALUES (NULL,'4bf0b38aa9d748a48c7563912ed304ec','12','4,60,54','1')

[ 2017-06-15T21:32:46+08:00 ] 127.0.0.1 /Home/Cart/addToCart.html
INFO: [ app_begin ] --START--
INFO: Run Behavior\ReadHtmlCacheBehavior [ RunTime:0.000863s ]
INFO: [ app_begin ] --END-- [ RunTime:0.001273s ]

[ 2017-06-15T21:33:01+08:00 ] 127.0.0.1 /Home/Cart/addToCart.html
INFO: [ app_begin ] --START--
INFO: Run Behavior\ReadHtmlCacheBehavior [ RunTime:0.001415s ]
INFO: [ app_begin ] --END-- [ RunTime:0.002091s ]

[ 2017-06-15T21:34:41+08:00 ] 127.0.0.1 /Home/Cart/addToCart.html
INFO: [ app_begin ] --START--
INFO: Run Behavior\ReadHtmlCacheBehavior [ RunTime:0.001134s ]
INFO: [ app_begin ] --END-- [ RunTime:0.002666s ]
SQL: SHOW COLUMNS FROM `goods` [ RunTime:0.0862s ]
SQL: SELECT g.id,g.goods_name,g.shop_price,g.market_price,g.image,s.spec_price FROM goods as g left join goods_spec as s on g.id = s.goods_id  WHERE g.id = '12' AND `spec_key` = '4,60,54' LIMIT 1   [ RunTime:0.0004s ]
SQL: SHOW COLUMNS FROM `cart` [ RunTime:0.0086s ]
SQL: SELECT `id`,`number` FROM `cart` WHERE `goods_id` = 12 AND `user_key` = '4bf0b38aa9d748a48c7563912ed304ec' AND `goods_spec_key` = '4,60,54' LIMIT 1   [ RunTime:0.0004s ]
SQL: INSERT INTO `cart` (`user_id`,`user_key`,`goods_id`,`goods_spec_key`,`number`) VALUES ('0','4bf0b38aa9d748a48c7563912ed304ec','12','4,60,54','1') [ RunTime:0.1228s ]

[ 2017-06-15T21:39:17+08:00 ] 127.0.0.1 /Home/Goods/ajax_spec_key.html
INFO: [ app_begin ] --START--
INFO: Run Behavior\ReadHtmlCacheBehavior [ RunTime:0.001693s ]
INFO: [ app_begin ] --END-- [ RunTime:0.002619s ]
SQL: SHOW COLUMNS FROM `goods_spec` [ RunTime:0.0087s ]
SQL: SELECT `spec_price` FROM `goods_spec` WHERE `spec_key` = '4,60,54' AND `goods_id` = 12 LIMIT 1   [ RunTime:0.0002s ]

[ 2017-06-15T21:39:19+08:00 ] 127.0.0.1 /Home/Goods/ajax_spec_key.html
INFO: [ app_begin ] --START--
INFO: Run Behavior\ReadHtmlCacheBehavior [ RunTime:0.000723s ]
INFO: [ app_begin ] --END-- [ RunTime:0.001125s ]
SQL: SHOW COLUMNS FROM `goods_spec` [ RunTime:0.0078s ]
SQL: SELECT `spec_price` FROM `goods_spec` WHERE `spec_key` = '5,60,54' AND `goods_id` = 12 LIMIT 1   [ RunTime:0.0002s ]

[ 2017-06-15T21:39:21+08:00 ] 127.0.0.1 /Home/Cart/addToCart.html
INFO: [ app_begin ] --START--
INFO: Run Behavior\ReadHtmlCacheBehavior [ RunTime:0.000716s ]
INFO: [ app_begin ] --END-- [ RunTime:0.001117s ]
SQL: SHOW COLUMNS FROM `goods` [ RunTime:0.0101s ]
SQL: SELECT g.id,g.goods_name,g.shop_price,g.market_price,g.image,s.spec_price FROM goods as g left join goods_spec as s on g.id = s.goods_id  WHERE g.id = '12' AND `spec_key` = '5,60,54' LIMIT 1   [ RunTime:0.0002s ]
SQL: SHOW COLUMNS FROM `cart` [ RunTime:0.0046s ]
SQL: SELECT `id`,`number` FROM `cart` WHERE `goods_id` = 12 AND `user_id` = 1 AND `goods_spec_key` = '5,60,54' LIMIT 1   [ RunTime:0.0003s ]
SQL: INSERT INTO `cart` (`user_id`,`user_key`,`goods_id`,`goods_spec_key`,`number`) VALUES ('1','4bf0b38aa9d748a48c7563912ed304ec','12','5,60,54','3') [ RunTime:0.1480s ]

[ 2017-06-15T21:39:23+08:00 ] 127.0.0.1 /Home/Goods/ajax_spec_key.html
INFO: [ app_begin ] --START--
INFO: Run Behavior\ReadHtmlCacheBehavior [ RunTime:0.000728s ]
INFO: [ app_begin ] --END-- [ RunTime:0.001142s ]
SQL: SHOW COLUMNS FROM `goods_spec` [ RunTime:0.0045s ]
SQL: SELECT `spec_price` FROM `goods_spec` WHERE `spec_key` = '4,60,54' AND `goods_id` = 12 LIMIT 1   [ RunTime:0.0002s ]

[ 2017-06-15T21:39:24+08:00 ] 127.0.0.1 /Home/Cart/addToCart.html
INFO: [ app_begin ] --START--
INFO: Run Behavior\ReadHtmlCacheBehavior [ RunTime:0.000808s ]
INFO: [ app_begin ] --END-- [ RunTime:0.001212s ]
SQL: SHOW COLUMNS FROM `goods` [ RunTime:0.0085s ]
SQL: SELECT g.id,g.goods_name,g.shop_price,g.market_price,g.image,s.spec_price FROM goods as g left join goods_spec as s on g.id = s.goods_id  WHERE g.id = '12' AND `spec_key` = '4,60,54' LIMIT 1   [ RunTime:0.0002s ]
SQL: SHOW COLUMNS FROM `cart` [ RunTime:0.0051s ]
SQL: SELECT `id`,`number` FROM `cart` WHERE `goods_id` = 12 AND `user_id` = 1 AND `goods_spec_key` = '4,60,54' LIMIT 1   [ RunTime:0.0004s ]
SQL: UPDATE `cart` SET `number`='2' WHERE `id` = 14 [ RunTime:0.1514s ]

[ 2017-06-15T21:40:29+08:00 ] 127.0.0.1 /Home/Cart/personal%20data.html
ERR: 非法操作:personal data

[ 2017-06-15T21:40:34+08:00 ] 127.0.0.1 /Home/Cart/member.html
ERR: 非法操作:member

[ 2017-06-15T22:02:46+08:00 ] 127.0.0.1 /Home/Cart/checkLogin.html
INFO: [ app_begin ] --START--
INFO: Run Behavior\ReadHtmlCacheBehavior [ RunTime:0.001278s ]
INFO: [ app_begin ] --END-- [ RunTime:0.001921s ]

[ 2017-06-15T22:04:00+08:00 ] 127.0.0.1 /Home/Cart/checkLogin.html
INFO: [ app_begin ] --START--
INFO: Run Behavior\ReadHtmlCacheBehavior [ RunTime:0.000893s ]
INFO: [ app_begin ] --END-- [ RunTime:0.001331s ]

[ 2017-06-15T22:04:14+08:00 ] 127.0.0.1 /Home/Cart/checkLogin.html
INFO: [ app_begin ] --START--
INFO: Run Behavior\ReadHtmlCacheBehavior [ RunTime:0.000796s ]
INFO: [ app_begin ] --END-- [ RunTime:0.001214s ]

[ 2017-06-15T22:55:03+08:00 ] 127.0.0.1 /Home/Member/address.html
INFO: [ app_begin ] --START--
INFO: Run Behavior\ReadHtmlCacheBehavior [ RunTime:0.000863s ]
INFO: [ app_begin ] --END-- [ RunTime:0.001298s ]
SQL: SHOW COLUMNS FROM `region` [ RunTime:0.0044s ]
SQL: SELECT `region_id`,`parent_id`,`region_name` FROM `region` WHERE `parent_id` = 1  [ RunTime:0.0002s ]
INFO: [ view_parse ] --START--
INFO: [ template_filter ] --START--
INFO: Run Behavior\ContentReplaceBehavior [ RunTime:0.000066s ]
INFO: [ template_filter ] --END-- [ RunTime:0.000115s ]
INFO: Run Behavior\ParseTemplateBehavior [ RunTime:0.011176s ]
INFO: [ view_parse ] --END-- [ RunTime:0.011226s ]
INFO: [ view_filter ] --START--
INFO: Run Behavior\WriteHtmlCacheBehavior [ RunTime:0.000601s ]
INFO: [ view_filter ] --END-- [ RunTime:0.000632s ]
INFO: [ app_end ] --START--
INFO: Run Behavior\ShowPageTraceBehavior [ RunTime:0.000895s ]
INFO: [ app_end ] --END-- [ RunTime:0.000935s ]

[ 2017-06-15T23:11:52+08:00 ] 127.0.0.1 /Home/Member/region.html
INFO: [ app_begin ] --START--
INFO: Run Behavior\ReadHtmlCacheBehavior [ RunTime:0.000689s ]
INFO: [ app_begin ] --END-- [ RunTime:0.001103s ]
ERR: 非法操作:region

[ 2017-06-15T23:12:05+08:00 ] 127.0.0.1 /Home/Member/region.html
INFO: [ app_begin ] --START--
INFO: Run Behavior\ReadHtmlCacheBehavior [ RunTime:0.001303s ]
INFO: [ app_begin ] --END-- [ RunTime:0.001959s ]
ERR: 非法操作:region

[ 2017-06-15T23:12:29+08:00 ] 127.0.0.1 /Home/Member/address.html
INFO: [ app_begin ] --START--
INFO: Run Behavior\ReadHtmlCacheBehavior [ RunTime:0.002283s ]
INFO: [ app_begin ] --END-- [ RunTime:0.003282s ]
SQL: SHOW COLUMNS FROM `region` [ RunTime:0.0080s ]
SQL: SELECT `region_id`,`parent_id`,`region_name` FROM `region` WHERE `parent_id` = 666666666  [ RunTime:0.0580s ]

[ 2017-06-15T23:13:05+08:00 ] 127.0.0.1 /Home/Member/address.html
INFO: [ app_begin ] --START--
INFO: Run Behavior\ReadHtmlCacheBehavior [ RunTime:0.000861s ]
INFO: [ app_begin ] --END-- [ RunTime:0.001285s ]
SQL: SHOW COLUMNS FROM `region` [ RunTime:0.0059s ]
SQL: SELECT `region_id`,`parent_id`,`region_name` FROM `region` WHERE `parent_id` = 666666666  [ RunTime:0.0017s ]

[ 2017-06-15T23:13:12+08:00 ] 127.0.0.1 /Home/Member/address.html
INFO: [ app_begin ] --START--
INFO: Run Behavior\ReadHtmlCacheBehavior [ RunTime:0.000859s ]
INFO: [ app_begin ] --END-- [ RunTime:0.001281s ]
SQL: SHOW COLUMNS FROM `region` [ RunTime:0.0079s ]
SQL: SELECT `region_id`,`parent_id`,`region_name` FROM `region` WHERE `parent_id` = 666666666  [ RunTime:0.0003s ]

[ 2017-06-15T23:13:26+08:00 ] 127.0.0.1 /Home/Member/address.html
INFO: [ app_begin ] --START--
INFO: Run Behavior\ReadHtmlCacheBehavior [ RunTime:0.001469s ]
INFO: [ app_begin ] --END-- [ RunTime:0.002304s ]
SQL: SHOW COLUMNS FROM `region` [ RunTime:0.0813s ]
SQL: SELECT `region_id`,`parent_id`,`region_name` FROM `region` WHERE `parent_id` = 10  [ RunTime:0.0010s ]

[ 2017-06-15T23:14:01+08:00 ] 127.0.0.1 /Home/Member/address.html
INFO: [ app_begin ] --START--
INFO: Run Behavior\ReadHtmlCacheBehavior [ RunTime:0.001291s ]
INFO: [ app_begin ] --END-- [ RunTime:0.002231s ]
SQL: SHOW COLUMNS FROM `region` [ RunTime:0.0064s ]
SQL: SELECT `region_id`,`parent_id`,`region_name` FROM `region` WHERE `parent_id` = 12  [ RunTime:0.0004s ]

[ 2017-06-15T23:15:21+08:00 ] 127.0.0.1 /Home/Member/address.html
INFO: [ app_begin ] --START--
INFO: Run Behavior\ReadHtmlCacheBehavior [ RunTime:0.001715s ]
INFO: [ app_begin ] --END-- [ RunTime:0.002554s ]
SQL: SHOW COLUMNS FROM `region` [ RunTime:0.0089s ]
SQL: SELECT `region_id`,`parent_id`,`region_name` FROM `region` WHERE `parent_id` = 3  [ RunTime:0.0004s ]

[ 2017-06-15T23:15:27+08:00 ] 127.0.0.1 /Home/Member/address.html
INFO: [ app_begin ] --START--
INFO: Run Behavior\ReadHtmlCacheBehavior [ RunTime:0.002182s ]
INFO: [ app_begin ] --END-- [ RunTime:0.003502s ]
SQL: SHOW COLUMNS FROM `region` [ RunTime:0.0089s ]
SQL: SELECT `region_id`,`parent_id`,`region_name` FROM `region` WHERE `parent_id` = 5  [ RunTime:0.0004s ]

[ 2017-06-15T23:15:29+08:00 ] 127.0.0.1 /Home/Member/address.html
INFO: [ app_begin ] --START--
INFO: Run Behavior\ReadHtmlCacheBehavior [ RunTime:0.001918s ]
INFO: [ app_begin ] --END-- [ RunTime:0.003065s ]
SQL: SHOW COLUMNS FROM `region` [ RunTime:0.0100s ]
SQL: SELECT `region_id`,`parent_id`,`region_name` FROM `region` WHERE `parent_id` = 55  [ RunTime:0.0012s ]

[ 2017-06-15T23:17:58+08:00 ] 127.0.0.1 /Home/Member/address.html
INFO: [ app_begin ] --START--
INFO: Run Behavior\ReadHtmlCacheBehavior [ RunTime:0.000853s ]
INFO: [ app_begin ] --END-- [ RunTime:0.001271s ]
SQL: SHOW COLUMNS FROM `region` [ RunTime:0.0077s ]
SQL: SELECT `region_id`,`parent_id`,`region_name` FROM `region` WHERE `parent_id` = 2  [ RunTime:0.0003s ]

[ 2017-06-15T23:24:21+08:00 ] 127.0.0.1 /Home/Member/address.html
INFO: [ app_begin ] --START--
INFO: Run Behavior\ReadHtmlCacheBehavior [ RunTime:0.000858s ]
INFO: [ app_begin ] --END-- [ RunTime:0.001267s ]
SQL: SHOW COLUMNS FROM `region` [ RunTime:0.0852s ]
SQL: SELECT `region_id`,`parent_id`,`region_name` FROM `region` WHERE `parent_id` = 2  [ RunTime:0.0005s ]

[ 2017-06-15T23:24:23+08:00 ] 127.0.0.1 /Home/Member/address.html
INFO: [ app_begin ] --START--
INFO: Run Behavior\ReadHtmlCacheBehavior [ RunTime:0.000868s ]
INFO: [ app_begin ] --END-- [ RunTime:0.001329s ]
SQL: SHOW COLUMNS FROM `region` [ RunTime:0.0057s ]
SQL: SELECT `region_id`,`parent_id`,`region_name` FROM `region` WHERE `parent_id` = 37  [ RunTime:0.0005s ]

[ 2017-06-15T23:24:26+08:00 ] 127.0.0.1 /Home/Member/address.html
INFO: [ app_begin ] --START--
INFO: Run Behavior\ReadHtmlCacheBehavior [ RunTime:0.000849s ]
INFO: [ app_begin ] --END-- [ RunTime:0.001269s ]
SQL: SHOW COLUMNS FROM `region` [ RunTime:0.0058s ]
SQL: SELECT `region_id`,`parent_id`,`region_name` FROM `region` WHERE `parent_id` = 406  [ RunTime:0.0004s ]

[ 2017-06-15T23:24:28+08:00 ] 127.0.0.1 /Home/Member/address.html
INFO: [ app_begin ] --START--
INFO: Run Behavior\ReadHtmlCacheBehavior [ RunTime:0.001560s ]
INFO: [ app_begin ] --END-- [ RunTime:0.002317s ]
SQL: SHOW COLUMNS FROM `region` [ RunTime:0.0134s ]
SQL: SELECT `region_id`,`parent_id`,`region_name` FROM `region` WHERE `parent_id` = 411  [ RunTime:0.0003s ]

[ 2017-06-15T23:24:30+08:00 ] 127.0.0.1 /Home/Member/address.html
INFO: [ app_begin ] --START--
INFO: Run Behavior\ReadHtmlCacheBehavior [ RunTime:0.001769s ]
INFO: [ app_begin ] --END-- [ RunTime:0.002761s ]
SQL: SHOW COLUMNS FROM `region` [ RunTime:0.0043s ]
SQL: SELECT `region_id`,`parent_id`,`region_name` FROM `region` WHERE `parent_id` = 416  [ RunTime:0.0002s ]

[ 2017-06-15T23:26:41+08:00 ] 127.0.0.1 /Home/Member/address.html
INFO: [ app_begin ] --START--
INFO: Run Behavior\ReadHtmlCacheBehavior [ RunTime:0.000953s ]
INFO: [ app_begin ] --END-- [ RunTime:0.001609s ]
SQL: SHOW COLUMNS FROM `region` [ RunTime:0.0085s ]
SQL: SELECT `region_id`,`parent_id`,`region_name` FROM `region` WHERE `parent_id` = 7  [ RunTime:0.0005s ]

[ 2017-06-15T23:26:43+08:00 ] 127.0.0.1 /Home/Member/address.html
INFO: [ app_begin ] --START--
INFO: Run Behavior\ReadHtmlCacheBehavior [ RunTime:0.000846s ]
INFO: [ app_begin ] --END-- [ RunTime:0.001249s ]
SQL: SHOW COLUMNS FROM `region` [ RunTime:0.0043s ]
SQL: SELECT `region_id`,`parent_id`,`region_name` FROM `region` WHERE `parent_id` = 75  [ RunTime:0.0004s ]

[ 2017-06-15T23:26:44+08:00 ] 127.0.0.1 /Home/Member/address.html
INFO: [ app_begin ] --START--
INFO: Run Behavior\ReadHtmlCacheBehavior [ RunTime:0.000874s ]
INFO: [ app_begin ] --END-- [ RunTime:0.001308s ]
SQL: SHOW COLUMNS FROM `region` [ RunTime:0.0078s ]
SQL: SELECT `region_id`,`parent_id`,`region_name` FROM `region` WHERE `parent_id` = 907  [ RunTime:0.0003s ]

[ 2017-06-15T23:28:16+08:00 ] 127.0.0.1 /Home/Member/address.html
INFO: [ app_begin ] --START--
INFO: Run Behavior\ReadHtmlCacheBehavior [ RunTime:0.001056s ]
INFO: [ app_begin ] --END-- [ RunTime:0.001809s ]
SQL: SHOW COLUMNS FROM `region` [ RunTime:0.0084s ]
SQL: SELECT `region_id`,`parent_id`,`region_name` FROM `region` WHERE `parent_id` = 4  [ RunTime:0.0003s ]

[ 2017-06-15T23:28:18+08:00 ] 127.0.0.1 /Home/Member/address.html
INFO: [ app_begin ] --START--
INFO: Run Behavior\ReadHtmlCacheBehavior [ RunTime:0.001490s ]
INFO: [ app_begin ] --END-- [ RunTime:0.001950s ]
SQL: SHOW COLUMNS FROM `region` [ RunTime:0.0081s ]
SQL: SELECT `region_id`,`parent_id`,`region_name` FROM `region` WHERE `parent_id` = 45  [ RunTime:0.0005s ]

[ 2017-06-15T23:28:20+08:00 ] 127.0.0.1 /Home/Member/address.html
INFO: [ app_begin ] --START--
INFO: Run Behavior\ReadHtmlCacheBehavior [ RunTime:0.001862s ]
INFO: [ app_begin ] --END-- [ RunTime:0.002758s ]
SQL: SHOW COLUMNS FROM `region` [ RunTime:0.0087s ]
SQL: SELECT `region_id`,`parent_id`,`region_name` FROM `region` WHERE `parent_id` = 569  [ RunTime:0.0003s ]

[ 2017-06-15T23:28:22+08:00 ] 127.0.0.1 /Home/Member/address.html
INFO: [ app_begin ] --START--
INFO: Run Behavior\ReadHtmlCacheBehavior [ RunTime:0.000854s ]
INFO: [ app_begin ] --END-- [ RunTime:0.001282s ]
SQL: SHOW COLUMNS FROM `region` [ RunTime:0.0044s ]
SQL: SELECT `region_id`,`parent_id`,`region_name` FROM `region` WHERE `parent_id` = 41  [ RunTime:0.0003s ]

[ 2017-06-15T23:29:04+08:00 ] 127.0.0.1 /Home/Member/address.html
INFO: [ app_begin ] --START--
INFO: Run Behavior\ReadHtmlCacheBehavior [ RunTime:0.000877s ]
INFO: [ app_begin ] --END-- [ RunTime:0.001278s ]
SQL: SHOW COLUMNS FROM `region` [ RunTime:0.0084s ]
SQL: SELECT `region_id`,`parent_id`,`region_name` FROM `region` WHERE `parent_id` = 4  [ RunTime:0.0002s ]

[ 2017-06-15T23:29:12+08:00 ] 127.0.0.1 /Home/Member/address.html
INFO: [ app_begin ] --START--
INFO: Run Behavior\ReadHtmlCacheBehavior [ RunTime:0.001274s ]
INFO: [ app_begin ] --END-- [ RunTime:0.001727s ]
SQL: SHOW COLUMNS FROM `region` [ RunTime:0.0079s ]
SQL: SELECT `region_id`,`parent_id`,`region_name` FROM `region` WHERE `parent_id` = 45  [ RunTime:0.0002s ]

[ 2017-06-15T23:29:14+08:00 ] 127.0.0.1 /Home/Member/address.html
INFO: [ app_begin ] --START--
INFO: Run Behavior\ReadHtmlCacheBehavior [ RunTime:0.002306s ]
INFO: [ app_begin ] --END-- [ RunTime:0.002964s ]
SQL: SHOW COLUMNS FROM `region` [ RunTime:0.0056s ]
SQL: SELECT `region_id`,`parent_id`,`region_name` FROM `region` WHERE `parent_id` = 566  [ RunTime:0.0003s ]

[ 2017-06-15T23:29:16+08:00 ] 127.0.0.1 /Home/Member/address.html
INFO: [ app_begin ] --START--
INFO: Run Behavior\ReadHtmlCacheBehavior [ RunTime:0.000845s ]
INFO: [ app_begin ] --END-- [ RunTime:0.001257s ]
SQL: SHOW COLUMNS FROM `region` [ RunTime:0.0079s ]
SQL: SELECT `region_id`,`parent_id`,`region_name` FROM `region` WHERE `parent_id` = 41  [ RunTime:0.0002s ]

[ 2017-06-15T23:29:34+08:00 ] 127.0.0.1 /Home/Member/address.html
INFO: [ app_begin ] --START--
INFO: Run Behavior\ReadHtmlCacheBehavior [ RunTime:0.000846s ]
INFO: [ app_begin ] --END-- [ RunTime:0.001243s ]
SQL: SHOW COLUMNS FROM `region` [ RunTime:0.0042s ]
SQL: SELECT `region_id`,`parent_id`,`region_name` FROM `region` WHERE `parent_id` = 3  [ RunTime:0.0001s ]

[ 2017-06-15T23:29:37+08:00 ] 127.0.0.1 /Home/Member/address.html
INFO: [ app_begin ] --START--
INFO: Run Behavior\ReadHtmlCacheBehavior [ RunTime:0.000923s ]
INFO: [ app_begin ] --END-- [ RunTime:0.001328s ]
SQL: SHOW COLUMNS FROM `region` [ RunTime:0.0077s ]
SQL: SELECT `region_id`,`parent_id`,`region_name` FROM `region` WHERE `parent_id` = 38  [ RunTime:0.0004s ]

[ 2017-06-15T23:29:40+08:00 ] 127.0.0.1 /Home/Member/address.html
INFO: [ app_begin ] --START--
INFO: Run Behavior\ReadHtmlCacheBehavior [ RunTime:0.001193s ]
INFO: [ app_begin ] --END-- [ RunTime:0.001883s ]
SQL: SHOW COLUMNS FROM `region` [ RunTime:0.0734s ]
SQL: SELECT `region_id`,`parent_id`,`region_name` FROM `region` WHERE `parent_id` = 430  [ RunTime:0.0004s ]

[ 2017-06-15T23:29:44+08:00 ] 127.0.0.1 /Home/Member/address.html
INFO: [ app_begin ] --START--
INFO: Run Behavior\ReadHtmlCacheBehavior [ RunTime:0.000855s ]
INFO: [ app_begin ] --END-- [ RunTime:0.001289s ]
SQL: SHOW COLUMNS FROM `region` [ RunTime:0.0082s ]
SQL: SELECT `region_id`,`parent_id`,`region_name` FROM `region` WHERE `parent_id` = 6  [ RunTime:0.0004s ]

[ 2017-06-15T23:52:27+08:00 ] 127.0.0.1 /Home/Member/address.html
INFO: [ app_begin ] --START--
INFO: Run Behavior\ReadHtmlCacheBehavior [ RunTime:0.000902s ]
INFO: [ app_begin ] --END-- [ RunTime:0.001352s ]
SQL: SHOW COLUMNS FROM `region` [ RunTime:0.0129s ]
SQL: SELECT `region_id`,`parent_id`,`region_name` FROM `region` WHERE `parent_id` = 12  [ RunTime:0.0002s ]

[ 2017-06-15T23:52:30+08:00 ] 127.0.0.1 /Home/Member/address.html
INFO: [ app_begin ] --START--
INFO: Run Behavior\ReadHtmlCacheBehavior [ RunTime:0.000914s ]
INFO: [ app_begin ] --END-- [ RunTime:0.001385s ]
SQL: SHOW COLUMNS FROM `region` [ RunTime:0.0054s ]
SQL: SELECT `region_id`,`parent_id`,`region_name` FROM `region` WHERE `parent_id` = 126  [ RunTime:0.0006s ]

[ 2017-06-15T23:52:32+08:00 ] 127.0.0.1 /Home/Member/address.html
INFO: [ app_begin ] --START--
INFO: Run Behavior\ReadHtmlCacheBehavior [ RunTime:0.000874s ]
INFO: [ app_begin ] --END-- [ RunTime:0.001336s ]
SQL: SHOW COLUMNS FROM `region` [ RunTime:0.0044s ]
SQL: SELECT `region_id`,`parent_id`,`region_name` FROM `region` WHERE `parent_id` = 1403  [ RunTime:0.0003s ]

[ 2017-06-15T23:52:34+08:00 ] 127.0.0.1 /Home/Member/address.html
INFO: [ app_begin ] --START--
INFO: Run Behavior\ReadHtmlCacheBehavior [ RunTime:0.000853s ]
INFO: [ app_begin ] --END-- [ RunTime:0.001259s ]
SQL: SHOW COLUMNS FROM `region` [ RunTime:0.0797s ]
SQL: SELECT `region_id`,`parent_id`,`region_name` FROM `region` WHERE `parent_id` = 124  [ RunTime:0.0010s ]

[ 2017-06-15T23:52:59+08:00 ] 127.0.0.1 /Home/Member/address.html
INFO: [ app_begin ] --START--
INFO: Run Behavior\ReadHtmlCacheBehavior [ RunTime:0.000866s ]
INFO: [ app_begin ] --END-- [ RunTime:0.001287s ]
SQL: SHOW COLUMNS FROM `region` [ RunTime:0.0092s ]
SQL: SELECT `region_id`,`parent_id`,`region_name` FROM `region` WHERE `parent_id` = 4  [ RunTime:0.0002s ]

[ 2017-06-15T23:53:00+08:00 ] 127.0.0.1 /Home/Member/address.html
INFO: [ app_begin ] --START--
INFO: Run Behavior\ReadHtmlCacheBehavior [ RunTime:0.000857s ]
INFO: [ app_begin ] --END-- [ RunTime:0.001264s ]
SQL: SHOW COLUMNS FROM `region` [ RunTime:0.0044s ]
SQL: SELECT `region_id`,`parent_id`,`region_name` FROM `region` WHERE `parent_id` = 42  [ RunTime:0.0004s ]

[ 2017-06-15T23:53:01+08:00 ] 127.0.0.1 /Home/Member/address.html
INFO: [ app_begin ] --START--
INFO: Run Behavior\ReadHtmlCacheBehavior [ RunTime:0.002251s ]
INFO: [ app_begin ] --END-- [ RunTime:0.003239s ]
SQL: SHOW COLUMNS FROM `region` [ RunTime:0.0123s ]
SQL: SELECT `region_id`,`parent_id`,`region_name` FROM `region` WHERE `parent_id` = 498  [ RunTime:0.0005s ]

[ 2017-06-15T23:53:03+08:00 ] 127.0.0.1 /Home/Member/address.html
INFO: [ app_begin ] --START--
INFO: Run Behavior\ReadHtmlCacheBehavior [ RunTime:0.000877s ]
INFO: [ app_begin ] --END-- [ RunTime:0.001309s ]
SQL: SHOW COLUMNS FROM `region` [ RunTime:0.0080s ]
SQL: SELECT `region_id`,`parent_id`,`region_name` FROM `region` WHERE `parent_id` = 9  [ RunTime:0.0004s ]

[ 2017-06-15T23:55:09+08:00 ] 127.0.0.1 /Home/Member/address.html
INFO: [ app_begin ] --START--
INFO: Run Behavior\ReadHtmlCacheBehavior [ RunTime:0.000879s ]
INFO: [ app_begin ] --END-- [ RunTime:0.001313s ]
SQL: SHOW COLUMNS FROM `region` [ RunTime:0.0080s ]
SQL: SELECT `region_id`,`parent_id`,`region_name` FROM `region` WHERE `parent_id` = 7  [ RunTime:0.0002s ]

[ 2017-06-15T23:55:10+08:00 ] 127.0.0.1 /Home/Member/address.html
INFO: [ app_begin ] --START--
INFO: Run Behavior\ReadHtmlCacheBehavior [ RunTime:0.000864s ]
INFO: [ app_begin ] --END-- [ RunTime:0.001293s ]
SQL: SHOW COLUMNS FROM `region` [ RunTime:0.0088s ]
SQL: SELECT `region_id`,`parent_id`,`region_name` FROM `region` WHERE `parent_id` = 75  [ RunTime:0.0003s ]

[ 2017-06-15T23:55:11+08:00 ] 127.0.0.1 /Home/Member/address.html
INFO: [ app_begin ] --START--
INFO: Run Behavior\ReadHtmlCacheBehavior [ RunTime:0.001459s ]
INFO: [ app_begin ] --END-- [ RunTime:0.002170s ]
SQL: SHOW COLUMNS FROM `region` [ RunTime:0.0081s ]
SQL: SELECT `region_id`,`parent_id`,`region_name` FROM `region` WHERE `parent_id` = 73  [ RunTime:0.0004s ]

[ 2017-06-15T23:55:37+08:00 ] 127.0.0.1 /Home/Member/address.html
INFO: [ app_begin ] --START--
INFO: Run Behavior\ReadHtmlCacheBehavior [ RunTime:0.000904s ]
INFO: [ app_begin ] --END-- [ RunTime:0.001374s ]
SQL: SHOW COLUMNS FROM `region` [ RunTime:0.0089s ]
SQL: SELECT `region_id`,`parent_id`,`region_name` FROM `region` WHERE `parent_id` = 4  [ RunTime:0.0002s ]

[ 2017-06-15T23:55:40+08:00 ] 127.0.0.1 /Home/Member/address.html
INFO: [ app_begin ] --START--
INFO: Run Behavior\ReadHtmlCacheBehavior [ RunTime:0.000870s ]
INFO: [ app_begin ] --END-- [ RunTime:0.001296s ]
SQL: SHOW COLUMNS FROM `region` [ RunTime:0.0052s ]
SQL: SELECT `region_id`,`parent_id`,`region_name` FROM `region` WHERE `parent_id` = 43  [ RunTime:0.0006s ]

[ 2017-06-15T23:55:47+08:00 ] 127.0.0.1 /Home/Member/address.html
INFO: [ app_begin ] --START--
INFO: Run Behavior\ReadHtmlCacheBehavior [ RunTime:0.000949s ]
INFO: [ app_begin ] --END-- [ RunTime:0.001371s ]
SQL: SHOW COLUMNS FROM `region` [ RunTime:0.0079s ]
SQL: SELECT `region_id`,`parent_id`,`region_name` FROM `region` WHERE `parent_id` = 9  [ RunTime:0.0002s ]

[ 2017-06-15T23:55:51+08:00 ] 127.0.0.1 /Home/Member/address.html
INFO: [ app_begin ] --START--
INFO: Run Behavior\ReadHtmlCacheBehavior [ RunTime:0.000878s ]
INFO: [ app_begin ] --END-- [ RunTime:0.001294s ]
SQL: SHOW COLUMNS FROM `region` [ RunTime:0.0079s ]
SQL: SELECT `region_id`,`parent_id`,`region_name` FROM `region` WHERE `parent_id` = 98  [ RunTime:0.0004s ]

[ 2017-06-15T23:56:04+08:00 ] 127.0.0.1 /Home/Member/address.html
INFO: [ app_begin ] --START--
INFO: Run Behavior\ReadHtmlCacheBehavior [ RunTime:0.000869s ]
INFO: [ app_begin ] --END-- [ RunTime:0.001274s ]
SQL: SHOW COLUMNS FROM `region` [ RunTime:0.0872s ]
SQL: SELECT `region_id`,`parent_id`,`region_name` FROM `region` WHERE `parent_id` = 106  [ RunTime:0.0009s ]

[ 2017-06-15T23:56:06+08:00 ] 127.0.0.1 /Home/Member/address.html
INFO: [ app_begin ] --START--
INFO: Run Behavior\ReadHtmlCacheBehavior [ RunTime:0.000859s ]
INFO: [ app_begin ] --END-- [ RunTime:0.001264s ]
SQL: SHOW COLUMNS FROM `region` [ RunTime:0.0077s ]
SQL: SELECT `region_id`,`parent_id`,`region_name` FROM `region` WHERE `parent_id` = 1193  [ RunTime:0.0003s ]

[ 2017-06-15T23:56:09+08:00 ] 127.0.0.1 /Home/Member/address.html
INFO: [ app_begin ] --START--
INFO: Run Behavior\ReadHtmlCacheBehavior [ RunTime:0.001588s ]
INFO: [ app_begin ] --END-- [ RunTime:0.002304s ]
SQL: SHOW COLUMNS FROM `region` [ RunTime:0.0127s ]
SQL: SELECT `region_id`,`parent_id`,`region_name` FROM `region` WHERE `parent_id` = 20  [ RunTime:0.0007s ]

[ 2017-06-15T23:56:13+08:00 ] 127.0.0.1 /Home/Member/address.html
INFO: [ app_begin ] --START--
INFO: Run Behavior\ReadHtmlCacheBehavior [ RunTime:0.000883s ]
INFO: [ app_begin ] --END-- [ RunTime:0.001321s ]
SQL: SHOW COLUMNS FROM `region` [ RunTime:0.0054s ]
SQL: SELECT `region_id`,`parent_id`,`region_name` FROM `region` WHERE `parent_id` = 236  [ RunTime:0.0004s ]

[ 2017-06-15T23:56:15+08:00 ] 127.0.0.1 /Home/Member/address.html
INFO: [ app_begin ] --START--
INFO: Run Behavior\ReadHtmlCacheBehavior [ RunTime:0.000865s ]
INFO: [ app_begin ] --END-- [ RunTime:0.001273s ]
SQL: SHOW COLUMNS FROM `region` [ RunTime:0.0078s ]
SQL: SELECT `region_id`,`parent_id`,`region_name` FROM `region` WHERE `parent_id` = 2439  [ RunTime:0.0003s ]

