[ 2017-06-16T09:16:27+08:00 ] 127.0.0.1 /Home/Member/address.html
INFO: [ app_begin ] --START--
INFO: Run Behavior\ReadHtmlCacheBehavior [ RunTime:0.000886s ]
INFO: [ app_begin ] --END-- [ RunTime:0.001300s ]
SQL: SHOW COLUMNS FROM `region` [ RunTime:0.0044s ]
SQL: SELECT `region_id`,`parent_id`,`region_name` FROM `region` WHERE `parent_id` = 5  [ RunTime:0.0003s ]

[ 2017-06-16T09:16:28+08:00 ] 127.0.0.1 /Home/Member/address.html
INFO: [ app_begin ] --START--
INFO: Run Behavior\ReadHtmlCacheBehavior [ RunTime:0.000731s ]
INFO: [ app_begin ] --END-- [ RunTime:0.001141s ]
SQL: SHOW COLUMNS FROM `region` [ RunTime:0.0045s ]
SQL: SELECT `region_id`,`parent_id`,`region_name` FROM `region` WHERE `parent_id` = 52  [ RunTime:0.0334s ]

[ 2017-06-16T09:16:31+08:00 ] 127.0.0.1 /Home/Member/address.html
INFO: [ app_begin ] --START--
INFO: Run Behavior\ReadHtmlCacheBehavior [ RunTime:0.000733s ]
INFO: [ app_begin ] --END-- [ RunTime:0.001149s ]
SQL: SHOW COLUMNS FROM `region` [ RunTime:0.0079s ]
SQL: SELECT `region_id`,`parent_id`,`region_name` FROM `region` WHERE `parent_id` = 656  [ RunTime:0.0003s ]

[ 2017-06-16T09:17:19+08:00 ] 127.0.0.1 /Home/Member/address.html
INFO: [ app_begin ] --START--
INFO: Run Behavior\ReadHtmlCacheBehavior [ RunTime:0.000855s ]
INFO: [ app_begin ] --END-- [ RunTime:0.001266s ]
SQL: SHOW COLUMNS FROM `region` [ RunTime:0.0080s ]
SQL: SELECT `region_id`,`parent_id`,`region_name` FROM `region` WHERE `parent_id` = 11  [ RunTime:0.0005s ]

[ 2017-06-16T09:17:20+08:00 ] 127.0.0.1 /Home/Member/address.html
INFO: [ app_begin ] --START--
INFO: Run Behavior\ReadHtmlCacheBehavior [ RunTime:0.000862s ]
INFO: [ app_begin ] --END-- [ RunTime:0.001281s ]
SQL: SHOW COLUMNS FROM `region` [ RunTime:0.0078s ]
SQL: SELECT `region_id`,`parent_id`,`region_name` FROM `region` WHERE `parent_id` = 115  [ RunTime:0.0004s ]

[ 2017-06-16T09:17:22+08:00 ] 127.0.0.1 /Home/Member/address.html
INFO: [ app_begin ] --START--
INFO: Run Behavior\ReadHtmlCacheBehavior [ RunTime:0.000866s ]
INFO: [ app_begin ] --END-- [ RunTime:0.001276s ]
SQL: SHOW COLUMNS FROM `region` [ RunTime:0.0045s ]
SQL: SELECT `region_id`,`parent_id`,`region_name` FROM `region` WHERE `parent_id` = 1299  [ RunTime:0.0003s ]

[ 2017-06-16T09:18:52+08:00 ] 127.0.0.1 /Home/Member/address.html
INFO: [ app_begin ] --START--
INFO: Run Behavior\ReadHtmlCacheBehavior [ RunTime:0.000743s ]
INFO: [ app_begin ] --END-- [ RunTime:0.001199s ]
SQL: SHOW COLUMNS FROM `region` [ RunTime:0.0086s ]
SQL: SELECT `region_id`,`parent_id`,`region_name` FROM `region` WHERE `parent_id` = 3  [ RunTime:0.0002s ]

[ 2017-06-16T09:18:54+08:00 ] 127.0.0.1 /Home/Member/address.html
INFO: [ app_begin ] --START--
INFO: Run Behavior\ReadHtmlCacheBehavior [ RunTime:0.000750s ]
INFO: [ app_begin ] --END-- [ RunTime:0.001183s ]
SQL: SHOW COLUMNS FROM `region` [ RunTime:0.0046s ]
SQL: SELECT `region_id`,`parent_id`,`region_name` FROM `region` WHERE `parent_id` = 38  [ RunTime:0.0002s ]

[ 2017-06-16T09:18:55+08:00 ] 127.0.0.1 /Home/Member/address.html
INFO: [ app_begin ] --START--
INFO: Run Behavior\ReadHtmlCacheBehavior [ RunTime:0.000751s ]
INFO: [ app_begin ] --END-- [ RunTime:0.001176s ]
SQL: SHOW COLUMNS FROM `region` [ RunTime:0.0047s ]
SQL: SELECT `region_id`,`parent_id`,`region_name` FROM `region` WHERE `parent_id` = 423  [ RunTime:0.0003s ]

[ 2017-06-16T09:19:45+08:00 ] 127.0.0.1 /Home/Member/address.html
INFO: [ app_begin ] --START--
INFO: Run Behavior\ReadHtmlCacheBehavior [ RunTime:0.000855s ]
INFO: [ app_begin ] --END-- [ RunTime:0.001262s ]
SQL: SHOW COLUMNS FROM `region` [ RunTime:0.0080s ]
SQL: SELECT `region_id`,`parent_id`,`region_name` FROM `region` WHERE `parent_id` = 4  [ RunTime:0.0002s ]

[ 2017-06-16T09:19:46+08:00 ] 127.0.0.1 /Home/Member/address.html
INFO: [ app_begin ] --START--
INFO: Run Behavior\ReadHtmlCacheBehavior [ RunTime:0.001862s ]
INFO: [ app_begin ] --END-- [ RunTime:0.002319s ]
SQL: SHOW COLUMNS FROM `region` [ RunTime:0.0085s ]
SQL: SELECT `region_id`,`parent_id`,`region_name` FROM `region` WHERE `parent_id` = 40  [ RunTime:0.0004s ]

[ 2017-06-16T09:19:48+08:00 ] 127.0.0.1 /Home/Member/address.html
INFO: [ app_begin ] --START--
INFO: Run Behavior\ReadHtmlCacheBehavior [ RunTime:0.000874s ]
INFO: [ app_begin ] --END-- [ RunTime:0.001316s ]
SQL: SHOW COLUMNS FROM `region` [ RunTime:0.0046s ]
SQL: SELECT `region_id`,`parent_id`,`region_name` FROM `region` WHERE `parent_id` = 469  [ RunTime:0.0003s ]

[ 2017-06-16T09:19:56+08:00 ] 127.0.0.1 /Home/Member/address.html
INFO: [ app_begin ] --START--
INFO: Run Behavior\ReadHtmlCacheBehavior [ RunTime:0.000853s ]
INFO: [ app_begin ] --END-- [ RunTime:0.001263s ]
SQL: SHOW COLUMNS FROM `region` [ RunTime:0.0085s ]
SQL: SELECT `region_id`,`parent_id`,`region_name` FROM `region` WHERE `parent_id` = 4  [ RunTime:0.0002s ]

[ 2017-06-16T09:19:57+08:00 ] 127.0.0.1 /Home/Member/address.html
INFO: [ app_begin ] --START--
INFO: Run Behavior\ReadHtmlCacheBehavior [ RunTime:0.000859s ]
INFO: [ app_begin ] --END-- [ RunTime:0.001270s ]
SQL: SHOW COLUMNS FROM `region` [ RunTime:0.0044s ]
SQL: SELECT `region_id`,`parent_id`,`region_name` FROM `region` WHERE `parent_id` = 41  [ RunTime:0.0002s ]

[ 2017-06-16T09:19:58+08:00 ] 127.0.0.1 /Home/Member/address.html
INFO: [ app_begin ] --START--
INFO: Run Behavior\ReadHtmlCacheBehavior [ RunTime:0.000941s ]
INFO: [ app_begin ] --END-- [ RunTime:0.001428s ]
SQL: SHOW COLUMNS FROM `region` [ RunTime:0.0047s ]
SQL: SELECT `region_id`,`parent_id`,`region_name` FROM `region` WHERE `parent_id` = 484  [ RunTime:0.0003s ]

[ 2017-06-16T09:20:57+08:00 ] 127.0.0.1 /Home/Member/address.html
INFO: [ app_begin ] --START--
INFO: Run Behavior\ReadHtmlCacheBehavior [ RunTime:0.000775s ]
INFO: [ app_begin ] --END-- [ RunTime:0.001188s ]
SQL: SHOW COLUMNS FROM `region` [ RunTime:0.0059s ]
SQL: SELECT `region_id`,`parent_id`,`region_name` FROM `region` WHERE `parent_id` = 3  [ RunTime:0.0002s ]

[ 2017-06-16T09:21:00+08:00 ] 127.0.0.1 /Home/Member/address.html
INFO: [ app_begin ] --START--
INFO: Run Behavior\ReadHtmlCacheBehavior [ RunTime:0.000705s ]
INFO: [ app_begin ] --END-- [ RunTime:0.001148s ]
SQL: SHOW COLUMNS FROM `region` [ RunTime:0.0048s ]
SQL: SELECT `region_id`,`parent_id`,`region_name` FROM `region` WHERE `parent_id` = 2  [ RunTime:0.0002s ]

[ 2017-06-16T09:21:02+08:00 ] 127.0.0.1 /Home/Member/address.html
INFO: [ app_begin ] --START--
INFO: Run Behavior\ReadHtmlCacheBehavior [ RunTime:0.000725s ]
INFO: [ app_begin ] --END-- [ RunTime:0.001208s ]
SQL: SHOW COLUMNS FROM `region` [ RunTime:0.0080s ]
SQL: SELECT `region_id`,`parent_id`,`region_name` FROM `region` WHERE `parent_id` = 37  [ RunTime:0.0003s ]

[ 2017-06-16T09:21:03+08:00 ] 127.0.0.1 /Home/Member/address.html
INFO: [ app_begin ] --START--
INFO: Run Behavior\ReadHtmlCacheBehavior [ RunTime:0.000680s ]
INFO: [ app_begin ] --END-- [ RunTime:0.001094s ]
SQL: SHOW COLUMNS FROM `region` [ RunTime:0.0077s ]
SQL: SELECT `region_id`,`parent_id`,`region_name` FROM `region` WHERE `parent_id` = 405  [ RunTime:0.0003s ]

[ 2017-06-16T09:27:37+08:00 ] 127.0.0.1 /Home/Member/address.html
INFO: [ app_begin ] --START--
INFO: Run Behavior\ReadHtmlCacheBehavior [ RunTime:0.000821s ]
INFO: [ app_begin ] --END-- [ RunTime:0.001243s ]
SQL: SHOW COLUMNS FROM `region` [ RunTime:0.0104s ]
SQL: SELECT `region_id`,`parent_id`,`region_name` FROM `region` WHERE `parent_id` = 3  [ RunTime:0.0002s ]

[ 2017-06-16T09:27:41+08:00 ] 127.0.0.1 /Home/Member/address.html
INFO: [ app_begin ] --START--
INFO: Run Behavior\ReadHtmlCacheBehavior [ RunTime:0.000696s ]
INFO: [ app_begin ] --END-- [ RunTime:0.001080s ]
SQL: SHOW COLUMNS FROM `region` [ RunTime:0.0659s ]
SQL: SELECT `region_id`,`parent_id`,`region_name` FROM `region` WHERE `parent_id` = 38  [ RunTime:0.0006s ]

[ 2017-06-16T09:27:42+08:00 ] 127.0.0.1 /Home/Member/address.html
INFO: [ app_begin ] --START--
INFO: Run Behavior\ReadHtmlCacheBehavior [ RunTime:0.001332s ]
INFO: [ app_begin ] --END-- [ RunTime:0.002122s ]
SQL: SHOW COLUMNS FROM `region` [ RunTime:0.0085s ]
SQL: SELECT `region_id`,`parent_id`,`region_name` FROM `region` WHERE `parent_id` = 423  [ RunTime:0.0002s ]

[ 2017-06-16T10:13:47+08:00 ] 127.0.0.1 /Home/Member/addAddress.html
INFO: [ app_begin ] --START--
INFO: Run Behavior\ReadHtmlCacheBehavior [ RunTime:0.000698s ]
INFO: [ app_begin ] --END-- [ RunTime:0.001112s ]
SQL: SHOW COLUMNS FROM `region` [ RunTime:0.0078s ]
SQL: SELECT `region_id`,`parent_id`,`region_name` FROM `region` WHERE `parent_id` = 3  [ RunTime:0.0003s ]

[ 2017-06-16T10:13:51+08:00 ] 127.0.0.1 /Home/Member/addAddress.html
INFO: [ app_begin ] --START--
INFO: Run Behavior\ReadHtmlCacheBehavior [ RunTime:0.000681s ]
INFO: [ app_begin ] --END-- [ RunTime:0.001092s ]
SQL: SHOW COLUMNS FROM `region` [ RunTime:0.0085s ]
SQL: SELECT `region_id`,`parent_id`,`region_name` FROM `region` WHERE `parent_id` = 9  [ RunTime:0.0002s ]

[ 2017-06-16T10:15:41+08:00 ] 127.0.0.1 /Home/Member/addAddress.html
INFO: [ app_begin ] --START--
INFO: Run Behavior\ReadHtmlCacheBehavior [ RunTime:0.001102s ]
INFO: [ app_begin ] --END-- [ RunTime:0.001553s ]
SQL: SHOW COLUMNS FROM `region` [ RunTime:0.0078s ]
SQL: SELECT `region_id`,`parent_id`,`region_name` FROM `region` WHERE `parent_id` = 4  [ RunTime:0.0002s ]

[ 2017-06-16T10:18:52+08:00 ] 127.0.0.1 /Home/Member/addAddress.html
INFO: [ app_begin ] --START--
INFO: Run Behavior\ReadHtmlCacheBehavior [ RunTime:0.000841s ]
INFO: [ app_begin ] --END-- [ RunTime:0.001244s ]
SQL: SHOW COLUMNS FROM `region` [ RunTime:0.0076s ]
SQL: SELECT `region_id`,`parent_id`,`region_name` FROM `region` WHERE `parent_id` = 3  [ RunTime:0.0002s ]

[ 2017-06-16T10:20:29+08:00 ] 127.0.0.1 /Home/Member/addAddress.html
INFO: [ app_begin ] --START--
INFO: Run Behavior\ReadHtmlCacheBehavior [ RunTime:0.000670s ]
INFO: [ app_begin ] --END-- [ RunTime:0.001078s ]
SQL: SHOW COLUMNS FROM `region` [ RunTime:0.0079s ]
SQL: SELECT `region_id`,`parent_id`,`region_name` FROM `region` WHERE `parent_id` = 3  [ RunTime:0.0002s ]

[ 2017-06-16T10:20:31+08:00 ] 127.0.0.1 /Home/Member/addAddress.html
INFO: [ app_begin ] --START--
INFO: Run Behavior\ReadHtmlCacheBehavior [ RunTime:0.000675s ]
INFO: [ app_begin ] --END-- [ RunTime:0.001088s ]
SQL: SHOW COLUMNS FROM `region` [ RunTime:0.0049s ]
SQL: SELECT `region_id`,`parent_id`,`region_name` FROM `region` WHERE `parent_id` = 38  [ RunTime:0.0008s ]

[ 2017-06-16T10:20:32+08:00 ] 127.0.0.1 /Home/Member/addAddress.html
INFO: [ app_begin ] --START--
INFO: Run Behavior\ReadHtmlCacheBehavior [ RunTime:0.000674s ]
INFO: [ app_begin ] --END-- [ RunTime:0.001096s ]
SQL: SHOW COLUMNS FROM `region` [ RunTime:0.0410s ]
SQL: SELECT `region_id`,`parent_id`,`region_name` FROM `region` WHERE `parent_id` = 427  [ RunTime:0.0004s ]

[ 2017-06-16T10:20:34+08:00 ] 127.0.0.1 /Home/Member/addAddress.html
INFO: [ app_begin ] --START--
INFO: Run Behavior\ReadHtmlCacheBehavior [ RunTime:0.000674s ]
INFO: [ app_begin ] --END-- [ RunTime:0.001099s ]
SQL: SHOW COLUMNS FROM `region` [ RunTime:0.0084s ]
SQL: SELECT `region_id`,`parent_id`,`region_name` FROM `region` WHERE `parent_id` = 0  [ RunTime:0.0004s ]

[ 2017-06-16T10:21:31+08:00 ] 127.0.0.1 /Home/Member/addAddress.html
INFO: [ app_begin ] --START--
INFO: Run Behavior\ReadHtmlCacheBehavior [ RunTime:0.000970s ]
INFO: [ app_begin ] --END-- [ RunTime:0.001717s ]
SQL: SHOW COLUMNS FROM `region` [ RunTime:0.0078s ]
SQL: SELECT `region_id`,`parent_id`,`region_name` FROM `region` WHERE `parent_id` = 4  [ RunTime:0.0002s ]

[ 2017-06-16T10:21:32+08:00 ] 127.0.0.1 /Home/Member/addAddress.html
INFO: [ app_begin ] --START--
INFO: Run Behavior\ReadHtmlCacheBehavior [ RunTime:0.000868s ]
INFO: [ app_begin ] --END-- [ RunTime:0.001278s ]
SQL: SHOW COLUMNS FROM `region` [ RunTime:0.0080s ]
SQL: SELECT `region_id`,`parent_id`,`region_name` FROM `region` WHERE `parent_id` = 41  [ RunTime:0.0002s ]

[ 2017-06-16T10:21:33+08:00 ] 127.0.0.1 /Home/Member/addAddress.html
INFO: [ app_begin ] --START--
INFO: Run Behavior\ReadHtmlCacheBehavior [ RunTime:0.000857s ]
INFO: [ app_begin ] --END-- [ RunTime:0.001275s ]
SQL: SHOW COLUMNS FROM `region` [ RunTime:0.0079s ]
SQL: SELECT `region_id`,`parent_id`,`region_name` FROM `region` WHERE `parent_id` = 484  [ RunTime:0.0002s ]

[ 2017-06-16T10:21:34+08:00 ] 127.0.0.1 /Home/Member/addAddress.html
INFO: [ app_begin ] --START--
INFO: Run Behavior\ReadHtmlCacheBehavior [ RunTime:0.000899s ]
INFO: [ app_begin ] --END-- [ RunTime:0.001298s ]
SQL: SHOW COLUMNS FROM `region` [ RunTime:0.0051s ]
SQL: SELECT `region_id`,`parent_id`,`region_name` FROM `region` WHERE `parent_id` = 0  [ RunTime:0.0002s ]

[ 2017-06-16T10:24:28+08:00 ] 127.0.0.1 /Home/Member/addAddress.html
INFO: [ app_begin ] --START--
INFO: Run Behavior\ReadHtmlCacheBehavior [ RunTime:0.001699s ]
INFO: [ app_begin ] --END-- [ RunTime:0.002146s ]
SQL: SHOW COLUMNS FROM `region` [ RunTime:0.0089s ]
SQL: SELECT `region_id`,`parent_id`,`region_name` FROM `region` WHERE `parent_id` = 3  [ RunTime:0.0002s ]

[ 2017-06-16T10:24:29+08:00 ] 127.0.0.1 /Home/Member/addAddress.html
INFO: [ app_begin ] --START--
INFO: Run Behavior\ReadHtmlCacheBehavior [ RunTime:0.000668s ]
INFO: [ app_begin ] --END-- [ RunTime:0.001075s ]
SQL: SHOW COLUMNS FROM `region` [ RunTime:0.0044s ]
SQL: SELECT `region_id`,`parent_id`,`region_name` FROM `region` WHERE `parent_id` = 38  [ RunTime:0.0003s ]

[ 2017-06-16T10:24:30+08:00 ] 127.0.0.1 /Home/Member/addAddress.html
INFO: [ app_begin ] --START--
INFO: Run Behavior\ReadHtmlCacheBehavior [ RunTime:0.000684s ]
INFO: [ app_begin ] --END-- [ RunTime:0.001128s ]
SQL: SHOW COLUMNS FROM `region` [ RunTime:0.0042s ]
SQL: SELECT `region_id`,`parent_id`,`region_name` FROM `region` WHERE `parent_id` = 422  [ RunTime:0.0003s ]

[ 2017-06-16T10:24:31+08:00 ] 127.0.0.1 /Home/Member/addAddress.html
INFO: [ app_begin ] --START--
INFO: Run Behavior\ReadHtmlCacheBehavior [ RunTime:0.000690s ]
INFO: [ app_begin ] --END-- [ RunTime:0.001131s ]
SQL: SHOW COLUMNS FROM `region` [ RunTime:0.0121s ]
SQL: SELECT `region_id`,`parent_id`,`region_name` FROM `region` WHERE `parent_id` = 0  [ RunTime:0.0002s ]

[ 2017-06-16T10:24:58+08:00 ] 127.0.0.1 /Home/Member/addAddress.html
INFO: [ app_begin ] --START--
INFO: Run Behavior\ReadHtmlCacheBehavior [ RunTime:0.000705s ]
INFO: [ app_begin ] --END-- [ RunTime:0.001259s ]
SQL: SHOW COLUMNS FROM `region` [ RunTime:0.0084s ]
SQL: SELECT `region_id`,`parent_id`,`region_name` FROM `region` WHERE `parent_id` = 38  [ RunTime:0.0002s ]

[ 2017-06-16T10:25:00+08:00 ] 127.0.0.1 /Home/Member/addAddress.html
INFO: [ app_begin ] --START--
INFO: Run Behavior\ReadHtmlCacheBehavior [ RunTime:0.000670s ]
INFO: [ app_begin ] --END-- [ RunTime:0.001082s ]
SQL: SHOW COLUMNS FROM `region` [ RunTime:0.0049s ]
SQL: SELECT `region_id`,`parent_id`,`region_name` FROM `region` WHERE `parent_id` = 423  [ RunTime:0.0002s ]

[ 2017-06-16T10:25:55+08:00 ] 127.0.0.1 /Home/Member/addAddress.html
INFO: [ app_begin ] --START--
INFO: Run Behavior\ReadHtmlCacheBehavior [ RunTime:0.000677s ]
INFO: [ app_begin ] --END-- [ RunTime:0.001105s ]
SQL: SHOW COLUMNS FROM `region` [ RunTime:0.0081s ]
SQL: SELECT `region_id`,`parent_id`,`region_name` FROM `region` WHERE `parent_id` = 3  [ RunTime:0.0002s ]

[ 2017-06-16T10:25:58+08:00 ] 127.0.0.1 /Home/Member/addAddress.html
INFO: [ app_begin ] --START--
INFO: Run Behavior\ReadHtmlCacheBehavior [ RunTime:0.000675s ]
INFO: [ app_begin ] --END-- [ RunTime:0.001097s ]
SQL: SHOW COLUMNS FROM `region` [ RunTime:0.0088s ]
SQL: SELECT `region_id`,`parent_id`,`region_name` FROM `region` WHERE `parent_id` = 38  [ RunTime:0.0002s ]

[ 2017-06-16T10:25:59+08:00 ] 127.0.0.1 /Home/Member/addAddress.html
INFO: [ app_begin ] --START--
INFO: Run Behavior\ReadHtmlCacheBehavior [ RunTime:0.000671s ]
INFO: [ app_begin ] --END-- [ RunTime:0.001081s ]
SQL: SHOW COLUMNS FROM `region` [ RunTime:0.0043s ]
SQL: SELECT `region_id`,`parent_id`,`region_name` FROM `region` WHERE `parent_id` = 423  [ RunTime:0.0002s ]

[ 2017-06-16T10:26:03+08:00 ] 127.0.0.1 /Home/Member/addAddress.html
INFO: [ app_begin ] --START--
INFO: Run Behavior\ReadHtmlCacheBehavior [ RunTime:0.000758s ]
INFO: [ app_begin ] --END-- [ RunTime:0.001244s ]
SQL: SHOW COLUMNS FROM `region` [ RunTime:0.0081s ]
SQL: SELECT `region_id`,`parent_id`,`region_name` FROM `region` WHERE `parent_id` = 2  [ RunTime:0.0002s ]

[ 2017-06-16T10:26:37+08:00 ] 127.0.0.1 /Home/Member/addAddress.html
INFO: [ app_begin ] --START--
INFO: Run Behavior\ReadHtmlCacheBehavior [ RunTime:0.000675s ]
INFO: [ app_begin ] --END-- [ RunTime:0.001102s ]
SQL: SHOW COLUMNS FROM `region` [ RunTime:0.0077s ]
SQL: SELECT `region_id`,`parent_id`,`region_name` FROM `region` WHERE `parent_id` = 3  [ RunTime:0.0002s ]

[ 2017-06-16T10:26:38+08:00 ] 127.0.0.1 /Home/Member/addAddress.html
INFO: [ app_begin ] --START--
INFO: Run Behavior\ReadHtmlCacheBehavior [ RunTime:0.000678s ]
INFO: [ app_begin ] --END-- [ RunTime:0.001097s ]
SQL: SHOW COLUMNS FROM `region` [ RunTime:0.0422s ]
SQL: SELECT `region_id`,`parent_id`,`region_name` FROM `region` WHERE `parent_id` = 38  [ RunTime:0.0002s ]

[ 2017-06-16T10:26:38+08:00 ] 127.0.0.1 /Home/Member/addAddress.html
INFO: [ app_begin ] --START--
INFO: Run Behavior\ReadHtmlCacheBehavior [ RunTime:0.000674s ]
INFO: [ app_begin ] --END-- [ RunTime:0.001084s ]
SQL: SHOW COLUMNS FROM `region` [ RunTime:0.0045s ]
SQL: SELECT `region_id`,`parent_id`,`region_name` FROM `region` WHERE `parent_id` = 423  [ RunTime:0.0002s ]

[ 2017-06-16T10:26:40+08:00 ] 127.0.0.1 /Home/Member/addAddress.html
INFO: [ app_begin ] --START--
INFO: Run Behavior\ReadHtmlCacheBehavior [ RunTime:0.000674s ]
INFO: [ app_begin ] --END-- [ RunTime:0.001083s ]
SQL: SHOW COLUMNS FROM `region` [ RunTime:0.0043s ]
SQL: SELECT `region_id`,`parent_id`,`region_name` FROM `region` WHERE `parent_id` = 0  [ RunTime:0.0002s ]

[ 2017-06-16T10:28:45+08:00 ] 127.0.0.1 /Home/Member/addAddress.html
INFO: [ app_begin ] --START--
INFO: Run Behavior\ReadHtmlCacheBehavior [ RunTime:0.002491s ]
INFO: [ app_begin ] --END-- [ RunTime:0.003191s ]
SQL: SHOW COLUMNS FROM `region` [ RunTime:0.0086s ]
SQL: SELECT `region_id`,`parent_id`,`region_name` FROM `region` WHERE `parent_id` = 3  [ RunTime:0.0002s ]

[ 2017-06-16T10:28:46+08:00 ] 127.0.0.1 /Home/Member/addAddress.html
INFO: [ app_begin ] --START--
INFO: Run Behavior\ReadHtmlCacheBehavior [ RunTime:0.000882s ]
INFO: [ app_begin ] --END-- [ RunTime:0.001623s ]
SQL: SHOW COLUMNS FROM `region` [ RunTime:0.0079s ]
SQL: SELECT `region_id`,`parent_id`,`region_name` FROM `region` WHERE `parent_id` = 38  [ RunTime:0.0002s ]

[ 2017-06-16T10:28:47+08:00 ] 127.0.0.1 /Home/Member/addAddress.html
INFO: [ app_begin ] --START--
INFO: Run Behavior\ReadHtmlCacheBehavior [ RunTime:0.000862s ]
INFO: [ app_begin ] --END-- [ RunTime:0.001271s ]
SQL: SHOW COLUMNS FROM `region` [ RunTime:0.0045s ]
SQL: SELECT `region_id`,`parent_id`,`region_name` FROM `region` WHERE `parent_id` = 422  [ RunTime:0.0007s ]

[ 2017-06-16T10:42:38+08:00 ] 127.0.0.1 /Home/Member/addAddress.html
INFO: [ app_begin ] --START--
INFO: Run Behavior\ReadHtmlCacheBehavior [ RunTime:0.000826s ]
INFO: [ app_begin ] --END-- [ RunTime:0.001298s ]
INFO: [ app_end ] --START--
INFO: Run Behavior\ShowPageTraceBehavior [ RunTime:0.000814s ]
INFO: [ app_end ] --END-- [ RunTime:0.000855s ]

[ 2017-06-16T10:42:45+08:00 ] 127.0.0.1 /Home/Member/addAddress.html
INFO: [ app_begin ] --START--
INFO: Run Behavior\ReadHtmlCacheBehavior [ RunTime:0.000887s ]
INFO: [ app_begin ] --END-- [ RunTime:0.001330s ]
INFO: [ app_end ] --START--
INFO: Run Behavior\ShowPageTraceBehavior [ RunTime:0.000853s ]
INFO: [ app_end ] --END-- [ RunTime:0.000897s ]

[ 2017-06-16T10:43:29+08:00 ] 127.0.0.1 /Home/Member/regionSelect.html
INFO: [ app_begin ] --START--
INFO: Run Behavior\ReadHtmlCacheBehavior [ RunTime:0.000727s ]
INFO: [ app_begin ] --END-- [ RunTime:0.001222s ]
SQL: SHOW COLUMNS FROM `region` [ RunTime:0.0053s ]
SQL: SELECT `region_id`,`parent_id`,`region_name` FROM `region` WHERE `parent_id` = 2  [ RunTime:0.0002s ]

[ 2017-06-16T10:43:30+08:00 ] 127.0.0.1 /Home/Member/regionSelect.html
INFO: [ app_begin ] --START--
INFO: Run Behavior\ReadHtmlCacheBehavior [ RunTime:0.002062s ]
INFO: [ app_begin ] --END-- [ RunTime:0.002641s ]
SQL: SHOW COLUMNS FROM `region` [ RunTime:0.0054s ]
SQL: SELECT `region_id`,`parent_id`,`region_name` FROM `region` WHERE `parent_id` = 37  [ RunTime:0.0002s ]

[ 2017-06-16T10:43:31+08:00 ] 127.0.0.1 /Home/Member/regionSelect.html
INFO: [ app_begin ] --START--
INFO: Run Behavior\ReadHtmlCacheBehavior [ RunTime:0.000700s ]
INFO: [ app_begin ] --END-- [ RunTime:0.001127s ]
SQL: SHOW COLUMNS FROM `region` [ RunTime:0.0121s ]
SQL: SELECT `region_id`,`parent_id`,`region_name` FROM `region` WHERE `parent_id` = 421  [ RunTime:0.0004s ]

[ 2017-06-16T10:43:36+08:00 ] 127.0.0.1 /Home/Member/regionSelect.html
INFO: [ app_begin ] --START--
INFO: Run Behavior\ReadHtmlCacheBehavior [ RunTime:0.000692s ]
INFO: [ app_begin ] --END-- [ RunTime:0.001104s ]
SQL: SHOW COLUMNS FROM `region` [ RunTime:0.0086s ]
SQL: SELECT `region_id`,`parent_id`,`region_name` FROM `region` WHERE `parent_id` = 5  [ RunTime:0.0002s ]

[ 2017-06-16T10:43:39+08:00 ] 127.0.0.1 /Home/Member/regionSelect.html
INFO: [ app_begin ] --START--
INFO: Run Behavior\ReadHtmlCacheBehavior [ RunTime:0.000772s ]
INFO: [ app_begin ] --END-- [ RunTime:0.001348s ]
SQL: SHOW COLUMNS FROM `region` [ RunTime:0.0376s ]
SQL: SELECT `region_id`,`parent_id`,`region_name` FROM `region` WHERE `parent_id` = 55  [ RunTime:0.0002s ]

[ 2017-06-16T10:43:42+08:00 ] 127.0.0.1 /Home/Member/regionSelect.html
INFO: [ app_begin ] --START--
INFO: Run Behavior\ReadHtmlCacheBehavior [ RunTime:0.000680s ]
INFO: [ app_begin ] --END-- [ RunTime:0.001095s ]
SQL: SHOW COLUMNS FROM `region` [ RunTime:0.0046s ]
SQL: SELECT `region_id`,`parent_id`,`region_name` FROM `region` WHERE `parent_id` = 683  [ RunTime:0.0003s ]

[ 2017-06-16T10:43:45+08:00 ] 127.0.0.1 /Home/Member/regionSelect.html
INFO: [ app_begin ] --START--
INFO: Run Behavior\ReadHtmlCacheBehavior [ RunTime:0.000678s ]
INFO: [ app_begin ] --END-- [ RunTime:0.001092s ]
SQL: SHOW COLUMNS FROM `region` [ RunTime:0.0075s ]
SQL: SELECT `region_id`,`parent_id`,`region_name` FROM `region` WHERE `parent_id` = 50  [ RunTime:0.0004s ]

[ 2017-06-16T10:46:38+08:00 ] 127.0.0.1 /Home/Member/regionSelect.html
INFO: [ app_begin ] --START--
INFO: Run Behavior\ReadHtmlCacheBehavior [ RunTime:0.000675s ]
INFO: [ app_begin ] --END-- [ RunTime:0.001087s ]
SQL: SHOW COLUMNS FROM `region` [ RunTime:0.0086s ]
SQL: SELECT `region_id`,`parent_id`,`region_name` FROM `region` WHERE `parent_id` = 2  [ RunTime:0.0002s ]

[ 2017-06-16T10:46:39+08:00 ] 127.0.0.1 /Home/Member/regionSelect.html
INFO: [ app_begin ] --START--
INFO: Run Behavior\ReadHtmlCacheBehavior [ RunTime:0.000676s ]
INFO: [ app_begin ] --END-- [ RunTime:0.001098s ]
SQL: SHOW COLUMNS FROM `region` [ RunTime:0.0080s ]
SQL: SELECT `region_id`,`parent_id`,`region_name` FROM `region` WHERE `parent_id` = 37  [ RunTime:0.0009s ]

[ 2017-06-16T10:46:40+08:00 ] 127.0.0.1 /Home/Member/regionSelect.html
INFO: [ app_begin ] --START--
INFO: Run Behavior\ReadHtmlCacheBehavior [ RunTime:0.000675s ]
INFO: [ app_begin ] --END-- [ RunTime:0.001082s ]
SQL: SHOW COLUMNS FROM `region` [ RunTime:0.0089s ]
SQL: SELECT `region_id`,`parent_id`,`region_name` FROM `region` WHERE `parent_id` = 421  [ RunTime:0.0002s ]

[ 2017-06-16T10:46:57+08:00 ] 127.0.0.1 /Home/Member/regionSelect.html
INFO: [ app_begin ] --START--
INFO: Run Behavior\ReadHtmlCacheBehavior [ RunTime:0.000799s ]
INFO: [ app_begin ] --END-- [ RunTime:0.001277s ]
SQL: SHOW COLUMNS FROM `region` [ RunTime:0.0046s ]
SQL: SELECT `region_id`,`parent_id`,`region_name` FROM `region` WHERE `parent_id` = 2  [ RunTime:0.0002s ]

[ 2017-06-16T10:48:35+08:00 ] 127.0.0.1 /Home/Member/regionSelect.html
INFO: [ app_begin ] --START--
INFO: Run Behavior\ReadHtmlCacheBehavior [ RunTime:0.000693s ]
INFO: [ app_begin ] --END-- [ RunTime:0.001129s ]
SQL: SHOW COLUMNS FROM `region` [ RunTime:0.0748s ]
SQL: SELECT `region_id`,`parent_id`,`region_name` FROM `region` WHERE `parent_id` = 3  [ RunTime:0.0004s ]

[ 2017-06-16T10:49:35+08:00 ] 127.0.0.1 /Home/Member/regionSelect.html
INFO: [ app_begin ] --START--
INFO: Run Behavior\ReadHtmlCacheBehavior [ RunTime:0.000851s ]
INFO: [ app_begin ] --END-- [ RunTime:0.001258s ]
SQL: SHOW COLUMNS FROM `region` [ RunTime:0.0077s ]
SQL: SELECT `region_id`,`parent_id`,`region_name` FROM `region` WHERE `parent_id` = 3  [ RunTime:0.0002s ]

[ 2017-06-16T10:50:04+08:00 ] 127.0.0.1 /Home/Member/regionSelect.html
INFO: [ app_begin ] --START--
INFO: Run Behavior\ReadHtmlCacheBehavior [ RunTime:0.000857s ]
INFO: [ app_begin ] --END-- [ RunTime:0.001275s ]
SQL: SHOW COLUMNS FROM `region` [ RunTime:0.0046s ]
SQL: SELECT `region_id`,`parent_id`,`region_name` FROM `region` WHERE `parent_id` = 2  [ RunTime:0.0002s ]

[ 2017-06-16T10:50:07+08:00 ] 127.0.0.1 /Home/Member/regionSelect.html
INFO: [ app_begin ] --START--
INFO: Run Behavior\ReadHtmlCacheBehavior [ RunTime:0.000931s ]
INFO: [ app_begin ] --END-- [ RunTime:0.001431s ]
SQL: SHOW COLUMNS FROM `region` [ RunTime:0.0078s ]
SQL: SELECT `region_id`,`parent_id`,`region_name` FROM `region` WHERE `parent_id` = 37  [ RunTime:0.0002s ]

[ 2017-06-16T10:50:08+08:00 ] 127.0.0.1 /Home/Member/regionSelect.html
INFO: [ app_begin ] --START--
INFO: Run Behavior\ReadHtmlCacheBehavior [ RunTime:0.001085s ]
INFO: [ app_begin ] --END-- [ RunTime:0.001612s ]
SQL: SHOW COLUMNS FROM `region` [ RunTime:0.0601s ]
SQL: SELECT `region_id`,`parent_id`,`region_name` FROM `region` WHERE `parent_id` = 420  [ RunTime:0.0003s ]

[ 2017-06-16T11:13:31+08:00 ] 127.0.0.1 /Home/Member/regionSelect.html
INFO: [ app_begin ] --START--
INFO: Run Behavior\ReadHtmlCacheBehavior [ RunTime:0.000840s ]
INFO: [ app_begin ] --END-- [ RunTime:0.001237s ]
SQL: SHOW COLUMNS FROM `region` [ RunTime:0.0046s ]
SQL: SELECT `region_id`,`parent_id`,`region_name` FROM `region` WHERE `parent_id` = 2  [ RunTime:0.0004s ]

[ 2017-06-16T11:13:32+08:00 ] 127.0.0.1 /Home/Member/regionSelect.html
INFO: [ app_begin ] --START--
INFO: Run Behavior\ReadHtmlCacheBehavior [ RunTime:0.000860s ]
INFO: [ app_begin ] --END-- [ RunTime:0.001281s ]
SQL: SHOW COLUMNS FROM `region` [ RunTime:0.0050s ]
SQL: SELECT `region_id`,`parent_id`,`region_name` FROM `region` WHERE `parent_id` = 37  [ RunTime:0.0002s ]

[ 2017-06-16T11:13:33+08:00 ] 127.0.0.1 /Home/Member/regionSelect.html
INFO: [ app_begin ] --START--
INFO: Run Behavior\ReadHtmlCacheBehavior [ RunTime:0.001233s ]
INFO: [ app_begin ] --END-- [ RunTime:0.001870s ]
SQL: SHOW COLUMNS FROM `region` [ RunTime:0.0057s ]
SQL: SELECT `region_id`,`parent_id`,`region_name` FROM `region` WHERE `parent_id` = 420  [ RunTime:0.0002s ]

[ 2017-06-16T11:13:39+08:00 ] 127.0.0.1 /Home/Member/regionSelect.html
INFO: [ app_begin ] --START--
INFO: Run Behavior\ReadHtmlCacheBehavior [ RunTime:0.000839s ]
INFO: [ app_begin ] --END-- [ RunTime:0.001243s ]
SQL: SHOW COLUMNS FROM `region` [ RunTime:0.0078s ]
SQL: SELECT `region_id`,`parent_id`,`region_name` FROM `region` WHERE `parent_id` = 3  [ RunTime:0.0002s ]

[ 2017-06-16T11:13:40+08:00 ] 127.0.0.1 /Home/Member/regionSelect.html
INFO: [ app_begin ] --START--
INFO: Run Behavior\ReadHtmlCacheBehavior [ RunTime:0.000843s ]
INFO: [ app_begin ] --END-- [ RunTime:0.001243s ]
SQL: SHOW COLUMNS FROM `region` [ RunTime:0.0110s ]
SQL: SELECT `region_id`,`parent_id`,`region_name` FROM `region` WHERE `parent_id` = 38  [ RunTime:0.0002s ]

[ 2017-06-16T11:13:43+08:00 ] 127.0.0.1 /Home/Member/regionSelect.html
INFO: [ app_begin ] --START--
INFO: Run Behavior\ReadHtmlCacheBehavior [ RunTime:0.000837s ]
INFO: [ app_begin ] --END-- [ RunTime:0.001238s ]
SQL: SHOW COLUMNS FROM `region` [ RunTime:0.0044s ]
SQL: SELECT `region_id`,`parent_id`,`region_name` FROM `region` WHERE `parent_id` = 438  [ RunTime:0.0003s ]

[ 2017-06-16T11:24:13+08:00 ] 127.0.0.1 /Home/Member/regionSelect.html
INFO: [ app_begin ] --START--
INFO: Run Behavior\ReadHtmlCacheBehavior [ RunTime:0.000865s ]
INFO: [ app_begin ] --END-- [ RunTime:0.001272s ]
SQL: SHOW COLUMNS FROM `region` [ RunTime:0.0079s ]
SQL: SELECT `region_id`,`parent_id`,`region_name` FROM `region` WHERE `parent_id` = 20  [ RunTime:0.0005s ]

[ 2017-06-16T11:24:16+08:00 ] 127.0.0.1 /Home/Member/regionSelect.html
INFO: [ app_begin ] --START--
INFO: Run Behavior\ReadHtmlCacheBehavior [ RunTime:0.000851s ]
INFO: [ app_begin ] --END-- [ RunTime:0.001255s ]
SQL: SHOW COLUMNS FROM `region` [ RunTime:0.0085s ]
SQL: SELECT `region_id`,`parent_id`,`region_name` FROM `region` WHERE `parent_id` = 236  [ RunTime:0.0002s ]

[ 2017-06-16T11:24:17+08:00 ] 127.0.0.1 /Home/Member/regionSelect.html
INFO: [ app_begin ] --START--
INFO: Run Behavior\ReadHtmlCacheBehavior [ RunTime:0.002466s ]
INFO: [ app_begin ] --END-- [ RunTime:0.003127s ]
SQL: SHOW COLUMNS FROM `region` [ RunTime:0.0051s ]
SQL: SELECT `region_id`,`parent_id`,`region_name` FROM `region` WHERE `parent_id` = 2439  [ RunTime:0.0002s ]

[ 2017-06-16T11:24:31+08:00 ] 127.0.0.1 /Home/Member/addAddress.html
ERR: 1364:Field 'user_id' doesn't have a default value
 [ SQL语句 ] : INSERT INTO `user_addr` (`province_id`,`city_id`,`area_id`,`name`,`phone`,`addr`) VALUES ('20','236','2439','ccb','123456','666')

[ 2017-06-16T11:25:27+08:00 ] 127.0.0.1 /Home/Member/addAddress.html
ERR: 1364:Field 'user_id' doesn't have a default value
 [ SQL语句 ] : INSERT INTO `user_addr` (`province_id`,`city_id`,`area_id`,`name`,`phone`,`addr`) VALUES ('20','236','2439','ccb','123456','666')

[ 2017-06-16T11:25:39+08:00 ] 127.0.0.1 /Home/Member/regionSelect.html
INFO: [ app_begin ] --START--
INFO: Run Behavior\ReadHtmlCacheBehavior [ RunTime:0.000837s ]
INFO: [ app_begin ] --END-- [ RunTime:0.001236s ]
SQL: SHOW COLUMNS FROM `region` [ RunTime:0.0951s ]
SQL: SELECT `region_id`,`parent_id`,`region_name` FROM `region` WHERE `parent_id` = 20  [ RunTime:0.0006s ]

[ 2017-06-16T11:25:41+08:00 ] 127.0.0.1 /Home/Member/regionSelect.html
INFO: [ app_begin ] --START--
INFO: Run Behavior\ReadHtmlCacheBehavior [ RunTime:0.000840s ]
INFO: [ app_begin ] --END-- [ RunTime:0.001240s ]
SQL: SHOW COLUMNS FROM `region` [ RunTime:0.0085s ]
SQL: SELECT `region_id`,`parent_id`,`region_name` FROM `region` WHERE `parent_id` = 236  [ RunTime:0.0002s ]

[ 2017-06-16T11:25:43+08:00 ] 127.0.0.1 /Home/Member/regionSelect.html
INFO: [ app_begin ] --START--
INFO: Run Behavior\ReadHtmlCacheBehavior [ RunTime:0.000857s ]
INFO: [ app_begin ] --END-- [ RunTime:0.001260s ]
SQL: SHOW COLUMNS FROM `region` [ RunTime:0.0043s ]
SQL: SELECT `region_id`,`parent_id`,`region_name` FROM `region` WHERE `parent_id` = 2439  [ RunTime:0.0002s ]

[ 2017-06-16T11:25:50+08:00 ] 127.0.0.1 /Home/Member/addAddress.html
ERR: 1364:Field 'user_id' doesn't have a default value
 [ SQL语句 ] : INSERT INTO `user_addr` (`province_id`,`city_id`,`area_id`,`name`,`phone`,`addr`) VALUES ('20','236','2439','ccb','123456','666')

[ 2017-06-16T11:34:03+08:00 ] 127.0.0.1 /Home/Member/regionSelect.html
INFO: [ app_begin ] --START--
INFO: Run Behavior\ReadHtmlCacheBehavior [ RunTime:0.000841s ]
INFO: [ app_begin ] --END-- [ RunTime:0.001242s ]
SQL: SHOW COLUMNS FROM `region` [ RunTime:0.0076s ]
SQL: SELECT `region_id`,`parent_id`,`region_name` FROM `region` WHERE `parent_id` = 2  [ RunTime:0.0002s ]

[ 2017-06-16T11:34:04+08:00 ] 127.0.0.1 /Home/Member/regionSelect.html
INFO: [ app_begin ] --START--
INFO: Run Behavior\ReadHtmlCacheBehavior [ RunTime:0.001924s ]
INFO: [ app_begin ] --END-- [ RunTime:0.002373s ]
SQL: SHOW COLUMNS FROM `region` [ RunTime:0.0047s ]
SQL: SELECT `region_id`,`parent_id`,`region_name` FROM `region` WHERE `parent_id` = 37  [ RunTime:0.0002s ]

[ 2017-06-16T11:34:06+08:00 ] 127.0.0.1 /Home/Member/regionSelect.html
INFO: [ app_begin ] --START--
INFO: Run Behavior\ReadHtmlCacheBehavior [ RunTime:0.000840s ]
INFO: [ app_begin ] --END-- [ RunTime:0.001235s ]
SQL: SHOW COLUMNS FROM `region` [ RunTime:0.0082s ]
SQL: SELECT `region_id`,`parent_id`,`region_name` FROM `region` WHERE `parent_id` = 403  [ RunTime:0.0003s ]

[ 2017-06-16T11:40:09+08:00 ] 127.0.0.1 /Home/Member/regionSelect.html
INFO: [ app_begin ] --START--
INFO: Run Behavior\ReadHtmlCacheBehavior [ RunTime:0.001639s ]
INFO: [ app_begin ] --END-- [ RunTime:0.002580s ]
SQL: SHOW COLUMNS FROM `region` [ RunTime:0.0084s ]
SQL: SELECT `region_id`,`parent_id`,`region_name` FROM `region` WHERE `parent_id` = 20  [ RunTime:0.0003s ]

[ 2017-06-16T11:40:12+08:00 ] 127.0.0.1 /Home/Member/regionSelect.html
INFO: [ app_begin ] --START--
INFO: Run Behavior\ReadHtmlCacheBehavior [ RunTime:0.000894s ]
INFO: [ app_begin ] --END-- [ RunTime:0.001363s ]
SQL: SHOW COLUMNS FROM `region` [ RunTime:0.0080s ]
SQL: SELECT `region_id`,`parent_id`,`region_name` FROM `region` WHERE `parent_id` = 247  [ RunTime:0.0004s ]

[ 2017-06-16T11:40:32+08:00 ] 127.0.0.1 /Home/Member/regionSelect.html
INFO: [ app_begin ] --START--
INFO: Run Behavior\ReadHtmlCacheBehavior [ RunTime:0.000859s ]
INFO: [ app_begin ] --END-- [ RunTime:0.001258s ]
SQL: SHOW COLUMNS FROM `region` [ RunTime:0.0077s ]
SQL: SELECT `region_id`,`parent_id`,`region_name` FROM `region` WHERE `parent_id` = 18  [ RunTime:0.0004s ]

[ 2017-06-16T11:40:37+08:00 ] 127.0.0.1 /Home/Member/regionSelect.html
INFO: [ app_begin ] --START--
INFO: Run Behavior\ReadHtmlCacheBehavior [ RunTime:0.000873s ]
INFO: [ app_begin ] --END-- [ RunTime:0.001304s ]
SQL: SHOW COLUMNS FROM `region` [ RunTime:0.0076s ]
SQL: SELECT `region_id`,`parent_id`,`region_name` FROM `region` WHERE `parent_id` = 204  [ RunTime:0.0004s ]

[ 2017-06-16T11:40:38+08:00 ] 127.0.0.1 /Home/Member/regionSelect.html
INFO: [ app_begin ] --START--
INFO: Run Behavior\ReadHtmlCacheBehavior [ RunTime:0.000845s ]
INFO: [ app_begin ] --END-- [ RunTime:0.001244s ]
SQL: SHOW COLUMNS FROM `region` [ RunTime:0.0077s ]
SQL: SELECT `region_id`,`parent_id`,`region_name` FROM `region` WHERE `parent_id` = 2148  [ RunTime:0.0003s ]

[ 2017-06-16T11:40:39+08:00 ] 127.0.0.1 /Home/Member/addAddress.html
ERR: 1366:Incorrect integer value: 'aa' for column 'phone' at row 1
 [ SQL语句 ] : INSERT INTO `user_addr` (`province_id`,`city_id`,`area_id`,`name`,`phone`,`addr`,`user_id`) VALUES ('18','204','2148','aa','aa','aa','1')

[ 2017-06-16T11:43:54+08:00 ] 127.0.0.1 /Home/Member/password.html
ERR: 非法操作:password

[ 2017-06-16T11:43:59+08:00 ] 127.0.0.1 /Home/Member/regionSelect.html
INFO: [ app_begin ] --START--
INFO: Run Behavior\ReadHtmlCacheBehavior [ RunTime:0.001877s ]
INFO: [ app_begin ] --END-- [ RunTime:0.002899s ]
SQL: SHOW COLUMNS FROM `region` [ RunTime:0.0080s ]
SQL: SELECT `region_id`,`parent_id`,`region_name` FROM `region` WHERE `parent_id` = 20  [ RunTime:0.0002s ]

[ 2017-06-16T11:44:01+08:00 ] 127.0.0.1 /Home/Member/regionSelect.html
INFO: [ app_begin ] --START--
INFO: Run Behavior\ReadHtmlCacheBehavior [ RunTime:0.000890s ]
INFO: [ app_begin ] --END-- [ RunTime:0.001318s ]
SQL: SHOW COLUMNS FROM `region` [ RunTime:0.0077s ]
SQL: SELECT `region_id`,`parent_id`,`region_name` FROM `region` WHERE `parent_id` = 247  [ RunTime:0.0002s ]

[ 2017-06-16T11:48:31+08:00 ] 127.0.0.1 /Home/Member/regionSelect.html
INFO: [ app_begin ] --START--
INFO: Run Behavior\ReadHtmlCacheBehavior [ RunTime:0.000904s ]
INFO: [ app_begin ] --END-- [ RunTime:0.001406s ]
SQL: SHOW COLUMNS FROM `region` [ RunTime:0.0079s ]
SQL: SELECT `region_id`,`parent_id`,`region_name` FROM `region` WHERE `parent_id` = 20  [ RunTime:0.0002s ]

[ 2017-06-16T11:48:32+08:00 ] 127.0.0.1 /Home/Member/regionSelect.html
INFO: [ app_begin ] --START--
INFO: Run Behavior\ReadHtmlCacheBehavior [ RunTime:0.000849s ]
INFO: [ app_begin ] --END-- [ RunTime:0.001252s ]
SQL: SHOW COLUMNS FROM `region` [ RunTime:0.0078s ]
SQL: SELECT `region_id`,`parent_id`,`region_name` FROM `region` WHERE `parent_id` = 232  [ RunTime:0.0004s ]

[ 2017-06-16T11:48:33+08:00 ] 127.0.0.1 /Home/Member/regionSelect.html
INFO: [ app_begin ] --START--
INFO: Run Behavior\ReadHtmlCacheBehavior [ RunTime:0.002315s ]
INFO: [ app_begin ] --END-- [ RunTime:0.002963s ]
SQL: SHOW COLUMNS FROM `region` [ RunTime:0.0086s ]
SQL: SELECT `region_id`,`parent_id`,`region_name` FROM `region` WHERE `parent_id` = 2401  [ RunTime:0.0003s ]

[ 2017-06-16T11:48:40+08:00 ] 127.0.0.1 /Home/Member/regionSelect.html
INFO: [ app_begin ] --START--
INFO: Run Behavior\ReadHtmlCacheBehavior [ RunTime:0.000853s ]
INFO: [ app_begin ] --END-- [ RunTime:0.001256s ]
SQL: SHOW COLUMNS FROM `region` [ RunTime:0.0085s ]
SQL: SELECT `region_id`,`parent_id`,`region_name` FROM `region` WHERE `parent_id` = 5  [ RunTime:0.0002s ]

[ 2017-06-16T11:48:41+08:00 ] 127.0.0.1 /Home/Member/regionSelect.html
INFO: [ app_begin ] --START--
INFO: Run Behavior\ReadHtmlCacheBehavior [ RunTime:0.000862s ]
INFO: [ app_begin ] --END-- [ RunTime:0.001276s ]
SQL: SHOW COLUMNS FROM `region` [ RunTime:0.0080s ]
SQL: SELECT `region_id`,`parent_id`,`region_name` FROM `region` WHERE `parent_id` = 51  [ RunTime:0.0004s ]

[ 2017-06-16T11:48:42+08:00 ] 127.0.0.1 /Home/Member/regionSelect.html
INFO: [ app_begin ] --START--
INFO: Run Behavior\ReadHtmlCacheBehavior [ RunTime:0.000856s ]
INFO: [ app_begin ] --END-- [ RunTime:0.001267s ]
SQL: SHOW COLUMNS FROM `region` [ RunTime:0.0072s ]
SQL: SELECT `region_id`,`parent_id`,`region_name` FROM `region` WHERE `parent_id` = 640  [ RunTime:0.0003s ]

[ 2017-06-16T11:48:57+08:00 ] 127.0.0.1 /Home/Member/regionSelect.html
INFO: [ app_begin ] --START--
INFO: Run Behavior\ReadHtmlCacheBehavior [ RunTime:0.000885s ]
INFO: [ app_begin ] --END-- [ RunTime:0.001290s ]
SQL: SHOW COLUMNS FROM `region` [ RunTime:0.0075s ]
SQL: SELECT `region_id`,`parent_id`,`region_name` FROM `region` WHERE `parent_id` = 20  [ RunTime:0.0002s ]

[ 2017-06-16T11:48:59+08:00 ] 127.0.0.1 /Home/Member/regionSelect.html
INFO: [ app_begin ] --START--
INFO: Run Behavior\ReadHtmlCacheBehavior [ RunTime:0.001679s ]
INFO: [ app_begin ] --END-- [ RunTime:0.002223s ]
SQL: SHOW COLUMNS FROM `region` [ RunTime:0.0080s ]
SQL: SELECT `region_id`,`parent_id`,`region_name` FROM `region` WHERE `parent_id` = 249  [ RunTime:0.0003s ]

[ 2017-06-16T12:01:01+08:00 ] 127.0.0.1 /Home/Member/regionSelect.html
INFO: [ app_begin ] --START--
INFO: Run Behavior\ReadHtmlCacheBehavior [ RunTime:0.000682s ]
INFO: [ app_begin ] --END-- [ RunTime:0.001102s ]
SQL: SHOW COLUMNS FROM `region` [ RunTime:0.0043s ]
SQL: SELECT `region_id`,`parent_id`,`region_name` FROM `region` WHERE `parent_id` = 2  [ RunTime:0.0002s ]

[ 2017-06-16T12:01:02+08:00 ] 127.0.0.1 /Home/Member/regionSelect.html
INFO: [ app_begin ] --START--
INFO: Run Behavior\ReadHtmlCacheBehavior [ RunTime:0.000698s ]
INFO: [ app_begin ] --END-- [ RunTime:0.001136s ]
SQL: SHOW COLUMNS FROM `region` [ RunTime:0.0047s ]
SQL: SELECT `region_id`,`parent_id`,`region_name` FROM `region` WHERE `parent_id` = 37  [ RunTime:0.0002s ]

[ 2017-06-16T12:01:03+08:00 ] 127.0.0.1 /Home/Member/regionSelect.html
INFO: [ app_begin ] --START--
INFO: Run Behavior\ReadHtmlCacheBehavior [ RunTime:0.000666s ]
INFO: [ app_begin ] --END-- [ RunTime:0.001072s ]
SQL: SHOW COLUMNS FROM `region` [ RunTime:0.0047s ]
SQL: SELECT `region_id`,`parent_id`,`region_name` FROM `region` WHERE `parent_id` = 403  [ RunTime:0.0002s ]

[ 2017-06-16T12:01:07+08:00 ] 127.0.0.1 /Home/Member/addAddress.html
INFO: [ app_begin ] --START--
INFO: Run Behavior\ReadHtmlCacheBehavior [ RunTime:0.000666s ]
INFO: [ app_begin ] --END-- [ RunTime:0.001071s ]
SQL: SHOW COLUMNS FROM `user_addr` [ RunTime:0.0049s ]
SQL: SELECT COUNT(*) AS tp_count FROM `user_addr` WHERE `user_id` = 1 LIMIT 1   [ RunTime:0.0002s ]
NOTIC: [8] Undefined index: validate C:\Users\sky\Desktop\project\ThinkPHP\Library\Think\Model.class.php 第 1185 行.

[ 2017-06-16T12:01:17+08:00 ] 127.0.0.1 /Home/Member/regionSelect.html
INFO: [ app_begin ] --START--
INFO: Run Behavior\ReadHtmlCacheBehavior [ RunTime:0.000854s ]
INFO: [ app_begin ] --END-- [ RunTime:0.001273s ]
SQL: SHOW COLUMNS FROM `region` [ RunTime:0.0076s ]
SQL: SELECT `region_id`,`parent_id`,`region_name` FROM `region` WHERE `parent_id` = 4  [ RunTime:0.0002s ]

[ 2017-06-16T12:01:19+08:00 ] 127.0.0.1 /Home/Member/regionSelect.html
INFO: [ app_begin ] --START--
INFO: Run Behavior\ReadHtmlCacheBehavior [ RunTime:0.000908s ]
INFO: [ app_begin ] --END-- [ RunTime:0.001306s ]
SQL: SHOW COLUMNS FROM `region` [ RunTime:0.0078s ]
SQL: SELECT `region_id`,`parent_id`,`region_name` FROM `region` WHERE `parent_id` = 39  [ RunTime:0.0005s ]

[ 2017-06-16T12:01:21+08:00 ] 127.0.0.1 /Home/Member/regionSelect.html
INFO: [ app_begin ] --START--
INFO: Run Behavior\ReadHtmlCacheBehavior [ RunTime:0.000861s ]
INFO: [ app_begin ] --END-- [ RunTime:0.001280s ]
SQL: SHOW COLUMNS FROM `region` [ RunTime:0.0082s ]
SQL: SELECT `region_id`,`parent_id`,`region_name` FROM `region` WHERE `parent_id` = 2  [ RunTime:0.0002s ]

[ 2017-06-16T12:01:23+08:00 ] 127.0.0.1 /Home/Member/regionSelect.html
INFO: [ app_begin ] --START--
INFO: Run Behavior\ReadHtmlCacheBehavior [ RunTime:0.000851s ]
INFO: [ app_begin ] --END-- [ RunTime:0.001254s ]
SQL: SHOW COLUMNS FROM `region` [ RunTime:0.0082s ]
SQL: SELECT `region_id`,`parent_id`,`region_name` FROM `region` WHERE `parent_id` = 37  [ RunTime:0.0002s ]

[ 2017-06-16T12:01:24+08:00 ] 127.0.0.1 /Home/Member/regionSelect.html
INFO: [ app_begin ] --START--
INFO: Run Behavior\ReadHtmlCacheBehavior [ RunTime:0.001316s ]
INFO: [ app_begin ] --END-- [ RunTime:0.002098s ]
SQL: SHOW COLUMNS FROM `region` [ RunTime:0.0077s ]
SQL: SELECT `region_id`,`parent_id`,`region_name` FROM `region` WHERE `parent_id` = 403  [ RunTime:0.0001s ]

[ 2017-06-16T12:01:32+08:00 ] 127.0.0.1 /Home/Member/regionSelect.html
INFO: [ app_begin ] --START--
INFO: Run Behavior\ReadHtmlCacheBehavior [ RunTime:0.000850s ]
INFO: [ app_begin ] --END-- [ RunTime:0.001261s ]
SQL: SHOW COLUMNS FROM `region` [ RunTime:0.0045s ]
SQL: SELECT `region_id`,`parent_id`,`region_name` FROM `region` WHERE `parent_id` = 6  [ RunTime:0.0002s ]

[ 2017-06-16T12:01:34+08:00 ] 127.0.0.1 /Home/Member/regionSelect.html
INFO: [ app_begin ] --START--
INFO: Run Behavior\ReadHtmlCacheBehavior [ RunTime:0.000851s ]
INFO: [ app_begin ] --END-- [ RunTime:0.001263s ]
SQL: SHOW COLUMNS FROM `region` [ RunTime:0.0054s ]
SQL: SELECT `region_id`,`parent_id`,`region_name` FROM `region` WHERE `parent_id` = 62  [ RunTime:0.0004s ]

[ 2017-06-16T12:01:35+08:00 ] 127.0.0.1 /Home/Member/regionSelect.html
INFO: [ app_begin ] --START--
INFO: Run Behavior\ReadHtmlCacheBehavior [ RunTime:0.000848s ]
INFO: [ app_begin ] --END-- [ RunTime:0.001258s ]
SQL: SHOW COLUMNS FROM `region` [ RunTime:0.0056s ]
SQL: SELECT `region_id`,`parent_id`,`region_name` FROM `region` WHERE `parent_id` = 770  [ RunTime:0.0003s ]

[ 2017-06-16T12:01:36+08:00 ] 127.0.0.1 /Home/Member/regionSelect.html
INFO: [ app_begin ] --START--
INFO: Run Behavior\ReadHtmlCacheBehavior [ RunTime:0.000854s ]
INFO: [ app_begin ] --END-- [ RunTime:0.001260s ]
SQL: SHOW COLUMNS FROM `region` [ RunTime:0.0078s ]
SQL: SELECT `region_id`,`parent_id`,`region_name` FROM `region` WHERE `parent_id` = 4  [ RunTime:0.0002s ]

[ 2017-06-16T12:03:20+08:00 ] 127.0.0.1 /Home/Member/regionSelect.html
INFO: [ app_begin ] --START--
INFO: Run Behavior\ReadHtmlCacheBehavior [ RunTime:0.001596s ]
INFO: [ app_begin ] --END-- [ RunTime:0.002276s ]
SQL: SHOW COLUMNS FROM `region` [ RunTime:0.0081s ]
SQL: SELECT `region_id`,`parent_id`,`region_name` FROM `region` WHERE `parent_id` = 2  [ RunTime:0.0002s ]

[ 2017-06-16T12:03:20+08:00 ] 127.0.0.1 /Home/Member/regionSelect.html
INFO: [ app_begin ] --START--
INFO: Run Behavior\ReadHtmlCacheBehavior [ RunTime:0.000985s ]
INFO: [ app_begin ] --END-- [ RunTime:0.001413s ]
SQL: SHOW COLUMNS FROM `region` [ RunTime:0.0077s ]
SQL: SELECT `region_id`,`parent_id`,`region_name` FROM `region` WHERE `parent_id` = 37  [ RunTime:0.0002s ]

[ 2017-06-16T12:03:22+08:00 ] 127.0.0.1 /Home/Member/regionSelect.html
INFO: [ app_begin ] --START--
INFO: Run Behavior\ReadHtmlCacheBehavior [ RunTime:0.000867s ]
INFO: [ app_begin ] --END-- [ RunTime:0.001302s ]
SQL: SHOW COLUMNS FROM `region` [ RunTime:0.0090s ]
SQL: SELECT `region_id`,`parent_id`,`region_name` FROM `region` WHERE `parent_id` = 405  [ RunTime:0.0002s ]

[ 2017-06-16T12:03:23+08:00 ] 127.0.0.1 /Home/Member/regionSelect.html
INFO: [ app_begin ] --START--
INFO: Run Behavior\ReadHtmlCacheBehavior [ RunTime:0.000854s ]
INFO: [ app_begin ] --END-- [ RunTime:0.001259s ]
SQL: SHOW COLUMNS FROM `region` [ RunTime:0.0045s ]
SQL: SELECT `region_id`,`parent_id`,`region_name` FROM `region` WHERE `parent_id` = 4  [ RunTime:0.0002s ]

[ 2017-06-16T12:07:06+08:00 ] 127.0.0.1 /Home/Member/regionSelect.html
INFO: [ app_begin ] --START--
INFO: Run Behavior\ReadHtmlCacheBehavior [ RunTime:0.000674s ]
INFO: [ app_begin ] --END-- [ RunTime:0.001080s ]
SQL: SHOW COLUMNS FROM `region` [ RunTime:0.0080s ]
SQL: SELECT `region_id`,`parent_id`,`region_name` FROM `region` WHERE `parent_id` = 20  [ RunTime:0.0002s ]

[ 2017-06-16T12:07:07+08:00 ] 127.0.0.1 /Home/Member/regionSelect.html
INFO: [ app_begin ] --START--
INFO: Run Behavior\ReadHtmlCacheBehavior [ RunTime:0.000671s ]
INFO: [ app_begin ] --END-- [ RunTime:0.001076s ]
SQL: SHOW COLUMNS FROM `region` [ RunTime:0.0081s ]
SQL: SELECT `region_id`,`parent_id`,`region_name` FROM `region` WHERE `parent_id` = 247  [ RunTime:0.0002s ]

[ 2017-06-16T12:07:21+08:00 ] 127.0.0.1 /Home/Member/addAddress.html
INFO: [ app_begin ] --START--
INFO: Run Behavior\ReadHtmlCacheBehavior [ RunTime:0.000839s ]
INFO: [ app_begin ] --END-- [ RunTime:0.001238s ]
SQL: SHOW COLUMNS FROM `user_addr` [ RunTime:0.0078s ]
SQL: SELECT COUNT(*) AS tp_count FROM `user_addr` WHERE `user_id` = 1 LIMIT 1   [ RunTime:0.0002s ]
NOTIC: [8] Undefined index: validate C:\Users\sky\Desktop\project\ThinkPHP\Library\Think\Model.class.php 第 1185 行.
NOTIC: [8] Undefined index: auto C:\Users\sky\Desktop\project\ThinkPHP\Library\Think\Model.class.php 第 1128 行.
ERR: 1364:Field 'addr' doesn't have a default value
 [ SQL语句 ] : INSERT INTO `user_addr` (`province_id`,`city_id`,`area_id`,`name`,`phone`,`user_id`) VALUES ('20','247','','aaa','13725896985','1')
ERR: 1364:Field 'addr' doesn't have a default value
 [ SQL语句 ] : INSERT INTO `user_addr` (`province_id`,`city_id`,`area_id`,`name`,`phone`,`user_id`) VALUES ('20','247','','aaa','13725896985','1')

[ 2017-06-16T12:07:23+08:00 ] 127.0.0.1 /Home/Member/addAddress.html
INFO: [ app_begin ] --START--
INFO: Run Behavior\ReadHtmlCacheBehavior [ RunTime:0.000850s ]
INFO: [ app_begin ] --END-- [ RunTime:0.001247s ]
SQL: SHOW COLUMNS FROM `user_addr` [ RunTime:0.0077s ]
SQL: SELECT COUNT(*) AS tp_count FROM `user_addr` WHERE `user_id` = 1 LIMIT 1   [ RunTime:0.0002s ]
NOTIC: [8] Undefined index: validate C:\Users\sky\Desktop\project\ThinkPHP\Library\Think\Model.class.php 第 1185 行.
NOTIC: [8] Undefined index: auto C:\Users\sky\Desktop\project\ThinkPHP\Library\Think\Model.class.php 第 1128 行.
ERR: 1364:Field 'addr' doesn't have a default value
 [ SQL语句 ] : INSERT INTO `user_addr` (`province_id`,`city_id`,`area_id`,`name`,`phone`,`user_id`) VALUES ('20','247','','aaa','13725896985','1')
ERR: 1364:Field 'addr' doesn't have a default value
 [ SQL语句 ] : INSERT INTO `user_addr` (`province_id`,`city_id`,`area_id`,`name`,`phone`,`user_id`) VALUES ('20','247','','aaa','13725896985','1')

[ 2017-06-16T12:07:23+08:00 ] 127.0.0.1 /Home/Member/addAddress.html
INFO: [ app_begin ] --START--
INFO: Run Behavior\ReadHtmlCacheBehavior [ RunTime:0.000869s ]
INFO: [ app_begin ] --END-- [ RunTime:0.001269s ]
SQL: SHOW COLUMNS FROM `user_addr` [ RunTime:0.0077s ]
SQL: SELECT COUNT(*) AS tp_count FROM `user_addr` WHERE `user_id` = 1 LIMIT 1   [ RunTime:0.0002s ]
NOTIC: [8] Undefined index: validate C:\Users\sky\Desktop\project\ThinkPHP\Library\Think\Model.class.php 第 1185 行.
NOTIC: [8] Undefined index: auto C:\Users\sky\Desktop\project\ThinkPHP\Library\Think\Model.class.php 第 1128 行.
ERR: 1364:Field 'addr' doesn't have a default value
 [ SQL语句 ] : INSERT INTO `user_addr` (`province_id`,`city_id`,`area_id`,`name`,`phone`,`user_id`) VALUES ('20','247','','aaa','13725896985','1')
ERR: 1364:Field 'addr' doesn't have a default value
 [ SQL语句 ] : INSERT INTO `user_addr` (`province_id`,`city_id`,`area_id`,`name`,`phone`,`user_id`) VALUES ('20','247','','aaa','13725896985','1')

[ 2017-06-16T12:07:24+08:00 ] 127.0.0.1 /Home/Member/addAddress.html
INFO: [ app_begin ] --START--
INFO: Run Behavior\ReadHtmlCacheBehavior [ RunTime:0.000840s ]
INFO: [ app_begin ] --END-- [ RunTime:0.001261s ]
SQL: SHOW COLUMNS FROM `user_addr` [ RunTime:0.0079s ]
SQL: SELECT COUNT(*) AS tp_count FROM `user_addr` WHERE `user_id` = 1 LIMIT 1   [ RunTime:0.0002s ]
NOTIC: [8] Undefined index: validate C:\Users\sky\Desktop\project\ThinkPHP\Library\Think\Model.class.php 第 1185 行.
NOTIC: [8] Undefined index: auto C:\Users\sky\Desktop\project\ThinkPHP\Library\Think\Model.class.php 第 1128 行.
ERR: 1364:Field 'addr' doesn't have a default value
 [ SQL语句 ] : INSERT INTO `user_addr` (`province_id`,`city_id`,`area_id`,`name`,`phone`,`user_id`) VALUES ('20','247','','aaa','13725896985','1')
ERR: 1364:Field 'addr' doesn't have a default value
 [ SQL语句 ] : INSERT INTO `user_addr` (`province_id`,`city_id`,`area_id`,`name`,`phone`,`user_id`) VALUES ('20','247','','aaa','13725896985','1')

[ 2017-06-16T12:07:25+08:00 ] 127.0.0.1 /Home/Member/addAddress.html
INFO: [ app_begin ] --START--
INFO: Run Behavior\ReadHtmlCacheBehavior [ RunTime:0.000839s ]
INFO: [ app_begin ] --END-- [ RunTime:0.001238s ]
SQL: SHOW COLUMNS FROM `user_addr` [ RunTime:0.0078s ]
SQL: SELECT COUNT(*) AS tp_count FROM `user_addr` WHERE `user_id` = 1 LIMIT 1   [ RunTime:0.0002s ]
NOTIC: [8] Undefined index: validate C:\Users\sky\Desktop\project\ThinkPHP\Library\Think\Model.class.php 第 1185 行.
NOTIC: [8] Undefined index: auto C:\Users\sky\Desktop\project\ThinkPHP\Library\Think\Model.class.php 第 1128 行.
ERR: 1364:Field 'addr' doesn't have a default value
 [ SQL语句 ] : INSERT INTO `user_addr` (`province_id`,`city_id`,`area_id`,`name`,`phone`,`user_id`) VALUES ('20','247','','aaa','13725896985','1')
ERR: 1364:Field 'addr' doesn't have a default value
 [ SQL语句 ] : INSERT INTO `user_addr` (`province_id`,`city_id`,`area_id`,`name`,`phone`,`user_id`) VALUES ('20','247','','aaa','13725896985','1')

[ 2017-06-16T12:07:25+08:00 ] 127.0.0.1 /Home/Member/addAddress.html
INFO: [ app_begin ] --START--
INFO: Run Behavior\ReadHtmlCacheBehavior [ RunTime:0.000840s ]
INFO: [ app_begin ] --END-- [ RunTime:0.001235s ]
SQL: SHOW COLUMNS FROM `user_addr` [ RunTime:0.0046s ]
SQL: SELECT COUNT(*) AS tp_count FROM `user_addr` WHERE `user_id` = 1 LIMIT 1   [ RunTime:0.0002s ]
NOTIC: [8] Undefined index: validate C:\Users\sky\Desktop\project\ThinkPHP\Library\Think\Model.class.php 第 1185 行.
NOTIC: [8] Undefined index: auto C:\Users\sky\Desktop\project\ThinkPHP\Library\Think\Model.class.php 第 1128 行.
ERR: 1364:Field 'addr' doesn't have a default value
 [ SQL语句 ] : INSERT INTO `user_addr` (`province_id`,`city_id`,`area_id`,`name`,`phone`,`user_id`) VALUES ('20','247','','aaa','13725896985','1')
ERR: 1364:Field 'addr' doesn't have a default value
 [ SQL语句 ] : INSERT INTO `user_addr` (`province_id`,`city_id`,`area_id`,`name`,`phone`,`user_id`) VALUES ('20','247','','aaa','13725896985','1')

[ 2017-06-16T12:07:26+08:00 ] 127.0.0.1 /Home/Member/addAddress.html
INFO: [ app_begin ] --START--
INFO: Run Behavior\ReadHtmlCacheBehavior [ RunTime:0.000840s ]
INFO: [ app_begin ] --END-- [ RunTime:0.001239s ]
SQL: SHOW COLUMNS FROM `user_addr` [ RunTime:0.0696s ]
SQL: SELECT COUNT(*) AS tp_count FROM `user_addr` WHERE `user_id` = 1 LIMIT 1   [ RunTime:0.0005s ]
NOTIC: [8] Undefined index: validate C:\Users\sky\Desktop\project\ThinkPHP\Library\Think\Model.class.php 第 1185 行.
NOTIC: [8] Undefined index: auto C:\Users\sky\Desktop\project\ThinkPHP\Library\Think\Model.class.php 第 1128 行.
ERR: 1364:Field 'addr' doesn't have a default value
 [ SQL语句 ] : INSERT INTO `user_addr` (`province_id`,`city_id`,`area_id`,`name`,`phone`,`user_id`) VALUES ('20','247','','aaa','13725896985','1')
ERR: 1364:Field 'addr' doesn't have a default value
 [ SQL语句 ] : INSERT INTO `user_addr` (`province_id`,`city_id`,`area_id`,`name`,`phone`,`user_id`) VALUES ('20','247','','aaa','13725896985','1')

[ 2017-06-16T12:07:31+08:00 ] 127.0.0.1 /Home/Member/addAddress.html
INFO: [ app_begin ] --START--
INFO: Run Behavior\ReadHtmlCacheBehavior [ RunTime:0.001319s ]
INFO: [ app_begin ] --END-- [ RunTime:0.001945s ]
SQL: SHOW COLUMNS FROM `user_addr` [ RunTime:0.0066s ]
SQL: SELECT COUNT(*) AS tp_count FROM `user_addr` WHERE `user_id` = 1 LIMIT 1   [ RunTime:0.0002s ]
NOTIC: [8] Undefined index: validate C:\Users\sky\Desktop\project\ThinkPHP\Library\Think\Model.class.php 第 1185 行.
NOTIC: [8] Undefined index: auto C:\Users\sky\Desktop\project\ThinkPHP\Library\Think\Model.class.php 第 1128 行.
ERR: 1364:Field 'addr' doesn't have a default value
 [ SQL语句 ] : INSERT INTO `user_addr` (`province_id`,`city_id`,`area_id`,`name`,`phone`,`user_id`) VALUES ('20','247','','aaa','13725896985','1')
ERR: 1364:Field 'addr' doesn't have a default value
 [ SQL语句 ] : INSERT INTO `user_addr` (`province_id`,`city_id`,`area_id`,`name`,`phone`,`user_id`) VALUES ('20','247','','aaa','13725896985','1')

[ 2017-06-16T12:08:12+08:00 ] 127.0.0.1 /Home/Member/addAddress.html
INFO: [ app_begin ] --START--
INFO: Run Behavior\ReadHtmlCacheBehavior [ RunTime:0.001958s ]
INFO: [ app_begin ] --END-- [ RunTime:0.002783s ]
SQL: SHOW COLUMNS FROM `user_addr` [ RunTime:0.0087s ]
SQL: SELECT COUNT(*) AS tp_count FROM `user_addr` WHERE `user_id` = 1 LIMIT 1   [ RunTime:0.0002s ]
NOTIC: [8] Undefined index: validate C:\Users\sky\Desktop\project\ThinkPHP\Library\Think\Model.class.php 第 1185 行.
NOTIC: [8] Undefined index: auto C:\Users\sky\Desktop\project\ThinkPHP\Library\Think\Model.class.php 第 1128 行.
ERR: 1364:Field 'addr' doesn't have a default value
 [ SQL语句 ] : INSERT INTO `user_addr` (`province_id`,`city_id`,`area_id`,`name`,`phone`,`user_id`) VALUES ('20','247','','aaa','13725896985','1')
ERR: 1364:Field 'addr' doesn't have a default value
 [ SQL语句 ] : INSERT INTO `user_addr` (`province_id`,`city_id`,`area_id`,`name`,`phone`,`user_id`) VALUES ('20','247','','aaa','13725896985','1')

[ 2017-06-16T12:08:43+08:00 ] 127.0.0.1 /Home/Member/regionSelect.html
INFO: [ app_begin ] --START--
INFO: Run Behavior\ReadHtmlCacheBehavior [ RunTime:0.000861s ]
INFO: [ app_begin ] --END-- [ RunTime:0.001316s ]
SQL: SHOW COLUMNS FROM `region` [ RunTime:0.0047s ]
SQL: SELECT `region_id`,`parent_id`,`region_name` FROM `region` WHERE `parent_id` = 5  [ RunTime:0.0003s ]

[ 2017-06-16T12:08:44+08:00 ] 127.0.0.1 /Home/Member/regionSelect.html
INFO: [ app_begin ] --START--
INFO: Run Behavior\ReadHtmlCacheBehavior [ RunTime:0.000855s ]
INFO: [ app_begin ] --END-- [ RunTime:0.001264s ]
SQL: SHOW COLUMNS FROM `region` [ RunTime:0.0079s ]
SQL: SELECT `region_id`,`parent_id`,`region_name` FROM `region` WHERE `parent_id` = 51  [ RunTime:0.0002s ]

[ 2017-06-16T12:08:45+08:00 ] 127.0.0.1 /Home/Member/regionSelect.html
INFO: [ app_begin ] --START--
INFO: Run Behavior\ReadHtmlCacheBehavior [ RunTime:0.001064s ]
INFO: [ app_begin ] --END-- [ RunTime:0.001553s ]
SQL: SHOW COLUMNS FROM `region` [ RunTime:0.0078s ]
SQL: SELECT `region_id`,`parent_id`,`region_name` FROM `region` WHERE `parent_id` = 641  [ RunTime:0.0003s ]

[ 2017-06-16T12:08:53+08:00 ] 127.0.0.1 /Home/Member/addAddress.html
INFO: [ app_begin ] --START--
INFO: Run Behavior\ReadHtmlCacheBehavior [ RunTime:0.000856s ]
INFO: [ app_begin ] --END-- [ RunTime:0.001308s ]
SQL: SHOW COLUMNS FROM `user_addr` [ RunTime:0.0042s ]
SQL: SELECT COUNT(*) AS tp_count FROM `user_addr` WHERE `user_id` = 1 LIMIT 1   [ RunTime:0.0001s ]
NOTIC: [8] Undefined index: validate C:\Users\sky\Desktop\project\ThinkPHP\Library\Think\Model.class.php 第 1185 行.
NOTIC: [8] Undefined index: auto C:\Users\sky\Desktop\project\ThinkPHP\Library\Think\Model.class.php 第 1128 行.
SQL: INSERT INTO `user_addr` (`province_id`,`city_id`,`area_id`,`name`,`phone`,`addr`,`user_id`) VALUES ('5','51','641','aa','13725893698','aa','1') [ RunTime:0.0893s ]

