[ 2017-06-14T01:14:20+08:00 ] 127.0.0.1 /Home/User/regist.html
ERR: 1364:Field 'email' doesn't have a default value
 [ SQL语句 ] : INSERT INTO `user` (`user_name`,`password`) VALUES ('ccb','e10adc3949ba59abbe56e057f20f883e')

[ 2017-06-14T09:34:30+08:00 ] 127.0.0.1 /Home/User/index.html
ERR: Think\Model:vilation方法不存在！

[ 2017-06-14T09:37:15+08:00 ] 127.0.0.1 /Home/User/index.html
ERR: Think\Model:valition方法不存在！

[ 2017-06-14T09:39:09+08:00 ] 127.0.0.1 /Home/User/index.html
ERR: Think\Model:valition方法不存在！

[ 2017-06-14T09:39:21+08:00 ] 127.0.0.1 /Home/User/index.html
ERR: Think\Model:valition方法不存在！

[ 2017-06-14T09:39:29+08:00 ] 127.0.0.1 /Home/User/index.html
ERR: Think\Model:valition方法不存在！

[ 2017-06-14T11:03:05+08:00 ] 127.0.0.1 /Home/Goods/ajax_spec_key.html
INFO: [ app_begin ] --START--
INFO: Run Behavior\ReadHtmlCacheBehavior [ RunTime:0.002343s ]
INFO: [ app_begin ] --END-- [ RunTime:0.004381s ]
SQL: SHOW COLUMNS FROM `goods_spec` [ RunTime:0.0061s ]
SQL: SELECT `spec_price` FROM `goods_spec` WHERE `spec_key` = '4,60,54' AND `goods_id` = 12 LIMIT 1   [ RunTime:0.0002s ]

[ 2017-06-14T11:03:07+08:00 ] 127.0.0.1 /Home/Goods/ajax_spec_key.html
INFO: [ app_begin ] --START--
INFO: Run Behavior\ReadHtmlCacheBehavior [ RunTime:0.000883s ]
INFO: [ app_begin ] --END-- [ RunTime:0.001292s ]
SQL: SHOW COLUMNS FROM `goods_spec` [ RunTime:0.0077s ]
SQL: SELECT `spec_price` FROM `goods_spec` WHERE `spec_key` = '5,60,54' AND `goods_id` = 12 LIMIT 1   [ RunTime:0.0002s ]

[ 2017-06-14T11:03:11+08:00 ] 127.0.0.1 /Home/Cart/addToCart.html
INFO: [ app_begin ] --START--
INFO: Run Behavior\ReadHtmlCacheBehavior [ RunTime:0.000875s ]
INFO: [ app_begin ] --END-- [ RunTime:0.001275s ]
SQL: SHOW COLUMNS FROM `cart` [ RunTime:0.0047s ]
SQL: SHOW COLUMNS FROM `goods` [ RunTime:0.0046s ]
SQL: SELECT g.id,g.goods_name,g.shop_price,g.market_price,g.image,s.spec_price FROM goods as g left join goods_spec as s on g.id = s.goods_id  WHERE g.id = '12' AND `spec_key` = '5,60,54' LIMIT 1   [ RunTime:0.0002s ]
SQL: SELECT `id`,`number` FROM `cart` WHERE `user_key` = '9b537f9697c7ea0617839c81fd84c435' AND `goods_id` = 12 AND `goods_spec_key` = '5,60,54' LIMIT 1   [ RunTime:0.0004s ]
SQL: UPDATE `cart` SET `number`='3' WHERE `id` = 9 [ RunTime:0.0904s ]

[ 2017-06-14T11:04:34+08:00 ] 127.0.0.1 /Home/Goods/ajax_spec_key.html
INFO: [ app_begin ] --START--
INFO: Run Behavior\ReadHtmlCacheBehavior [ RunTime:0.000984s ]
INFO: [ app_begin ] --END-- [ RunTime:0.001534s ]
SQL: SHOW COLUMNS FROM `goods_spec` [ RunTime:0.0072s ]
SQL: SELECT `spec_price` FROM `goods_spec` WHERE `spec_key` = '4,60,54' AND `goods_id` = 12 LIMIT 1   [ RunTime:0.0001s ]

[ 2017-06-14T11:04:37+08:00 ] 127.0.0.1 /Home/Cart/addToCart.html
INFO: [ app_begin ] --START--
INFO: Run Behavior\ReadHtmlCacheBehavior [ RunTime:0.000878s ]
INFO: [ app_begin ] --END-- [ RunTime:0.001279s ]
SQL: SHOW COLUMNS FROM `cart` [ RunTime:0.0076s ]
SQL: SHOW COLUMNS FROM `goods` [ RunTime:0.0041s ]
SQL: SELECT g.id,g.goods_name,g.shop_price,g.market_price,g.image,s.spec_price FROM goods as g left join goods_spec as s on g.id = s.goods_id  WHERE g.id = '12' AND `spec_key` = '4,60,54' LIMIT 1   [ RunTime:0.0002s ]
SQL: SELECT `id`,`number` FROM `cart` WHERE `user_key` = '9b537f9697c7ea0617839c81fd84c435' AND `goods_id` = 12 AND `goods_spec_key` = '4,60,54' LIMIT 1   [ RunTime:0.0003s ]
SQL: UPDATE `cart` SET `number`='5' WHERE `id` = 8 [ RunTime:0.1300s ]

[ 2017-06-14T11:05:42+08:00 ] 127.0.0.1 /Home/Goods/ajax_spec_key.html
INFO: [ app_begin ] --START--
INFO: Run Behavior\ReadHtmlCacheBehavior [ RunTime:0.002774s ]
INFO: [ app_begin ] --END-- [ RunTime:0.003918s ]
SQL: SHOW COLUMNS FROM `goods_spec` [ RunTime:0.0058s ]
SQL: SELECT `spec_price` FROM `goods_spec` WHERE `spec_key` = '4,60,54' AND `goods_id` = 12 LIMIT 1   [ RunTime:0.0002s ]

[ 2017-06-14T11:05:44+08:00 ] 127.0.0.1 /Home/Cart/addToCart.html
INFO: [ app_begin ] --START--
INFO: Run Behavior\ReadHtmlCacheBehavior [ RunTime:0.000890s ]
INFO: [ app_begin ] --END-- [ RunTime:0.001292s ]
SQL: SHOW COLUMNS FROM `cart` [ RunTime:0.0050s ]
SQL: UPDATE `cart` SET `user_key`='1' WHERE `user_key` = '9b537f9697c7ea0617839c81fd84c435' [ RunTime:0.0654s ]
SQL: SHOW COLUMNS FROM `goods` [ RunTime:0.0130s ]
SQL: SELECT g.id,g.goods_name,g.shop_price,g.market_price,g.image,s.spec_price FROM goods as g left join goods_spec as s on g.id = s.goods_id  WHERE g.id = '12' AND `spec_key` = '4,60,54' LIMIT 1   [ RunTime:0.0006s ]
SQL: SELECT `id`,`number` FROM `cart` WHERE `user_key` = '9b537f9697c7ea0617839c81fd84c435' AND `goods_id` = 12 AND `goods_spec_key` = '4,60,54' LIMIT 1   [ RunTime:0.0008s ]
SQL: INSERT INTO `cart` (`user_id`,`user_key`,`goods_id`,`goods_spec_key`,`number`) VALUES ('0','9b537f9697c7ea0617839c81fd84c435','12','4,60,54','1') [ RunTime:0.1022s ]

[ 2017-06-14T11:07:54+08:00 ] 127.0.0.1 /Home/Goods/ajax_spec_key.html
INFO: [ app_begin ] --START--
INFO: Run Behavior\ReadHtmlCacheBehavior [ RunTime:0.001335s ]
INFO: [ app_begin ] --END-- [ RunTime:0.002115s ]
SQL: SHOW COLUMNS FROM `goods_spec` [ RunTime:0.0052s ]
SQL: SELECT `spec_price` FROM `goods_spec` WHERE `spec_key` = '4,60,54' AND `goods_id` = 12 LIMIT 1   [ RunTime:0.0003s ]

[ 2017-06-14T11:07:57+08:00 ] 127.0.0.1 /Home/Cart/addToCart.html
INFO: [ app_begin ] --START--
INFO: Run Behavior\ReadHtmlCacheBehavior [ RunTime:0.000918s ]
INFO: [ app_begin ] --END-- [ RunTime:0.001362s ]
SQL: SHOW COLUMNS FROM `cart` [ RunTime:0.0078s ]
SQL: UPDATE `cart` SET `user_key`='1' WHERE `user_key` = '9b537f9697c7ea0617839c81fd84c435' [ RunTime:0.0003s ]
SQL: SHOW COLUMNS FROM `goods` [ RunTime:0.0123s ]
SQL: SELECT g.id,g.goods_name,g.shop_price,g.market_price,g.image,s.spec_price FROM goods as g left join goods_spec as s on g.id = s.goods_id  WHERE g.id = '12' AND `spec_key` = '4,60,54' LIMIT 1   [ RunTime:0.0002s ]
SQL: SELECT `id`,`number` FROM `cart` WHERE `user_key` = '1' AND `goods_id` = 12 AND `goods_spec_key` = '4,60,54' LIMIT 1   [ RunTime:0.0003s ]
SQL: UPDATE `cart` SET `number`='6' WHERE `id` = 8 [ RunTime:0.1209s ]

[ 2017-06-14T11:08:13+08:00 ] 127.0.0.1 /Home/Goods/ajax_spec_key.html
INFO: [ app_begin ] --START--
INFO: Run Behavior\ReadHtmlCacheBehavior [ RunTime:0.001994s ]
INFO: [ app_begin ] --END-- [ RunTime:0.002925s ]
SQL: SHOW COLUMNS FROM `goods_spec` [ RunTime:0.0062s ]
SQL: SELECT `spec_price` FROM `goods_spec` WHERE `spec_key` = '4,60,54' AND `goods_id` = 12 LIMIT 1   [ RunTime:0.0002s ]

[ 2017-06-14T11:08:14+08:00 ] 127.0.0.1 /Home/Cart/addToCart.html
INFO: [ app_begin ] --START--
INFO: Run Behavior\ReadHtmlCacheBehavior [ RunTime:0.000894s ]
INFO: [ app_begin ] --END-- [ RunTime:0.001302s ]
SQL: SHOW COLUMNS FROM `cart` [ RunTime:0.0054s ]
SQL: UPDATE `cart` SET `user_key`='1' WHERE `user_key` = '9b537f9697c7ea0617839c81fd84c435' [ RunTime:0.0003s ]
SQL: SHOW COLUMNS FROM `goods` [ RunTime:0.0043s ]
SQL: SELECT g.id,g.goods_name,g.shop_price,g.market_price,g.image,s.spec_price FROM goods as g left join goods_spec as s on g.id = s.goods_id  WHERE g.id = '12' AND `spec_key` = '4,60,54' LIMIT 1   [ RunTime:0.0002s ]
SQL: SELECT `id`,`number` FROM `cart` WHERE `user_key` = '1' AND `goods_id` = 12 AND `goods_spec_key` = '4,60,54' LIMIT 1   [ RunTime:0.0003s ]
SQL: UPDATE `cart` SET `number`='7' WHERE `id` = 8 [ RunTime:0.0642s ]

[ 2017-06-14T11:08:29+08:00 ] 127.0.0.1 /Home/Cart/del.html?id=11
INFO: [ app_begin ] --START--
INFO: Run Behavior\ReadHtmlCacheBehavior [ RunTime:0.000890s ]
INFO: [ app_begin ] --END-- [ RunTime:0.001296s ]
SQL: SHOW COLUMNS FROM `cart` [ RunTime:0.0094s ]
SQL: UPDATE `cart` SET `user_key`='1' WHERE `user_key` = '9b537f9697c7ea0617839c81fd84c435' [ RunTime:0.0003s ]
SQL: DELETE FROM `cart` WHERE `id` = 11 [ RunTime:0.1211s ]
SQL: SHOW COLUMNS FROM `cart` [ RunTime:0.0116s ]
SQL: SELECT c.id,c.goods_id,c.number,g.goods_name,g.market_price,g.shop_price,g.image,s.spec_price,c.selected,c.goods_spec_key FROM cart as c left join goods as g on g.id = c.goods_id left join goods_spec as s on s.goods_id = c.goods_id and s.spec_key = c.goods_spec_key  WHERE `user_key` = '1' AND g.goods_name LIKE '%%'  [ RunTime:0.0012s ]

[ 2017-06-14T11:08:36+08:00 ] 127.0.0.1 /Home/Goods/ajax_spec_key.html
INFO: [ app_begin ] --START--
INFO: Run Behavior\ReadHtmlCacheBehavior [ RunTime:0.000905s ]
INFO: [ app_begin ] --END-- [ RunTime:0.001355s ]
SQL: SHOW COLUMNS FROM `goods_spec` [ RunTime:0.0062s ]
SQL: SELECT `spec_price` FROM `goods_spec` WHERE `spec_key` = '4,60,54' AND `goods_id` = 12 LIMIT 1   [ RunTime:0.0002s ]

[ 2017-06-14T11:08:38+08:00 ] 127.0.0.1 /Home/Cart/addToCart.html
INFO: [ app_begin ] --START--
INFO: Run Behavior\ReadHtmlCacheBehavior [ RunTime:0.000876s ]
INFO: [ app_begin ] --END-- [ RunTime:0.001277s ]
SQL: SHOW COLUMNS FROM `cart` [ RunTime:0.0098s ]
SQL: UPDATE `cart` SET `user_key`='1' WHERE `user_key` = '9b537f9697c7ea0617839c81fd84c435' [ RunTime:0.0004s ]
SQL: SHOW COLUMNS FROM `goods` [ RunTime:0.0057s ]
SQL: SELECT g.id,g.goods_name,g.shop_price,g.market_price,g.image,s.spec_price FROM goods as g left join goods_spec as s on g.id = s.goods_id  WHERE g.id = '12' AND `spec_key` = '4,60,54' LIMIT 1   [ RunTime:0.0003s ]
SQL: SELECT `id`,`number` FROM `cart` WHERE `user_key` = '1' AND `goods_id` = 12 AND `goods_spec_key` = '4,60,54' LIMIT 1   [ RunTime:0.0004s ]
SQL: UPDATE `cart` SET `number`='8' WHERE `id` = 8 [ RunTime:0.0621s ]

[ 2017-06-14T11:40:27+08:00 ] 127.0.0.1 /Home/Member/personal%20data.html
ERR: 非法操作:personal data

[ 2017-06-14T11:54:21+08:00 ] 127.0.0.1 /Home/Member/personal%20data.html
ERR: 非法操作:personal data

[ 2017-06-14T11:54:48+08:00 ] 127.0.0.1 /Home/Member/personal%20data.html
ERR: 非法操作:personal data

[ 2017-06-14T20:04:13+08:00 ] 127.0.0.1 /Home/Member/personal%20data.html
ERR: 非法操作:personal data

[ 2017-06-14T20:06:08+08:00 ] 127.0.0.1 /Home/Goods/ajax_spec_key.html
INFO: [ app_begin ] --START--
INFO: Run Behavior\ReadHtmlCacheBehavior [ RunTime:0.000676s ]
INFO: [ app_begin ] --END-- [ RunTime:0.001092s ]
SQL: SHOW COLUMNS FROM `goods_spec` [ RunTime:0.0042s ]
SQL: SELECT `spec_price` FROM `goods_spec` WHERE `spec_key` = '4,60,54' AND `goods_id` = 12 LIMIT 1   [ RunTime:0.0002s ]

[ 2017-06-14T20:06:30+08:00 ] 127.0.0.1 /Home/Goods/ajax_spec_key.html
INFO: [ app_begin ] --START--
INFO: Run Behavior\ReadHtmlCacheBehavior [ RunTime:0.000704s ]
INFO: [ app_begin ] --END-- [ RunTime:0.001142s ]
SQL: SHOW COLUMNS FROM `goods_spec` [ RunTime:0.0062s ]
SQL: SELECT `spec_price` FROM `goods_spec` WHERE `spec_key` = '4,60,54' AND `goods_id` = 12 LIMIT 1   [ RunTime:0.0002s ]

[ 2017-06-14T20:14:46+08:00 ] 127.0.0.1 /Home/Goods/ajax_spec_key.html
INFO: [ app_begin ] --START--
INFO: Run Behavior\ReadHtmlCacheBehavior [ RunTime:0.000888s ]
INFO: [ app_begin ] --END-- [ RunTime:0.002875s ]
SQL: SHOW COLUMNS FROM `goods_spec` [ RunTime:0.0064s ]
SQL: SELECT `spec_price` FROM `goods_spec` WHERE `spec_key` = '4,60,54' AND `goods_id` = 12 LIMIT 1   [ RunTime:0.0002s ]

[ 2017-06-14T20:14:47+08:00 ] 127.0.0.1 /Home/Cart/addToCart.html
INFO: [ app_begin ] --START--
INFO: Run Behavior\ReadHtmlCacheBehavior [ RunTime:0.000730s ]
INFO: [ app_begin ] --END-- [ RunTime:0.001156s ]
SQL: SHOW COLUMNS FROM `cart` [ RunTime:0.0079s ]
SQL: UPDATE `cart` SET `user_key`='1' WHERE `user_key` = '9b537f9697c7ea0617839c81fd84c435' [ RunTime:0.0003s ]
SQL: SHOW COLUMNS FROM `goods` [ RunTime:0.0041s ]
SQL: SELECT g.id,g.goods_name,g.shop_price,g.market_price,g.image,s.spec_price FROM goods as g left join goods_spec as s on g.id = s.goods_id  WHERE g.id = '12' AND `spec_key` = '4,60,54' LIMIT 1   [ RunTime:0.0002s ]
SQL: SELECT `id`,`number` FROM `cart` WHERE `user_key` = '1' AND `goods_id` = 12 AND `goods_spec_key` = '4,60,54' LIMIT 1   [ RunTime:0.0003s ]
SQL: UPDATE `cart` SET `number`='9' WHERE `id` = 8 [ RunTime:0.1214s ]

[ 2017-06-14T20:14:56+08:00 ] 127.0.0.1 /Home/Goods/ajax_spec_key.html
INFO: [ app_begin ] --START--
INFO: Run Behavior\ReadHtmlCacheBehavior [ RunTime:0.001484s ]
INFO: [ app_begin ] --END-- [ RunTime:0.002390s ]
SQL: SHOW COLUMNS FROM `goods_spec` [ RunTime:0.0044s ]
SQL: SELECT `spec_price` FROM `goods_spec` WHERE `spec_key` = '4,60,54' AND `goods_id` = 12 LIMIT 1   [ RunTime:0.0001s ]

[ 2017-06-14T20:14:58+08:00 ] 127.0.0.1 /Home/Cart/addToCart.html
INFO: [ app_begin ] --START--
INFO: Run Behavior\ReadHtmlCacheBehavior [ RunTime:0.000708s ]
INFO: [ app_begin ] --END-- [ RunTime:0.001110s ]
SQL: SHOW COLUMNS FROM `cart` [ RunTime:0.0042s ]
SQL: UPDATE `cart` SET `user_key`='1' WHERE `user_key` = '9b537f9697c7ea0617839c81fd84c435' [ RunTime:0.0003s ]
SQL: SHOW COLUMNS FROM `goods` [ RunTime:0.0041s ]
SQL: SELECT g.id,g.goods_name,g.shop_price,g.market_price,g.image,s.spec_price FROM goods as g left join goods_spec as s on g.id = s.goods_id  WHERE g.id = '12' AND `spec_key` = '4,60,54' LIMIT 1   [ RunTime:0.0002s ]
SQL: SELECT `id`,`number` FROM `cart` WHERE `user_key` = '1' AND `goods_id` = 12 AND `goods_spec_key` = '4,60,54' LIMIT 1   [ RunTime:0.0003s ]
SQL: UPDATE `cart` SET `number`='10' WHERE `id` = 8 [ RunTime:0.0841s ]

[ 2017-06-14T20:27:05+08:00 ] 127.0.0.1 /Home/Goods/ajax_spec_key.html
INFO: [ app_begin ] --START--
INFO: Run Behavior\ReadHtmlCacheBehavior [ RunTime:0.000927s ]
INFO: [ app_begin ] --END-- [ RunTime:0.001367s ]
SQL: SHOW COLUMNS FROM `goods_spec` [ RunTime:0.0296s ]
SQL: SELECT `spec_price` FROM `goods_spec` WHERE `spec_key` = '4,60,54' AND `goods_id` = 12 LIMIT 1   [ RunTime:0.0002s ]

[ 2017-06-14T20:27:13+08:00 ] 127.0.0.1 /Home/Goods/ajax_spec_key.html
INFO: [ app_begin ] --START--
INFO: Run Behavior\ReadHtmlCacheBehavior [ RunTime:0.002186s ]
INFO: [ app_begin ] --END-- [ RunTime:0.002991s ]
SQL: SHOW COLUMNS FROM `goods_spec` [ RunTime:0.0063s ]
SQL: SELECT `spec_price` FROM `goods_spec` WHERE `spec_key` = '4,60,54' AND `goods_id` = 12 LIMIT 1   [ RunTime:0.0002s ]

[ 2017-06-14T20:27:20+08:00 ] 127.0.0.1 /Home/Cart/addToCart.html
INFO: [ app_begin ] --START--
INFO: Run Behavior\ReadHtmlCacheBehavior [ RunTime:0.000804s ]
INFO: [ app_begin ] --END-- [ RunTime:0.001279s ]
SQL: SHOW COLUMNS FROM `goods` [ RunTime:0.0076s ]
SQL: SELECT g.id,g.goods_name,g.shop_price,g.market_price,g.image,s.spec_price FROM goods as g left join goods_spec as s on g.id = s.goods_id  WHERE g.id = '12' AND `spec_key` = '4,60,54' LIMIT 1   [ RunTime:0.0002s ]
SQL: SHOW COLUMNS FROM `cart` [ RunTime:0.0041s ]
SQL: SELECT `id`,`number` FROM `cart` WHERE `user_key` = '9b537f9697c7ea0617839c81fd84c435' AND `goods_id` = 12 AND `goods_spec_key` = '4,60,54' LIMIT 1   [ RunTime:0.0003s ]
SQL: INSERT INTO `cart` (`user_id`,`user_key`,`goods_id`,`goods_spec_key`,`number`) VALUES ('0','9b537f9697c7ea0617839c81fd84c435','12','4,60,54','1') [ RunTime:0.1253s ]

[ 2017-06-14T20:27:23+08:00 ] 127.0.0.1 /Home/Cart/addToCart.html
INFO: [ app_begin ] --START--
INFO: Run Behavior\ReadHtmlCacheBehavior [ RunTime:0.000677s ]
INFO: [ app_begin ] --END-- [ RunTime:0.001078s ]
SQL: SHOW COLUMNS FROM `goods` [ RunTime:0.0044s ]
SQL: SELECT g.id,g.goods_name,g.shop_price,g.market_price,g.image,s.spec_price FROM goods as g left join goods_spec as s on g.id = s.goods_id  WHERE g.id = '12' AND `spec_key` = '4,60,54' LIMIT 1   [ RunTime:0.0002s ]
SQL: SHOW COLUMNS FROM `cart` [ RunTime:0.0043s ]
SQL: SELECT `id`,`number` FROM `cart` WHERE `user_key` = '9b537f9697c7ea0617839c81fd84c435' AND `goods_id` = 12 AND `goods_spec_key` = '4,60,54' LIMIT 1   [ RunTime:0.0004s ]
SQL: UPDATE `cart` SET `number`='2' WHERE `id` = 12 [ RunTime:0.0963s ]

[ 2017-06-14T20:27:27+08:00 ] 127.0.0.1 /Home/Cart/checkLogin.html
INFO: [ app_begin ] --START--
INFO: Run Behavior\ReadHtmlCacheBehavior [ RunTime:0.000670s ]
INFO: [ app_begin ] --END-- [ RunTime:0.001033s ]

[ 2017-06-14T20:27:30+08:00 ] 127.0.0.1 /Home/Cart/checkLogin.html
INFO: [ app_begin ] --START--
INFO: Run Behavior\ReadHtmlCacheBehavior [ RunTime:0.000674s ]
INFO: [ app_begin ] --END-- [ RunTime:0.001035s ]

