[ 2017-06-11T11:03:56+08:00 ] 127.0.0.1 /Home/Goods/ajax_spec_key.html
INFO: [ app_begin ] --START--
INFO: Run Behavior\ReadHtmlCacheBehavior [ RunTime:0.003785s ]
INFO: [ app_begin ] --END-- [ RunTime:0.004303s ]
ERR: 非法操作:ajax_spec_key

[ 2017-06-11T11:07:00+08:00 ] 127.0.0.1 /Home/Goods/ajax_spec_key.html
INFO: [ app_begin ] --START--
INFO: Run Behavior\ReadHtmlCacheBehavior [ RunTime:0.001438s ]
INFO: [ app_begin ] --END-- [ RunTime:0.002108s ]
SQL: SHOW COLUMNS FROM `goods_spec` [ RunTime:0.0094s ]
SQL: SELECT `spec_price` FROM `goods_spec` WHERE `spec_key` = '60' AND `goods_id` = 12 LIMIT 1   [ RunTime:0.0009s ]

[ 2017-06-11T11:07:10+08:00 ] 127.0.0.1 /Home/Goods/ajax_spec_key.html
INFO: [ app_begin ] --START--
INFO: Run Behavior\ReadHtmlCacheBehavior [ RunTime:0.001062s ]
INFO: [ app_begin ] --END-- [ RunTime:0.001587s ]
SQL: SHOW COLUMNS FROM `goods_spec` [ RunTime:0.0234s ]
SQL: SELECT `spec_price` FROM `goods_spec` WHERE `spec_key` = '4,60' AND `goods_id` = 12 LIMIT 1   [ RunTime:0.0004s ]

[ 2017-06-11T11:07:12+08:00 ] 127.0.0.1 /Home/Goods/ajax_spec_key.html
INFO: [ app_begin ] --START--
INFO: Run Behavior\ReadHtmlCacheBehavior [ RunTime:0.002576s ]
INFO: [ app_begin ] --END-- [ RunTime:0.003733s ]
SQL: SHOW COLUMNS FROM `goods_spec` [ RunTime:0.0045s ]
SQL: SELECT `spec_price` FROM `goods_spec` WHERE `spec_key` = '4,54,60' AND `goods_id` = 12 LIMIT 1   [ RunTime:0.0004s ]

[ 2017-06-11T11:07:15+08:00 ] 127.0.0.1 /Home/Goods/ajax_spec_key.html
INFO: [ app_begin ] --START--
INFO: Run Behavior\ReadHtmlCacheBehavior [ RunTime:0.000975s ]
INFO: [ app_begin ] --END-- [ RunTime:0.001406s ]
SQL: SHOW COLUMNS FROM `goods_spec` [ RunTime:0.0046s ]
SQL: SELECT `spec_price` FROM `goods_spec` WHERE `spec_key` = '5,54,60' AND `goods_id` = 12 LIMIT 1   [ RunTime:0.0003s ]

[ 2017-06-11T11:08:48+08:00 ] 127.0.0.1 /Home/Goods/ajax_spec_key.html
INFO: [ app_begin ] --START--
INFO: Run Behavior\ReadHtmlCacheBehavior [ RunTime:0.001949s ]
INFO: [ app_begin ] --END-- [ RunTime:0.002955s ]
SQL: SHOW COLUMNS FROM `goods_spec` [ RunTime:0.0812s ]
SQL: SELECT `spec_price` FROM `goods_spec` WHERE `spec_key` = '4' AND `goods_id` = 12 LIMIT 1   [ RunTime:0.0004s ]

[ 2017-06-11T11:08:51+08:00 ] 127.0.0.1 /Home/Goods/ajax_spec_key.html
INFO: [ app_begin ] --START--
INFO: Run Behavior\ReadHtmlCacheBehavior [ RunTime:0.003192s ]
INFO: [ app_begin ] --END-- [ RunTime:0.004078s ]
SQL: SHOW COLUMNS FROM `goods_spec` [ RunTime:0.0044s ]
SQL: SELECT `spec_price` FROM `goods_spec` WHERE `spec_key` = '4,54' AND `goods_id` = 12 LIMIT 1   [ RunTime:0.0003s ]

[ 2017-06-11T11:08:53+08:00 ] 127.0.0.1 /Home/Goods/ajax_spec_key.html
INFO: [ app_begin ] --START--
INFO: Run Behavior\ReadHtmlCacheBehavior [ RunTime:0.002012s ]
INFO: [ app_begin ] --END-- [ RunTime:0.002884s ]
SQL: SHOW COLUMNS FROM `goods_spec` [ RunTime:0.0084s ]
SQL: SELECT `spec_price` FROM `goods_spec` WHERE `spec_key` = '4,54,60' AND `goods_id` = 12 LIMIT 1   [ RunTime:0.0002s ]

[ 2017-06-11T11:09:26+08:00 ] 127.0.0.1 /Home/Goods/ajax_spec_key.html
INFO: [ app_begin ] --START--
INFO: Run Behavior\ReadHtmlCacheBehavior [ RunTime:0.002750s ]
INFO: [ app_begin ] --END-- [ RunTime:0.003573s ]
SQL: SHOW COLUMNS FROM `goods_spec` [ RunTime:0.0091s ]
SQL: SELECT `spec_price` FROM `goods_spec` WHERE `spec_key` = '4' AND `goods_id` = 12 LIMIT 1   [ RunTime:0.0002s ]

[ 2017-06-11T11:09:28+08:00 ] 127.0.0.1 /Home/Goods/ajax_spec_key.html
INFO: [ app_begin ] --START--
INFO: Run Behavior\ReadHtmlCacheBehavior [ RunTime:0.002036s ]
INFO: [ app_begin ] --END-- [ RunTime:0.003225s ]
SQL: SHOW COLUMNS FROM `goods_spec` [ RunTime:0.0095s ]
SQL: SELECT `spec_price` FROM `goods_spec` WHERE `spec_key` = '4,54' AND `goods_id` = 12 LIMIT 1   [ RunTime:0.0002s ]

[ 2017-06-11T11:09:29+08:00 ] 127.0.0.1 /Home/Goods/ajax_spec_key.html
INFO: [ app_begin ] --START--
INFO: Run Behavior\ReadHtmlCacheBehavior [ RunTime:0.000989s ]
INFO: [ app_begin ] --END-- [ RunTime:0.001442s ]
SQL: SHOW COLUMNS FROM `goods_spec` [ RunTime:0.0095s ]
SQL: SELECT `spec_price` FROM `goods_spec` WHERE `spec_key` = '4,54,60' AND `goods_id` = 12 LIMIT 1   [ RunTime:0.0002s ]

[ 2017-06-11T11:16:29+08:00 ] 127.0.0.1 /Home/Goods/ajax_spec_key.html
INFO: [ app_begin ] --START--
INFO: Run Behavior\ReadHtmlCacheBehavior [ RunTime:0.000935s ]
INFO: [ app_begin ] --END-- [ RunTime:0.001346s ]
SQL: SHOW COLUMNS FROM `goods_spec` [ RunTime:0.0087s ]
SQL: SELECT `spec_price` FROM `goods_spec` WHERE `spec_key` = '4' AND `goods_id` = 12 LIMIT 1   [ RunTime:0.0002s ]

[ 2017-06-11T11:16:31+08:00 ] 127.0.0.1 /Home/Goods/ajax_spec_key.html
INFO: [ app_begin ] --START--
INFO: Run Behavior\ReadHtmlCacheBehavior [ RunTime:0.000944s ]
INFO: [ app_begin ] --END-- [ RunTime:0.001363s ]
SQL: SHOW COLUMNS FROM `goods_spec` [ RunTime:0.0055s ]
SQL: SELECT `spec_price` FROM `goods_spec` WHERE `spec_key` = '4,60' AND `goods_id` = 12 LIMIT 1   [ RunTime:0.0002s ]

[ 2017-06-11T11:16:33+08:00 ] 127.0.0.1 /Home/Goods/ajax_spec_key.html
INFO: [ app_begin ] --START--
INFO: Run Behavior\ReadHtmlCacheBehavior [ RunTime:0.000979s ]
INFO: [ app_begin ] --END-- [ RunTime:0.001476s ]
SQL: SHOW COLUMNS FROM `goods_spec` [ RunTime:0.0082s ]
SQL: SELECT `spec_price` FROM `goods_spec` WHERE `spec_key` = '4,60,54' AND `goods_id` = 12 LIMIT 1   [ RunTime:0.0003s ]

[ 2017-06-11T11:16:40+08:00 ] 127.0.0.1 /Home/Goods/ajax_spec_key.html
INFO: [ app_begin ] --START--
INFO: Run Behavior\ReadHtmlCacheBehavior [ RunTime:0.001253s ]
INFO: [ app_begin ] --END-- [ RunTime:0.001694s ]
SQL: SHOW COLUMNS FROM `goods_spec` [ RunTime:0.0361s ]
SQL: SELECT `spec_price` FROM `goods_spec` WHERE `spec_key` = '5,60,54' AND `goods_id` = 12 LIMIT 1   [ RunTime:0.0004s ]

[ 2017-06-11T11:17:29+08:00 ] 127.0.0.1 /Home/Goods/ajax_spec_key.html
INFO: [ app_begin ] --START--
INFO: Run Behavior\ReadHtmlCacheBehavior [ RunTime:0.001545s ]
INFO: [ app_begin ] --END-- [ RunTime:0.002200s ]
SQL: SHOW COLUMNS FROM `goods_spec` [ RunTime:0.0060s ]
SQL: SELECT `spec_price` FROM `goods_spec` WHERE `spec_key` = '4' AND `goods_id` = 12 LIMIT 1   [ RunTime:0.0002s ]

[ 2017-06-11T11:17:31+08:00 ] 127.0.0.1 /Home/Goods/ajax_spec_key.html
INFO: [ app_begin ] --START--
INFO: Run Behavior\ReadHtmlCacheBehavior [ RunTime:0.000970s ]
INFO: [ app_begin ] --END-- [ RunTime:0.001469s ]
SQL: SHOW COLUMNS FROM `goods_spec` [ RunTime:0.0090s ]
SQL: SELECT `spec_price` FROM `goods_spec` WHERE `spec_key` = '4,60' AND `goods_id` = 12 LIMIT 1   [ RunTime:0.0002s ]

[ 2017-06-11T11:17:32+08:00 ] 127.0.0.1 /Home/Goods/ajax_spec_key.html
INFO: [ app_begin ] --START--
INFO: Run Behavior\ReadHtmlCacheBehavior [ RunTime:0.002315s ]
INFO: [ app_begin ] --END-- [ RunTime:0.003133s ]
SQL: SHOW COLUMNS FROM `goods_spec` [ RunTime:0.0064s ]
SQL: SELECT `spec_price` FROM `goods_spec` WHERE `spec_key` = '4,60,54' AND `goods_id` = 12 LIMIT 1   [ RunTime:0.0002s ]

[ 2017-06-11T11:18:15+08:00 ] 127.0.0.1 /Home/Goods/ajax_spec_key.html
INFO: [ app_begin ] --START--
INFO: Run Behavior\ReadHtmlCacheBehavior [ RunTime:0.001658s ]
INFO: [ app_begin ] --END-- [ RunTime:0.002246s ]
SQL: SHOW COLUMNS FROM `goods_spec` [ RunTime:0.0088s ]
SQL: SELECT `spec_price` FROM `goods_spec` WHERE `spec_key` = '5' AND `goods_id` = 12 LIMIT 1   [ RunTime:0.0004s ]

[ 2017-06-11T11:18:17+08:00 ] 127.0.0.1 /Home/Goods/ajax_spec_key.html
INFO: [ app_begin ] --START--
INFO: Run Behavior\ReadHtmlCacheBehavior [ RunTime:0.000944s ]
INFO: [ app_begin ] --END-- [ RunTime:0.001367s ]
SQL: SHOW COLUMNS FROM `goods_spec` [ RunTime:0.0053s ]
SQL: SELECT `spec_price` FROM `goods_spec` WHERE `spec_key` = '5,60' AND `goods_id` = 12 LIMIT 1   [ RunTime:0.0003s ]

[ 2017-06-11T11:18:18+08:00 ] 127.0.0.1 /Home/Goods/ajax_spec_key.html
INFO: [ app_begin ] --START--
INFO: Run Behavior\ReadHtmlCacheBehavior [ RunTime:0.001456s ]
INFO: [ app_begin ] --END-- [ RunTime:0.002102s ]
SQL: SHOW COLUMNS FROM `goods_spec` [ RunTime:0.0048s ]
SQL: SELECT `spec_price` FROM `goods_spec` WHERE `spec_key` = '5,60,54' AND `goods_id` = 12 LIMIT 1   [ RunTime:0.0002s ]

[ 2017-06-11T11:18:26+08:00 ] 127.0.0.1 /Home/Goods/ajax_spec_key.html
INFO: [ app_begin ] --START--
INFO: Run Behavior\ReadHtmlCacheBehavior [ RunTime:0.000960s ]
INFO: [ app_begin ] --END-- [ RunTime:0.001406s ]
SQL: SHOW COLUMNS FROM `goods_spec` [ RunTime:0.0335s ]
SQL: SELECT `spec_price` FROM `goods_spec` WHERE `spec_key` = '4,60,54' AND `goods_id` = 12 LIMIT 1   [ RunTime:0.0002s ]

[ 2017-06-11T11:19:45+08:00 ] 127.0.0.1 /Home/Goods/ajax_spec_key.html
INFO: [ app_begin ] --START--
INFO: Run Behavior\ReadHtmlCacheBehavior [ RunTime:0.001025s ]
INFO: [ app_begin ] --END-- [ RunTime:0.001434s ]
SQL: SHOW COLUMNS FROM `goods_spec` [ RunTime:0.0088s ]
SQL: SELECT `spec_price` FROM `goods_spec` WHERE `spec_key` = '4' AND `goods_id` = 12 LIMIT 1   [ RunTime:0.0002s ]

[ 2017-06-11T11:19:45+08:00 ] 127.0.0.1 /Home/Goods/ajax_spec_key.html
INFO: [ app_begin ] --START--
INFO: Run Behavior\ReadHtmlCacheBehavior [ RunTime:0.000955s ]
INFO: [ app_begin ] --END-- [ RunTime:0.001412s ]
SQL: SHOW COLUMNS FROM `goods_spec` [ RunTime:0.0052s ]
SQL: SELECT `spec_price` FROM `goods_spec` WHERE `spec_key` = '4,60' AND `goods_id` = 12 LIMIT 1   [ RunTime:0.0002s ]

[ 2017-06-11T11:19:46+08:00 ] 127.0.0.1 /Home/Goods/ajax_spec_key.html
INFO: [ app_begin ] --START--
INFO: Run Behavior\ReadHtmlCacheBehavior [ RunTime:0.001157s ]
INFO: [ app_begin ] --END-- [ RunTime:0.001587s ]
SQL: SHOW COLUMNS FROM `goods_spec` [ RunTime:0.0049s ]
SQL: SELECT `spec_price` FROM `goods_spec` WHERE `spec_key` = '4,60,54' AND `goods_id` = 12 LIMIT 1   [ RunTime:0.0002s ]

[ 2017-06-11T11:19:48+08:00 ] 127.0.0.1 /Home/Goods/ajax_spec_key.html
INFO: [ app_begin ] --START--
INFO: Run Behavior\ReadHtmlCacheBehavior [ RunTime:0.001054s ]
INFO: [ app_begin ] --END-- [ RunTime:0.001473s ]
SQL: SHOW COLUMNS FROM `goods_spec` [ RunTime:0.0087s ]
SQL: SELECT `spec_price` FROM `goods_spec` WHERE `spec_key` = '5,60,54' AND `goods_id` = 12 LIMIT 1   [ RunTime:0.0002s ]

[ 2017-06-11T11:19:49+08:00 ] 127.0.0.1 /Home/Goods/ajax_spec_key.html
INFO: [ app_begin ] --START--
INFO: Run Behavior\ReadHtmlCacheBehavior [ RunTime:0.000947s ]
INFO: [ app_begin ] --END-- [ RunTime:0.001375s ]
SQL: SHOW COLUMNS FROM `goods_spec` [ RunTime:0.0089s ]
SQL: SELECT `spec_price` FROM `goods_spec` WHERE `spec_key` = '4,60,54' AND `goods_id` = 12 LIMIT 1   [ RunTime:0.0002s ]

[ 2017-06-11T11:19:49+08:00 ] 127.0.0.1 /Home/Goods/ajax_spec_key.html
INFO: [ app_begin ] --START--
INFO: Run Behavior\ReadHtmlCacheBehavior [ RunTime:0.001245s ]
INFO: [ app_begin ] --END-- [ RunTime:0.001806s ]
SQL: SHOW COLUMNS FROM `goods_spec` [ RunTime:0.0287s ]
SQL: SELECT `spec_price` FROM `goods_spec` WHERE `spec_key` = '4,60,54' AND `goods_id` = 12 LIMIT 1   [ RunTime:0.0002s ]

[ 2017-06-11T11:19:50+08:00 ] 127.0.0.1 /Home/Goods/ajax_spec_key.html
INFO: [ app_begin ] --START--
INFO: Run Behavior\ReadHtmlCacheBehavior [ RunTime:0.001252s ]
INFO: [ app_begin ] --END-- [ RunTime:0.001835s ]
SQL: SHOW COLUMNS FROM `goods_spec` [ RunTime:0.0082s ]
SQL: SELECT `spec_price` FROM `goods_spec` WHERE `spec_key` = '5,60,54' AND `goods_id` = 12 LIMIT 1   [ RunTime:0.0002s ]

[ 2017-06-11T11:19:51+08:00 ] 127.0.0.1 /Home/Goods/ajax_spec_key.html
INFO: [ app_begin ] --START--
INFO: Run Behavior\ReadHtmlCacheBehavior [ RunTime:0.001013s ]
INFO: [ app_begin ] --END-- [ RunTime:0.001525s ]
SQL: SHOW COLUMNS FROM `goods_spec` [ RunTime:0.0055s ]
SQL: SELECT `spec_price` FROM `goods_spec` WHERE `spec_key` = '5,60,54' AND `goods_id` = 12 LIMIT 1   [ RunTime:0.0002s ]

[ 2017-06-11T11:19:52+08:00 ] 127.0.0.1 /Home/Goods/ajax_spec_key.html
INFO: [ app_begin ] --START--
INFO: Run Behavior\ReadHtmlCacheBehavior [ RunTime:0.001187s ]
INFO: [ app_begin ] --END-- [ RunTime:0.001839s ]
SQL: SHOW COLUMNS FROM `goods_spec` [ RunTime:0.0085s ]
SQL: SELECT `spec_price` FROM `goods_spec` WHERE `spec_key` = '5,60,54' AND `goods_id` = 12 LIMIT 1   [ RunTime:0.0002s ]

[ 2017-06-11T11:19:53+08:00 ] 127.0.0.1 /Home/Goods/ajax_spec_key.html
INFO: [ app_begin ] --START--
INFO: Run Behavior\ReadHtmlCacheBehavior [ RunTime:0.000937s ]
INFO: [ app_begin ] --END-- [ RunTime:0.001356s ]
SQL: SHOW COLUMNS FROM `goods_spec` [ RunTime:0.0058s ]
SQL: SELECT `spec_price` FROM `goods_spec` WHERE `spec_key` = '4,60,54' AND `goods_id` = 12 LIMIT 1   [ RunTime:0.0002s ]

[ 2017-06-11T11:19:55+08:00 ] 127.0.0.1 /Home/Goods/ajax_spec_key.html
INFO: [ app_begin ] --START--
INFO: Run Behavior\ReadHtmlCacheBehavior [ RunTime:0.001259s ]
INFO: [ app_begin ] --END-- [ RunTime:0.001835s ]
SQL: SHOW COLUMNS FROM `goods_spec` [ RunTime:0.0085s ]
SQL: SELECT `spec_price` FROM `goods_spec` WHERE `spec_key` = '4' AND `goods_id` = 12 LIMIT 1   [ RunTime:0.0002s ]

[ 2017-06-11T11:20:17+08:00 ] 127.0.0.1 /Home/Goods/ajax_spec_key.html
INFO: [ app_begin ] --START--
INFO: Run Behavior\ReadHtmlCacheBehavior [ RunTime:0.001132s ]
INFO: [ app_begin ] --END-- [ RunTime:0.001554s ]
SQL: SHOW COLUMNS FROM `goods_spec` [ RunTime:0.0050s ]
SQL: SELECT `spec_price` FROM `goods_spec` WHERE `spec_key` = '4' AND `goods_id` = 12 LIMIT 1   [ RunTime:0.0002s ]

[ 2017-06-11T11:20:18+08:00 ] 127.0.0.1 /Home/Goods/ajax_spec_key.html
INFO: [ app_begin ] --START--
INFO: Run Behavior\ReadHtmlCacheBehavior [ RunTime:0.001306s ]
INFO: [ app_begin ] --END-- [ RunTime:0.001745s ]
SQL: SHOW COLUMNS FROM `goods_spec` [ RunTime:0.0080s ]
SQL: SELECT `spec_price` FROM `goods_spec` WHERE `spec_key` = '4,60' AND `goods_id` = 12 LIMIT 1   [ RunTime:0.0002s ]

[ 2017-06-11T11:20:19+08:00 ] 127.0.0.1 /Home/Goods/ajax_spec_key.html
INFO: [ app_begin ] --START--
INFO: Run Behavior\ReadHtmlCacheBehavior [ RunTime:0.001007s ]
INFO: [ app_begin ] --END-- [ RunTime:0.001557s ]
SQL: SHOW COLUMNS FROM `goods_spec` [ RunTime:0.0107s ]
SQL: SELECT `spec_price` FROM `goods_spec` WHERE `spec_key` = '5,60' AND `goods_id` = 12 LIMIT 1   [ RunTime:0.0002s ]

[ 2017-06-11T11:20:19+08:00 ] 127.0.0.1 /Home/Goods/ajax_spec_key.html
INFO: [ app_begin ] --START--
INFO: Run Behavior\ReadHtmlCacheBehavior [ RunTime:0.000954s ]
INFO: [ app_begin ] --END-- [ RunTime:0.001368s ]
SQL: SHOW COLUMNS FROM `goods_spec` [ RunTime:0.0045s ]
SQL: SELECT `spec_price` FROM `goods_spec` WHERE `spec_key` = '5,60,54' AND `goods_id` = 12 LIMIT 1   [ RunTime:0.0002s ]

[ 2017-06-11T11:21:23+08:00 ] 127.0.0.1 /Home/Goods/ajax_spec_key.html
INFO: [ app_begin ] --START--
INFO: Run Behavior\ReadHtmlCacheBehavior [ RunTime:0.000997s ]
INFO: [ app_begin ] --END-- [ RunTime:0.001427s ]
SQL: SHOW COLUMNS FROM `goods_spec` [ RunTime:0.0089s ]
SQL: SELECT `spec_price` FROM `goods_spec` WHERE `spec_key` = '5' AND `goods_id` = 12 LIMIT 1   [ RunTime:0.0002s ]

[ 2017-06-11T11:21:24+08:00 ] 127.0.0.1 /Home/Goods/ajax_spec_key.html
INFO: [ app_begin ] --START--
INFO: Run Behavior\ReadHtmlCacheBehavior [ RunTime:0.001071s ]
INFO: [ app_begin ] --END-- [ RunTime:0.001643s ]
SQL: SHOW COLUMNS FROM `goods_spec` [ RunTime:0.0051s ]
SQL: SELECT `spec_price` FROM `goods_spec` WHERE `spec_key` = '5,54' AND `goods_id` = 12 LIMIT 1   [ RunTime:0.0004s ]

[ 2017-06-11T11:21:24+08:00 ] 127.0.0.1 /Home/Goods/ajax_spec_key.html
INFO: [ app_begin ] --START--
INFO: Run Behavior\ReadHtmlCacheBehavior [ RunTime:0.001009s ]
INFO: [ app_begin ] --END-- [ RunTime:0.001492s ]
SQL: SHOW COLUMNS FROM `goods_spec` [ RunTime:0.0054s ]
SQL: SELECT `spec_price` FROM `goods_spec` WHERE `spec_key` = '5,60,54' AND `goods_id` = 12 LIMIT 1   [ RunTime:0.0002s ]

[ 2017-06-11T11:26:24+08:00 ] 127.0.0.1 /Home/Goods/ajax_spec_key.html
INFO: [ app_begin ] --START--
INFO: Run Behavior\ReadHtmlCacheBehavior [ RunTime:0.003543s ]
INFO: [ app_begin ] --END-- [ RunTime:0.004134s ]
SQL: SHOW COLUMNS FROM `goods_spec` [ RunTime:0.0054s ]
SQL: SELECT `spec_price` FROM `goods_spec` WHERE `spec_key` = '4,60,54' AND `goods_id` = 12 LIMIT 1   [ RunTime:0.0002s ]

[ 2017-06-11T14:26:04+08:00 ] 127.0.0.1 /Home/Goods/ajax_spec_key.html
INFO: [ app_begin ] --START--
INFO: Run Behavior\ReadHtmlCacheBehavior [ RunTime:0.002232s ]
INFO: [ app_begin ] --END-- [ RunTime:0.003165s ]
SQL: SHOW COLUMNS FROM `goods_spec` [ RunTime:0.0072s ]
SQL: SELECT `spec_price` FROM `goods_spec` WHERE `spec_key` = '4,60,54' AND `goods_id` = 12 LIMIT 1   [ RunTime:0.0011s ]

[ 2017-06-11T14:26:06+08:00 ] 127.0.0.1 /Home/Goods/ajax_spec_key.html
INFO: [ app_begin ] --START--
INFO: Run Behavior\ReadHtmlCacheBehavior [ RunTime:0.001045s ]
INFO: [ app_begin ] --END-- [ RunTime:0.001467s ]
SQL: SHOW COLUMNS FROM `goods_spec` [ RunTime:0.0084s ]
SQL: SELECT `spec_price` FROM `goods_spec` WHERE `spec_key` = '5,60,54' AND `goods_id` = 12 LIMIT 1   [ RunTime:0.0002s ]

[ 2017-06-11T14:26:08+08:00 ] 127.0.0.1 /Home/Goods/ajax_spec_key.html
INFO: [ app_begin ] --START--
INFO: Run Behavior\ReadHtmlCacheBehavior [ RunTime:0.001309s ]
INFO: [ app_begin ] --END-- [ RunTime:0.001897s ]
SQL: SHOW COLUMNS FROM `goods_spec` [ RunTime:0.0048s ]
SQL: SELECT `spec_price` FROM `goods_spec` WHERE `spec_key` = '4,60,54' AND `goods_id` = 12 LIMIT 1   [ RunTime:0.0001s ]

[ 2017-06-11T14:26:08+08:00 ] 127.0.0.1 /Home/Goods/ajax_spec_key.html
INFO: [ app_begin ] --START--
INFO: Run Behavior\ReadHtmlCacheBehavior [ RunTime:0.001295s ]
INFO: [ app_begin ] --END-- [ RunTime:0.001824s ]
SQL: SHOW COLUMNS FROM `goods_spec` [ RunTime:0.0087s ]
SQL: SELECT `spec_price` FROM `goods_spec` WHERE `spec_key` = '4,60,54' AND `goods_id` = 12 LIMIT 1   [ RunTime:0.0002s ]

[ 2017-06-11T14:26:09+08:00 ] 127.0.0.1 /Home/Goods/ajax_spec_key.html
INFO: [ app_begin ] --START--
INFO: Run Behavior\ReadHtmlCacheBehavior [ RunTime:0.001018s ]
INFO: [ app_begin ] --END-- [ RunTime:0.001478s ]
SQL: SHOW COLUMNS FROM `goods_spec` [ RunTime:0.0051s ]
SQL: SELECT `spec_price` FROM `goods_spec` WHERE `spec_key` = '4,60,54' AND `goods_id` = 12 LIMIT 1   [ RunTime:0.0002s ]

[ 2017-06-11T14:27:35+08:00 ] 127.0.0.1 /Home/Goods/ajax_spec_key.html
INFO: [ app_begin ] --START--
INFO: Run Behavior\ReadHtmlCacheBehavior [ RunTime:0.002401s ]
INFO: [ app_begin ] --END-- [ RunTime:0.003067s ]
SQL: SHOW COLUMNS FROM `goods_spec` [ RunTime:0.0053s ]
SQL: SELECT `spec_price` FROM `goods_spec` WHERE `spec_key` = '4,60,54' AND `goods_id` = 12 LIMIT 1   [ RunTime:0.0002s ]

[ 2017-06-11T14:27:59+08:00 ] 127.0.0.1 /Home/Goods/ajax_spec_key.html
INFO: [ app_begin ] --START--
INFO: Run Behavior\ReadHtmlCacheBehavior [ RunTime:0.001352s ]
INFO: [ app_begin ] --END-- [ RunTime:0.002241s ]
SQL: SHOW COLUMNS FROM `goods_spec` [ RunTime:0.0054s ]
SQL: SELECT `spec_price` FROM `goods_spec` WHERE `spec_key` = '4,60,54' AND `goods_id` = 12 LIMIT 1   [ RunTime:0.0002s ]

[ 2017-06-11T14:28:19+08:00 ] 127.0.0.1 /Home/Goods/ajax_spec_key.html
INFO: [ app_begin ] --START--
INFO: Run Behavior\ReadHtmlCacheBehavior [ RunTime:0.001606s ]
INFO: [ app_begin ] --END-- [ RunTime:0.002215s ]
SQL: SHOW COLUMNS FROM `goods_spec` [ RunTime:0.0120s ]
SQL: SELECT `spec_price` FROM `goods_spec` WHERE `spec_key` = '4,60,54' AND `goods_id` = 12 LIMIT 1   [ RunTime:0.0002s ]

[ 2017-06-11T14:28:38+08:00 ] 127.0.0.1 /Home/Goods/ajax_spec_key.html
INFO: [ app_begin ] --START--
INFO: Run Behavior\ReadHtmlCacheBehavior [ RunTime:0.001091s ]
INFO: [ app_begin ] --END-- [ RunTime:0.001677s ]
SQL: SHOW COLUMNS FROM `goods_spec` [ RunTime:0.0056s ]
SQL: SELECT `spec_price` FROM `goods_spec` WHERE `spec_key` = '4,60,54' AND `goods_id` = 12 LIMIT 1   [ RunTime:0.0002s ]

[ 2017-06-11T14:32:02+08:00 ] 127.0.0.1 /Home/Goods/ajax_spec_key.html
INFO: [ app_begin ] --START--
INFO: Run Behavior\ReadHtmlCacheBehavior [ RunTime:0.001570s ]
INFO: [ app_begin ] --END-- [ RunTime:0.002218s ]
SQL: SHOW COLUMNS FROM `goods_spec` [ RunTime:0.0103s ]
SQL: SELECT `spec_price` FROM `goods_spec` WHERE `spec_key` = '4,60,54' AND `goods_id` = 12 LIMIT 1   [ RunTime:0.0002s ]

[ 2017-06-11T14:43:58+08:00 ] 127.0.0.1 /Home/Goods/ajax_spec_key.html
INFO: [ app_begin ] --START--
INFO: Run Behavior\ReadHtmlCacheBehavior [ RunTime:0.002101s ]
INFO: [ app_begin ] --END-- [ RunTime:0.003771s ]
SQL: SHOW COLUMNS FROM `goods_spec` [ RunTime:0.0130s ]
SQL: SELECT `spec_price` FROM `goods_spec` WHERE `spec_key` = '4,60,54' AND `goods_id` = 12 LIMIT 1   [ RunTime:0.0002s ]

[ 2017-06-11T14:44:45+08:00 ] 127.0.0.1 /Home/Goods/ajax_spec_key.html
INFO: [ app_begin ] --START--
INFO: Run Behavior\ReadHtmlCacheBehavior [ RunTime:0.006458s ]
INFO: [ app_begin ] --END-- [ RunTime:0.009236s ]
SQL: SHOW COLUMNS FROM `goods_spec` [ RunTime:0.0090s ]
SQL: SELECT `spec_price` FROM `goods_spec` WHERE `spec_key` = '4,60,54' AND `goods_id` = 12 LIMIT 1   [ RunTime:0.0005s ]

[ 2017-06-11T14:45:23+08:00 ] 127.0.0.1 /Home/Goods/ajax_spec_key.html
INFO: [ app_begin ] --START--
INFO: Run Behavior\ReadHtmlCacheBehavior [ RunTime:0.002485s ]
INFO: [ app_begin ] --END-- [ RunTime:0.004086s ]
SQL: SHOW COLUMNS FROM `goods_spec` [ RunTime:0.0053s ]
SQL: SELECT `spec_price` FROM `goods_spec` WHERE `spec_key` = '4,60,54' AND `goods_id` = 12 LIMIT 1   [ RunTime:0.0002s ]

[ 2017-06-11T14:52:52+08:00 ] 127.0.0.1 /Home/Goods/ajax_spec_key.html
INFO: [ app_begin ] --START--
INFO: Run Behavior\ReadHtmlCacheBehavior [ RunTime:0.001444s ]
INFO: [ app_begin ] --END-- [ RunTime:0.001935s ]
SQL: SHOW COLUMNS FROM `goods_spec` [ RunTime:0.0044s ]
SQL: SELECT `spec_price` FROM `goods_spec` WHERE `spec_key` = '4,60,54' AND `goods_id` = 12 LIMIT 1   [ RunTime:0.0002s ]

[ 2017-06-11T14:55:14+08:00 ] 127.0.0.1 /Home/Goods/ajax_spec_key.html
INFO: [ app_begin ] --START--
INFO: Run Behavior\ReadHtmlCacheBehavior [ RunTime:0.001269s ]
INFO: [ app_begin ] --END-- [ RunTime:0.001894s ]
SQL: SHOW COLUMNS FROM `goods_spec` [ RunTime:0.0044s ]
SQL: SELECT `spec_price` FROM `goods_spec` WHERE `spec_key` = '4,60,54' AND `goods_id` = 12 LIMIT 1   [ RunTime:0.0003s ]

[ 2017-06-11T14:56:00+08:00 ] 127.0.0.1 /Home/Goods/ajax_spec_key.html
INFO: [ app_begin ] --START--
INFO: Run Behavior\ReadHtmlCacheBehavior [ RunTime:0.001280s ]
INFO: [ app_begin ] --END-- [ RunTime:0.001890s ]
SQL: SHOW COLUMNS FROM `goods_spec` [ RunTime:0.0054s ]
SQL: SELECT `spec_price` FROM `goods_spec` WHERE `spec_key` = '4,60,54' AND `goods_id` = 12 LIMIT 1   [ RunTime:0.0002s ]

[ 2017-06-11T14:58:24+08:00 ] 127.0.0.1 /Home/Goods/ajax_spec_key.html
INFO: [ app_begin ] --START--
INFO: Run Behavior\ReadHtmlCacheBehavior [ RunTime:0.001011s ]
INFO: [ app_begin ] --END-- [ RunTime:0.001482s ]
SQL: SHOW COLUMNS FROM `goods_spec` [ RunTime:0.0053s ]
SQL: SELECT `spec_price` FROM `goods_spec` WHERE `spec_key` = '4,60,54' AND `goods_id` = 12 LIMIT 1   [ RunTime:0.0002s ]

[ 2017-06-11T14:59:15+08:00 ] 127.0.0.1 /Home/Goods/ajax_spec_key.html
INFO: [ app_begin ] --START--
INFO: Run Behavior\ReadHtmlCacheBehavior [ RunTime:0.000995s ]
INFO: [ app_begin ] --END-- [ RunTime:0.001434s ]
SQL: SHOW COLUMNS FROM `goods_spec` [ RunTime:0.0046s ]
SQL: SELECT `spec_price` FROM `goods_spec` WHERE `spec_key` = '4,60,54' AND `goods_id` = 12 LIMIT 1   [ RunTime:0.0002s ]

[ 2017-06-11T15:01:10+08:00 ] 127.0.0.1 /Home/Goods/ajax_spec_key.html
INFO: [ app_begin ] --START--
INFO: Run Behavior\ReadHtmlCacheBehavior [ RunTime:0.000962s ]
INFO: [ app_begin ] --END-- [ RunTime:0.001479s ]
SQL: SHOW COLUMNS FROM `goods_spec` [ RunTime:0.0055s ]
SQL: SELECT `spec_price` FROM `goods_spec` WHERE `spec_key` = '4,60,54' AND `goods_id` = 12 LIMIT 1   [ RunTime:0.0002s ]

[ 2017-06-11T15:06:15+08:00 ] 127.0.0.1 /Home/Goods/ajax_spec_key.html
INFO: [ app_begin ] --START--
INFO: Run Behavior\ReadHtmlCacheBehavior [ RunTime:0.001370s ]
INFO: [ app_begin ] --END-- [ RunTime:0.001967s ]
SQL: SHOW COLUMNS FROM `goods_spec` [ RunTime:0.0044s ]
SQL: SELECT `spec_price` FROM `goods_spec` WHERE `spec_key` = '4,60,54' AND `goods_id` = 12 LIMIT 1   [ RunTime:0.0002s ]

[ 2017-06-11T15:08:55+08:00 ] 127.0.0.1 /Home/Goods/ajax_spec_key.html
INFO: [ app_begin ] --START--
INFO: Run Behavior\ReadHtmlCacheBehavior [ RunTime:0.001522s ]
INFO: [ app_begin ] --END-- [ RunTime:0.002343s ]
SQL: SHOW COLUMNS FROM `goods_spec` [ RunTime:0.0049s ]
SQL: SELECT `spec_price` FROM `goods_spec` WHERE `spec_key` = '4,60,54' AND `goods_id` = 12 LIMIT 1   [ RunTime:0.0002s ]

[ 2017-06-11T15:10:16+08:00 ] 127.0.0.1 /Home/Goods/ajax_spec_key.html
INFO: [ app_begin ] --START--
INFO: Run Behavior\ReadHtmlCacheBehavior [ RunTime:0.001388s ]
INFO: [ app_begin ] --END-- [ RunTime:0.002983s ]
SQL: SHOW COLUMNS FROM `goods_spec` [ RunTime:0.0054s ]
SQL: SELECT `spec_price` FROM `goods_spec` WHERE `spec_key` = '4,60,54' AND `goods_id` = 12 LIMIT 1   [ RunTime:0.0002s ]

[ 2017-06-11T15:10:17+08:00 ] 127.0.0.1 /Home/Goods/ajax_spec_key.html
INFO: [ app_begin ] --START--
INFO: Run Behavior\ReadHtmlCacheBehavior [ RunTime:0.001001s ]
INFO: [ app_begin ] --END-- [ RunTime:0.001611s ]
SQL: SHOW COLUMNS FROM `goods_spec` [ RunTime:0.0079s ]
SQL: SELECT `spec_price` FROM `goods_spec` WHERE `spec_key` = '4,60,54' AND `goods_id` = 12 LIMIT 1   [ RunTime:0.0002s ]

[ 2017-06-11T15:10:21+08:00 ] 127.0.0.1 /Home/Goods/ajax_spec_key.html
INFO: [ app_begin ] --START--
INFO: Run Behavior\ReadHtmlCacheBehavior [ RunTime:0.002542s ]
INFO: [ app_begin ] --END-- [ RunTime:0.003212s ]
SQL: SHOW COLUMNS FROM `goods_spec` [ RunTime:0.0050s ]
SQL: SELECT `spec_price` FROM `goods_spec` WHERE `spec_key` = '4,60,54' AND `goods_id` = 12 LIMIT 1   [ RunTime:0.0004s ]

[ 2017-06-11T15:10:22+08:00 ] 127.0.0.1 /Home/Goods/ajax_spec_key.html
INFO: [ app_begin ] --START--
INFO: Run Behavior\ReadHtmlCacheBehavior [ RunTime:0.001885s ]
INFO: [ app_begin ] --END-- [ RunTime:0.004146s ]
SQL: SHOW COLUMNS FROM `goods_spec` [ RunTime:0.0130s ]
SQL: SELECT `spec_price` FROM `goods_spec` WHERE `spec_key` = '4,60,54' AND `goods_id` = 12 LIMIT 1   [ RunTime:0.0002s ]

[ 2017-06-11T15:10:23+08:00 ] 127.0.0.1 /Home/Goods/ajax_spec_key.html
INFO: [ app_begin ] --START--
INFO: Run Behavior\ReadHtmlCacheBehavior [ RunTime:0.000942s ]
INFO: [ app_begin ] --END-- [ RunTime:0.001394s ]
SQL: SHOW COLUMNS FROM `goods_spec` [ RunTime:0.0150s ]
SQL: SELECT `spec_price` FROM `goods_spec` WHERE `spec_key` = '4,60,54' AND `goods_id` = 12 LIMIT 1   [ RunTime:0.0002s ]

[ 2017-06-11T15:17:35+08:00 ] 127.0.0.1 /Home/Goods/ajax_spec_key.html
INFO: [ app_begin ] --START--
INFO: Run Behavior\ReadHtmlCacheBehavior [ RunTime:0.000965s ]
INFO: [ app_begin ] --END-- [ RunTime:0.001441s ]
SQL: SHOW COLUMNS FROM `goods_spec` [ RunTime:0.0049s ]
SQL: SELECT `spec_price` FROM `goods_spec` WHERE `spec_key` = '4,60,54' AND `goods_id` = 12 LIMIT 1   [ RunTime:0.0002s ]

[ 2017-06-11T15:17:36+08:00 ] 127.0.0.1 /Home/Goods/desc/id/1
ERR: 1064:You have an error in your SQL syntax; check the manual that corresponds to your MySQL server version for the right syntax to use near ') ORDER BY spec_id asc' at line 1
 [ SQL语句 ] : SELECT `id`,`items`,`spec_id` FROM `spec_items` WHERE `id` IN () ORDER BY spec_id asc 

[ 2017-06-11T15:17:36+08:00 ] 127.0.0.1 /Home/Goods/ajax_spec_key.html
INFO: [ app_begin ] --START--
INFO: Run Behavior\ReadHtmlCacheBehavior [ RunTime:0.001590s ]
INFO: [ app_begin ] --END-- [ RunTime:0.002159s ]
SQL: SHOW COLUMNS FROM `goods_spec` [ RunTime:0.0073s ]
SQL: SELECT `spec_price` FROM `goods_spec` WHERE `spec_key` = '4,60,54' AND `goods_id` = 12 LIMIT 1   [ RunTime:0.0002s ]

[ 2017-06-11T15:17:50+08:00 ] 127.0.0.1 /Home/Goods/desc/id/13.html
ERR: 1064:You have an error in your SQL syntax; check the manual that corresponds to your MySQL server version for the right syntax to use near ') ORDER BY spec_id asc' at line 1
 [ SQL语句 ] : SELECT `id`,`items`,`spec_id` FROM `spec_items` WHERE `id` IN () ORDER BY spec_id asc 

[ 2017-06-11T15:19:37+08:00 ] 127.0.0.1 /Home/Goods/desc/id/13.html
ERR: 1064:You have an error in your SQL syntax; check the manual that corresponds to your MySQL server version for the right syntax to use near ') ORDER BY spec_id asc' at line 1
 [ SQL语句 ] : SELECT `id`,`items`,`spec_id` FROM `spec_items` WHERE `id` IN () ORDER BY spec_id asc 

[ 2017-06-11T15:21:38+08:00 ] 127.0.0.1 /Home/Goods/ajax_spec_key.html
INFO: [ app_begin ] --START--
INFO: Run Behavior\ReadHtmlCacheBehavior [ RunTime:0.001647s ]
INFO: [ app_begin ] --END-- [ RunTime:0.002597s ]
SQL: SHOW COLUMNS FROM `goods_spec` [ RunTime:0.0055s ]
SQL: SELECT `spec_price` FROM `goods_spec` WHERE `spec_key` = '' AND `goods_id` = 13 LIMIT 1   [ RunTime:0.0012s ]

[ 2017-06-11T15:21:47+08:00 ] 127.0.0.1 /Home/Goods/ajax_spec_key.html
INFO: [ app_begin ] --START--
INFO: Run Behavior\ReadHtmlCacheBehavior [ RunTime:0.001676s ]
INFO: [ app_begin ] --END-- [ RunTime:0.002359s ]
SQL: SHOW COLUMNS FROM `goods_spec` [ RunTime:0.0049s ]
SQL: SELECT `spec_price` FROM `goods_spec` WHERE `spec_key` = '' AND `goods_id` = 13 LIMIT 1   [ RunTime:0.0002s ]

[ 2017-06-11T15:21:55+08:00 ] 127.0.0.1 /Home/Goods/ajax_spec_key.html
INFO: [ app_begin ] --START--
INFO: Run Behavior\ReadHtmlCacheBehavior [ RunTime:0.002187s ]
INFO: [ app_begin ] --END-- [ RunTime:0.003082s ]
SQL: SHOW COLUMNS FROM `goods_spec` [ RunTime:0.0080s ]
SQL: SELECT `spec_price` FROM `goods_spec` WHERE `spec_key` = '' AND `goods_id` = 13 LIMIT 1   [ RunTime:0.0002s ]

[ 2017-06-11T15:21:56+08:00 ] 127.0.0.1 /Home/Goods/ajax_spec_key.html
INFO: [ app_begin ] --START--
INFO: Run Behavior\ReadHtmlCacheBehavior [ RunTime:0.002007s ]
INFO: [ app_begin ] --END-- [ RunTime:0.002909s ]
SQL: SHOW COLUMNS FROM `goods_spec` [ RunTime:0.0057s ]
SQL: SELECT `spec_price` FROM `goods_spec` WHERE `spec_key` = '' AND `goods_id` = 13 LIMIT 1   [ RunTime:0.0002s ]

[ 2017-06-11T15:21:56+08:00 ] 127.0.0.1 /Home/Goods/ajax_spec_key.html
INFO: [ app_begin ] --START--
INFO: Run Behavior\ReadHtmlCacheBehavior [ RunTime:0.003468s ]
INFO: [ app_begin ] --END-- [ RunTime:0.005134s ]
SQL: SHOW COLUMNS FROM `goods_spec` [ RunTime:0.0235s ]
SQL: SELECT `spec_price` FROM `goods_spec` WHERE `spec_key` = '' AND `goods_id` = 13 LIMIT 1   [ RunTime:0.0002s ]

[ 2017-06-11T15:21:57+08:00 ] 127.0.0.1 /Home/Goods/ajax_spec_key.html
INFO: [ app_begin ] --START--
INFO: Run Behavior\ReadHtmlCacheBehavior [ RunTime:0.002267s ]
INFO: [ app_begin ] --END-- [ RunTime:0.003395s ]
SQL: SHOW COLUMNS FROM `goods_spec` [ RunTime:0.0047s ]
SQL: SELECT `spec_price` FROM `goods_spec` WHERE `spec_key` = '' AND `goods_id` = 13 LIMIT 1   [ RunTime:0.0002s ]

[ 2017-06-11T15:21:57+08:00 ] 127.0.0.1 /Home/Goods/ajax_spec_key.html
INFO: [ app_begin ] --START--
INFO: Run Behavior\ReadHtmlCacheBehavior [ RunTime:0.002805s ]
INFO: [ app_begin ] --END-- [ RunTime:0.003475s ]
SQL: SHOW COLUMNS FROM `goods_spec` [ RunTime:0.0050s ]
SQL: SELECT `spec_price` FROM `goods_spec` WHERE `spec_key` = '' AND `goods_id` = 13 LIMIT 1   [ RunTime:0.0002s ]

[ 2017-06-11T15:21:57+08:00 ] 127.0.0.1 /Home/Goods/ajax_spec_key.html
INFO: [ app_begin ] --START--
INFO: Run Behavior\ReadHtmlCacheBehavior [ RunTime:0.001164s ]
INFO: [ app_begin ] --END-- [ RunTime:0.001587s ]
SQL: SHOW COLUMNS FROM `goods_spec` [ RunTime:0.0068s ]
SQL: SELECT `spec_price` FROM `goods_spec` WHERE `spec_key` = '' AND `goods_id` = 13 LIMIT 1   [ RunTime:0.0002s ]

[ 2017-06-11T15:21:58+08:00 ] 127.0.0.1 /Home/Goods/ajax_spec_key.html
INFO: [ app_begin ] --START--
INFO: Run Behavior\ReadHtmlCacheBehavior [ RunTime:0.001466s ]
INFO: [ app_begin ] --END-- [ RunTime:0.002090s ]
SQL: SHOW COLUMNS FROM `goods_spec` [ RunTime:0.0073s ]
SQL: SELECT `spec_price` FROM `goods_spec` WHERE `spec_key` = '' AND `goods_id` = 13 LIMIT 1   [ RunTime:0.0002s ]

[ 2017-06-11T15:21:58+08:00 ] 127.0.0.1 /Home/Goods/ajax_spec_key.html
INFO: [ app_begin ] --START--
INFO: Run Behavior\ReadHtmlCacheBehavior [ RunTime:0.002609s ]
INFO: [ app_begin ] --END-- [ RunTime:0.003269s ]
SQL: SHOW COLUMNS FROM `goods_spec` [ RunTime:0.0057s ]
SQL: SELECT `spec_price` FROM `goods_spec` WHERE `spec_key` = '' AND `goods_id` = 13 LIMIT 1   [ RunTime:0.0002s ]

[ 2017-06-11T15:21:59+08:00 ] 127.0.0.1 /Home/Goods/ajax_spec_key.html
INFO: [ app_begin ] --START--
INFO: Run Behavior\ReadHtmlCacheBehavior [ RunTime:0.001771s ]
INFO: [ app_begin ] --END-- [ RunTime:0.002484s ]
SQL: SHOW COLUMNS FROM `goods_spec` [ RunTime:0.0072s ]
SQL: SELECT `spec_price` FROM `goods_spec` WHERE `spec_key` = '' AND `goods_id` = 13 LIMIT 1   [ RunTime:0.0002s ]

[ 2017-06-11T15:21:59+08:00 ] 127.0.0.1 /Home/Goods/ajax_spec_key.html
INFO: [ app_begin ] --START--
INFO: Run Behavior\ReadHtmlCacheBehavior [ RunTime:0.002015s ]
INFO: [ app_begin ] --END-- [ RunTime:0.002860s ]
SQL: SHOW COLUMNS FROM `goods_spec` [ RunTime:0.0052s ]
SQL: SELECT `spec_price` FROM `goods_spec` WHERE `spec_key` = '' AND `goods_id` = 13 LIMIT 1   [ RunTime:0.0002s ]

[ 2017-06-11T15:21:59+08:00 ] 127.0.0.1 /Home/Goods/ajax_spec_key.html
INFO: [ app_begin ] --START--
INFO: Run Behavior\ReadHtmlCacheBehavior [ RunTime:0.001055s ]
INFO: [ app_begin ] --END-- [ RunTime:0.001636s ]
SQL: SHOW COLUMNS FROM `goods_spec` [ RunTime:0.0045s ]
SQL: SELECT `spec_price` FROM `goods_spec` WHERE `spec_key` = '' AND `goods_id` = 13 LIMIT 1   [ RunTime:0.0002s ]

[ 2017-06-11T15:22:00+08:00 ] 127.0.0.1 /Home/Goods/ajax_spec_key.html
INFO: [ app_begin ] --START--
INFO: Run Behavior\ReadHtmlCacheBehavior [ RunTime:0.002144s ]
INFO: [ app_begin ] --END-- [ RunTime:0.002953s ]
SQL: SHOW COLUMNS FROM `goods_spec` [ RunTime:0.0062s ]
SQL: SELECT `spec_price` FROM `goods_spec` WHERE `spec_key` = '' AND `goods_id` = 13 LIMIT 1   [ RunTime:0.0002s ]

[ 2017-06-11T15:22:01+08:00 ] 127.0.0.1 /Home/Goods/ajax_spec_key.html
INFO: [ app_begin ] --START--
INFO: Run Behavior\ReadHtmlCacheBehavior [ RunTime:0.001432s ]
INFO: [ app_begin ] --END-- [ RunTime:0.002010s ]
SQL: SHOW COLUMNS FROM `goods_spec` [ RunTime:0.0045s ]
SQL: SELECT `spec_price` FROM `goods_spec` WHERE `spec_key` = '' AND `goods_id` = 13 LIMIT 1   [ RunTime:0.0002s ]

[ 2017-06-11T15:22:01+08:00 ] 127.0.0.1 /Home/Goods/ajax_spec_key.html
INFO: [ app_begin ] --START--
INFO: Run Behavior\ReadHtmlCacheBehavior [ RunTime:0.001359s ]
INFO: [ app_begin ] --END-- [ RunTime:0.001845s ]
SQL: SHOW COLUMNS FROM `goods_spec` [ RunTime:0.0059s ]
SQL: SELECT `spec_price` FROM `goods_spec` WHERE `spec_key` = '' AND `goods_id` = 13 LIMIT 1   [ RunTime:0.0002s ]

[ 2017-06-11T15:22:03+08:00 ] 127.0.0.1 /Home/Goods/ajax_spec_key.html
INFO: [ app_begin ] --START--
INFO: Run Behavior\ReadHtmlCacheBehavior [ RunTime:0.002232s ]
INFO: [ app_begin ] --END-- [ RunTime:0.005235s ]
SQL: SHOW COLUMNS FROM `goods_spec` [ RunTime:0.0046s ]
SQL: SELECT `spec_price` FROM `goods_spec` WHERE `spec_key` = '' AND `goods_id` = 13 LIMIT 1   [ RunTime:0.0002s ]

[ 2017-06-11T15:22:03+08:00 ] 127.0.0.1 /Home/Goods/ajax_spec_key.html
INFO: [ app_begin ] --START--
INFO: Run Behavior\ReadHtmlCacheBehavior [ RunTime:0.004308s ]
INFO: [ app_begin ] --END-- [ RunTime:0.006029s ]
SQL: SHOW COLUMNS FROM `goods_spec` [ RunTime:0.0048s ]
SQL: SELECT `spec_price` FROM `goods_spec` WHERE `spec_key` = '' AND `goods_id` = 13 LIMIT 1   [ RunTime:0.0002s ]

[ 2017-06-11T15:22:04+08:00 ] 127.0.0.1 /Home/Goods/ajax_spec_key.html
INFO: [ app_begin ] --START--
INFO: Run Behavior\ReadHtmlCacheBehavior [ RunTime:0.000967s ]
INFO: [ app_begin ] --END-- [ RunTime:0.001374s ]
SQL: SHOW COLUMNS FROM `goods_spec` [ RunTime:0.0065s ]
SQL: SELECT `spec_price` FROM `goods_spec` WHERE `spec_key` = '' AND `goods_id` = 13 LIMIT 1   [ RunTime:0.0002s ]

[ 2017-06-11T15:22:04+08:00 ] 127.0.0.1 /Home/Goods/ajax_spec_key.html
INFO: [ app_begin ] --START--
INFO: Run Behavior\ReadHtmlCacheBehavior [ RunTime:0.001409s ]
INFO: [ app_begin ] --END-- [ RunTime:0.001986s ]
SQL: SHOW COLUMNS FROM `goods_spec` [ RunTime:0.0048s ]
SQL: SELECT `spec_price` FROM `goods_spec` WHERE `spec_key` = '' AND `goods_id` = 13 LIMIT 1   [ RunTime:0.0002s ]

[ 2017-06-11T15:22:05+08:00 ] 127.0.0.1 /Home/Goods/ajax_spec_key.html
INFO: [ app_begin ] --START--
INFO: Run Behavior\ReadHtmlCacheBehavior [ RunTime:0.001064s ]
INFO: [ app_begin ] --END-- [ RunTime:0.001513s ]
SQL: SHOW COLUMNS FROM `goods_spec` [ RunTime:0.0050s ]
SQL: SELECT `spec_price` FROM `goods_spec` WHERE `spec_key` = '' AND `goods_id` = 13 LIMIT 1   [ RunTime:0.0002s ]

[ 2017-06-11T15:22:06+08:00 ] 127.0.0.1 /Home/Goods/ajax_spec_key.html
INFO: [ app_begin ] --START--
INFO: Run Behavior\ReadHtmlCacheBehavior [ RunTime:0.001189s ]
INFO: [ app_begin ] --END-- [ RunTime:0.001779s ]
SQL: SHOW COLUMNS FROM `goods_spec` [ RunTime:0.0057s ]
SQL: SELECT `spec_price` FROM `goods_spec` WHERE `spec_key` = '' AND `goods_id` = 13 LIMIT 1   [ RunTime:0.0002s ]

[ 2017-06-11T15:22:06+08:00 ] 127.0.0.1 /Home/Goods/ajax_spec_key.html
INFO: [ app_begin ] --START--
INFO: Run Behavior\ReadHtmlCacheBehavior [ RunTime:0.001520s ]
INFO: [ app_begin ] --END-- [ RunTime:0.002291s ]
SQL: SHOW COLUMNS FROM `goods_spec` [ RunTime:0.0047s ]
SQL: SELECT `spec_price` FROM `goods_spec` WHERE `spec_key` = '' AND `goods_id` = 13 LIMIT 1   [ RunTime:0.0002s ]

[ 2017-06-11T15:22:07+08:00 ] 127.0.0.1 /Home/Goods/ajax_spec_key.html
INFO: [ app_begin ] --START--
INFO: Run Behavior\ReadHtmlCacheBehavior [ RunTime:0.001813s ]
INFO: [ app_begin ] --END-- [ RunTime:0.002618s ]
SQL: SHOW COLUMNS FROM `goods_spec` [ RunTime:0.0051s ]
SQL: SELECT `spec_price` FROM `goods_spec` WHERE `spec_key` = '' AND `goods_id` = 13 LIMIT 1   [ RunTime:0.0002s ]

[ 2017-06-11T15:22:07+08:00 ] 127.0.0.1 /Home/Goods/ajax_spec_key.html
INFO: [ app_begin ] --START--
INFO: Run Behavior\ReadHtmlCacheBehavior [ RunTime:0.001476s ]
INFO: [ app_begin ] --END-- [ RunTime:0.002089s ]
SQL: SHOW COLUMNS FROM `goods_spec` [ RunTime:0.0055s ]
SQL: SELECT `spec_price` FROM `goods_spec` WHERE `spec_key` = '' AND `goods_id` = 13 LIMIT 1   [ RunTime:0.0002s ]

[ 2017-06-11T15:22:08+08:00 ] 127.0.0.1 /Home/Goods/ajax_spec_key.html
INFO: [ app_begin ] --START--
INFO: Run Behavior\ReadHtmlCacheBehavior [ RunTime:0.001951s ]
INFO: [ app_begin ] --END-- [ RunTime:0.002549s ]
SQL: SHOW COLUMNS FROM `goods_spec` [ RunTime:0.0056s ]
SQL: SELECT `spec_price` FROM `goods_spec` WHERE `spec_key` = '' AND `goods_id` = 13 LIMIT 1   [ RunTime:0.0003s ]

[ 2017-06-11T15:27:05+08:00 ] 127.0.0.1 /Home/Goods/ajax_spec_key.html
INFO: [ app_begin ] --START--
INFO: Run Behavior\ReadHtmlCacheBehavior [ RunTime:0.001817s ]
INFO: [ app_begin ] --END-- [ RunTime:0.002582s ]
SQL: SHOW COLUMNS FROM `goods_spec` [ RunTime:0.0226s ]
SQL: SELECT `spec_price` FROM `goods_spec` WHERE `spec_key` = '' AND `goods_id` = 13 LIMIT 1   [ RunTime:0.0002s ]

[ 2017-06-11T15:27:08+08:00 ] 127.0.0.1 /Home/Goods/ajax_spec_key.html
INFO: [ app_begin ] --START--
INFO: Run Behavior\ReadHtmlCacheBehavior [ RunTime:0.001788s ]
INFO: [ app_begin ] --END-- [ RunTime:0.002661s ]
SQL: SHOW COLUMNS FROM `goods_spec` [ RunTime:0.0047s ]
SQL: SELECT `spec_price` FROM `goods_spec` WHERE `spec_key` = '' AND `goods_id` = 13 LIMIT 1   [ RunTime:0.0002s ]

[ 2017-06-11T15:27:10+08:00 ] 127.0.0.1 /Home/Goods/ajax_spec_key.html
INFO: [ app_begin ] --START--
INFO: Run Behavior\ReadHtmlCacheBehavior [ RunTime:0.002170s ]
INFO: [ app_begin ] --END-- [ RunTime:0.002997s ]
SQL: SHOW COLUMNS FROM `goods_spec` [ RunTime:0.0055s ]
SQL: SELECT `spec_price` FROM `goods_spec` WHERE `spec_key` = '' AND `goods_id` = 13 LIMIT 1   [ RunTime:0.0002s ]

[ 2017-06-11T15:27:11+08:00 ] 127.0.0.1 /Home/Goods/ajax_spec_key.html
INFO: [ app_begin ] --START--
INFO: Run Behavior\ReadHtmlCacheBehavior [ RunTime:0.001003s ]
INFO: [ app_begin ] --END-- [ RunTime:0.001417s ]
SQL: SHOW COLUMNS FROM `goods_spec` [ RunTime:0.0053s ]
SQL: SELECT `spec_price` FROM `goods_spec` WHERE `spec_key` = '' AND `goods_id` = 13 LIMIT 1   [ RunTime:0.0002s ]

[ 2017-06-11T15:28:21+08:00 ] 127.0.0.1 /Home/Goods/ajax_spec_key.html
INFO: [ app_begin ] --START--
INFO: Run Behavior\ReadHtmlCacheBehavior [ RunTime:0.002052s ]
INFO: [ app_begin ] --END-- [ RunTime:0.003290s ]
SQL: SHOW COLUMNS FROM `goods_spec` [ RunTime:0.0075s ]
SQL: SELECT `spec_price` FROM `goods_spec` WHERE `spec_key` = '' AND `goods_id` = 13 LIMIT 1   [ RunTime:0.0002s ]

[ 2017-06-11T15:28:27+08:00 ] 127.0.0.1 /Home/Goods/ajax_spec_key.html
INFO: [ app_begin ] --START--
INFO: Run Behavior\ReadHtmlCacheBehavior [ RunTime:0.001544s ]
INFO: [ app_begin ] --END-- [ RunTime:0.002476s ]
SQL: SHOW COLUMNS FROM `goods_spec` [ RunTime:0.0116s ]
SQL: SELECT `spec_price` FROM `goods_spec` WHERE `spec_key` = '' AND `goods_id` = 13 LIMIT 1   [ RunTime:0.0002s ]

[ 2017-06-11T15:29:54+08:00 ] 127.0.0.1 /Home/Goods/ajax_spec_key.html
INFO: [ app_begin ] --START--
INFO: Run Behavior\ReadHtmlCacheBehavior [ RunTime:0.001259s ]
INFO: [ app_begin ] --END-- [ RunTime:0.001919s ]
SQL: SHOW COLUMNS FROM `goods_spec` [ RunTime:0.0054s ]
SQL: SELECT `spec_price` FROM `goods_spec` WHERE `spec_key` = '' AND `goods_id` = 13 LIMIT 1   [ RunTime:0.0002s ]

[ 2017-06-11T15:29:55+08:00 ] 127.0.0.1 /Home/Goods/ajax_spec_key.html
INFO: [ app_begin ] --START--
INFO: Run Behavior\ReadHtmlCacheBehavior [ RunTime:0.001015s ]
INFO: [ app_begin ] --END-- [ RunTime:0.001457s ]
SQL: SHOW COLUMNS FROM `goods_spec` [ RunTime:0.0063s ]
SQL: SELECT `spec_price` FROM `goods_spec` WHERE `spec_key` = '' AND `goods_id` = 13 LIMIT 1   [ RunTime:0.0002s ]

[ 2017-06-11T15:29:55+08:00 ] 127.0.0.1 /Home/Goods/ajax_spec_key.html
INFO: [ app_begin ] --START--
INFO: Run Behavior\ReadHtmlCacheBehavior [ RunTime:0.001807s ]
INFO: [ app_begin ] --END-- [ RunTime:0.003463s ]
SQL: SHOW COLUMNS FROM `goods_spec` [ RunTime:0.0049s ]
SQL: SELECT `spec_price` FROM `goods_spec` WHERE `spec_key` = '' AND `goods_id` = 13 LIMIT 1   [ RunTime:0.0002s ]

[ 2017-06-11T15:30:01+08:00 ] 127.0.0.1 /Home/Goods/ajax_spec_key.html
INFO: [ app_begin ] --START--
INFO: Run Behavior\ReadHtmlCacheBehavior [ RunTime:0.001900s ]
INFO: [ app_begin ] --END-- [ RunTime:0.002770s ]
SQL: SHOW COLUMNS FROM `goods_spec` [ RunTime:0.0046s ]
SQL: SELECT `spec_price` FROM `goods_spec` WHERE `spec_key` = '' AND `goods_id` = 13 LIMIT 1   [ RunTime:0.0002s ]

[ 2017-06-11T15:30:01+08:00 ] 127.0.0.1 /Home/Goods/ajax_spec_key.html
INFO: [ app_begin ] --START--
INFO: Run Behavior\ReadHtmlCacheBehavior [ RunTime:0.001088s ]
INFO: [ app_begin ] --END-- [ RunTime:0.001617s ]
SQL: SHOW COLUMNS FROM `goods_spec` [ RunTime:0.0078s ]
SQL: SELECT `spec_price` FROM `goods_spec` WHERE `spec_key` = '' AND `goods_id` = 13 LIMIT 1   [ RunTime:0.0002s ]

[ 2017-06-11T15:30:05+08:00 ] 127.0.0.1 /Home/Goods/ajax_spec_key.html
INFO: [ app_begin ] --START--
INFO: Run Behavior\ReadHtmlCacheBehavior [ RunTime:0.002765s ]
INFO: [ app_begin ] --END-- [ RunTime:0.003440s ]
SQL: SHOW COLUMNS FROM `goods_spec` [ RunTime:0.0053s ]
SQL: SELECT `spec_price` FROM `goods_spec` WHERE `spec_key` = '' AND `goods_id` = 13 LIMIT 1   [ RunTime:0.0002s ]

[ 2017-06-11T15:30:05+08:00 ] 127.0.0.1 /Home/Goods/ajax_spec_key.html
INFO: [ app_begin ] --START--
INFO: Run Behavior\ReadHtmlCacheBehavior [ RunTime:0.001405s ]
INFO: [ app_begin ] --END-- [ RunTime:0.001896s ]
SQL: SHOW COLUMNS FROM `goods_spec` [ RunTime:0.0054s ]
SQL: SELECT `spec_price` FROM `goods_spec` WHERE `spec_key` = '' AND `goods_id` = 13 LIMIT 1   [ RunTime:0.0002s ]

[ 2017-06-11T15:30:36+08:00 ] 127.0.0.1 /Home/Goods/ajax_spec_key.html
INFO: [ app_begin ] --START--
INFO: Run Behavior\ReadHtmlCacheBehavior [ RunTime:0.001324s ]
INFO: [ app_begin ] --END-- [ RunTime:0.001777s ]
SQL: SHOW COLUMNS FROM `goods_spec` [ RunTime:0.0069s ]
SQL: SELECT `spec_price` FROM `goods_spec` WHERE `spec_key` = '' AND `goods_id` = 13 LIMIT 1   [ RunTime:0.0003s ]

[ 2017-06-11T15:30:39+08:00 ] 127.0.0.1 /Home/Goods/ajax_spec_key.html
INFO: [ app_begin ] --START--
INFO: Run Behavior\ReadHtmlCacheBehavior [ RunTime:0.001184s ]
INFO: [ app_begin ] --END-- [ RunTime:0.001799s ]
SQL: SHOW COLUMNS FROM `goods_spec` [ RunTime:0.0052s ]
SQL: SELECT `spec_price` FROM `goods_spec` WHERE `spec_key` = '' AND `goods_id` = 13 LIMIT 1   [ RunTime:0.0002s ]

[ 2017-06-11T15:30:40+08:00 ] 127.0.0.1 /Home/Goods/ajax_spec_key.html
INFO: [ app_begin ] --START--
INFO: Run Behavior\ReadHtmlCacheBehavior [ RunTime:0.001421s ]
INFO: [ app_begin ] --END-- [ RunTime:0.002021s ]
SQL: SHOW COLUMNS FROM `goods_spec` [ RunTime:0.0063s ]
SQL: SELECT `spec_price` FROM `goods_spec` WHERE `spec_key` = '' AND `goods_id` = 13 LIMIT 1   [ RunTime:0.0002s ]

[ 2017-06-11T15:30:41+08:00 ] 127.0.0.1 /Home/Goods/ajax_spec_key.html
INFO: [ app_begin ] --START--
INFO: Run Behavior\ReadHtmlCacheBehavior [ RunTime:0.001261s ]
INFO: [ app_begin ] --END-- [ RunTime:0.001698s ]
SQL: SHOW COLUMNS FROM `goods_spec` [ RunTime:0.0065s ]
SQL: SELECT `spec_price` FROM `goods_spec` WHERE `spec_key` = '' AND `goods_id` = 13 LIMIT 1   [ RunTime:0.0002s ]

[ 2017-06-11T15:30:41+08:00 ] 127.0.0.1 /Home/Goods/ajax_spec_key.html
INFO: [ app_begin ] --START--
INFO: Run Behavior\ReadHtmlCacheBehavior [ RunTime:0.002122s ]
INFO: [ app_begin ] --END-- [ RunTime:0.003284s ]
SQL: SHOW COLUMNS FROM `goods_spec` [ RunTime:0.0151s ]
SQL: SELECT `spec_price` FROM `goods_spec` WHERE `spec_key` = '' AND `goods_id` = 13 LIMIT 1   [ RunTime:0.0002s ]

[ 2017-06-11T15:30:41+08:00 ] 127.0.0.1 /Home/Goods/ajax_spec_key.html
INFO: [ app_begin ] --START--
INFO: Run Behavior\ReadHtmlCacheBehavior [ RunTime:0.001209s ]
INFO: [ app_begin ] --END-- [ RunTime:0.001798s ]
SQL: SHOW COLUMNS FROM `goods_spec` [ RunTime:0.0054s ]
SQL: SELECT `spec_price` FROM `goods_spec` WHERE `spec_key` = '' AND `goods_id` = 13 LIMIT 1   [ RunTime:0.0002s ]

[ 2017-06-11T15:33:43+08:00 ] 127.0.0.1 /Home/Goods/ajax_spec_key.html
INFO: [ app_begin ] --START--
INFO: Run Behavior\ReadHtmlCacheBehavior [ RunTime:0.001118s ]
INFO: [ app_begin ] --END-- [ RunTime:0.001601s ]
SQL: SHOW COLUMNS FROM `goods_spec` [ RunTime:0.0055s ]
SQL: SELECT `spec_price` FROM `goods_spec` WHERE `spec_key` = '' AND `goods_id` = 13 LIMIT 1   [ RunTime:0.0002s ]

[ 2017-06-11T15:33:47+08:00 ] 127.0.0.1 /Home/Goods/ajax_spec_key.html
INFO: [ app_begin ] --START--
INFO: Run Behavior\ReadHtmlCacheBehavior [ RunTime:0.002794s ]
INFO: [ app_begin ] --END-- [ RunTime:0.003509s ]
SQL: SHOW COLUMNS FROM `goods_spec` [ RunTime:0.0077s ]
SQL: SELECT `spec_price` FROM `goods_spec` WHERE `spec_key` = '' AND `goods_id` = 13 LIMIT 1   [ RunTime:0.0002s ]

[ 2017-06-11T15:33:48+08:00 ] 127.0.0.1 /Home/Goods/ajax_spec_key.html
INFO: [ app_begin ] --START--
INFO: Run Behavior\ReadHtmlCacheBehavior [ RunTime:0.001454s ]
INFO: [ app_begin ] --END-- [ RunTime:0.001904s ]
SQL: SHOW COLUMNS FROM `goods_spec` [ RunTime:0.0056s ]
SQL: SELECT `spec_price` FROM `goods_spec` WHERE `spec_key` = '' AND `goods_id` = 13 LIMIT 1   [ RunTime:0.0002s ]

[ 2017-06-11T15:33:49+08:00 ] 127.0.0.1 /Home/Goods/ajax_spec_key.html
INFO: [ app_begin ] --START--
INFO: Run Behavior\ReadHtmlCacheBehavior [ RunTime:0.002886s ]
INFO: [ app_begin ] --END-- [ RunTime:0.003964s ]
SQL: SHOW COLUMNS FROM `goods_spec` [ RunTime:0.0059s ]
SQL: SELECT `spec_price` FROM `goods_spec` WHERE `spec_key` = '' AND `goods_id` = 13 LIMIT 1   [ RunTime:0.0002s ]

[ 2017-06-11T15:33:50+08:00 ] 127.0.0.1 /Home/Goods/ajax_spec_key.html
INFO: [ app_begin ] --START--
INFO: Run Behavior\ReadHtmlCacheBehavior [ RunTime:0.006003s ]
INFO: [ app_begin ] --END-- [ RunTime:0.007115s ]
SQL: SHOW COLUMNS FROM `goods_spec` [ RunTime:0.0052s ]
SQL: SELECT `spec_price` FROM `goods_spec` WHERE `spec_key` = '' AND `goods_id` = 13 LIMIT 1   [ RunTime:0.0002s ]

[ 2017-06-11T15:33:51+08:00 ] 127.0.0.1 /Home/Goods/ajax_spec_key.html
INFO: [ app_begin ] --START--
INFO: Run Behavior\ReadHtmlCacheBehavior [ RunTime:0.001440s ]
INFO: [ app_begin ] --END-- [ RunTime:0.001953s ]
SQL: SHOW COLUMNS FROM `goods_spec` [ RunTime:0.0120s ]
SQL: SELECT `spec_price` FROM `goods_spec` WHERE `spec_key` = '' AND `goods_id` = 13 LIMIT 1   [ RunTime:0.0003s ]

[ 2017-06-11T15:33:51+08:00 ] 127.0.0.1 /Home/Goods/ajax_spec_key.html
INFO: [ app_begin ] --START--
INFO: Run Behavior\ReadHtmlCacheBehavior [ RunTime:0.001181s ]
INFO: [ app_begin ] --END-- [ RunTime:0.001704s ]
SQL: SHOW COLUMNS FROM `goods_spec` [ RunTime:0.0079s ]
SQL: SELECT `spec_price` FROM `goods_spec` WHERE `spec_key` = '' AND `goods_id` = 13 LIMIT 1   [ RunTime:0.0002s ]

[ 2017-06-11T15:33:54+08:00 ] 127.0.0.1 /Home/Goods/ajax_spec_key.html
INFO: [ app_begin ] --START--
INFO: Run Behavior\ReadHtmlCacheBehavior [ RunTime:0.003125s ]
INFO: [ app_begin ] --END-- [ RunTime:0.004002s ]
SQL: SHOW COLUMNS FROM `goods_spec` [ RunTime:0.0059s ]
SQL: SELECT `spec_price` FROM `goods_spec` WHERE `spec_key` = '' AND `goods_id` = 13 LIMIT 1   [ RunTime:0.0002s ]

[ 2017-06-11T15:33:55+08:00 ] 127.0.0.1 /Home/Goods/ajax_spec_key.html
INFO: [ app_begin ] --START--
INFO: Run Behavior\ReadHtmlCacheBehavior [ RunTime:0.002947s ]
INFO: [ app_begin ] --END-- [ RunTime:0.003949s ]
SQL: SHOW COLUMNS FROM `goods_spec` [ RunTime:0.0085s ]
SQL: SELECT `spec_price` FROM `goods_spec` WHERE `spec_key` = '' AND `goods_id` = 13 LIMIT 1   [ RunTime:0.0002s ]

[ 2017-06-11T15:34:02+08:00 ] 127.0.0.1 /Home/Goods/ajax_spec_key.html
INFO: [ app_begin ] --START--
INFO: Run Behavior\ReadHtmlCacheBehavior [ RunTime:0.001235s ]
INFO: [ app_begin ] --END-- [ RunTime:0.002130s ]
SQL: SHOW COLUMNS FROM `goods_spec` [ RunTime:0.0065s ]
SQL: SELECT `spec_price` FROM `goods_spec` WHERE `spec_key` = '4,60,54' AND `goods_id` = 12 LIMIT 1   [ RunTime:0.0002s ]

[ 2017-06-11T15:34:05+08:00 ] 127.0.0.1 /Home/Goods/ajax_spec_key.html
INFO: [ app_begin ] --START--
INFO: Run Behavior\ReadHtmlCacheBehavior [ RunTime:0.001038s ]
INFO: [ app_begin ] --END-- [ RunTime:0.001685s ]
SQL: SHOW COLUMNS FROM `goods_spec` [ RunTime:0.0062s ]
SQL: SELECT `spec_price` FROM `goods_spec` WHERE `spec_key` = '4,60,54' AND `goods_id` = 12 LIMIT 1   [ RunTime:0.0002s ]

[ 2017-06-11T15:34:06+08:00 ] 127.0.0.1 /Home/Goods/ajax_spec_key.html
INFO: [ app_begin ] --START--
INFO: Run Behavior\ReadHtmlCacheBehavior [ RunTime:0.001294s ]
INFO: [ app_begin ] --END-- [ RunTime:0.001968s ]
SQL: SHOW COLUMNS FROM `goods_spec` [ RunTime:0.0157s ]
SQL: SELECT `spec_price` FROM `goods_spec` WHERE `spec_key` = '4,60,54' AND `goods_id` = 12 LIMIT 1   [ RunTime:0.0003s ]

[ 2017-06-11T15:34:08+08:00 ] 127.0.0.1 /Home/Goods/ajax_spec_key.html
INFO: [ app_begin ] --START--
INFO: Run Behavior\ReadHtmlCacheBehavior [ RunTime:0.000713s ]
INFO: [ app_begin ] --END-- [ RunTime:0.001166s ]
SQL: SHOW COLUMNS FROM `goods_spec` [ RunTime:0.0087s ]
SQL: SELECT `spec_price` FROM `goods_spec` WHERE `spec_key` = '4,60,54' AND `goods_id` = 12 LIMIT 1   [ RunTime:0.0003s ]

[ 2017-06-11T15:48:05+08:00 ] 127.0.0.1 /Home/Goods/ajax_spec_key.html
INFO: [ app_begin ] --START--
INFO: Run Behavior\ReadHtmlCacheBehavior [ RunTime:0.001287s ]
INFO: [ app_begin ] --END-- [ RunTime:0.002276s ]
SQL: SHOW COLUMNS FROM `goods_spec` [ RunTime:0.0047s ]
SQL: SELECT `spec_price` FROM `goods_spec` WHERE `spec_key` = '4,60,54' AND `goods_id` = 12 LIMIT 1   [ RunTime:0.0003s ]

[ 2017-06-11T15:48:13+08:00 ] 127.0.0.1 /Home/Goods/ajax_spec_key.html
INFO: [ app_begin ] --START--
INFO: Run Behavior\ReadHtmlCacheBehavior [ RunTime:0.001348s ]
INFO: [ app_begin ] --END-- [ RunTime:0.001819s ]
SQL: SHOW COLUMNS FROM `goods_spec` [ RunTime:0.0052s ]
SQL: SELECT `spec_price` FROM `goods_spec` WHERE `spec_key` = '' AND `goods_id` = 13 LIMIT 1   [ RunTime:0.0002s ]

[ 2017-06-11T15:49:03+08:00 ] 127.0.0.1 /Home/Goods/ajax_spec_key.html
INFO: [ app_begin ] --START--
INFO: Run Behavior\ReadHtmlCacheBehavior [ RunTime:0.000702s ]
INFO: [ app_begin ] --END-- [ RunTime:0.001156s ]
SQL: SHOW COLUMNS FROM `goods_spec` [ RunTime:0.0067s ]
SQL: SELECT `spec_price` FROM `goods_spec` WHERE `spec_key` = '' AND `goods_id` = 13 LIMIT 1   [ RunTime:0.0002s ]

[ 2017-06-11T15:49:07+08:00 ] 127.0.0.1 /Home/Goods/ajax_spec_key.html
INFO: [ app_begin ] --START--
INFO: Run Behavior\ReadHtmlCacheBehavior [ RunTime:0.000738s ]
INFO: [ app_begin ] --END-- [ RunTime:0.001433s ]
SQL: SHOW COLUMNS FROM `goods_spec` [ RunTime:0.0052s ]
SQL: SELECT `spec_price` FROM `goods_spec` WHERE `spec_key` = '4,60,54' AND `goods_id` = 12 LIMIT 1   [ RunTime:0.0002s ]

[ 2017-06-11T15:49:35+08:00 ] 127.0.0.1 /Home/Goods/ajax_spec_key.html
INFO: [ app_begin ] --START--
INFO: Run Behavior\ReadHtmlCacheBehavior [ RunTime:0.001346s ]
INFO: [ app_begin ] --END-- [ RunTime:0.002214s ]
SQL: SHOW COLUMNS FROM `goods_spec` [ RunTime:0.0049s ]
SQL: SELECT `spec_price` FROM `goods_spec` WHERE `spec_key` = '4,60,54' AND `goods_id` = 12 LIMIT 1   [ RunTime:0.0002s ]

[ 2017-06-11T15:49:45+08:00 ] 127.0.0.1 /Home/Goods/ajax_spec_key.html
INFO: [ app_begin ] --START--
INFO: Run Behavior\ReadHtmlCacheBehavior [ RunTime:0.000967s ]
INFO: [ app_begin ] --END-- [ RunTime:0.001403s ]
SQL: SHOW COLUMNS FROM `goods_spec` [ RunTime:0.0064s ]
SQL: SELECT `spec_price` FROM `goods_spec` WHERE `spec_key` = '4,60,54' AND `goods_id` = 12 LIMIT 1   [ RunTime:0.0002s ]

[ 2017-06-11T15:50:03+08:00 ] 127.0.0.1 /Home/Goods/ajax_spec_key.html
INFO: [ app_begin ] --START--
INFO: Run Behavior\ReadHtmlCacheBehavior [ RunTime:0.002086s ]
INFO: [ app_begin ] --END-- [ RunTime:0.003529s ]
SQL: SHOW COLUMNS FROM `goods_spec` [ RunTime:0.0048s ]
SQL: SELECT `spec_price` FROM `goods_spec` WHERE `spec_key` = '4,60,54' AND `goods_id` = 12 LIMIT 1   [ RunTime:0.0002s ]

[ 2017-06-11T15:51:51+08:00 ] 127.0.0.1 /Home/Goods/ajax_spec_key.html
INFO: [ app_begin ] --START--
INFO: Run Behavior\ReadHtmlCacheBehavior [ RunTime:0.001998s ]
INFO: [ app_begin ] --END-- [ RunTime:0.003028s ]
SQL: SHOW COLUMNS FROM `goods_spec` [ RunTime:0.0074s ]
SQL: SELECT `spec_price` FROM `goods_spec` WHERE `spec_key` = '' AND `goods_id` = 13 LIMIT 1   [ RunTime:0.0002s ]

[ 2017-06-11T15:56:28+08:00 ] 127.0.0.1 /Home/Goods/ajax_spec_key.html
INFO: [ app_begin ] --START--
INFO: Run Behavior\ReadHtmlCacheBehavior [ RunTime:0.001144s ]
INFO: [ app_begin ] --END-- [ RunTime:0.001739s ]
SQL: SHOW COLUMNS FROM `goods_spec` [ RunTime:0.0068s ]
SQL: SELECT `spec_price` FROM `goods_spec` WHERE `spec_key` = '' AND `goods_id` = 13 LIMIT 1   [ RunTime:0.0002s ]

[ 2017-06-11T15:56:47+08:00 ] 127.0.0.1 /Home/Goods/ajax_spec_key.html
INFO: [ app_begin ] --START--
INFO: Run Behavior\ReadHtmlCacheBehavior [ RunTime:0.001358s ]
INFO: [ app_begin ] --END-- [ RunTime:0.002368s ]
SQL: SHOW COLUMNS FROM `goods_spec` [ RunTime:0.0059s ]
SQL: SELECT `spec_price` FROM `goods_spec` WHERE `spec_key` = '' AND `goods_id` = 13 LIMIT 1   [ RunTime:0.0002s ]

[ 2017-06-11T15:57:09+08:00 ] 127.0.0.1 /Home/Goods/ajax_spec_key.html
INFO: [ app_begin ] --START--
INFO: Run Behavior\ReadHtmlCacheBehavior [ RunTime:0.001078s ]
INFO: [ app_begin ] --END-- [ RunTime:0.001649s ]
SQL: SHOW COLUMNS FROM `goods_spec` [ RunTime:0.0056s ]
SQL: SELECT `spec_price` FROM `goods_spec` WHERE `spec_key` = '' AND `goods_id` = 13 LIMIT 1   [ RunTime:0.0004s ]

[ 2017-06-11T15:57:37+08:00 ] 127.0.0.1 /Home/Goods/ajax_spec_key.html
INFO: [ app_begin ] --START--
INFO: Run Behavior\ReadHtmlCacheBehavior [ RunTime:0.001389s ]
INFO: [ app_begin ] --END-- [ RunTime:0.002232s ]
SQL: SHOW COLUMNS FROM `goods_spec` [ RunTime:0.0043s ]
SQL: SELECT `spec_price` FROM `goods_spec` WHERE `spec_key` = '' AND `goods_id` = 13 LIMIT 1   [ RunTime:0.0002s ]

[ 2017-06-11T15:58:59+08:00 ] 127.0.0.1 /Home/Goods/ajax_spec_key.html
INFO: [ app_begin ] --START--
INFO: Run Behavior\ReadHtmlCacheBehavior [ RunTime:0.001740s ]
INFO: [ app_begin ] --END-- [ RunTime:0.002575s ]
SQL: SHOW COLUMNS FROM `goods_spec` [ RunTime:0.0056s ]
SQL: SELECT `spec_price` FROM `goods_spec` WHERE `spec_key` = '' AND `goods_id` = 13 LIMIT 1   [ RunTime:0.0002s ]

[ 2017-06-11T15:59:18+08:00 ] 127.0.0.1 /Home/Goods/ajax_spec_key.html
INFO: [ app_begin ] --START--
INFO: Run Behavior\ReadHtmlCacheBehavior [ RunTime:0.001486s ]
INFO: [ app_begin ] --END-- [ RunTime:0.002354s ]
SQL: SHOW COLUMNS FROM `goods_spec` [ RunTime:0.0083s ]
SQL: SELECT `spec_price` FROM `goods_spec` WHERE `spec_key` = '' AND `goods_id` = 13 LIMIT 1   [ RunTime:0.0003s ]

[ 2017-06-11T16:54:48+08:00 ] 127.0.0.1 /Home/Goods/ajax_spec_key.html
INFO: [ app_begin ] --START--
INFO: Run Behavior\ReadHtmlCacheBehavior [ RunTime:0.002073s ]
INFO: [ app_begin ] --END-- [ RunTime:0.003023s ]
SQL: SHOW COLUMNS FROM `goods_spec` [ RunTime:0.0053s ]
SQL: SELECT `spec_price` FROM `goods_spec` WHERE `spec_key` = '' AND `goods_id` = 13 LIMIT 1   [ RunTime:0.0002s ]

[ 2017-06-11T20:28:21+08:00 ] 127.0.0.1 /Home/Goods/ajax_spec_key.html
INFO: [ app_begin ] --START--
INFO: Run Behavior\ReadHtmlCacheBehavior [ RunTime:0.000716s ]
INFO: [ app_begin ] --END-- [ RunTime:0.001168s ]
SQL: SHOW COLUMNS FROM `goods_spec` [ RunTime:0.0051s ]
SQL: SELECT `spec_price` FROM `goods_spec` WHERE `spec_key` = '4,60,54' AND `goods_id` = 12 LIMIT 1   [ RunTime:0.0002s ]

[ 2017-06-11T20:28:32+08:00 ] 127.0.0.1 /Home/Cart/addToCart.html
INFO: [ app_begin ] --START--
INFO: Run Behavior\ReadHtmlCacheBehavior [ RunTime:0.001541s ]
INFO: [ app_begin ] --END-- [ RunTime:0.002260s ]
INFO: [ app_end ] --START--
INFO: Run Behavior\ShowPageTraceBehavior [ RunTime:0.001075s ]
INFO: [ app_end ] --END-- [ RunTime:0.001129s ]

[ 2017-06-11T20:28:35+08:00 ] 127.0.0.1 /Home/Cart/addToCart.html
INFO: [ app_begin ] --START--
INFO: Run Behavior\ReadHtmlCacheBehavior [ RunTime:0.000730s ]
INFO: [ app_begin ] --END-- [ RunTime:0.001255s ]
INFO: [ app_end ] --START--
INFO: Run Behavior\ShowPageTraceBehavior [ RunTime:0.000819s ]
INFO: [ app_end ] --END-- [ RunTime:0.000864s ]

[ 2017-06-11T20:28:41+08:00 ] 127.0.0.1 /Home/Goods/ajax_spec_key.html
INFO: [ app_begin ] --START--
INFO: Run Behavior\ReadHtmlCacheBehavior [ RunTime:0.001475s ]
INFO: [ app_begin ] --END-- [ RunTime:0.002318s ]
SQL: SHOW COLUMNS FROM `goods_spec` [ RunTime:0.0069s ]
SQL: SELECT `spec_price` FROM `goods_spec` WHERE `spec_key` = '' AND `goods_id` = 13 LIMIT 1   [ RunTime:0.0002s ]

[ 2017-06-11T20:28:44+08:00 ] 127.0.0.1 /Home/Cart/addToCart.html
INFO: [ app_begin ] --START--
INFO: Run Behavior\ReadHtmlCacheBehavior [ RunTime:0.000941s ]
INFO: [ app_begin ] --END-- [ RunTime:0.001431s ]
INFO: [ app_end ] --START--
INFO: Run Behavior\ShowPageTraceBehavior [ RunTime:0.002447s ]
INFO: [ app_end ] --END-- [ RunTime:0.002519s ]

[ 2017-06-11T20:36:03+08:00 ] 127.0.0.1 /Home/Goods/ajax_spec_key.html
INFO: [ app_begin ] --START--
INFO: Run Behavior\ReadHtmlCacheBehavior [ RunTime:0.000708s ]
INFO: [ app_begin ] --END-- [ RunTime:0.001172s ]
SQL: SHOW COLUMNS FROM `goods_spec` [ RunTime:0.0100s ]
SQL: SELECT `spec_price` FROM `goods_spec` WHERE `spec_key` = '' AND `goods_id` = 13 LIMIT 1   [ RunTime:0.0002s ]

[ 2017-06-11T20:36:05+08:00 ] 127.0.0.1 /Home/Cart/addToCart.html
INFO: [ app_begin ] --START--
INFO: Run Behavior\ReadHtmlCacheBehavior [ RunTime:0.000692s ]
INFO: [ app_begin ] --END-- [ RunTime:0.001183s ]
SQL: SHOW COLUMNS FROM `goods` [ RunTime:0.0046s ]
SQL: SELECT * FROM `goods` WHERE `id` = 13 LIMIT 1   [ RunTime:0.0006s ]

[ 2017-06-11T20:36:41+08:00 ] 127.0.0.1 /Home/Goods/ajax_spec_key.html
INFO: [ app_begin ] --START--
INFO: Run Behavior\ReadHtmlCacheBehavior [ RunTime:0.001217s ]
INFO: [ app_begin ] --END-- [ RunTime:0.001678s ]
SQL: SHOW COLUMNS FROM `goods_spec` [ RunTime:0.0092s ]
SQL: SELECT `spec_price` FROM `goods_spec` WHERE `spec_key` = '' AND `goods_id` = 13 LIMIT 1   [ RunTime:0.0002s ]

[ 2017-06-11T20:36:42+08:00 ] 127.0.0.1 /Home/Cart/addToCart.html
INFO: [ app_begin ] --START--
INFO: Run Behavior\ReadHtmlCacheBehavior [ RunTime:0.001154s ]
INFO: [ app_begin ] --END-- [ RunTime:0.001597s ]
SQL: SHOW COLUMNS FROM `goods` [ RunTime:0.0084s ]
SQL: SELECT * FROM `goods` WHERE `id` = 13 LIMIT 1   [ RunTime:0.0002s ]

[ 2017-06-11T20:37:37+08:00 ] 127.0.0.1 /Home/Goods/ajax_spec_key.html
INFO: [ app_begin ] --START--
INFO: Run Behavior\ReadHtmlCacheBehavior [ RunTime:0.001411s ]
INFO: [ app_begin ] --END-- [ RunTime:0.003039s ]
SQL: SHOW COLUMNS FROM `goods_spec` [ RunTime:0.0048s ]
SQL: SELECT `spec_price` FROM `goods_spec` WHERE `spec_key` = '' AND `goods_id` = 13 LIMIT 1   [ RunTime:0.0002s ]

[ 2017-06-11T20:37:37+08:00 ] 127.0.0.1 /Home/Cart/addToCart.html
INFO: [ app_begin ] --START--
INFO: Run Behavior\ReadHtmlCacheBehavior [ RunTime:0.000697s ]
INFO: [ app_begin ] --END-- [ RunTime:0.001125s ]
SQL: SHOW COLUMNS FROM `goods` [ RunTime:0.0054s ]
SQL: SELECT * FROM `goods` WHERE `id` = 13 LIMIT 1   [ RunTime:0.0002s ]
NOTIC: [8] Array to string conversion C:\Users\sky\Desktop\project\Application\Home\Controller\CartController.class.php 第 34 行.

[ 2017-06-11T20:50:36+08:00 ] 127.0.0.1 /Home/Goods/ajax_spec_key.html
INFO: [ app_begin ] --START--
INFO: Run Behavior\ReadHtmlCacheBehavior [ RunTime:0.004379s ]
INFO: [ app_begin ] --END-- [ RunTime:0.005382s ]
SQL: SHOW COLUMNS FROM `goods_spec` [ RunTime:0.0071s ]
SQL: SELECT `spec_price` FROM `goods_spec` WHERE `spec_key` = '' AND `goods_id` = 13 LIMIT 1   [ RunTime:0.0002s ]

[ 2017-06-11T20:50:37+08:00 ] 127.0.0.1 /Home/Cart/addToCart.html
INFO: [ app_begin ] --START--
INFO: Run Behavior\ReadHtmlCacheBehavior [ RunTime:0.000948s ]
INFO: [ app_begin ] --END-- [ RunTime:0.001379s ]
SQL: SHOW COLUMNS FROM `goods` [ RunTime:0.0249s ]
ERR: 1054:Unknown column 'g.name' in 'field list'
 [ SQL语句 ] : SELECT g.id,g.name,g.shop_price,g.market_price,g.image,s.spec_price FROM goods as g left join goods_spec as s on g.id = s.goods_id  WHERE s.goods_id = '13' LIMIT 1  
ERR: 1054:Unknown column 'g.name' in 'field list'
 [ SQL语句 ] : SELECT g.id,g.name,g.shop_price,g.market_price,g.image,s.spec_price FROM goods as g left join goods_spec as s on g.id = s.goods_id  WHERE s.goods_id = '13' LIMIT 1  

[ 2017-06-11T20:50:52+08:00 ] 127.0.0.1 /Home/Goods/ajax_spec_key.html
INFO: [ app_begin ] --START--
INFO: Run Behavior\ReadHtmlCacheBehavior [ RunTime:0.000724s ]
INFO: [ app_begin ] --END-- [ RunTime:0.001173s ]
SQL: SHOW COLUMNS FROM `goods_spec` [ RunTime:0.0051s ]
SQL: SELECT `spec_price` FROM `goods_spec` WHERE `spec_key` = '' AND `goods_id` = 13 LIMIT 1   [ RunTime:0.0002s ]

[ 2017-06-11T20:50:52+08:00 ] 127.0.0.1 /Home/Cart/addToCart.html
INFO: [ app_begin ] --START--
INFO: Run Behavior\ReadHtmlCacheBehavior [ RunTime:0.000968s ]
INFO: [ app_begin ] --END-- [ RunTime:0.001546s ]
SQL: SHOW COLUMNS FROM `goods` [ RunTime:0.0053s ]
ERR: 1054:Unknown column 'g.name' in 'field list'
 [ SQL语句 ] : SELECT g.id,g.name,g.shop_price,g.market_price,g.image,s.spec_price FROM goods as g left join goods_spec as s on g.id = s.goods_id  WHERE s.goods_id = '13' LIMIT 1  
ERR: 1054:Unknown column 'g.name' in 'field list'
 [ SQL语句 ] : SELECT g.id,g.name,g.shop_price,g.market_price,g.image,s.spec_price FROM goods as g left join goods_spec as s on g.id = s.goods_id  WHERE s.goods_id = '13' LIMIT 1  

[ 2017-06-11T20:51:36+08:00 ] 127.0.0.1 /Home/Goods/ajax_spec_key.html
INFO: [ app_begin ] --START--
INFO: Run Behavior\ReadHtmlCacheBehavior [ RunTime:0.000986s ]
INFO: [ app_begin ] --END-- [ RunTime:0.001420s ]
SQL: SHOW COLUMNS FROM `goods_spec` [ RunTime:0.0054s ]
SQL: SELECT `spec_price` FROM `goods_spec` WHERE `spec_key` = '' AND `goods_id` = 13 LIMIT 1   [ RunTime:0.0002s ]

[ 2017-06-11T20:51:37+08:00 ] 127.0.0.1 /Home/Cart/addToCart.html
INFO: [ app_begin ] --START--
INFO: Run Behavior\ReadHtmlCacheBehavior [ RunTime:0.000943s ]
INFO: [ app_begin ] --END-- [ RunTime:0.001353s ]
SQL: SHOW COLUMNS FROM `goods` [ RunTime:0.0056s ]
ERR: 1054:Unknown column 'g.name' in 'field list'
 [ SQL语句 ] : SELECT g.id,g.name,g.shop_price,g.market_price,g.image,s.spec_price FROM goods as g left join goods_spec as s on g.id = s.goods_id  WHERE s.goods_id = '13' LIMIT 1  
ERR: 1054:Unknown column 'g.name' in 'field list'
 [ SQL语句 ] : SELECT g.id,g.name,g.shop_price,g.market_price,g.image,s.spec_price FROM goods as g left join goods_spec as s on g.id = s.goods_id  WHERE s.goods_id = '13' LIMIT 1  

[ 2017-06-11T20:51:39+08:00 ] 127.0.0.1 /Home/Cart/addToCart.html
INFO: [ app_begin ] --START--
INFO: Run Behavior\ReadHtmlCacheBehavior [ RunTime:0.000931s ]
INFO: [ app_begin ] --END-- [ RunTime:0.001358s ]
SQL: SHOW COLUMNS FROM `goods` [ RunTime:0.0056s ]
ERR: 1054:Unknown column 'g.name' in 'field list'
 [ SQL语句 ] : SELECT g.id,g.name,g.shop_price,g.market_price,g.image,s.spec_price FROM goods as g left join goods_spec as s on g.id = s.goods_id  WHERE s.goods_id = '13' LIMIT 1  
ERR: 1054:Unknown column 'g.name' in 'field list'
 [ SQL语句 ] : SELECT g.id,g.name,g.shop_price,g.market_price,g.image,s.spec_price FROM goods as g left join goods_spec as s on g.id = s.goods_id  WHERE s.goods_id = '13' LIMIT 1  

[ 2017-06-11T20:51:42+08:00 ] 127.0.0.1 /Home/Goods/ajax_spec_key.html
INFO: [ app_begin ] --START--
INFO: Run Behavior\ReadHtmlCacheBehavior [ RunTime:0.001118s ]
INFO: [ app_begin ] --END-- [ RunTime:0.001816s ]
SQL: SHOW COLUMNS FROM `goods_spec` [ RunTime:0.0072s ]
SQL: SELECT `spec_price` FROM `goods_spec` WHERE `spec_key` = '' AND `goods_id` = 13 LIMIT 1   [ RunTime:0.0002s ]

[ 2017-06-11T20:51:43+08:00 ] 127.0.0.1 /Home/Cart/addToCart.html
INFO: [ app_begin ] --START--
INFO: Run Behavior\ReadHtmlCacheBehavior [ RunTime:0.001083s ]
INFO: [ app_begin ] --END-- [ RunTime:0.001643s ]
SQL: SHOW COLUMNS FROM `goods` [ RunTime:0.0054s ]
ERR: 1054:Unknown column 'g.name' in 'field list'
 [ SQL语句 ] : SELECT g.id,g.name,g.shop_price,g.market_price,g.image,s.spec_price FROM goods as g left join goods_spec as s on g.id = s.goods_id  WHERE s.goods_id = '13' LIMIT 1  
ERR: 1054:Unknown column 'g.name' in 'field list'
 [ SQL语句 ] : SELECT g.id,g.name,g.shop_price,g.market_price,g.image,s.spec_price FROM goods as g left join goods_spec as s on g.id = s.goods_id  WHERE s.goods_id = '13' LIMIT 1  

[ 2017-06-11T20:51:51+08:00 ] 127.0.0.1 /Home/Cart/addToCart.html
INFO: [ app_begin ] --START--
INFO: Run Behavior\ReadHtmlCacheBehavior [ RunTime:0.000793s ]
INFO: [ app_begin ] --END-- [ RunTime:0.001225s ]
SQL: SHOW COLUMNS FROM `goods` [ RunTime:0.0352s ]
ERR: 1054:Unknown column 'g.name' in 'field list'
 [ SQL语句 ] : SELECT g.id,g.name,g.shop_price,g.market_price,g.image,s.spec_price FROM goods as g left join goods_spec as s on g.id = s.goods_id  WHERE s.goods_id = '13' LIMIT 1  
ERR: 1054:Unknown column 'g.name' in 'field list'
 [ SQL语句 ] : SELECT g.id,g.name,g.shop_price,g.market_price,g.image,s.spec_price FROM goods as g left join goods_spec as s on g.id = s.goods_id  WHERE s.goods_id = '13' LIMIT 1  

[ 2017-06-11T20:52:59+08:00 ] 127.0.0.1 /Home/Cart/addToCart.html
INFO: [ app_begin ] --START--
INFO: Run Behavior\ReadHtmlCacheBehavior [ RunTime:0.001526s ]
INFO: [ app_begin ] --END-- [ RunTime:0.002290s ]
SQL: SHOW COLUMNS FROM `goods` [ RunTime:0.0092s ]
SQL: SELECT g.id,g.goods_name,g.shop_price,g.market_price,g.image,s.spec_price FROM goods as g left join goods_spec as s on g.id = s.goods_id  WHERE s.goods_id = '13' LIMIT 1   [ RunTime:0.0006s ]

[ 2017-06-11T20:53:34+08:00 ] 127.0.0.1 /Home/Goods/ajax_spec_key.html
INFO: [ app_begin ] --START--
INFO: Run Behavior\ReadHtmlCacheBehavior [ RunTime:0.001471s ]
INFO: [ app_begin ] --END-- [ RunTime:0.002264s ]
SQL: SHOW COLUMNS FROM `goods_spec` [ RunTime:0.0075s ]
SQL: SELECT `spec_price` FROM `goods_spec` WHERE `spec_key` = '' AND `goods_id` = 13 LIMIT 1   [ RunTime:0.0003s ]

[ 2017-06-11T20:53:36+08:00 ] 127.0.0.1 /Home/Cart/addToCart.html
INFO: [ app_begin ] --START--
INFO: Run Behavior\ReadHtmlCacheBehavior [ RunTime:0.001891s ]
INFO: [ app_begin ] --END-- [ RunTime:0.002800s ]
SQL: SHOW COLUMNS FROM `goods` [ RunTime:0.0084s ]
SQL: SELECT g.id,g.goods_name,g.shop_price,g.market_price,g.image,s.spec_price FROM goods as g left join goods_spec as s on g.id = s.goods_id  WHERE s.goods_id = '13' LIMIT 1   [ RunTime:0.0002s ]

[ 2017-06-11T20:53:57+08:00 ] 127.0.0.1 /Home/Cart/addToCart.html
INFO: [ app_begin ] --START--
INFO: Run Behavior\ReadHtmlCacheBehavior [ RunTime:0.001460s ]
INFO: [ app_begin ] --END-- [ RunTime:0.002146s ]
SQL: SHOW COLUMNS FROM `goods` [ RunTime:0.0082s ]

[ 2017-06-11T20:54:07+08:00 ] 127.0.0.1 /Home/Cart/addToCart.html
INFO: [ app_begin ] --START--
INFO: Run Behavior\ReadHtmlCacheBehavior [ RunTime:0.001487s ]
INFO: [ app_begin ] --END-- [ RunTime:0.002339s ]
SQL: SHOW COLUMNS FROM `goods` [ RunTime:0.0063s ]

[ 2017-06-11T20:55:01+08:00 ] 127.0.0.1 /Home/Cart/addToCart.html
INFO: [ app_begin ] --START--
INFO: Run Behavior\ReadHtmlCacheBehavior [ RunTime:0.001143s ]
INFO: [ app_begin ] --END-- [ RunTime:0.001586s ]
SQL: SHOW COLUMNS FROM `goods` [ RunTime:0.0080s ]

[ 2017-06-11T20:55:26+08:00 ] 127.0.0.1 /Home/Cart/addToCart.html
INFO: [ app_begin ] --START--
INFO: Run Behavior\ReadHtmlCacheBehavior [ RunTime:0.001097s ]
INFO: [ app_begin ] --END-- [ RunTime:0.001739s ]
SQL: SHOW COLUMNS FROM `goods` [ RunTime:0.0061s ]
SQL: SELECT g.id,g.goods_name,g.shop_price,g.market_price,g.image,s.spec_price FROM goods as g left join goods_spec as s on g.id = s.goods_id  WHERE g.id = '13' LIMIT 1   [ RunTime:0.0004s ]

[ 2017-06-11T20:58:35+08:00 ] 127.0.0.1 /Home/Cart/addToCart.html
INFO: [ app_begin ] --START--
INFO: Run Behavior\ReadHtmlCacheBehavior [ RunTime:0.001921s ]
INFO: [ app_begin ] --END-- [ RunTime:0.003153s ]
SQL: SHOW COLUMNS FROM `goods` [ RunTime:0.0087s ]
SQL: SELECT g.id,g.goods_name,g.shop_price,g.market_price,g.image,s.spec_price FROM goods as g left join goods_spec as s on g.id = s.goods_id  WHERE g.id = '13' LIMIT 1   [ RunTime:0.0002s ]
INFO: [ app_end ] --START--
INFO: Run Behavior\ShowPageTraceBehavior [ RunTime:0.001083s ]
INFO: [ app_end ] --END-- [ RunTime:0.001143s ]

[ 2017-06-11T21:17:41+08:00 ] 127.0.0.1 /Home/Goods/ajax_spec_key.html
INFO: [ app_begin ] --START--
INFO: Run Behavior\ReadHtmlCacheBehavior [ RunTime:0.000729s ]
INFO: [ app_begin ] --END-- [ RunTime:0.001157s ]
SQL: SHOW COLUMNS FROM `goods_spec` [ RunTime:0.0104s ]
SQL: SELECT `spec_price` FROM `goods_spec` WHERE `spec_key` = '' AND `goods_id` = 13 LIMIT 1   [ RunTime:0.0004s ]

[ 2017-06-11T21:17:43+08:00 ] 127.0.0.1 /Home/Cart/addToCart.html
INFO: [ app_begin ] --START--
INFO: Run Behavior\ReadHtmlCacheBehavior [ RunTime:0.000889s ]
INFO: [ app_begin ] --END-- [ RunTime:0.001347s ]

[ 2017-06-11T21:17:48+08:00 ] 127.0.0.1 /Home/Cart/addToCart.html
INFO: [ app_begin ] --START--
INFO: Run Behavior\ReadHtmlCacheBehavior [ RunTime:0.000703s ]
INFO: [ app_begin ] --END-- [ RunTime:0.001122s ]

[ 2017-06-11T21:18:03+08:00 ] 127.0.0.1 /Home/Cart/addToCart.html
INFO: [ app_begin ] --START--
INFO: Run Behavior\ReadHtmlCacheBehavior [ RunTime:0.001361s ]
INFO: [ app_begin ] --END-- [ RunTime:0.002007s ]

[ 2017-06-11T21:18:52+08:00 ] 127.0.0.1 /Home/Cart/addToCart.html
INFO: [ app_begin ] --START--
INFO: Run Behavior\ReadHtmlCacheBehavior [ RunTime:0.002049s ]
INFO: [ app_begin ] --END-- [ RunTime:0.003003s ]

[ 2017-06-11T21:19:12+08:00 ] 127.0.0.1 /Home/Cart/addToCart.html
INFO: [ app_begin ] --START--
INFO: Run Behavior\ReadHtmlCacheBehavior [ RunTime:0.001873s ]
INFO: [ app_begin ] --END-- [ RunTime:0.002785s ]
SQL: SHOW COLUMNS FROM `goods` [ RunTime:0.0052s ]
SQL: SELECT g.id,g.goods_name,g.shop_price,g.market_price,g.image,s.spec_price FROM goods as g left join goods_spec as s on g.id = s.goods_id  WHERE g.id = '13' LIMIT 1   [ RunTime:0.0003s ]
SQL: SHOW COLUMNS FROM `cart` [ RunTime:0.0055s ]
SQL: SELECT `id`,`number` FROM `cart` WHERE `goods_id` = 13 LIMIT 1   [ RunTime:0.0005s ]
ERR: 1364:Field 'use_key' doesn't have a default value
 [ SQL语句 ] : INSERT INTO `cart` (`user_id`,`goods_id`,`goods_spec_key`,`number`) VALUES ('0','13','0','1')
ERR: 1364:Field 'use_key' doesn't have a default value
 [ SQL语句 ] : INSERT INTO `cart` (`user_id`,`goods_id`,`goods_spec_key`,`number`) VALUES ('0','13','0','1')

[ 2017-06-11T21:21:08+08:00 ] 127.0.0.1 /Home/Cart/addToCart.html
INFO: [ app_begin ] --START--
INFO: Run Behavior\ReadHtmlCacheBehavior [ RunTime:0.002220s ]
INFO: [ app_begin ] --END-- [ RunTime:0.003190s ]

[ 2017-06-11T21:21:24+08:00 ] 127.0.0.1 /Home/Cart/addToCart.html
INFO: [ app_begin ] --START--
INFO: Run Behavior\ReadHtmlCacheBehavior [ RunTime:0.001054s ]
INFO: [ app_begin ] --END-- [ RunTime:0.001484s ]
SQL: SHOW COLUMNS FROM `goods` [ RunTime:0.0052s ]
SQL: SELECT g.id,g.goods_name,g.shop_price,g.market_price,g.image,s.spec_price FROM goods as g left join goods_spec as s on g.id = s.goods_id  WHERE g.id = '13' LIMIT 1   [ RunTime:0.0002s ]
SQL: SHOW COLUMNS FROM `cart` [ RunTime:0.0050s ]
SQL: SELECT `id`,`number` FROM `cart` WHERE `goods_id` = 13 LIMIT 1   [ RunTime:0.0002s ]
ERR: 1364:Field 'use_key' doesn't have a default value
 [ SQL语句 ] : INSERT INTO `cart` (`user_id`,`goods_id`,`goods_spec_key`,`number`) VALUES ('0','13','0','1')
ERR: 1364:Field 'use_key' doesn't have a default value
 [ SQL语句 ] : INSERT INTO `cart` (`user_id`,`goods_id`,`goods_spec_key`,`number`) VALUES ('0','13','0','1')

[ 2017-06-11T21:27:26+08:00 ] 127.0.0.1 /Home/Cart/addToCart.html
INFO: [ app_begin ] --START--
INFO: Run Behavior\ReadHtmlCacheBehavior [ RunTime:0.001798s ]
INFO: [ app_begin ] --END-- [ RunTime:0.003447s ]
SQL: SHOW COLUMNS FROM `goods` [ RunTime:0.0061s ]
SQL: SELECT g.id,g.goods_name,g.shop_price,g.market_price,g.image,s.spec_price FROM goods as g left join goods_spec as s on g.id = s.goods_id  WHERE g.id = '13' LIMIT 1   [ RunTime:0.0002s ]
SQL: SHOW COLUMNS FROM `cart` [ RunTime:0.0061s ]
SQL: SELECT `id`,`number` FROM `cart` WHERE `user_key` = '9b537f9697c7ea0617839c81fd84c435' AND `goods_id` = 13 LIMIT 1   [ RunTime:0.0005s ]
SQL: INSERT INTO `cart` (`user_id`,`user_key`,`goods_id`,`goods_spec_key`,`number`) VALUES ('0','9b537f9697c7ea0617839c81fd84c435','13','0','1') [ RunTime:0.0991s ]

[ 2017-06-11T21:27:47+08:00 ] 127.0.0.1 /Home/Cart/addToCart.html
INFO: [ app_begin ] --START--
INFO: Run Behavior\ReadHtmlCacheBehavior [ RunTime:0.001778s ]
INFO: [ app_begin ] --END-- [ RunTime:0.002607s ]
SQL: SHOW COLUMNS FROM `goods` [ RunTime:0.0532s ]
SQL: SELECT g.id,g.goods_name,g.shop_price,g.market_price,g.image,s.spec_price FROM goods as g left join goods_spec as s on g.id = s.goods_id  WHERE g.id = '13' LIMIT 1   [ RunTime:0.0002s ]
SQL: SHOW COLUMNS FROM `cart` [ RunTime:0.0046s ]
SQL: SELECT `id`,`number` FROM `cart` WHERE `user_key` = '9b537f9697c7ea0617839c81fd84c435' AND `goods_id` = 13 LIMIT 1   [ RunTime:0.0004s ]

[ 2017-06-11T21:28:03+08:00 ] 127.0.0.1 /Home/Cart/addToCart.html
INFO: [ app_begin ] --START--
INFO: Run Behavior\ReadHtmlCacheBehavior [ RunTime:0.001760s ]
INFO: [ app_begin ] --END-- [ RunTime:0.002629s ]
SQL: SHOW COLUMNS FROM `goods` [ RunTime:0.0084s ]
SQL: SELECT g.id,g.goods_name,g.shop_price,g.market_price,g.image,s.spec_price FROM goods as g left join goods_spec as s on g.id = s.goods_id  WHERE g.id = '13' LIMIT 1   [ RunTime:0.0003s ]
SQL: SHOW COLUMNS FROM `cart` [ RunTime:0.0052s ]
SQL: SELECT `id`,`number` FROM `cart` WHERE `user_key` = '9b537f9697c7ea0617839c81fd84c435' AND `goods_id` = 13 LIMIT 1   [ RunTime:0.0002s ]

[ 2017-06-11T21:28:23+08:00 ] 127.0.0.1 /Home/Goods/ajax_spec_key.html
INFO: [ app_begin ] --START--
INFO: Run Behavior\ReadHtmlCacheBehavior [ RunTime:0.002699s ]
INFO: [ app_begin ] --END-- [ RunTime:0.003795s ]
SQL: SHOW COLUMNS FROM `goods_spec` [ RunTime:0.0099s ]
SQL: SELECT `spec_price` FROM `goods_spec` WHERE `spec_key` = '' AND `goods_id` = 13 LIMIT 1   [ RunTime:0.0002s ]

[ 2017-06-11T21:28:26+08:00 ] 127.0.0.1 /Home/Cart/addToCart.html
INFO: [ app_begin ] --START--
INFO: Run Behavior\ReadHtmlCacheBehavior [ RunTime:0.002923s ]
INFO: [ app_begin ] --END-- [ RunTime:0.003995s ]
SQL: SHOW COLUMNS FROM `goods` [ RunTime:0.0110s ]
SQL: SELECT g.id,g.goods_name,g.shop_price,g.market_price,g.image,s.spec_price FROM goods as g left join goods_spec as s on g.id = s.goods_id  WHERE g.id = '13' LIMIT 1   [ RunTime:0.0002s ]
SQL: SHOW COLUMNS FROM `cart` [ RunTime:0.0151s ]
SQL: SELECT `id`,`number` FROM `cart` WHERE `user_key` = '9b537f9697c7ea0617839c81fd84c435' AND `goods_id` = 13 LIMIT 1   [ RunTime:0.0002s ]

[ 2017-06-11T21:29:01+08:00 ] 127.0.0.1 /Home/Cart/addToCart.html
INFO: [ app_begin ] --START--
INFO: Run Behavior\ReadHtmlCacheBehavior [ RunTime:0.001977s ]
INFO: [ app_begin ] --END-- [ RunTime:0.002890s ]
SQL: SHOW COLUMNS FROM `goods` [ RunTime:0.0619s ]
SQL: SELECT g.id,g.goods_name,g.shop_price,g.market_price,g.image,s.spec_price FROM goods as g left join goods_spec as s on g.id = s.goods_id  WHERE g.id = '13' LIMIT 1   [ RunTime:0.0002s ]
SQL: SHOW COLUMNS FROM `cart` [ RunTime:0.0053s ]
SQL: SELECT `id`,`number` FROM `cart` WHERE `user_key` = '9b537f9697c7ea0617839c81fd84c435' AND `goods_id` = 13 LIMIT 1   [ RunTime:0.0003s ]

[ 2017-06-11T21:29:44+08:00 ] 127.0.0.1 /Home/Cart/addToCart.html
INFO: [ app_begin ] --START--
INFO: Run Behavior\ReadHtmlCacheBehavior [ RunTime:0.001851s ]
INFO: [ app_begin ] --END-- [ RunTime:0.002805s ]
SQL: SHOW COLUMNS FROM `goods` [ RunTime:0.0052s ]
SQL: SELECT g.id,g.goods_name,g.shop_price,g.market_price,g.image,s.spec_price FROM goods as g left join goods_spec as s on g.id = s.goods_id  WHERE g.id = '13' LIMIT 1   [ RunTime:0.0003s ]
SQL: SHOW COLUMNS FROM `cart` [ RunTime:0.0069s ]
SQL: SELECT `id`,`number` FROM `cart` WHERE `user_key` = '9b537f9697c7ea0617839c81fd84c435' AND `goods_id` = 13 LIMIT 1   [ RunTime:0.0002s ]

[ 2017-06-11T21:30:29+08:00 ] 127.0.0.1 /Home/Cart/addToCart.html
INFO: [ app_begin ] --START--
INFO: Run Behavior\ReadHtmlCacheBehavior [ RunTime:0.001070s ]
INFO: [ app_begin ] --END-- [ RunTime:0.001758s ]
SQL: SHOW COLUMNS FROM `goods` [ RunTime:0.0083s ]
SQL: SELECT g.id,g.goods_name,g.shop_price,g.market_price,g.image,s.spec_price FROM goods as g left join goods_spec as s on g.id = s.goods_id  WHERE g.id = '13' LIMIT 1   [ RunTime:0.0002s ]
SQL: SHOW COLUMNS FROM `cart` [ RunTime:0.0141s ]
SQL: SELECT `id`,`number` FROM `cart` WHERE `user_key` = '9b537f9697c7ea0617839c81fd84c435' AND `goods_id` = 13 LIMIT 1   [ RunTime:0.0002s ]

[ 2017-06-11T21:30:32+08:00 ] 127.0.0.1 /Home/Goods/ajax_spec_key.html
INFO: [ app_begin ] --START--
INFO: Run Behavior\ReadHtmlCacheBehavior [ RunTime:0.001871s ]
INFO: [ app_begin ] --END-- [ RunTime:0.002949s ]
SQL: SHOW COLUMNS FROM `goods_spec` [ RunTime:0.0125s ]
SQL: SELECT `spec_price` FROM `goods_spec` WHERE `spec_key` = '' AND `goods_id` = 13 LIMIT 1   [ RunTime:0.0003s ]

[ 2017-06-11T21:30:37+08:00 ] 127.0.0.1 /Home/Cart/addToCart.html
INFO: [ app_begin ] --START--
INFO: Run Behavior\ReadHtmlCacheBehavior [ RunTime:0.002922s ]
INFO: [ app_begin ] --END-- [ RunTime:0.004021s ]
SQL: SHOW COLUMNS FROM `goods` [ RunTime:0.0631s ]
SQL: SELECT g.id,g.goods_name,g.shop_price,g.market_price,g.image,s.spec_price FROM goods as g left join goods_spec as s on g.id = s.goods_id  WHERE g.id = '13' LIMIT 1   [ RunTime:0.0003s ]
SQL: SHOW COLUMNS FROM `cart` [ RunTime:0.0057s ]
SQL: SELECT `id`,`number` FROM `cart` WHERE `user_key` = '9b537f9697c7ea0617839c81fd84c435' AND `goods_id` = 13 LIMIT 1   [ RunTime:0.0002s ]

[ 2017-06-11T21:30:42+08:00 ] 127.0.0.1 /Home/Cart/addToCart.html
INFO: [ app_begin ] --START--
INFO: Run Behavior\ReadHtmlCacheBehavior [ RunTime:0.001363s ]
INFO: [ app_begin ] --END-- [ RunTime:0.002035s ]
SQL: SHOW COLUMNS FROM `goods` [ RunTime:0.0048s ]
SQL: SELECT g.id,g.goods_name,g.shop_price,g.market_price,g.image,s.spec_price FROM goods as g left join goods_spec as s on g.id = s.goods_id  WHERE g.id = '13' LIMIT 1   [ RunTime:0.0002s ]
SQL: SHOW COLUMNS FROM `cart` [ RunTime:0.0048s ]
SQL: SELECT `id`,`number` FROM `cart` WHERE `user_key` = '9b537f9697c7ea0617839c81fd84c435' AND `goods_id` = 13 LIMIT 1   [ RunTime:0.0002s ]

[ 2017-06-11T21:31:12+08:00 ] 127.0.0.1 /Home/Goods/ajax_spec_key.html
INFO: [ app_begin ] --START--
INFO: Run Behavior\ReadHtmlCacheBehavior [ RunTime:0.003492s ]
INFO: [ app_begin ] --END-- [ RunTime:0.004990s ]
SQL: SHOW COLUMNS FROM `goods_spec` [ RunTime:0.0109s ]
SQL: SELECT `spec_price` FROM `goods_spec` WHERE `spec_key` = '' AND `goods_id` = 13 LIMIT 1   [ RunTime:0.0002s ]

[ 2017-06-11T21:31:12+08:00 ] 127.0.0.1 /Home/Cart/addToCart.html
INFO: [ app_begin ] --START--
INFO: Run Behavior\ReadHtmlCacheBehavior [ RunTime:0.002900s ]
INFO: [ app_begin ] --END-- [ RunTime:0.004901s ]
SQL: SHOW COLUMNS FROM `goods` [ RunTime:0.0365s ]
SQL: SELECT g.id,g.goods_name,g.shop_price,g.market_price,g.image,s.spec_price FROM goods as g left join goods_spec as s on g.id = s.goods_id  WHERE g.id = '13' LIMIT 1   [ RunTime:0.0002s ]
SQL: SHOW COLUMNS FROM `cart` [ RunTime:0.0053s ]
SQL: SELECT `id`,`number` FROM `cart` WHERE `user_key` = '9b537f9697c7ea0617839c81fd84c435' AND `goods_id` = 13 LIMIT 1   [ RunTime:0.0002s ]
SQL: UPDATE `cart` SET `number`='2' WHERE `id` = 1 [ RunTime:0.1791s ]

[ 2017-06-11T21:31:20+08:00 ] 127.0.0.1 /Home/Cart/addToCart.html
INFO: [ app_begin ] --START--
INFO: Run Behavior\ReadHtmlCacheBehavior [ RunTime:0.001627s ]
INFO: [ app_begin ] --END-- [ RunTime:0.002221s ]
SQL: SHOW COLUMNS FROM `goods` [ RunTime:0.0216s ]
SQL: SELECT g.id,g.goods_name,g.shop_price,g.market_price,g.image,s.spec_price FROM goods as g left join goods_spec as s on g.id = s.goods_id  WHERE g.id = '13' LIMIT 1   [ RunTime:0.0002s ]
SQL: SHOW COLUMNS FROM `cart` [ RunTime:0.0050s ]
SQL: SELECT `id`,`number` FROM `cart` WHERE `user_key` = '9b537f9697c7ea0617839c81fd84c435' AND `goods_id` = 13 LIMIT 1   [ RunTime:0.0003s ]
SQL: UPDATE `cart` SET `number`='7' WHERE `id` = 1 [ RunTime:0.1938s ]

[ 2017-06-11T21:42:34+08:00 ] 127.0.0.1 /Home/Goods/ajax_spec_key.html
INFO: [ app_begin ] --START--
INFO: Run Behavior\ReadHtmlCacheBehavior [ RunTime:0.001857s ]
INFO: [ app_begin ] --END-- [ RunTime:0.002781s ]
SQL: SHOW COLUMNS FROM `goods_spec` [ RunTime:0.0080s ]
SQL: SELECT `spec_price` FROM `goods_spec` WHERE `spec_key` = '4,60,54' AND `goods_id` = 12 LIMIT 1   [ RunTime:0.0002s ]

[ 2017-06-11T21:42:37+08:00 ] 127.0.0.1 /Home/Goods/ajax_spec_key.html
INFO: [ app_begin ] --START--
INFO: Run Behavior\ReadHtmlCacheBehavior [ RunTime:0.001902s ]
INFO: [ app_begin ] --END-- [ RunTime:0.002895s ]
SQL: SHOW COLUMNS FROM `goods_spec` [ RunTime:0.0085s ]
SQL: SELECT `spec_price` FROM `goods_spec` WHERE `spec_key` = '5,60,54' AND `goods_id` = 12 LIMIT 1   [ RunTime:0.0002s ]

[ 2017-06-11T21:43:39+08:00 ] 127.0.0.1 /Home/Goods/ajax_spec_key.html
INFO: [ app_begin ] --START--
INFO: Run Behavior\ReadHtmlCacheBehavior [ RunTime:0.002916s ]
INFO: [ app_begin ] --END-- [ RunTime:0.005323s ]
SQL: SHOW COLUMNS FROM `goods_spec` [ RunTime:0.0071s ]
SQL: SELECT `spec_price` FROM `goods_spec` WHERE `spec_key` = '4,60,54' AND `goods_id` = 12 LIMIT 1   [ RunTime:0.0003s ]

[ 2017-06-11T21:44:52+08:00 ] 127.0.0.1 /Home/Goods/ajax_spec_key.html
INFO: [ app_begin ] --START--
INFO: Run Behavior\ReadHtmlCacheBehavior [ RunTime:0.001711s ]
INFO: [ app_begin ] --END-- [ RunTime:0.002520s ]
SQL: SHOW COLUMNS FROM `goods_spec` [ RunTime:0.0091s ]
SQL: SELECT `spec_price` FROM `goods_spec` WHERE `spec_key` = '4,60,54' AND `goods_id` = 12 LIMIT 1   [ RunTime:0.0004s ]

