[ 2017-06-08T09:03:52+08:00 ] 127.0.0.1 /Admin/Goods/spec_items.html
INFO: [ app_begin ] --START--
INFO: Run Behavior\ReadHtmlCacheBehavior [ RunTime:0.000770s ]
INFO: [ app_begin ] --END-- [ RunTime:0.001128s ]
SQL: SHOW COLUMNS FROM `spec_items` [ RunTime:0.1494s ]
SQL: SELECT * FROM `spec_items` WHERE `id` IN ('') ORDER BY spec_id asc  [ RunTime:0.0004s ]
SQL: SHOW COLUMNS FROM `spec` [ RunTime:0.0067s ]
ERR: 1064:You have an error in your SQL syntax; check the manual that corresponds to your MySQL server version for the right syntax to use near ')' at line 1
 [ SQL语句 ] : SELECT * FROM `spec` WHERE `id` IN () 
ERR: 1064:You have an error in your SQL syntax; check the manual that corresponds to your MySQL server version for the right syntax to use near ')' at line 1
 [ SQL语句 ] : SELECT * FROM `spec` WHERE `id` IN () 

[ 2017-06-08T11:29:23+08:00 ] 127.0.0.1 /Admin/Goods/spec_items.html
INFO: [ app_begin ] --START--
INFO: Run Behavior\ReadHtmlCacheBehavior [ RunTime:0.001395s ]
INFO: [ app_begin ] --END-- [ RunTime:0.002331s ]
SQL: SHOW COLUMNS FROM `spec_items` [ RunTime:0.0063s ]
SQL: SELECT * FROM `spec_items` WHERE `id` IN ('') ORDER BY spec_id asc  [ RunTime:0.0002s ]
SQL: SHOW COLUMNS FROM `spec` [ RunTime:0.0051s ]
ERR: 1064:You have an error in your SQL syntax; check the manual that corresponds to your MySQL server version for the right syntax to use near ')' at line 1
 [ SQL语句 ] : SELECT * FROM `spec` WHERE `id` IN () 
ERR: 1064:You have an error in your SQL syntax; check the manual that corresponds to your MySQL server version for the right syntax to use near ')' at line 1
 [ SQL语句 ] : SELECT * FROM `spec` WHERE `id` IN () 

[ 2017-06-08T11:29:24+08:00 ] 127.0.0.1 /Admin/Goods/upload.html
INFO: [ app_begin ] --START--
INFO: Run Behavior\ReadHtmlCacheBehavior [ RunTime:0.000762s ]
INFO: [ app_begin ] --END-- [ RunTime:0.001137s ]
INFO: [ view_parse ] --START--
INFO: [ template_filter ] --START--
INFO: Run Behavior\ContentReplaceBehavior [ RunTime:0.000069s ]
INFO: [ template_filter ] --END-- [ RunTime:0.000125s ]
INFO: Run Behavior\ParseTemplateBehavior [ RunTime:0.012096s ]
INFO: [ view_parse ] --END-- [ RunTime:0.012178s ]
INFO: [ view_filter ] --START--
INFO: Run Behavior\WriteHtmlCacheBehavior [ RunTime:0.000942s ]
INFO: [ view_filter ] --END-- [ RunTime:0.000989s ]
INFO: [ app_end ] --START--
INFO: Run Behavior\ShowPageTraceBehavior [ RunTime:0.000778s ]
INFO: [ app_end ] --END-- [ RunTime:0.000812s ]

[ 2017-06-08T11:29:31+08:00 ] 127.0.0.1 /Admin/Goods/spec_items.html
INFO: [ app_begin ] --START--
INFO: Run Behavior\ReadHtmlCacheBehavior [ RunTime:0.001156s ]
INFO: [ app_begin ] --END-- [ RunTime:0.001729s ]
SQL: SHOW COLUMNS FROM `goods_type` [ RunTime:0.0133s ]
SQL: SELECT * FROM `goods_type`  [ RunTime:0.0003s ]
SQL: SHOW COLUMNS FROM `spec` [ RunTime:0.0059s ]
SQL: SELECT * FROM `spec` WHERE `type_id` = 9  [ RunTime:0.0017s ]
SQL: SHOW COLUMNS FROM `spec_items` [ RunTime:0.0037s ]
SQL: SELECT `id`,`items` FROM `spec_items` WHERE ( 1=1 AND spec_id='17' )  [ RunTime:0.0003s ]
SQL: SELECT * FROM `spec` WHERE `type_id` = 6  [ RunTime:0.0002s ]
SQL: SELECT `id`,`items` FROM `spec_items` WHERE ( 1=1 AND spec_id='13' )  [ RunTime:0.0002s ]
SQL: SELECT `id`,`items` FROM `spec_items` WHERE ( 1=1 AND spec_id='15' )  [ RunTime:0.0002s ]
SQL: SELECT `id`,`items` FROM `spec_items` WHERE ( 1=1 AND spec_id='16' )  [ RunTime:0.0002s ]
SQL: SELECT * FROM `spec` WHERE `type_id` = 10  [ RunTime:0.0002s ]
SQL: SELECT * FROM `spec` WHERE `type_id` = 7  [ RunTime:0.0002s ]
SQL: SELECT * FROM `spec` WHERE `type_id` = 8  [ RunTime:0.0002s ]
INFO: [ view_parse ] --START--
INFO: [ template_filter ] --START--
INFO: Run Behavior\ContentReplaceBehavior [ RunTime:0.000056s ]
INFO: [ template_filter ] --END-- [ RunTime:0.000103s ]
INFO: Run Behavior\ParseTemplateBehavior [ RunTime:0.013156s ]
INFO: [ view_parse ] --END-- [ RunTime:0.013229s ]
INFO: [ view_filter ] --START--
INFO: Run Behavior\WriteHtmlCacheBehavior [ RunTime:0.000730s ]
INFO: [ view_filter ] --END-- [ RunTime:0.000773s ]
INFO: [ app_end ] --START--
INFO: Run Behavior\ShowPageTraceBehavior [ RunTime:0.001193s ]
INFO: [ app_end ] --END-- [ RunTime:0.001248s ]

[ 2017-06-08T11:29:35+08:00 ] 127.0.0.1 /Admin/Goods/spec_items.html?id%5B%5D=4&id%5B%5D=5&id%5B%5D=60&id%5B%5D=54&id%5B%5D=55
INFO: [ app_begin ] --START--
INFO: Run Behavior\ReadHtmlCacheBehavior [ RunTime:0.001210s ]
INFO: [ app_begin ] --END-- [ RunTime:0.001872s ]
SQL: SHOW COLUMNS FROM `spec_items` [ RunTime:0.1005s ]
SQL: SELECT * FROM `spec_items` WHERE `id` IN ('4','5','60','54','55') ORDER BY spec_id asc  [ RunTime:0.0004s ]
SQL: SHOW COLUMNS FROM `spec` [ RunTime:0.0040s ]
SQL: SELECT * FROM `spec` WHERE `id` IN (13,15,16)  [ RunTime:0.0005s ]

[ 2017-06-08T11:38:50+08:00 ] 127.0.0.1 /Admin/Goods/spec_items.html
INFO: [ app_begin ] --START--
INFO: Run Behavior\ReadHtmlCacheBehavior [ RunTime:0.000767s ]
INFO: [ app_begin ] --END-- [ RunTime:0.001173s ]
SQL: SHOW COLUMNS FROM `spec_items` [ RunTime:0.0041s ]
SQL: SELECT * FROM `spec_items` WHERE `id` IN ('') ORDER BY spec_id asc  [ RunTime:0.0003s ]
SQL: SHOW COLUMNS FROM `spec` [ RunTime:0.0041s ]
ERR: 1064:You have an error in your SQL syntax; check the manual that corresponds to your MySQL server version for the right syntax to use near ')' at line 1
 [ SQL语句 ] : SELECT * FROM `spec` WHERE `id` IN () 
ERR: 1064:You have an error in your SQL syntax; check the manual that corresponds to your MySQL server version for the right syntax to use near ')' at line 1
 [ SQL语句 ] : SELECT * FROM `spec` WHERE `id` IN () 

[ 2017-06-08T11:38:57+08:00 ] 127.0.0.1 /Admin/Goods/upload.html
INFO: [ app_begin ] --START--
INFO: Run Behavior\ReadHtmlCacheBehavior [ RunTime:0.001292s ]
INFO: [ app_begin ] --END-- [ RunTime:0.002007s ]
INFO: [ view_parse ] --START--
INFO: [ template_filter ] --START--
INFO: Run Behavior\ContentReplaceBehavior [ RunTime:0.000059s ]
INFO: [ template_filter ] --END-- [ RunTime:0.000104s ]
INFO: Run Behavior\ParseTemplateBehavior [ RunTime:0.009070s ]
INFO: [ view_parse ] --END-- [ RunTime:0.009125s ]
INFO: [ view_filter ] --START--
INFO: Run Behavior\WriteHtmlCacheBehavior [ RunTime:0.000659s ]
INFO: [ view_filter ] --END-- [ RunTime:0.000702s ]
INFO: [ app_end ] --START--
INFO: Run Behavior\ShowPageTraceBehavior [ RunTime:0.001179s ]
INFO: [ app_end ] --END-- [ RunTime:0.001231s ]

[ 2017-06-08T11:39:19+08:00 ] 127.0.0.1 /Admin/Goods/upload.html
INFO: [ app_begin ] --START--
INFO: Run Behavior\ReadHtmlCacheBehavior [ RunTime:0.001729s ]
INFO: [ app_begin ] --END-- [ RunTime:0.002565s ]
INFO: [ view_parse ] --START--
INFO: [ template_filter ] --START--
INFO: Run Behavior\ContentReplaceBehavior [ RunTime:0.000071s ]
INFO: [ template_filter ] --END-- [ RunTime:0.000126s ]
INFO: Run Behavior\ParseTemplateBehavior [ RunTime:0.009713s ]
INFO: [ view_parse ] --END-- [ RunTime:0.009897s ]
INFO: [ view_filter ] --START--
INFO: Run Behavior\WriteHtmlCacheBehavior [ RunTime:0.001273s ]
INFO: [ view_filter ] --END-- [ RunTime:0.001371s ]
INFO: [ app_end ] --START--
INFO: Run Behavior\ShowPageTraceBehavior [ RunTime:0.001754s ]
INFO: [ app_end ] --END-- [ RunTime:0.001830s ]

[ 2017-06-08T11:39:22+08:00 ] 127.0.0.1 /Admin/Goods/spec_items.html
INFO: [ app_begin ] --START--
INFO: Run Behavior\ReadHtmlCacheBehavior [ RunTime:0.001078s ]
INFO: [ app_begin ] --END-- [ RunTime:0.001544s ]
SQL: SHOW COLUMNS FROM `goods_type` [ RunTime:0.0070s ]
SQL: SELECT * FROM `goods_type`  [ RunTime:0.0002s ]
SQL: SHOW COLUMNS FROM `spec` [ RunTime:0.0175s ]
SQL: SELECT * FROM `spec` WHERE `type_id` = 9  [ RunTime:0.0002s ]
SQL: SHOW COLUMNS FROM `spec_items` [ RunTime:0.0033s ]
SQL: SELECT `id`,`items` FROM `spec_items` WHERE ( 1=1 AND spec_id='17' )  [ RunTime:0.0001s ]
SQL: SELECT * FROM `spec` WHERE `type_id` = 6  [ RunTime:0.0001s ]
SQL: SELECT `id`,`items` FROM `spec_items` WHERE ( 1=1 AND spec_id='13' )  [ RunTime:0.0001s ]
SQL: SELECT `id`,`items` FROM `spec_items` WHERE ( 1=1 AND spec_id='15' )  [ RunTime:0.0001s ]
SQL: SELECT `id`,`items` FROM `spec_items` WHERE ( 1=1 AND spec_id='16' )  [ RunTime:0.0001s ]
SQL: SELECT * FROM `spec` WHERE `type_id` = 10  [ RunTime:0.0001s ]
SQL: SELECT * FROM `spec` WHERE `type_id` = 7  [ RunTime:0.0001s ]
SQL: SELECT * FROM `spec` WHERE `type_id` = 8  [ RunTime:0.0001s ]
INFO: [ view_parse ] --START--
INFO: [ template_filter ] --START--
INFO: Run Behavior\ContentReplaceBehavior [ RunTime:0.000055s ]
INFO: [ template_filter ] --END-- [ RunTime:0.000103s ]
INFO: Run Behavior\ParseTemplateBehavior [ RunTime:0.012447s ]
INFO: [ view_parse ] --END-- [ RunTime:0.012527s ]
INFO: [ view_filter ] --START--
INFO: Run Behavior\WriteHtmlCacheBehavior [ RunTime:0.000772s ]
INFO: [ view_filter ] --END-- [ RunTime:0.000830s ]
INFO: [ app_end ] --START--
INFO: Run Behavior\ShowPageTraceBehavior [ RunTime:0.001269s ]
INFO: [ app_end ] --END-- [ RunTime:0.001336s ]

[ 2017-06-08T11:39:29+08:00 ] 127.0.0.1 /Admin/Goods/spec_items.html
INFO: [ app_begin ] --START--
INFO: Run Behavior\ReadHtmlCacheBehavior [ RunTime:0.000789s ]
INFO: [ app_begin ] --END-- [ RunTime:0.001134s ]
SQL: SHOW COLUMNS FROM `goods_type` [ RunTime:0.0100s ]
SQL: SELECT * FROM `goods_type`  [ RunTime:0.0002s ]
SQL: SHOW COLUMNS FROM `spec` [ RunTime:0.0050s ]
SQL: SELECT * FROM `spec` WHERE `type_id` = 9  [ RunTime:0.0003s ]
SQL: SHOW COLUMNS FROM `spec_items` [ RunTime:0.0091s ]
SQL: SELECT `id`,`items` FROM `spec_items` WHERE ( 1=1 AND spec_id='17' )  [ RunTime:0.0002s ]
SQL: SELECT * FROM `spec` WHERE `type_id` = 6  [ RunTime:0.0002s ]
SQL: SELECT `id`,`items` FROM `spec_items` WHERE ( 1=1 AND spec_id='13' )  [ RunTime:0.0001s ]
SQL: SELECT `id`,`items` FROM `spec_items` WHERE ( 1=1 AND spec_id='15' )  [ RunTime:0.0001s ]
SQL: SELECT `id`,`items` FROM `spec_items` WHERE ( 1=1 AND spec_id='16' )  [ RunTime:0.0001s ]
SQL: SELECT * FROM `spec` WHERE `type_id` = 10  [ RunTime:0.0001s ]
SQL: SELECT * FROM `spec` WHERE `type_id` = 7  [ RunTime:0.0005s ]
SQL: SELECT * FROM `spec` WHERE `type_id` = 8  [ RunTime:0.0002s ]
INFO: [ view_parse ] --START--
INFO: [ template_filter ] --START--
INFO: Run Behavior\ContentReplaceBehavior [ RunTime:0.000054s ]
INFO: [ template_filter ] --END-- [ RunTime:0.000100s ]
INFO: Run Behavior\ParseTemplateBehavior [ RunTime:0.010322s ]
INFO: [ view_parse ] --END-- [ RunTime:0.010392s ]
INFO: [ view_filter ] --START--
INFO: Run Behavior\WriteHtmlCacheBehavior [ RunTime:0.000762s ]
INFO: [ view_filter ] --END-- [ RunTime:0.000806s ]
INFO: [ app_end ] --START--
INFO: Run Behavior\ShowPageTraceBehavior [ RunTime:0.001220s ]
INFO: [ app_end ] --END-- [ RunTime:0.001281s ]

[ 2017-06-08T20:31:29+08:00 ] 127.0.0.1 /Admin/Goods/spec_items.html
INFO: [ app_begin ] --START--
INFO: Run Behavior\ReadHtmlCacheBehavior [ RunTime:0.001189s ]
INFO: [ app_begin ] --END-- [ RunTime:0.001655s ]
SQL: SHOW COLUMNS FROM `spec_items` [ RunTime:0.0036s ]
SQL: SELECT * FROM `spec_items` WHERE `id` IN ('') ORDER BY spec_id asc  [ RunTime:0.0002s ]
SQL: SHOW COLUMNS FROM `spec` [ RunTime:0.0048s ]
ERR: 1064:You have an error in your SQL syntax; check the manual that corresponds to your MySQL server version for the right syntax to use near ')' at line 1
 [ SQL语句 ] : SELECT * FROM `spec` WHERE `id` IN () 
ERR: 1064:You have an error in your SQL syntax; check the manual that corresponds to your MySQL server version for the right syntax to use near ')' at line 1
 [ SQL语句 ] : SELECT * FROM `spec` WHERE `id` IN () 

[ 2017-06-08T21:16:35+08:00 ] 127.0.0.1 /Admin/Goods/spec_items.html
INFO: [ app_begin ] --START--
INFO: Run Behavior\ReadHtmlCacheBehavior [ RunTime:0.000816s ]
INFO: [ app_begin ] --END-- [ RunTime:0.001231s ]
SQL: SHOW COLUMNS FROM `spec_items` [ RunTime:0.0052s ]
SQL: SELECT * FROM `spec_items` WHERE `id` IN ('') ORDER BY spec_id asc  [ RunTime:0.0002s ]
SQL: SHOW COLUMNS FROM `spec` [ RunTime:0.0071s ]
ERR: 1064:You have an error in your SQL syntax; check the manual that corresponds to your MySQL server version for the right syntax to use near ')' at line 1
 [ SQL语句 ] : SELECT * FROM `spec` WHERE `id` IN () 
ERR: 1064:You have an error in your SQL syntax; check the manual that corresponds to your MySQL server version for the right syntax to use near ')' at line 1
 [ SQL语句 ] : SELECT * FROM `spec` WHERE `id` IN () 

[ 2017-06-08T21:16:48+08:00 ] 127.0.0.1 /Admin/Goods/upload.html
INFO: [ app_begin ] --START--
INFO: Run Behavior\ReadHtmlCacheBehavior [ RunTime:0.000785s ]
INFO: [ app_begin ] --END-- [ RunTime:0.001192s ]
INFO: [ view_parse ] --START--
INFO: [ template_filter ] --START--
INFO: Run Behavior\ContentReplaceBehavior [ RunTime:0.000144s ]
INFO: [ template_filter ] --END-- [ RunTime:0.000272s ]
INFO: Run Behavior\ParseTemplateBehavior [ RunTime:0.009208s ]
INFO: [ view_parse ] --END-- [ RunTime:0.009273s ]
INFO: [ view_filter ] --START--
INFO: Run Behavior\WriteHtmlCacheBehavior [ RunTime:0.001154s ]
INFO: [ view_filter ] --END-- [ RunTime:0.001214s ]
INFO: [ app_end ] --START--
INFO: Run Behavior\ShowPageTraceBehavior [ RunTime:0.001998s ]
INFO: [ app_end ] --END-- [ RunTime:0.002084s ]

