[ 2017-05-24T15:27:47+08:00 ] 127.0.0.1 /Admin/Category/add.html?parent_id=1
INFO: [ app_begin ] --START--
INFO: Run Behavior\ReadHtmlCacheBehavior [ RunTime:0.000559s ]
INFO: [ app_begin ] --END-- [ RunTime:0.000904s ]
SQL: SHOW COLUMNS FROM `category` [ RunTime:0.0038s ]
SQL: SELECT `id`,`cate_name`,`parent_id` FROM `category`  [ RunTime:0.0002s ]
INFO: [ view_parse ] --START--
INFO: [ template_filter ] --START--
INFO: Run Behavior\ContentReplaceBehavior [ RunTime:0.000066s ]
INFO: [ template_filter ] --END-- [ RunTime:0.000114s ]
NOTIC: [8] Undefined index: id C:\Users\sky\Desktop\project\Application\Runtime\Cache\Admin\95612c4b24bfa83d0c6f94203c668e18.php 第 20 行.
INFO: Run Behavior\ParseTemplateBehavior [ RunTime:0.009165s ]
INFO: [ view_parse ] --END-- [ RunTime:0.009220s ]
INFO: [ view_filter ] --START--
INFO: Run Behavior\WriteHtmlCacheBehavior [ RunTime:0.000431s ]
INFO: [ view_filter ] --END-- [ RunTime:0.000479s ]
INFO: [ app_end ] --START--
INFO: Run Behavior\ShowPageTraceBehavior [ RunTime:0.000977s ]
INFO: [ app_end ] --END-- [ RunTime:0.001037s ]

[ 2017-05-24T15:27:58+08:00 ] 127.0.0.1 /Admin/Category/add.html?parent_id=2
INFO: [ app_begin ] --START--
INFO: Run Behavior\ReadHtmlCacheBehavior [ RunTime:0.000567s ]
INFO: [ app_begin ] --END-- [ RunTime:0.000922s ]
SQL: SHOW COLUMNS FROM `category` [ RunTime:0.0061s ]
SQL: SELECT `id`,`cate_name`,`parent_id` FROM `category`  [ RunTime:0.0008s ]
INFO: [ view_parse ] --START--
INFO: [ template_filter ] --START--
INFO: Run Behavior\ContentReplaceBehavior [ RunTime:0.000105s ]
INFO: [ template_filter ] --END-- [ RunTime:0.000191s ]
NOTIC: [8] Undefined index: id C:\Users\sky\Desktop\project\Application\Runtime\Cache\Admin\95612c4b24bfa83d0c6f94203c668e18.php 第 20 行.
INFO: Run Behavior\ParseTemplateBehavior [ RunTime:0.014309s ]
INFO: [ view_parse ] --END-- [ RunTime:0.014424s ]
INFO: [ view_filter ] --START--
INFO: Run Behavior\WriteHtmlCacheBehavior [ RunTime:0.000636s ]
INFO: [ view_filter ] --END-- [ RunTime:0.000706s ]
INFO: [ app_end ] --START--
INFO: Run Behavior\ShowPageTraceBehavior [ RunTime:0.001274s ]
INFO: [ app_end ] --END-- [ RunTime:0.001365s ]

[ 2017-05-24T15:29:39+08:00 ] 127.0.0.1 /Admin/Category/add.html
INFO: [ app_begin ] --START--
INFO: Run Behavior\ReadHtmlCacheBehavior [ RunTime:0.000798s ]
INFO: [ app_begin ] --END-- [ RunTime:0.001741s ]
INFO: [ app_end ] --START--
INFO: Run Behavior\ShowPageTraceBehavior [ RunTime:0.001055s ]
INFO: [ app_end ] --END-- [ RunTime:0.001135s ]

[ 2017-05-24T15:29:53+08:00 ] 127.0.0.1 /Admin/Category/add.html
INFO: [ app_begin ] --START--
INFO: Run Behavior\ReadHtmlCacheBehavior [ RunTime:0.000924s ]
INFO: [ app_begin ] --END-- [ RunTime:0.001509s ]
INFO: [ app_end ] --START--
INFO: Run Behavior\ShowPageTraceBehavior [ RunTime:0.000903s ]
INFO: [ app_end ] --END-- [ RunTime:0.000977s ]

[ 2017-05-24T15:30:15+08:00 ] 127.0.0.1 /Admin/Category/add.html
INFO: [ app_begin ] --START--
INFO: Run Behavior\ReadHtmlCacheBehavior [ RunTime:0.001348s ]
INFO: [ app_begin ] --END-- [ RunTime:0.001959s ]

[ 2017-05-24T15:31:06+08:00 ] 127.0.0.1 /Admin/Category/add.html?parent_id=1
INFO: [ app_begin ] --START--
INFO: Run Behavior\ReadHtmlCacheBehavior [ RunTime:0.000966s ]
INFO: [ app_begin ] --END-- [ RunTime:0.001609s ]
SQL: SHOW COLUMNS FROM `category` [ RunTime:0.0045s ]
SQL: SELECT `id`,`cate_name`,`parent_id` FROM `category`  [ RunTime:0.0002s ]
INFO: [ view_parse ] --START--
INFO: [ template_filter ] --START--
INFO: Run Behavior\ContentReplaceBehavior [ RunTime:0.000114s ]
INFO: [ template_filter ] --END-- [ RunTime:0.000221s ]
NOTIC: [8] Undefined index: id C:\Users\sky\Desktop\project\Application\Runtime\Cache\Admin\95612c4b24bfa83d0c6f94203c668e18.php 第 20 行.
INFO: Run Behavior\ParseTemplateBehavior [ RunTime:0.010922s ]
INFO: [ view_parse ] --END-- [ RunTime:0.011003s ]
INFO: [ view_filter ] --START--
INFO: Run Behavior\WriteHtmlCacheBehavior [ RunTime:0.000630s ]
INFO: [ view_filter ] --END-- [ RunTime:0.000699s ]
INFO: [ app_end ] --START--
INFO: Run Behavior\ShowPageTraceBehavior [ RunTime:0.000841s ]
INFO: [ app_end ] --END-- [ RunTime:0.000894s ]

[ 2017-05-24T15:31:11+08:00 ] 127.0.0.1 /Admin/Category/add.html?parent_id=2
INFO: [ app_begin ] --START--
INFO: Run Behavior\ReadHtmlCacheBehavior [ RunTime:0.000796s ]
INFO: [ app_begin ] --END-- [ RunTime:0.001353s ]
SQL: SHOW COLUMNS FROM `category` [ RunTime:0.0059s ]
SQL: SELECT `id`,`cate_name`,`parent_id` FROM `category`  [ RunTime:0.0002s ]
INFO: [ view_parse ] --START--
INFO: [ template_filter ] --START--
INFO: Run Behavior\ContentReplaceBehavior [ RunTime:0.000067s ]
INFO: [ template_filter ] --END-- [ RunTime:0.000110s ]
NOTIC: [8] Undefined index: id C:\Users\sky\Desktop\project\Application\Runtime\Cache\Admin\95612c4b24bfa83d0c6f94203c668e18.php 第 20 行.
INFO: Run Behavior\ParseTemplateBehavior [ RunTime:0.009626s ]
INFO: [ view_parse ] --END-- [ RunTime:0.009686s ]
INFO: [ view_filter ] --START--
INFO: Run Behavior\WriteHtmlCacheBehavior [ RunTime:0.000584s ]
INFO: [ view_filter ] --END-- [ RunTime:0.000640s ]
INFO: [ app_end ] --START--
INFO: Run Behavior\ShowPageTraceBehavior [ RunTime:0.001112s ]
INFO: [ app_end ] --END-- [ RunTime:0.001188s ]

[ 2017-05-24T15:35:27+08:00 ] 127.0.0.1 /Admin/Category/add.html?parent_id=2
INFO: [ app_begin ] --START--
INFO: Run Behavior\ReadHtmlCacheBehavior [ RunTime:0.001017s ]
INFO: [ app_begin ] --END-- [ RunTime:0.001676s ]
SQL: SHOW COLUMNS FROM `category` [ RunTime:0.0071s ]
SQL: SELECT * FROM `category` WHERE `parent_id` = 2  [ RunTime:0.0005s ]
INFO: [ app_end ] --START--
INFO: Run Behavior\ShowPageTraceBehavior [ RunTime:0.000728s ]
INFO: [ app_end ] --END-- [ RunTime:0.000766s ]

[ 2017-05-24T15:35:43+08:00 ] 127.0.0.1 /Admin/Category/add.html?parent_id=1
INFO: [ app_begin ] --START--
INFO: Run Behavior\ReadHtmlCacheBehavior [ RunTime:0.001261s ]
INFO: [ app_begin ] --END-- [ RunTime:0.001998s ]
SQL: SHOW COLUMNS FROM `category` [ RunTime:0.0091s ]
SQL: SELECT * FROM `category` WHERE `parent_id` = 1  [ RunTime:0.0005s ]

[ 2017-05-24T15:35:54+08:00 ] 127.0.0.1 /Admin/Category/add.html?parent_id=2
INFO: [ app_begin ] --START--
INFO: Run Behavior\ReadHtmlCacheBehavior [ RunTime:0.001069s ]
INFO: [ app_begin ] --END-- [ RunTime:0.002117s ]
SQL: SHOW COLUMNS FROM `category` [ RunTime:0.0037s ]
SQL: SELECT * FROM `category` WHERE `parent_id` = 2  [ RunTime:0.0002s ]

[ 2017-05-24T15:36:30+08:00 ] 127.0.0.1 /Admin/Category/add.html?parent_id=1
INFO: [ app_begin ] --START--
INFO: Run Behavior\ReadHtmlCacheBehavior [ RunTime:0.003529s ]
INFO: [ app_begin ] --END-- [ RunTime:0.004524s ]
SQL: SHOW COLUMNS FROM `category` [ RunTime:0.0074s ]
SQL: SELECT * FROM `category` WHERE `parent_id` = 1  [ RunTime:0.0002s ]

[ 2017-05-24T15:36:36+08:00 ] 127.0.0.1 /Admin/Category/add.html?parent_id=1
INFO: [ app_begin ] --START--
INFO: Run Behavior\ReadHtmlCacheBehavior [ RunTime:0.000991s ]
INFO: [ app_begin ] --END-- [ RunTime:0.001693s ]
SQL: SHOW COLUMNS FROM `category` [ RunTime:0.0108s ]
SQL: SELECT * FROM `category` WHERE `parent_id` = 1  [ RunTime:0.0002s ]

[ 2017-05-24T15:36:48+08:00 ] 127.0.0.1 /Admin/Category/add.html?parent_id=2
INFO: [ app_begin ] --START--
INFO: Run Behavior\ReadHtmlCacheBehavior [ RunTime:0.000766s ]
INFO: [ app_begin ] --END-- [ RunTime:0.001136s ]
SQL: SHOW COLUMNS FROM `category` [ RunTime:0.0073s ]
SQL: SELECT * FROM `category` WHERE `parent_id` = 2  [ RunTime:0.0002s ]

[ 2017-05-24T15:37:14+08:00 ] 127.0.0.1 /Admin/Category/add.html?parent_id=1
INFO: [ app_begin ] --START--
INFO: Run Behavior\ReadHtmlCacheBehavior [ RunTime:0.000633s ]
INFO: [ app_begin ] --END-- [ RunTime:0.001000s ]
SQL: SHOW COLUMNS FROM `category` [ RunTime:0.0068s ]
SQL: SELECT * FROM `category` WHERE `parent_id` = 1  [ RunTime:0.0001s ]

[ 2017-05-24T15:37:22+08:00 ] 127.0.0.1 /Admin/Category/add.html?parent_id=2
INFO: [ app_begin ] --START--
INFO: Run Behavior\ReadHtmlCacheBehavior [ RunTime:0.001609s ]
INFO: [ app_begin ] --END-- [ RunTime:0.002527s ]
SQL: SHOW COLUMNS FROM `category` [ RunTime:0.0046s ]
SQL: SELECT * FROM `category` WHERE `parent_id` = 2  [ RunTime:0.0003s ]

[ 2017-05-24T15:37:26+08:00 ] 127.0.0.1 /Admin/Category/add.html?parent_id=1
INFO: [ app_begin ] --START--
INFO: Run Behavior\ReadHtmlCacheBehavior [ RunTime:0.000841s ]
INFO: [ app_begin ] --END-- [ RunTime:0.001363s ]
SQL: SHOW COLUMNS FROM `category` [ RunTime:0.0070s ]
SQL: SELECT * FROM `category` WHERE `parent_id` = 1  [ RunTime:0.0001s ]

[ 2017-05-24T15:42:12+08:00 ] 127.0.0.1 /Admin/Category/add.html?parent_id=1
INFO: [ app_begin ] --START--
INFO: Run Behavior\ReadHtmlCacheBehavior [ RunTime:0.000754s ]
INFO: [ app_begin ] --END-- [ RunTime:0.001478s ]
SQL: SHOW COLUMNS FROM `category` [ RunTime:0.0083s ]
SQL: SELECT * FROM `category` WHERE `parent_id` = 1  [ RunTime:0.0002s ]

[ 2017-05-24T15:45:26+08:00 ] 127.0.0.1 /Admin/Category/add.html?parent_id=2
INFO: [ app_begin ] --START--
INFO: Run Behavior\ReadHtmlCacheBehavior [ RunTime:0.000871s ]
INFO: [ app_begin ] --END-- [ RunTime:0.001422s ]
SQL: SHOW COLUMNS FROM `category` [ RunTime:0.0053s ]
SQL: SELECT * FROM `category` WHERE `parent_id` = 2  [ RunTime:0.0002s ]

[ 2017-05-24T15:55:39+08:00 ] 127.0.0.1 /Admin/Category/add.html?parent_id=1
INFO: [ app_begin ] --START--
INFO: Run Behavior\ReadHtmlCacheBehavior [ RunTime:0.001099s ]
INFO: [ app_begin ] --END-- [ RunTime:0.001669s ]
SQL: SHOW COLUMNS FROM `category` [ RunTime:0.0071s ]
SQL: SELECT * FROM `category` WHERE `parent_id` = 1  [ RunTime:0.0002s ]

[ 2017-05-24T16:16:16+08:00 ] 127.0.0.1 /Admin/Category/add.html?parent_id=1
INFO: [ app_begin ] --START--
INFO: Run Behavior\ReadHtmlCacheBehavior [ RunTime:0.000994s ]
INFO: [ app_begin ] --END-- [ RunTime:0.001668s ]
SQL: SHOW COLUMNS FROM `category` [ RunTime:0.0048s ]
SQL: SELECT * FROM `category` WHERE `parent_id` = 1  [ RunTime:0.0002s ]

[ 2017-05-24T16:16:39+08:00 ] 127.0.0.1 /Admin/Category/add.html?parent_id=1
INFO: [ app_begin ] --START--
INFO: Run Behavior\ReadHtmlCacheBehavior [ RunTime:0.000862s ]
INFO: [ app_begin ] --END-- [ RunTime:0.001395s ]
SQL: SHOW COLUMNS FROM `category` [ RunTime:0.0084s ]
SQL: SELECT * FROM `category` WHERE `parent_id` = 1  [ RunTime:0.0008s ]

[ 2017-05-24T16:24:28+08:00 ] 127.0.0.1 /Admin/Category/add.html?parent_id=1
INFO: [ app_begin ] --START--
INFO: Run Behavior\ReadHtmlCacheBehavior [ RunTime:0.000844s ]
INFO: [ app_begin ] --END-- [ RunTime:0.001345s ]
SQL: SHOW COLUMNS FROM `category` [ RunTime:0.0047s ]
SQL: SELECT * FROM `category` WHERE `parent_id` = 1  [ RunTime:0.0002s ]

[ 2017-05-24T16:25:22+08:00 ] 127.0.0.1 /Admin/Category/add.html?parent_id=1
INFO: [ app_begin ] --START--
INFO: Run Behavior\ReadHtmlCacheBehavior [ RunTime:0.000829s ]
INFO: [ app_begin ] --END-- [ RunTime:0.001187s ]
SQL: SHOW COLUMNS FROM `category` [ RunTime:0.0088s ]
SQL: SELECT * FROM `category` WHERE `parent_id` = 1  [ RunTime:0.0002s ]

[ 2017-05-24T16:25:51+08:00 ] 127.0.0.1 /Admin/Category/add.html?parent_id=1
INFO: [ app_begin ] --START--
INFO: Run Behavior\ReadHtmlCacheBehavior [ RunTime:0.000567s ]
INFO: [ app_begin ] --END-- [ RunTime:0.000923s ]
SQL: SHOW COLUMNS FROM `category` [ RunTime:0.0041s ]
SQL: SELECT * FROM `category` WHERE `parent_id` = 1  [ RunTime:0.0003s ]

[ 2017-05-24T16:26:20+08:00 ] 127.0.0.1 /Admin/Category/add.html?parent_id=2
INFO: [ app_begin ] --START--
INFO: Run Behavior\ReadHtmlCacheBehavior [ RunTime:0.000555s ]
INFO: [ app_begin ] --END-- [ RunTime:0.000906s ]
SQL: SHOW COLUMNS FROM `category` [ RunTime:0.0043s ]
SQL: SELECT * FROM `category` WHERE `parent_id` = 2  [ RunTime:0.0002s ]

[ 2017-05-24T16:26:43+08:00 ] 127.0.0.1 /Admin/Category/add.html?parent_id=1
INFO: [ app_begin ] --START--
INFO: Run Behavior\ReadHtmlCacheBehavior [ RunTime:0.000553s ]
INFO: [ app_begin ] --END-- [ RunTime:0.000901s ]
SQL: SHOW COLUMNS FROM `category` [ RunTime:0.0071s ]
SQL: SELECT * FROM `category` WHERE `parent_id` = 1  [ RunTime:0.0005s ]

[ 2017-05-24T16:26:52+08:00 ] 127.0.0.1 /Admin/Category/add.html?parent_id=1
INFO: [ app_begin ] --START--
INFO: Run Behavior\ReadHtmlCacheBehavior [ RunTime:0.000564s ]
INFO: [ app_begin ] --END-- [ RunTime:0.000908s ]
SQL: SHOW COLUMNS FROM `category` [ RunTime:0.0034s ]
SQL: SELECT * FROM `category` WHERE `parent_id` = 1  [ RunTime:0.0002s ]

[ 2017-05-24T16:28:51+08:00 ] 127.0.0.1 /Admin/Category/add.html?parent_id=1
INFO: [ app_begin ] --START--
INFO: Run Behavior\ReadHtmlCacheBehavior [ RunTime:0.000554s ]
INFO: [ app_begin ] --END-- [ RunTime:0.000893s ]
SQL: SHOW COLUMNS FROM `category` [ RunTime:0.0066s ]
SQL: SELECT * FROM `category` WHERE `parent_id` = 1  [ RunTime:0.0003s ]

[ 2017-05-24T16:29:34+08:00 ] 127.0.0.1 /Admin/Category/add.html?parent_id=1
INFO: [ app_begin ] --START--
INFO: Run Behavior\ReadHtmlCacheBehavior [ RunTime:0.000560s ]
INFO: [ app_begin ] --END-- [ RunTime:0.000907s ]
SQL: SHOW COLUMNS FROM `category` [ RunTime:0.0069s ]
SQL: SELECT * FROM `category` WHERE `parent_id` = 1  [ RunTime:0.0002s ]

[ 2017-05-24T16:29:37+08:00 ] 127.0.0.1 /Admin/Category/add.html?parent_id=5
INFO: [ app_begin ] --START--
INFO: Run Behavior\ReadHtmlCacheBehavior [ RunTime:0.000971s ]
INFO: [ app_begin ] --END-- [ RunTime:0.001466s ]
SQL: SHOW COLUMNS FROM `category` [ RunTime:0.0039s ]
SQL: SELECT * FROM `category` WHERE `parent_id` = 5  [ RunTime:0.0006s ]

[ 2017-05-24T16:29:43+08:00 ] 127.0.0.1 /Admin/Category/add.html?parent_id=6
INFO: [ app_begin ] --START--
INFO: Run Behavior\ReadHtmlCacheBehavior [ RunTime:0.000962s ]
INFO: [ app_begin ] --END-- [ RunTime:0.001854s ]
SQL: SHOW COLUMNS FROM `category` [ RunTime:0.0073s ]
SQL: SELECT * FROM `category` WHERE `parent_id` = 6  [ RunTime:0.0005s ]

[ 2017-05-24T16:30:13+08:00 ] 127.0.0.1 /Admin/Category/add.html?parent_id=1
INFO: [ app_begin ] --START--
INFO: Run Behavior\ReadHtmlCacheBehavior [ RunTime:0.000567s ]
INFO: [ app_begin ] --END-- [ RunTime:0.000918s ]
SQL: SHOW COLUMNS FROM `category` [ RunTime:0.0038s ]
SQL: SELECT * FROM `category` WHERE `parent_id` = 1  [ RunTime:0.0002s ]

[ 2017-05-24T16:30:16+08:00 ] 127.0.0.1 /Admin/Category/add.html?parent_id=5
INFO: [ app_begin ] --START--
INFO: Run Behavior\ReadHtmlCacheBehavior [ RunTime:0.000561s ]
INFO: [ app_begin ] --END-- [ RunTime:0.000898s ]
SQL: SHOW COLUMNS FROM `category` [ RunTime:0.0034s ]
SQL: SELECT * FROM `category` WHERE `parent_id` = 5  [ RunTime:0.0002s ]

[ 2017-05-24T16:30:19+08:00 ] 127.0.0.1 /Admin/Category/add.html?parent_id=6
INFO: [ app_begin ] --START--
INFO: Run Behavior\ReadHtmlCacheBehavior [ RunTime:0.000553s ]
INFO: [ app_begin ] --END-- [ RunTime:0.000890s ]
SQL: SHOW COLUMNS FROM `category` [ RunTime:0.0066s ]
SQL: SELECT * FROM `category` WHERE `parent_id` = 6  [ RunTime:0.0002s ]

[ 2017-05-24T16:30:28+08:00 ] 127.0.0.1 /Admin/Category/add.html?parent_id=1
INFO: [ app_begin ] --START--
INFO: Run Behavior\ReadHtmlCacheBehavior [ RunTime:0.000557s ]
INFO: [ app_begin ] --END-- [ RunTime:0.000902s ]
SQL: SHOW COLUMNS FROM `category` [ RunTime:0.0076s ]
SQL: SELECT * FROM `category` WHERE `parent_id` = 1  [ RunTime:0.0009s ]

[ 2017-05-24T16:30:31+08:00 ] 127.0.0.1 /Admin/Category/add.html?parent_id=5
INFO: [ app_begin ] --START--
INFO: Run Behavior\ReadHtmlCacheBehavior [ RunTime:0.000557s ]
INFO: [ app_begin ] --END-- [ RunTime:0.000911s ]
SQL: SHOW COLUMNS FROM `category` [ RunTime:0.0056s ]
SQL: SELECT * FROM `category` WHERE `parent_id` = 5  [ RunTime:0.0003s ]

[ 2017-05-24T16:30:33+08:00 ] 127.0.0.1 /Admin/Category/add.html?parent_id=6
INFO: [ app_begin ] --START--
INFO: Run Behavior\ReadHtmlCacheBehavior [ RunTime:0.000792s ]
INFO: [ app_begin ] --END-- [ RunTime:0.001266s ]
SQL: SHOW COLUMNS FROM `category` [ RunTime:0.0046s ]
SQL: SELECT * FROM `category` WHERE `parent_id` = 6  [ RunTime:0.0005s ]

[ 2017-05-24T16:30:36+08:00 ] 127.0.0.1 /Admin/Category/add.html?parent_id=7
INFO: [ app_begin ] --START--
INFO: Run Behavior\ReadHtmlCacheBehavior [ RunTime:0.000849s ]
INFO: [ app_begin ] --END-- [ RunTime:0.001372s ]
SQL: SHOW COLUMNS FROM `category` [ RunTime:0.0075s ]
SQL: SELECT * FROM `category` WHERE `parent_id` = 7  [ RunTime:0.0004s ]

[ 2017-05-24T16:33:32+08:00 ] 127.0.0.1 /Admin/Category/add.html?parent_id=1
INFO: [ app_begin ] --START--
INFO: Run Behavior\ReadHtmlCacheBehavior [ RunTime:0.000569s ]
INFO: [ app_begin ] --END-- [ RunTime:0.000940s ]
SQL: SHOW COLUMNS FROM `category` [ RunTime:0.0764s ]
SQL: SELECT * FROM `category` WHERE `parent_id` = 1  [ RunTime:0.0002s ]

[ 2017-05-24T16:33:34+08:00 ] 127.0.0.1 /Admin/Category/add.html?parent_id=5
INFO: [ app_begin ] --START--
INFO: Run Behavior\ReadHtmlCacheBehavior [ RunTime:0.000559s ]
INFO: [ app_begin ] --END-- [ RunTime:0.000905s ]
SQL: SHOW COLUMNS FROM `category` [ RunTime:0.0064s ]
SQL: SELECT * FROM `category` WHERE `parent_id` = 5  [ RunTime:0.0002s ]

[ 2017-05-24T16:33:37+08:00 ] 127.0.0.1 /Admin/Category/add.html?parent_id=6
INFO: [ app_begin ] --START--
INFO: Run Behavior\ReadHtmlCacheBehavior [ RunTime:0.000692s ]
INFO: [ app_begin ] --END-- [ RunTime:0.001039s ]
SQL: SHOW COLUMNS FROM `category` [ RunTime:0.0708s ]
SQL: SELECT * FROM `category` WHERE `parent_id` = 6  [ RunTime:0.0002s ]

[ 2017-05-24T16:33:40+08:00 ] 127.0.0.1 /Admin/Category/add.html?parent_id=7
INFO: [ app_begin ] --START--
INFO: Run Behavior\ReadHtmlCacheBehavior [ RunTime:0.000884s ]
INFO: [ app_begin ] --END-- [ RunTime:0.001452s ]
SQL: SHOW COLUMNS FROM `category` [ RunTime:0.0461s ]
SQL: SELECT * FROM `category` WHERE `parent_id` = 7  [ RunTime:0.0002s ]

[ 2017-05-24T16:33:57+08:00 ] 127.0.0.1 /Admin/Category/add.html?parent_id=1
INFO: [ app_begin ] --START--
INFO: Run Behavior\ReadHtmlCacheBehavior [ RunTime:0.000562s ]
INFO: [ app_begin ] --END-- [ RunTime:0.000910s ]
SQL: SHOW COLUMNS FROM `category` [ RunTime:0.0034s ]
SQL: SELECT * FROM `category` WHERE `parent_id` = 1  [ RunTime:0.0001s ]

[ 2017-05-24T16:34:00+08:00 ] 127.0.0.1 /Admin/Category/add.html?parent_id=5
INFO: [ app_begin ] --START--
INFO: Run Behavior\ReadHtmlCacheBehavior [ RunTime:0.000555s ]
INFO: [ app_begin ] --END-- [ RunTime:0.000897s ]
SQL: SHOW COLUMNS FROM `category` [ RunTime:0.0072s ]
SQL: SELECT * FROM `category` WHERE `parent_id` = 5  [ RunTime:0.0002s ]

[ 2017-05-24T16:34:01+08:00 ] 127.0.0.1 /Admin/Category/add.html?parent_id=6
INFO: [ app_begin ] --START--
INFO: Run Behavior\ReadHtmlCacheBehavior [ RunTime:0.000560s ]
INFO: [ app_begin ] --END-- [ RunTime:0.000905s ]
SQL: SHOW COLUMNS FROM `category` [ RunTime:0.0081s ]
SQL: SELECT * FROM `category` WHERE `parent_id` = 6  [ RunTime:0.0002s ]

[ 2017-05-24T16:34:03+08:00 ] 127.0.0.1 /Admin/Category/add.html?parent_id=7
INFO: [ app_begin ] --START--
INFO: Run Behavior\ReadHtmlCacheBehavior [ RunTime:0.000555s ]
INFO: [ app_begin ] --END-- [ RunTime:0.000901s ]
SQL: SHOW COLUMNS FROM `category` [ RunTime:0.0033s ]
SQL: SELECT * FROM `category` WHERE `parent_id` = 7  [ RunTime:0.0002s ]

[ 2017-05-24T16:54:22+08:00 ] 127.0.0.1 /Admin/Category/add.html?parent_id=1
INFO: [ app_begin ] --START--
INFO: Run Behavior\ReadHtmlCacheBehavior [ RunTime:0.000583s ]
INFO: [ app_begin ] --END-- [ RunTime:0.000942s ]
SQL: SHOW COLUMNS FROM `category` [ RunTime:0.0042s ]
SQL: SELECT * FROM `category` WHERE `parent_id` = 1  [ RunTime:0.0003s ]

[ 2017-05-24T16:57:39+08:00 ] 127.0.0.1 /Admin/Category/add.html?parent_id=1
INFO: [ app_begin ] --START--
INFO: Run Behavior\ReadHtmlCacheBehavior [ RunTime:0.001777s ]
INFO: [ app_begin ] --END-- [ RunTime:0.002528s ]
SQL: SHOW COLUMNS FROM `category` [ RunTime:0.0074s ]
SQL: SELECT * FROM `category` WHERE `parent_id` = 1  [ RunTime:0.0002s ]

[ 2017-05-24T16:57:43+08:00 ] 127.0.0.1 /Admin/Category/add.html?parent_id=1
INFO: [ app_begin ] --START--
INFO: Run Behavior\ReadHtmlCacheBehavior [ RunTime:0.000590s ]
INFO: [ app_begin ] --END-- [ RunTime:0.001238s ]
SQL: SHOW COLUMNS FROM `category` [ RunTime:0.0049s ]
SQL: SELECT * FROM `category` WHERE `parent_id` = 1  [ RunTime:0.0002s ]

[ 2017-05-24T17:01:03+08:00 ] 127.0.0.1 /Admin/Category/add.html?parent_id=1
INFO: [ app_begin ] --START--
INFO: Run Behavior\ReadHtmlCacheBehavior [ RunTime:0.000584s ]
INFO: [ app_begin ] --END-- [ RunTime:0.000964s ]
SQL: SHOW COLUMNS FROM `category` [ RunTime:0.0082s ]
SQL: SELECT * FROM `category` WHERE `parent_id` = 1  [ RunTime:0.0002s ]

[ 2017-05-24T17:01:32+08:00 ] 127.0.0.1 /Admin/Category/add.html?parent_id=1
INFO: [ app_begin ] --START--
INFO: Run Behavior\ReadHtmlCacheBehavior [ RunTime:0.000589s ]
INFO: [ app_begin ] --END-- [ RunTime:0.001060s ]
SQL: SHOW COLUMNS FROM `category` [ RunTime:0.0048s ]
SQL: SELECT * FROM `category` WHERE `parent_id` = 1  [ RunTime:0.0003s ]

[ 2017-05-24T17:05:02+08:00 ] 127.0.0.1 /Admin/Category/add.html?parent_id=1
INFO: [ app_begin ] --START--
INFO: Run Behavior\ReadHtmlCacheBehavior [ RunTime:0.000948s ]
INFO: [ app_begin ] --END-- [ RunTime:0.001456s ]
SQL: SHOW COLUMNS FROM `category` [ RunTime:0.0087s ]
SQL: SELECT * FROM `category` WHERE `parent_id` = 1  [ RunTime:0.0003s ]

[ 2017-05-24T17:05:08+08:00 ] 127.0.0.1 /Admin/Category/add.html?parent_id=1
INFO: [ app_begin ] --START--
INFO: Run Behavior\ReadHtmlCacheBehavior [ RunTime:0.001149s ]
INFO: [ app_begin ] --END-- [ RunTime:0.002739s ]
SQL: SHOW COLUMNS FROM `category` [ RunTime:0.0085s ]
SQL: SELECT * FROM `category` WHERE `parent_id` = 1  [ RunTime:0.0003s ]

[ 2017-05-24T17:07:37+08:00 ] 127.0.0.1 /Admin/Category/add.html?parent_id=1&str=ccc
INFO: [ app_begin ] --START--
INFO: Run Behavior\ReadHtmlCacheBehavior [ RunTime:0.000630s ]
INFO: [ app_begin ] --END-- [ RunTime:0.000993s ]
SQL: SHOW COLUMNS FROM `category` [ RunTime:0.0040s ]
SQL: SELECT * FROM `category` WHERE `parent_id` = 1  [ RunTime:0.0002s ]

[ 2017-05-24T17:08:06+08:00 ] 127.0.0.1 /Admin/Category/add.html?parent_id=1&str=ccc
INFO: [ app_begin ] --START--
INFO: Run Behavior\ReadHtmlCacheBehavior [ RunTime:0.000562s ]
INFO: [ app_begin ] --END-- [ RunTime:0.000907s ]
SQL: SHOW COLUMNS FROM `category` [ RunTime:0.0088s ]
SQL: SELECT * FROM `category` WHERE `parent_id` = 1  [ RunTime:0.0003s ]

[ 2017-05-24T17:08:26+08:00 ] 127.0.0.1 /Admin/Category/add.html?parent_id=1&str=ccc
INFO: [ app_begin ] --START--
INFO: Run Behavior\ReadHtmlCacheBehavior [ RunTime:0.000579s ]
INFO: [ app_begin ] --END-- [ RunTime:0.000934s ]
SQL: SHOW COLUMNS FROM `category` [ RunTime:0.0034s ]
SQL: SELECT * FROM `category` WHERE `parent_id` = 1  [ RunTime:0.0009s ]

[ 2017-05-24T17:08:35+08:00 ] 127.0.0.1 /Admin/Category/add.html?parent_id=2&str=%E5%95%86%E5%93%81
INFO: [ app_begin ] --START--
INFO: Run Behavior\ReadHtmlCacheBehavior [ RunTime:0.001461s ]
INFO: [ app_begin ] --END-- [ RunTime:0.002089s ]
SQL: SHOW COLUMNS FROM `category` [ RunTime:0.0659s ]
SQL: SELECT * FROM `category` WHERE `parent_id` = 2  [ RunTime:0.0005s ]

[ 2017-05-24T17:16:06+08:00 ] 127.0.0.1 /Admin/Category/add.html?parent_id=1&str=ccc
INFO: [ app_begin ] --START--
INFO: Run Behavior\ReadHtmlCacheBehavior [ RunTime:0.001912s ]
INFO: [ app_begin ] --END-- [ RunTime:0.002404s ]
SQL: SHOW COLUMNS FROM `category` [ RunTime:0.0080s ]
SQL: SELECT * FROM `category` WHERE `parent_id` = 1  [ RunTime:0.0003s ]

[ 2017-05-24T17:16:08+08:00 ] 127.0.0.1 /Admin/Category/add.html?parent_id=5&str=aa
INFO: [ app_begin ] --START--
INFO: Run Behavior\ReadHtmlCacheBehavior [ RunTime:0.000562s ]
INFO: [ app_begin ] --END-- [ RunTime:0.000909s ]
SQL: SHOW COLUMNS FROM `category` [ RunTime:0.0037s ]
SQL: SELECT * FROM `category` WHERE `parent_id` = 5  [ RunTime:0.0002s ]

[ 2017-05-24T17:16:11+08:00 ] 127.0.0.1 /Admin/Category/add.html?parent_id=6&str=xxx
INFO: [ app_begin ] --START--
INFO: Run Behavior\ReadHtmlCacheBehavior [ RunTime:0.000559s ]
INFO: [ app_begin ] --END-- [ RunTime:0.000910s ]
SQL: SHOW COLUMNS FROM `category` [ RunTime:0.0034s ]
SQL: SELECT * FROM `category` WHERE `parent_id` = 6  [ RunTime:0.0002s ]

[ 2017-05-24T17:16:17+08:00 ] 127.0.0.1 /Admin/Category/add.html?parent_id=2&str=%E5%95%86%E5%93%81
INFO: [ app_begin ] --START--
INFO: Run Behavior\ReadHtmlCacheBehavior [ RunTime:0.000565s ]
INFO: [ app_begin ] --END-- [ RunTime:0.000930s ]
SQL: SHOW COLUMNS FROM `category` [ RunTime:0.0075s ]
SQL: SELECT * FROM `category` WHERE `parent_id` = 2  [ RunTime:0.0002s ]

[ 2017-05-24T17:17:35+08:00 ] 127.0.0.1 /Admin/Category/add.html?parent_id=1&str=ccc
INFO: [ app_begin ] --START--
INFO: Run Behavior\ReadHtmlCacheBehavior [ RunTime:0.000569s ]
INFO: [ app_begin ] --END-- [ RunTime:0.000937s ]
SQL: SHOW COLUMNS FROM `category` [ RunTime:0.0071s ]
SQL: SELECT * FROM `category` WHERE `parent_id` = 1  [ RunTime:0.0002s ]

[ 2017-05-24T17:17:36+08:00 ] 127.0.0.1 /Admin/Category/add.html?parent_id=5&str=aa
INFO: [ app_begin ] --START--
INFO: Run Behavior\ReadHtmlCacheBehavior [ RunTime:0.000564s ]
INFO: [ app_begin ] --END-- [ RunTime:0.000917s ]
SQL: SHOW COLUMNS FROM `category` [ RunTime:0.0034s ]
SQL: SELECT * FROM `category` WHERE `parent_id` = 5  [ RunTime:0.0002s ]

[ 2017-05-24T17:17:37+08:00 ] 127.0.0.1 /Admin/Category/add.html?parent_id=6&str=xxx
INFO: [ app_begin ] --START--
INFO: Run Behavior\ReadHtmlCacheBehavior [ RunTime:0.000565s ]
INFO: [ app_begin ] --END-- [ RunTime:0.000916s ]
SQL: SHOW COLUMNS FROM `category` [ RunTime:0.0071s ]
SQL: SELECT * FROM `category` WHERE `parent_id` = 6  [ RunTime:0.0002s ]

[ 2017-05-24T17:17:38+08:00 ] 127.0.0.1 /Admin/Category/add.html?parent_id=2&str=%E5%95%86%E5%93%81
INFO: [ app_begin ] --START--
INFO: Run Behavior\ReadHtmlCacheBehavior [ RunTime:0.000639s ]
INFO: [ app_begin ] --END-- [ RunTime:0.001040s ]
SQL: SHOW COLUMNS FROM `category` [ RunTime:0.0051s ]
SQL: SELECT * FROM `category` WHERE `parent_id` = 2  [ RunTime:0.0002s ]

[ 2017-05-24T17:17:58+08:00 ] 127.0.0.1 /Admin/Category/add.html?parent_id=1&str=ccc
INFO: [ app_begin ] --START--
INFO: Run Behavior\ReadHtmlCacheBehavior [ RunTime:0.000555s ]
INFO: [ app_begin ] --END-- [ RunTime:0.000902s ]
SQL: SHOW COLUMNS FROM `category` [ RunTime:0.0069s ]
SQL: SELECT * FROM `category` WHERE `parent_id` = 1  [ RunTime:0.0002s ]

[ 2017-05-24T17:17:59+08:00 ] 127.0.0.1 /Admin/Category/add.html?parent_id=5&str=aa
INFO: [ app_begin ] --START--
INFO: Run Behavior\ReadHtmlCacheBehavior [ RunTime:0.000578s ]
INFO: [ app_begin ] --END-- [ RunTime:0.000969s ]
SQL: SHOW COLUMNS FROM `category` [ RunTime:0.0082s ]
SQL: SELECT * FROM `category` WHERE `parent_id` = 5  [ RunTime:0.0002s ]

[ 2017-05-24T17:18:00+08:00 ] 127.0.0.1 /Admin/Category/add.html?parent_id=2&str=%E5%95%86%E5%93%81
INFO: [ app_begin ] --START--
INFO: Run Behavior\ReadHtmlCacheBehavior [ RunTime:0.000567s ]
INFO: [ app_begin ] --END-- [ RunTime:0.000935s ]
SQL: SHOW COLUMNS FROM `category` [ RunTime:0.0033s ]
SQL: SELECT * FROM `category` WHERE `parent_id` = 2  [ RunTime:0.0002s ]

[ 2017-05-24T17:19:30+08:00 ] 127.0.0.1 /Admin/Category/add.html?parent_id=1&str=ccc
INFO: [ app_begin ] --START--
INFO: Run Behavior\ReadHtmlCacheBehavior [ RunTime:0.000614s ]
INFO: [ app_begin ] --END-- [ RunTime:0.000976s ]
SQL: SHOW COLUMNS FROM `category` [ RunTime:0.0076s ]
SQL: SELECT * FROM `category` WHERE `parent_id` = 1  [ RunTime:0.0002s ]

[ 2017-05-24T17:19:31+08:00 ] 127.0.0.1 /Admin/Category/add.html?parent_id=5&str=aa
INFO: [ app_begin ] --START--
INFO: Run Behavior\ReadHtmlCacheBehavior [ RunTime:0.000569s ]
INFO: [ app_begin ] --END-- [ RunTime:0.000910s ]
SQL: SHOW COLUMNS FROM `category` [ RunTime:0.0034s ]
SQL: SELECT * FROM `category` WHERE `parent_id` = 5  [ RunTime:0.0002s ]

[ 2017-05-24T17:19:32+08:00 ] 127.0.0.1 /Admin/Category/add.html?parent_id=2&str=%E5%95%86%E5%93%81
INFO: [ app_begin ] --START--
INFO: Run Behavior\ReadHtmlCacheBehavior [ RunTime:0.000870s ]
INFO: [ app_begin ] --END-- [ RunTime:0.001263s ]
SQL: SHOW COLUMNS FROM `category` [ RunTime:0.0071s ]
SQL: SELECT * FROM `category` WHERE `parent_id` = 2  [ RunTime:0.0002s ]

[ 2017-05-24T17:20:45+08:00 ] 127.0.0.1 /Admin/Category/add.html?parent_id=1&str=ccc
INFO: [ app_begin ] --START--
INFO: Run Behavior\ReadHtmlCacheBehavior [ RunTime:0.000804s ]
INFO: [ app_begin ] --END-- [ RunTime:0.001258s ]
SQL: SHOW COLUMNS FROM `category` [ RunTime:0.0036s ]
SQL: SELECT * FROM `category` WHERE `parent_id` = 1  [ RunTime:0.0002s ]

[ 2017-05-24T17:20:46+08:00 ] 127.0.0.1 /Admin/Category/add.html?parent_id=5&str=aa
INFO: [ app_begin ] --START--
INFO: Run Behavior\ReadHtmlCacheBehavior [ RunTime:0.000558s ]
INFO: [ app_begin ] --END-- [ RunTime:0.000898s ]
SQL: SHOW COLUMNS FROM `category` [ RunTime:0.0036s ]
SQL: SELECT * FROM `category` WHERE `parent_id` = 5  [ RunTime:0.0002s ]

[ 2017-05-24T17:20:48+08:00 ] 127.0.0.1 /Admin/Category/add.html?parent_id=2&str=%E5%95%86%E5%93%81
INFO: [ app_begin ] --START--
INFO: Run Behavior\ReadHtmlCacheBehavior [ RunTime:0.000556s ]
INFO: [ app_begin ] --END-- [ RunTime:0.000908s ]
SQL: SHOW COLUMNS FROM `category` [ RunTime:0.0032s ]
SQL: SELECT * FROM `category` WHERE `parent_id` = 2  [ RunTime:0.0002s ]

[ 2017-05-24T17:21:06+08:00 ] 127.0.0.1 /Admin/Category/add.html?parent_id=1&str=ccc
INFO: [ app_begin ] --START--
INFO: Run Behavior\ReadHtmlCacheBehavior [ RunTime:0.000787s ]
INFO: [ app_begin ] --END-- [ RunTime:0.001342s ]
SQL: SHOW COLUMNS FROM `category` [ RunTime:0.0085s ]
SQL: SELECT * FROM `category` WHERE `parent_id` = 1  [ RunTime:0.0004s ]

[ 2017-05-24T17:21:10+08:00 ] 127.0.0.1 /Admin/Category/add.html?parent_id=2&str=%E5%95%86%E5%93%81
INFO: [ app_begin ] --START--
INFO: Run Behavior\ReadHtmlCacheBehavior [ RunTime:0.001160s ]
INFO: [ app_begin ] --END-- [ RunTime:0.001721s ]
SQL: SHOW COLUMNS FROM `category` [ RunTime:0.0082s ]
SQL: SELECT * FROM `category` WHERE `parent_id` = 2  [ RunTime:0.0004s ]

[ 2017-05-24T17:21:45+08:00 ] 127.0.0.1 /Admin/Category/add.html?parent_id=2&str=%E5%95%86%E5%93%81
INFO: [ app_begin ] --START--
INFO: Run Behavior\ReadHtmlCacheBehavior [ RunTime:0.001029s ]
INFO: [ app_begin ] --END-- [ RunTime:0.001618s ]
SQL: SHOW COLUMNS FROM `category` [ RunTime:0.0073s ]
SQL: SELECT * FROM `category` WHERE `parent_id` = 2  [ RunTime:0.0002s ]

[ 2017-05-24T17:22:32+08:00 ] 127.0.0.1 /Admin/Category/add.html?parent_id=2&str=%E5%95%86%E5%93%81
INFO: [ app_begin ] --START--
INFO: Run Behavior\ReadHtmlCacheBehavior [ RunTime:0.000585s ]
INFO: [ app_begin ] --END-- [ RunTime:0.001134s ]
SQL: SHOW COLUMNS FROM `category` [ RunTime:0.0075s ]
SQL: SELECT * FROM `category` WHERE `parent_id` = 2  [ RunTime:0.0001s ]

[ 2017-05-24T17:22:34+08:00 ] 127.0.0.1 /Admin/Category/add.html?parent_id=1&str=ccc
INFO: [ app_begin ] --START--
INFO: Run Behavior\ReadHtmlCacheBehavior [ RunTime:0.001152s ]
INFO: [ app_begin ] --END-- [ RunTime:0.001789s ]
SQL: SHOW COLUMNS FROM `category` [ RunTime:0.0101s ]
SQL: SELECT * FROM `category` WHERE `parent_id` = 1  [ RunTime:0.0003s ]

[ 2017-05-24T17:22:37+08:00 ] 127.0.0.1 /Admin/Category/add.html?parent_id=5&str=aa
INFO: [ app_begin ] --START--
INFO: Run Behavior\ReadHtmlCacheBehavior [ RunTime:0.000979s ]
INFO: [ app_begin ] --END-- [ RunTime:0.001592s ]
SQL: SHOW COLUMNS FROM `category` [ RunTime:0.0068s ]
SQL: SELECT * FROM `category` WHERE `parent_id` = 5  [ RunTime:0.0004s ]

[ 2017-05-24T17:22:38+08:00 ] 127.0.0.1 /Admin/Category/add.html?parent_id=2&str=%E5%95%86%E5%93%81
INFO: [ app_begin ] --START--
INFO: Run Behavior\ReadHtmlCacheBehavior [ RunTime:0.001007s ]
INFO: [ app_begin ] --END-- [ RunTime:0.001675s ]
SQL: SHOW COLUMNS FROM `category` [ RunTime:0.0077s ]
SQL: SELECT * FROM `category` WHERE `parent_id` = 2  [ RunTime:0.0002s ]

[ 2017-05-24T17:25:45+08:00 ] 127.0.0.1 /Admin/Category/add.html?parent_id=1&str=ccc
INFO: [ app_begin ] --START--
INFO: Run Behavior\ReadHtmlCacheBehavior [ RunTime:0.000894s ]
INFO: [ app_begin ] --END-- [ RunTime:0.001356s ]
SQL: SHOW COLUMNS FROM `category` [ RunTime:0.0074s ]
SQL: SELECT * FROM `category` WHERE `parent_id` = 1  [ RunTime:0.0002s ]

[ 2017-05-24T17:25:46+08:00 ] 127.0.0.1 /Admin/Category/add.html?parent_id=5&str=aa
INFO: [ app_begin ] --START--
INFO: Run Behavior\ReadHtmlCacheBehavior [ RunTime:0.001117s ]
INFO: [ app_begin ] --END-- [ RunTime:0.001671s ]
SQL: SHOW COLUMNS FROM `category` [ RunTime:0.0047s ]
SQL: SELECT * FROM `category` WHERE `parent_id` = 5  [ RunTime:0.0002s ]

[ 2017-05-24T17:25:47+08:00 ] 127.0.0.1 /Admin/Category/add.html?parent_id=2&str=%E5%95%86%E5%93%81
INFO: [ app_begin ] --START--
INFO: Run Behavior\ReadHtmlCacheBehavior [ RunTime:0.000648s ]
INFO: [ app_begin ] --END-- [ RunTime:0.001472s ]
SQL: SHOW COLUMNS FROM `category` [ RunTime:0.0037s ]
SQL: SELECT * FROM `category` WHERE `parent_id` = 2  [ RunTime:0.0002s ]

[ 2017-05-24T17:28:34+08:00 ] 127.0.0.1 /Admin/Category/add.html?parent_id=1&str=ccc
INFO: [ app_begin ] --START--
INFO: Run Behavior\ReadHtmlCacheBehavior [ RunTime:0.000562s ]
INFO: [ app_begin ] --END-- [ RunTime:0.000913s ]
SQL: SHOW COLUMNS FROM `category` [ RunTime:0.0073s ]
SQL: SELECT * FROM `category` WHERE `parent_id` = 1  [ RunTime:0.0002s ]

[ 2017-05-24T17:28:35+08:00 ] 127.0.0.1 /Admin/Category/add.html?parent_id=5&str=aa
INFO: [ app_begin ] --START--
INFO: Run Behavior\ReadHtmlCacheBehavior [ RunTime:0.000651s ]
INFO: [ app_begin ] --END-- [ RunTime:0.001186s ]
SQL: SHOW COLUMNS FROM `category` [ RunTime:0.0069s ]
SQL: SELECT * FROM `category` WHERE `parent_id` = 5  [ RunTime:0.0002s ]

[ 2017-05-24T17:28:38+08:00 ] 127.0.0.1 /Admin/Category/add.html?parent_id=2&str=%E5%95%86%E5%93%81
INFO: [ app_begin ] --START--
INFO: Run Behavior\ReadHtmlCacheBehavior [ RunTime:0.000560s ]
INFO: [ app_begin ] --END-- [ RunTime:0.000908s ]
SQL: SHOW COLUMNS FROM `category` [ RunTime:0.0074s ]
SQL: SELECT * FROM `category` WHERE `parent_id` = 2  [ RunTime:0.0002s ]

[ 2017-05-24T17:28:50+08:00 ] 127.0.0.1 /Admin/Category/add.html?parent_id=1&str=ccc
INFO: [ app_begin ] --START--
INFO: Run Behavior\ReadHtmlCacheBehavior [ RunTime:0.000566s ]
INFO: [ app_begin ] --END-- [ RunTime:0.000945s ]
SQL: SHOW COLUMNS FROM `category` [ RunTime:0.0035s ]
SQL: SELECT * FROM `category` WHERE `parent_id` = 1  [ RunTime:0.0002s ]

[ 2017-05-24T17:28:52+08:00 ] 127.0.0.1 /Admin/Category/add.html?parent_id=5&str=aa
INFO: [ app_begin ] --START--
INFO: Run Behavior\ReadHtmlCacheBehavior [ RunTime:0.000889s ]
INFO: [ app_begin ] --END-- [ RunTime:0.001416s ]
SQL: SHOW COLUMNS FROM `category` [ RunTime:0.0049s ]
SQL: SELECT * FROM `category` WHERE `parent_id` = 5  [ RunTime:0.0002s ]

[ 2017-05-24T17:28:53+08:00 ] 127.0.0.1 /Admin/Category/add.html?parent_id=6&str=xxx
INFO: [ app_begin ] --START--
INFO: Run Behavior\ReadHtmlCacheBehavior [ RunTime:0.001081s ]
INFO: [ app_begin ] --END-- [ RunTime:0.001717s ]
SQL: SHOW COLUMNS FROM `category` [ RunTime:0.0043s ]
SQL: SELECT * FROM `category` WHERE `parent_id` = 6  [ RunTime:0.0002s ]

[ 2017-05-24T17:28:54+08:00 ] 127.0.0.1 /Admin/Category/add.html?parent_id=2&str=%E5%95%86%E5%93%81
INFO: [ app_begin ] --START--
INFO: Run Behavior\ReadHtmlCacheBehavior [ RunTime:0.000576s ]
INFO: [ app_begin ] --END-- [ RunTime:0.000948s ]
SQL: SHOW COLUMNS FROM `category` [ RunTime:0.0031s ]
SQL: SELECT * FROM `category` WHERE `parent_id` = 2  [ RunTime:0.0002s ]

[ 2017-05-24T17:29:13+08:00 ] 127.0.0.1 /Admin/Category/add.html?parent_id=1&str=ccc
INFO: [ app_begin ] --START--
INFO: Run Behavior\ReadHtmlCacheBehavior [ RunTime:0.000579s ]
INFO: [ app_begin ] --END-- [ RunTime:0.000944s ]
SQL: SHOW COLUMNS FROM `category` [ RunTime:0.0068s ]
SQL: SELECT * FROM `category` WHERE `parent_id` = 1  [ RunTime:0.0002s ]

[ 2017-05-24T17:29:15+08:00 ] 127.0.0.1 /Admin/Category/add.html?parent_id=5&str=aa
INFO: [ app_begin ] --START--
INFO: Run Behavior\ReadHtmlCacheBehavior [ RunTime:0.000552s ]
INFO: [ app_begin ] --END-- [ RunTime:0.000892s ]
SQL: SHOW COLUMNS FROM `category` [ RunTime:0.0035s ]
SQL: SELECT * FROM `category` WHERE `parent_id` = 5  [ RunTime:0.0002s ]

[ 2017-05-24T17:29:16+08:00 ] 127.0.0.1 /Admin/Category/add.html?parent_id=2&str=%E5%95%86%E5%93%81
INFO: [ app_begin ] --START--
INFO: Run Behavior\ReadHtmlCacheBehavior [ RunTime:0.001237s ]
INFO: [ app_begin ] --END-- [ RunTime:0.001782s ]
SQL: SHOW COLUMNS FROM `category` [ RunTime:0.0033s ]
SQL: SELECT * FROM `category` WHERE `parent_id` = 2  [ RunTime:0.0002s ]

[ 2017-05-24T17:31:47+08:00 ] 127.0.0.1 /Admin/Category/add.html?parent_id=1&str=ccc
INFO: [ app_begin ] --START--
INFO: Run Behavior\ReadHtmlCacheBehavior [ RunTime:0.000554s ]
INFO: [ app_begin ] --END-- [ RunTime:0.000899s ]
SQL: SHOW COLUMNS FROM `category` [ RunTime:0.0075s ]
SQL: SELECT * FROM `category` WHERE `parent_id` = 1  [ RunTime:0.0002s ]

[ 2017-05-24T17:31:50+08:00 ] 127.0.0.1 /Admin/Category/add.html?parent_id=5&str=aa
INFO: [ app_begin ] --START--
INFO: Run Behavior\ReadHtmlCacheBehavior [ RunTime:0.000564s ]
INFO: [ app_begin ] --END-- [ RunTime:0.000922s ]
SQL: SHOW COLUMNS FROM `category` [ RunTime:0.0191s ]
SQL: SELECT * FROM `category` WHERE `parent_id` = 5  [ RunTime:0.0002s ]

[ 2017-05-24T17:31:52+08:00 ] 127.0.0.1 /Admin/Category/add.html?parent_id=0&str=%E9%A1%B6%E7%BA%A7%E5%88%86%E7%B1%BB
INFO: [ app_begin ] --START--
INFO: Run Behavior\ReadHtmlCacheBehavior [ RunTime:0.000554s ]
INFO: [ app_begin ] --END-- [ RunTime:0.000900s ]
SQL: SHOW COLUMNS FROM `category` [ RunTime:0.0066s ]
SQL: SELECT * FROM `category` WHERE `parent_id` = 0  [ RunTime:0.0004s ]

[ 2017-05-24T17:31:53+08:00 ] 127.0.0.1 /Admin/Category/add.html?parent_id=2&str=%E5%95%86%E5%93%81
INFO: [ app_begin ] --START--
INFO: Run Behavior\ReadHtmlCacheBehavior [ RunTime:0.000856s ]
INFO: [ app_begin ] --END-- [ RunTime:0.001366s ]
SQL: SHOW COLUMNS FROM `category` [ RunTime:0.0072s ]
SQL: SELECT * FROM `category` WHERE `parent_id` = 2  [ RunTime:0.0002s ]

[ 2017-05-24T17:32:29+08:00 ] 127.0.0.1 /Admin/Category/add.html?parent_id=2&str=%E5%95%86%E5%93%81
INFO: [ app_begin ] --START--
INFO: Run Behavior\ReadHtmlCacheBehavior [ RunTime:0.000699s ]
INFO: [ app_begin ] --END-- [ RunTime:0.001063s ]
SQL: SHOW COLUMNS FROM `category` [ RunTime:0.0068s ]
SQL: SELECT * FROM `category` WHERE `parent_id` = 2  [ RunTime:0.0002s ]

[ 2017-05-24T17:32:32+08:00 ] 127.0.0.1 /Admin/Category/add.html?parent_id=1&str=ccc
INFO: [ app_begin ] --START--
INFO: Run Behavior\ReadHtmlCacheBehavior [ RunTime:0.000556s ]
INFO: [ app_begin ] --END-- [ RunTime:0.000918s ]
SQL: SHOW COLUMNS FROM `category` [ RunTime:0.0415s ]
SQL: SELECT * FROM `category` WHERE `parent_id` = 1  [ RunTime:0.0003s ]

[ 2017-05-24T17:32:34+08:00 ] 127.0.0.1 /Admin/Category/add.html?parent_id=5&str=aa
INFO: [ app_begin ] --START--
INFO: Run Behavior\ReadHtmlCacheBehavior [ RunTime:0.000555s ]
INFO: [ app_begin ] --END-- [ RunTime:0.000903s ]
SQL: SHOW COLUMNS FROM `category` [ RunTime:0.0078s ]
SQL: SELECT * FROM `category` WHERE `parent_id` = 5  [ RunTime:0.0002s ]

[ 2017-05-24T17:33:19+08:00 ] 127.0.0.1 /Admin/Category/add.html?parent_id=1&str=ccc
INFO: [ app_begin ] --START--
INFO: Run Behavior\ReadHtmlCacheBehavior [ RunTime:0.000849s ]
INFO: [ app_begin ] --END-- [ RunTime:0.001366s ]
SQL: SHOW COLUMNS FROM `category` [ RunTime:0.0073s ]
SQL: SELECT * FROM `category` WHERE `parent_id` = 1  [ RunTime:0.0002s ]

[ 2017-05-24T17:33:20+08:00 ] 127.0.0.1 /Admin/Category/add.html?parent_id=5&str=aa
INFO: [ app_begin ] --START--
INFO: Run Behavior\ReadHtmlCacheBehavior [ RunTime:0.000556s ]
INFO: [ app_begin ] --END-- [ RunTime:0.000900s ]
SQL: SHOW COLUMNS FROM `category` [ RunTime:0.0066s ]
SQL: SELECT * FROM `category` WHERE `parent_id` = 5  [ RunTime:0.0002s ]

[ 2017-05-24T17:33:22+08:00 ] 127.0.0.1 /Admin/Category/add.html?parent_id=6&str=xxx
INFO: [ app_begin ] --START--
INFO: Run Behavior\ReadHtmlCacheBehavior [ RunTime:0.000562s ]
INFO: [ app_begin ] --END-- [ RunTime:0.000908s ]
SQL: SHOW COLUMNS FROM `category` [ RunTime:0.0041s ]
SQL: SELECT * FROM `category` WHERE `parent_id` = 6  [ RunTime:0.0002s ]

[ 2017-05-24T17:33:23+08:00 ] 127.0.0.1 /Admin/Category/add.html?parent_id=7&str=qqq
INFO: [ app_begin ] --START--
INFO: Run Behavior\ReadHtmlCacheBehavior [ RunTime:0.000563s ]
INFO: [ app_begin ] --END-- [ RunTime:0.000921s ]
SQL: SHOW COLUMNS FROM `category` [ RunTime:0.0249s ]
SQL: SELECT * FROM `category` WHERE `parent_id` = 7  [ RunTime:0.0002s ]

[ 2017-05-24T17:33:27+08:00 ] 127.0.0.1 /Admin/Category/add.html?parent_id=2&str=%E5%95%86%E5%93%81
INFO: [ app_begin ] --START--
INFO: Run Behavior\ReadHtmlCacheBehavior [ RunTime:0.000649s ]
INFO: [ app_begin ] --END-- [ RunTime:0.001195s ]
SQL: SHOW COLUMNS FROM `category` [ RunTime:0.0070s ]
SQL: SELECT * FROM `category` WHERE `parent_id` = 2  [ RunTime:0.0002s ]

[ 2017-05-24T17:33:39+08:00 ] 127.0.0.1 /Admin/Category/add.html?parent_id=1&str=ccc
INFO: [ app_begin ] --START--
INFO: Run Behavior\ReadHtmlCacheBehavior [ RunTime:0.000564s ]
INFO: [ app_begin ] --END-- [ RunTime:0.000921s ]
SQL: SHOW COLUMNS FROM `category` [ RunTime:0.0043s ]
SQL: SELECT * FROM `category` WHERE `parent_id` = 1  [ RunTime:0.0002s ]

[ 2017-05-24T17:33:40+08:00 ] 127.0.0.1 /Admin/Category/add.html?parent_id=5&str=aa
INFO: [ app_begin ] --START--
INFO: Run Behavior\ReadHtmlCacheBehavior [ RunTime:0.000578s ]
INFO: [ app_begin ] --END-- [ RunTime:0.000945s ]
SQL: SHOW COLUMNS FROM `category` [ RunTime:0.0060s ]
SQL: SELECT * FROM `category` WHERE `parent_id` = 5  [ RunTime:0.0003s ]

[ 2017-05-24T17:33:41+08:00 ] 127.0.0.1 /Admin/Category/add.html?parent_id=6&str=xxx
INFO: [ app_begin ] --START--
INFO: Run Behavior\ReadHtmlCacheBehavior [ RunTime:0.000715s ]
INFO: [ app_begin ] --END-- [ RunTime:0.001212s ]
SQL: SHOW COLUMNS FROM `category` [ RunTime:0.0039s ]
SQL: SELECT * FROM `category` WHERE `parent_id` = 6  [ RunTime:0.0002s ]

[ 2017-05-24T17:33:43+08:00 ] 127.0.0.1 /Admin/Category/add.html?parent_id=2&str=%E5%95%86%E5%93%81
INFO: [ app_begin ] --START--
INFO: Run Behavior\ReadHtmlCacheBehavior [ RunTime:0.000664s ]
INFO: [ app_begin ] --END-- [ RunTime:0.001074s ]
SQL: SHOW COLUMNS FROM `category` [ RunTime:0.0074s ]
SQL: SELECT * FROM `category` WHERE `parent_id` = 2  [ RunTime:0.0002s ]

[ 2017-05-24T17:34:04+08:00 ] 127.0.0.1 /Admin/Category/add.html?parent_id=1&str=ccc
INFO: [ app_begin ] --START--
INFO: Run Behavior\ReadHtmlCacheBehavior [ RunTime:0.000574s ]
INFO: [ app_begin ] --END-- [ RunTime:0.001029s ]
SQL: SHOW COLUMNS FROM `category` [ RunTime:0.0069s ]
SQL: SELECT * FROM `category` WHERE `parent_id` = 1  [ RunTime:0.0002s ]

[ 2017-05-24T17:34:05+08:00 ] 127.0.0.1 /Admin/Category/add.html?parent_id=5&str=aa
INFO: [ app_begin ] --START--
INFO: Run Behavior\ReadHtmlCacheBehavior [ RunTime:0.000570s ]
INFO: [ app_begin ] --END-- [ RunTime:0.000917s ]
SQL: SHOW COLUMNS FROM `category` [ RunTime:0.0145s ]
SQL: SELECT * FROM `category` WHERE `parent_id` = 5  [ RunTime:0.0001s ]

[ 2017-05-24T17:34:06+08:00 ] 127.0.0.1 /Admin/Category/add.html?parent_id=0&str=%E9%A1%B6%E7%BA%A7%E5%88%86%E7%B1%BB
INFO: [ app_begin ] --START--
INFO: Run Behavior\ReadHtmlCacheBehavior [ RunTime:0.000695s ]
INFO: [ app_begin ] --END-- [ RunTime:0.001041s ]
SQL: SHOW COLUMNS FROM `category` [ RunTime:0.0068s ]
SQL: SELECT * FROM `category` WHERE `parent_id` = 0  [ RunTime:0.0002s ]

[ 2017-05-24T17:34:08+08:00 ] 127.0.0.1 /Admin/Category/add.html?parent_id=2&str=%E5%95%86%E5%93%81
INFO: [ app_begin ] --START--
INFO: Run Behavior\ReadHtmlCacheBehavior [ RunTime:0.000873s ]
INFO: [ app_begin ] --END-- [ RunTime:0.001418s ]
SQL: SHOW COLUMNS FROM `category` [ RunTime:0.0071s ]
SQL: SELECT * FROM `category` WHERE `parent_id` = 2  [ RunTime:0.0002s ]

[ 2017-05-24T17:34:42+08:00 ] 127.0.0.1 /Admin/Category/add.html?parent_id=1&str=ccc
INFO: [ app_begin ] --START--
INFO: Run Behavior\ReadHtmlCacheBehavior [ RunTime:0.000660s ]
INFO: [ app_begin ] --END-- [ RunTime:0.001419s ]
SQL: SHOW COLUMNS FROM `category` [ RunTime:0.0067s ]
SQL: SELECT * FROM `category` WHERE `parent_id` = 1  [ RunTime:0.0002s ]

[ 2017-05-24T17:34:43+08:00 ] 127.0.0.1 /Admin/Category/add.html?parent_id=5&str=aa
INFO: [ app_begin ] --START--
INFO: Run Behavior\ReadHtmlCacheBehavior [ RunTime:0.000562s ]
INFO: [ app_begin ] --END-- [ RunTime:0.000942s ]
SQL: SHOW COLUMNS FROM `category` [ RunTime:0.0078s ]
SQL: SELECT * FROM `category` WHERE `parent_id` = 5  [ RunTime:0.0003s ]

[ 2017-05-24T17:34:44+08:00 ] 127.0.0.1 /Admin/Category/add.html?parent_id=2&str=%E5%95%86%E5%93%81
INFO: [ app_begin ] --START--
INFO: Run Behavior\ReadHtmlCacheBehavior [ RunTime:0.000611s ]
INFO: [ app_begin ] --END-- [ RunTime:0.001193s ]
SQL: SHOW COLUMNS FROM `category` [ RunTime:0.0037s ]
SQL: SELECT * FROM `category` WHERE `parent_id` = 2  [ RunTime:0.0002s ]

[ 2017-05-24T17:35:02+08:00 ] 127.0.0.1 /Admin/Category/add.html?parent_id=2&str=%E5%95%86%E5%93%81
INFO: [ app_begin ] --START--
INFO: Run Behavior\ReadHtmlCacheBehavior [ RunTime:0.000569s ]
INFO: [ app_begin ] --END-- [ RunTime:0.000942s ]
SQL: SHOW COLUMNS FROM `category` [ RunTime:0.0038s ]
SQL: SELECT * FROM `category` WHERE `parent_id` = 2  [ RunTime:0.0004s ]

[ 2017-05-24T17:35:03+08:00 ] 127.0.0.1 /Admin/Category/add.html?parent_id=8&str=as
INFO: [ app_begin ] --START--
INFO: Run Behavior\ReadHtmlCacheBehavior [ RunTime:0.000602s ]
INFO: [ app_begin ] --END-- [ RunTime:0.000954s ]
SQL: SHOW COLUMNS FROM `category` [ RunTime:0.0054s ]
SQL: SELECT * FROM `category` WHERE `parent_id` = 8  [ RunTime:0.0003s ]

[ 2017-05-24T17:35:04+08:00 ] 127.0.0.1 /Admin/Category/add.html?parent_id=4&str=%E8%A1%A3%E6%9C%8D
INFO: [ app_begin ] --START--
INFO: Run Behavior\ReadHtmlCacheBehavior [ RunTime:0.000556s ]
INFO: [ app_begin ] --END-- [ RunTime:0.000899s ]
SQL: SHOW COLUMNS FROM `category` [ RunTime:0.0165s ]
SQL: SELECT * FROM `category` WHERE `parent_id` = 4  [ RunTime:0.0003s ]

[ 2017-05-24T17:35:06+08:00 ] 127.0.0.1 /Admin/Category/add.html?parent_id=1&str=ccc
INFO: [ app_begin ] --START--
INFO: Run Behavior\ReadHtmlCacheBehavior [ RunTime:0.001026s ]
INFO: [ app_begin ] --END-- [ RunTime:0.001770s ]
SQL: SHOW COLUMNS FROM `category` [ RunTime:0.0036s ]
SQL: SELECT * FROM `category` WHERE `parent_id` = 1  [ RunTime:0.0004s ]

[ 2017-05-24T17:35:07+08:00 ] 127.0.0.1 /Admin/Category/add.html?parent_id=5&str=aa
INFO: [ app_begin ] --START--
INFO: Run Behavior\ReadHtmlCacheBehavior [ RunTime:0.000673s ]
INFO: [ app_begin ] --END-- [ RunTime:0.001077s ]
SQL: SHOW COLUMNS FROM `category` [ RunTime:0.0039s ]
SQL: SELECT * FROM `category` WHERE `parent_id` = 5  [ RunTime:0.0003s ]

[ 2017-05-24T17:35:08+08:00 ] 127.0.0.1 /Admin/Category/add.html?parent_id=6&str=xxx
INFO: [ app_begin ] --START--
INFO: Run Behavior\ReadHtmlCacheBehavior [ RunTime:0.001316s ]
INFO: [ app_begin ] --END-- [ RunTime:0.001792s ]
SQL: SHOW COLUMNS FROM `category` [ RunTime:0.0041s ]
SQL: SELECT * FROM `category` WHERE `parent_id` = 6  [ RunTime:0.0004s ]

[ 2017-05-24T17:35:09+08:00 ] 127.0.0.1 /Admin/Category/add.html?parent_id=2&str=%E5%95%86%E5%93%81
INFO: [ app_begin ] --START--
INFO: Run Behavior\ReadHtmlCacheBehavior [ RunTime:0.000564s ]
INFO: [ app_begin ] --END-- [ RunTime:0.000922s ]
SQL: SHOW COLUMNS FROM `category` [ RunTime:0.0034s ]
SQL: SELECT * FROM `category` WHERE `parent_id` = 2  [ RunTime:0.0002s ]

[ 2017-05-24T17:36:26+08:00 ] 127.0.0.1 /Admin/Category/add.html?parent_id=1&str=ccc
INFO: [ app_begin ] --START--
INFO: Run Behavior\ReadHtmlCacheBehavior [ RunTime:0.000622s ]
INFO: [ app_begin ] --END-- [ RunTime:0.000976s ]
SQL: SHOW COLUMNS FROM `category` [ RunTime:0.0033s ]
SQL: SELECT * FROM `category` WHERE `parent_id` = 1  [ RunTime:0.0002s ]

[ 2017-05-24T17:37:03+08:00 ] 127.0.0.1 /Admin/Category/add.html?parent_id=0&str=%E9%A1%B6%E7%BA%A7%E5%88%86%E7%B1%BB
INFO: [ app_begin ] --START--
INFO: Run Behavior\ReadHtmlCacheBehavior [ RunTime:0.000591s ]
INFO: [ app_begin ] --END-- [ RunTime:0.000966s ]
SQL: SHOW COLUMNS FROM `category` [ RunTime:0.0069s ]
SQL: SELECT * FROM `category` WHERE `parent_id` = 0  [ RunTime:0.0003s ]

[ 2017-05-24T17:37:04+08:00 ] 127.0.0.1 /Admin/Category/add.html?parent_id=1&str=ccc
INFO: [ app_begin ] --START--
INFO: Run Behavior\ReadHtmlCacheBehavior [ RunTime:0.000554s ]
INFO: [ app_begin ] --END-- [ RunTime:0.000898s ]
SQL: SHOW COLUMNS FROM `category` [ RunTime:0.0068s ]
SQL: SELECT * FROM `category` WHERE `parent_id` = 1  [ RunTime:0.0002s ]

[ 2017-05-24T17:37:05+08:00 ] 127.0.0.1 /Admin/Category/add.html?parent_id=2&str=%E5%95%86%E5%93%81
INFO: [ app_begin ] --START--
INFO: Run Behavior\ReadHtmlCacheBehavior [ RunTime:0.000555s ]
INFO: [ app_begin ] --END-- [ RunTime:0.000899s ]
SQL: SHOW COLUMNS FROM `category` [ RunTime:0.0068s ]
SQL: SELECT * FROM `category` WHERE `parent_id` = 2  [ RunTime:0.0002s ]

[ 2017-05-24T17:37:07+08:00 ] 127.0.0.1 /Admin/Category/add.html?parent_id=4&str=%E8%A1%A3%E6%9C%8D
INFO: [ app_begin ] --START--
INFO: Run Behavior\ReadHtmlCacheBehavior [ RunTime:0.000895s ]
INFO: [ app_begin ] --END-- [ RunTime:0.001304s ]
SQL: SHOW COLUMNS FROM `category` [ RunTime:0.0069s ]
SQL: SELECT * FROM `category` WHERE `parent_id` = 4  [ RunTime:0.0002s ]

[ 2017-05-24T17:37:08+08:00 ] 127.0.0.1 /Admin/Category/add.html?parent_id=0&str=%E9%A1%B6%E7%BA%A7%E5%88%86%E7%B1%BB
INFO: [ app_begin ] --START--
INFO: Run Behavior\ReadHtmlCacheBehavior [ RunTime:0.001010s ]
INFO: [ app_begin ] --END-- [ RunTime:0.001433s ]
SQL: SHOW COLUMNS FROM `category` [ RunTime:0.0067s ]
SQL: SELECT * FROM `category` WHERE `parent_id` = 0  [ RunTime:0.0002s ]

[ 2017-05-24T17:37:09+08:00 ] 127.0.0.1 /Admin/Category/add.html?parent_id=2&str=%E5%95%86%E5%93%81
INFO: [ app_begin ] --START--
INFO: Run Behavior\ReadHtmlCacheBehavior [ RunTime:0.000569s ]
INFO: [ app_begin ] --END-- [ RunTime:0.000919s ]
SQL: SHOW COLUMNS FROM `category` [ RunTime:0.0073s ]
SQL: SELECT * FROM `category` WHERE `parent_id` = 2  [ RunTime:0.0002s ]

[ 2017-05-24T17:37:11+08:00 ] 127.0.0.1 /Admin/Category/add.html?parent_id=4&str=%E8%A1%A3%E6%9C%8D
INFO: [ app_begin ] --START--
INFO: Run Behavior\ReadHtmlCacheBehavior [ RunTime:0.000581s ]
INFO: [ app_begin ] --END-- [ RunTime:0.000941s ]
SQL: SHOW COLUMNS FROM `category` [ RunTime:0.0038s ]
SQL: SELECT * FROM `category` WHERE `parent_id` = 4  [ RunTime:0.0002s ]

[ 2017-05-24T17:37:13+08:00 ] 127.0.0.1 /Admin/Category/add.html?parent_id=0&str=%E9%A1%B6%E7%BA%A7%E5%88%86%E7%B1%BB
INFO: [ app_begin ] --START--
INFO: Run Behavior\ReadHtmlCacheBehavior [ RunTime:0.000595s ]
INFO: [ app_begin ] --END-- [ RunTime:0.000937s ]
SQL: SHOW COLUMNS FROM `category` [ RunTime:0.0067s ]
SQL: SELECT * FROM `category` WHERE `parent_id` = 0  [ RunTime:0.0002s ]

[ 2017-05-24T17:37:15+08:00 ] 127.0.0.1 /Admin/Category/add.html?parent_id=1&str=ccc
INFO: [ app_begin ] --START--
INFO: Run Behavior\ReadHtmlCacheBehavior [ RunTime:0.000612s ]
INFO: [ app_begin ] --END-- [ RunTime:0.000982s ]
SQL: SHOW COLUMNS FROM `category` [ RunTime:0.0038s ]
SQL: SELECT * FROM `category` WHERE `parent_id` = 1  [ RunTime:0.0003s ]

[ 2017-05-24T17:37:37+08:00 ] 127.0.0.1 /Admin/Category/add.html?parent_id=1&str=ccc
INFO: [ app_begin ] --START--
INFO: Run Behavior\ReadHtmlCacheBehavior [ RunTime:0.000551s ]
INFO: [ app_begin ] --END-- [ RunTime:0.000895s ]
SQL: SHOW COLUMNS FROM `category` [ RunTime:0.0071s ]
SQL: SELECT * FROM `category` WHERE `parent_id` = 1  [ RunTime:0.0002s ]

[ 2017-05-24T17:37:39+08:00 ] 127.0.0.1 /Admin/Category/add.html?parent_id=0&str=%E9%A1%B6%E7%BA%A7%E5%88%86%E7%B1%BB
INFO: [ app_begin ] --START--
INFO: Run Behavior\ReadHtmlCacheBehavior [ RunTime:0.000594s ]
INFO: [ app_begin ] --END-- [ RunTime:0.000957s ]
SQL: SHOW COLUMNS FROM `category` [ RunTime:0.0068s ]
SQL: SELECT * FROM `category` WHERE `parent_id` = 0  [ RunTime:0.0002s ]

[ 2017-05-24T17:37:40+08:00 ] 127.0.0.1 /Admin/Category/add.html?parent_id=2&str=%E5%95%86%E5%93%81
INFO: [ app_begin ] --START--
INFO: Run Behavior\ReadHtmlCacheBehavior [ RunTime:0.000560s ]
INFO: [ app_begin ] --END-- [ RunTime:0.000912s ]
SQL: SHOW COLUMNS FROM `category` [ RunTime:0.0067s ]
SQL: SELECT * FROM `category` WHERE `parent_id` = 2  [ RunTime:0.0002s ]

[ 2017-05-24T17:37:42+08:00 ] 127.0.0.1 /Admin/Category/add.html?parent_id=0&str=%E9%A1%B6%E7%BA%A7%E5%88%86%E7%B1%BB
INFO: [ app_begin ] --START--
INFO: Run Behavior\ReadHtmlCacheBehavior [ RunTime:0.000553s ]
INFO: [ app_begin ] --END-- [ RunTime:0.000895s ]
SQL: SHOW COLUMNS FROM `category` [ RunTime:0.0068s ]
SQL: SELECT * FROM `category` WHERE `parent_id` = 0  [ RunTime:0.0002s ]

[ 2017-05-24T17:37:43+08:00 ] 127.0.0.1 /Admin/Category/add.html?parent_id=2&str=%E5%95%86%E5%93%81
INFO: [ app_begin ] --START--
INFO: Run Behavior\ReadHtmlCacheBehavior [ RunTime:0.000558s ]
INFO: [ app_begin ] --END-- [ RunTime:0.000907s ]
SQL: SHOW COLUMNS FROM `category` [ RunTime:0.0711s ]
SQL: SELECT * FROM `category` WHERE `parent_id` = 2  [ RunTime:0.0002s ]

[ 2017-05-24T17:37:44+08:00 ] 127.0.0.1 /Admin/Category/add.html?parent_id=4&str=%E8%A1%A3%E6%9C%8D
INFO: [ app_begin ] --START--
INFO: Run Behavior\ReadHtmlCacheBehavior [ RunTime:0.000562s ]
INFO: [ app_begin ] --END-- [ RunTime:0.000910s ]
SQL: SHOW COLUMNS FROM `category` [ RunTime:0.0068s ]
SQL: SELECT * FROM `category` WHERE `parent_id` = 4  [ RunTime:0.0002s ]

[ 2017-05-24T17:37:46+08:00 ] 127.0.0.1 /Admin/Category/add.html?parent_id=1&str=ccc
INFO: [ app_begin ] --START--
INFO: Run Behavior\ReadHtmlCacheBehavior [ RunTime:0.000558s ]
INFO: [ app_begin ] --END-- [ RunTime:0.000906s ]
SQL: SHOW COLUMNS FROM `category` [ RunTime:0.0037s ]
SQL: SELECT * FROM `category` WHERE `parent_id` = 1  [ RunTime:0.0002s ]

[ 2017-05-24T17:37:48+08:00 ] 127.0.0.1 /Admin/Category/add.html?parent_id=0&str=%E9%A1%B6%E7%BA%A7%E5%88%86%E7%B1%BB
INFO: [ app_begin ] --START--
INFO: Run Behavior\ReadHtmlCacheBehavior [ RunTime:0.000562s ]
INFO: [ app_begin ] --END-- [ RunTime:0.000922s ]
SQL: SHOW COLUMNS FROM `category` [ RunTime:0.0230s ]
SQL: SELECT * FROM `category` WHERE `parent_id` = 0  [ RunTime:0.0002s ]

[ 2017-05-24T20:24:12+08:00 ] 127.0.0.1 /Admin/Category/add.html?parent_id=1&str=ccc
INFO: [ app_begin ] --START--
INFO: Run Behavior\ReadHtmlCacheBehavior [ RunTime:0.000559s ]
INFO: [ app_begin ] --END-- [ RunTime:0.000907s ]
SQL: SHOW COLUMNS FROM `category` [ RunTime:0.0041s ]
SQL: SELECT * FROM `category` WHERE `parent_id` = 1  [ RunTime:0.0003s ]

[ 2017-05-24T20:24:13+08:00 ] 127.0.0.1 /Admin/Category/add.html?parent_id=5&str=aa
INFO: [ app_begin ] --START--
INFO: Run Behavior\ReadHtmlCacheBehavior [ RunTime:0.000553s ]
INFO: [ app_begin ] --END-- [ RunTime:0.000893s ]
SQL: SHOW COLUMNS FROM `category` [ RunTime:0.0036s ]
SQL: SELECT * FROM `category` WHERE `parent_id` = 5  [ RunTime:0.0002s ]

[ 2017-05-24T20:24:14+08:00 ] 127.0.0.1 /Admin/Category/add.html?parent_id=6&str=xxx
INFO: [ app_begin ] --START--
INFO: Run Behavior\ReadHtmlCacheBehavior [ RunTime:0.000564s ]
INFO: [ app_begin ] --END-- [ RunTime:0.000931s ]
SQL: SHOW COLUMNS FROM `category` [ RunTime:0.0038s ]
SQL: SELECT * FROM `category` WHERE `parent_id` = 6  [ RunTime:0.0003s ]

[ 2017-05-24T20:24:16+08:00 ] 127.0.0.1 /Admin/Category/add.html?parent_id=2&str=%E5%95%86%E5%93%81
INFO: [ app_begin ] --START--
INFO: Run Behavior\ReadHtmlCacheBehavior [ RunTime:0.000559s ]
INFO: [ app_begin ] --END-- [ RunTime:0.000905s ]
SQL: SHOW COLUMNS FROM `category` [ RunTime:0.0033s ]
SQL: SELECT * FROM `category` WHERE `parent_id` = 2  [ RunTime:0.0002s ]

[ 2017-05-24T20:24:21+08:00 ] 127.0.0.1 /Admin/Category/add.html?parent_id=4&str=%E8%A1%A3%E6%9C%8D
INFO: [ app_begin ] --START--
INFO: Run Behavior\ReadHtmlCacheBehavior [ RunTime:0.000569s ]
INFO: [ app_begin ] --END-- [ RunTime:0.000940s ]
SQL: SHOW COLUMNS FROM `category` [ RunTime:0.0037s ]
SQL: SELECT * FROM `category` WHERE `parent_id` = 4  [ RunTime:0.0002s ]

[ 2017-05-24T20:24:22+08:00 ] 127.0.0.1 /Admin/Category/add.html?parent_id=2&str=%E5%95%86%E5%93%81
INFO: [ app_begin ] --START--
INFO: Run Behavior\ReadHtmlCacheBehavior [ RunTime:0.000559s ]
INFO: [ app_begin ] --END-- [ RunTime:0.000904s ]
SQL: SHOW COLUMNS FROM `category` [ RunTime:0.0068s ]
SQL: SELECT * FROM `category` WHERE `parent_id` = 2  [ RunTime:0.0002s ]

[ 2017-05-24T20:24:24+08:00 ] 127.0.0.1 /Admin/Category/add.html?parent_id=1&str=ccc
INFO: [ app_begin ] --START--
INFO: Run Behavior\ReadHtmlCacheBehavior [ RunTime:0.000570s ]
INFO: [ app_begin ] --END-- [ RunTime:0.000918s ]
SQL: SHOW COLUMNS FROM `category` [ RunTime:0.0066s ]
SQL: SELECT * FROM `category` WHERE `parent_id` = 1  [ RunTime:0.0002s ]

[ 2017-05-24T20:24:30+08:00 ] 127.0.0.1 /Admin/Category/add.html?parent_id=2&str=%E5%95%86%E5%93%81
INFO: [ app_begin ] --START--
INFO: Run Behavior\ReadHtmlCacheBehavior [ RunTime:0.000556s ]
INFO: [ app_begin ] --END-- [ RunTime:0.000896s ]
SQL: SHOW COLUMNS FROM `category` [ RunTime:0.0035s ]
SQL: SELECT * FROM `category` WHERE `parent_id` = 2  [ RunTime:0.0002s ]

[ 2017-05-24T20:24:31+08:00 ] 127.0.0.1 /Admin/Category/add.html?parent_id=4&str=%E8%A1%A3%E6%9C%8D
INFO: [ app_begin ] --START--
INFO: Run Behavior\ReadHtmlCacheBehavior [ RunTime:0.000562s ]
INFO: [ app_begin ] --END-- [ RunTime:0.000910s ]
SQL: SHOW COLUMNS FROM `category` [ RunTime:0.0034s ]
SQL: SELECT * FROM `category` WHERE `parent_id` = 4  [ RunTime:0.0002s ]

[ 2017-05-24T20:24:32+08:00 ] 127.0.0.1 /Admin/Category/add.html?parent_id=2&str=%E5%95%86%E5%93%81
INFO: [ app_begin ] --START--
INFO: Run Behavior\ReadHtmlCacheBehavior [ RunTime:0.000555s ]
INFO: [ app_begin ] --END-- [ RunTime:0.000896s ]
SQL: SHOW COLUMNS FROM `category` [ RunTime:0.0042s ]
SQL: SELECT * FROM `category` WHERE `parent_id` = 2  [ RunTime:0.0002s ]

[ 2017-05-24T20:24:33+08:00 ] 127.0.0.1 /Admin/Category/add.html?parent_id=1&str=ccc
INFO: [ app_begin ] --START--
INFO: Run Behavior\ReadHtmlCacheBehavior [ RunTime:0.000585s ]
INFO: [ app_begin ] --END-- [ RunTime:0.001214s ]
SQL: SHOW COLUMNS FROM `category` [ RunTime:0.0068s ]
SQL: SELECT * FROM `category` WHERE `parent_id` = 1  [ RunTime:0.0002s ]

[ 2017-05-24T20:24:35+08:00 ] 127.0.0.1 /Admin/Category/add.html?parent_id=5&str=aa
INFO: [ app_begin ] --START--
INFO: Run Behavior\ReadHtmlCacheBehavior [ RunTime:0.000560s ]
INFO: [ app_begin ] --END-- [ RunTime:0.000919s ]
SQL: SHOW COLUMNS FROM `category` [ RunTime:0.0034s ]
SQL: SELECT * FROM `category` WHERE `parent_id` = 5  [ RunTime:0.0002s ]

[ 2017-05-24T20:24:36+08:00 ] 127.0.0.1 /Admin/Category/add.html?parent_id=6&str=xxx
INFO: [ app_begin ] --START--
INFO: Run Behavior\ReadHtmlCacheBehavior [ RunTime:0.000562s ]
INFO: [ app_begin ] --END-- [ RunTime:0.000909s ]
SQL: SHOW COLUMNS FROM `category` [ RunTime:0.0033s ]
SQL: SELECT * FROM `category` WHERE `parent_id` = 6  [ RunTime:0.0002s ]

[ 2017-05-24T20:24:41+08:00 ] 127.0.0.1 /Admin/Category/add.html?parent_id=7&str=qqq
INFO: [ app_begin ] --START--
INFO: Run Behavior\ReadHtmlCacheBehavior [ RunTime:0.001061s ]
INFO: [ app_begin ] --END-- [ RunTime:0.001606s ]
SQL: SHOW COLUMNS FROM `category` [ RunTime:0.0155s ]
SQL: SELECT * FROM `category` WHERE `parent_id` = 7  [ RunTime:0.0004s ]

[ 2017-05-24T20:24:43+08:00 ] 127.0.0.1 /Admin/Category/add.html?parent_id=2&str=%E5%95%86%E5%93%81
INFO: [ app_begin ] --START--
INFO: Run Behavior\ReadHtmlCacheBehavior [ RunTime:0.000554s ]
INFO: [ app_begin ] --END-- [ RunTime:0.000894s ]
SQL: SHOW COLUMNS FROM `category` [ RunTime:0.0036s ]
SQL: SELECT * FROM `category` WHERE `parent_id` = 2  [ RunTime:0.0002s ]

[ 2017-05-24T20:24:44+08:00 ] 127.0.0.1 /Admin/Category/add.html?parent_id=1&str=ccc
INFO: [ app_begin ] --START--
INFO: Run Behavior\ReadHtmlCacheBehavior [ RunTime:0.000553s ]
INFO: [ app_begin ] --END-- [ RunTime:0.000896s ]
SQL: SHOW COLUMNS FROM `category` [ RunTime:0.0036s ]
SQL: SELECT * FROM `category` WHERE `parent_id` = 1  [ RunTime:0.0002s ]

[ 2017-05-24T20:24:46+08:00 ] 127.0.0.1 /Admin/Category/add.html?parent_id=5&str=aa
INFO: [ app_begin ] --START--
INFO: Run Behavior\ReadHtmlCacheBehavior [ RunTime:0.000553s ]
INFO: [ app_begin ] --END-- [ RunTime:0.000893s ]
SQL: SHOW COLUMNS FROM `category` [ RunTime:0.0034s ]
SQL: SELECT * FROM `category` WHERE `parent_id` = 5  [ RunTime:0.0002s ]

[ 2017-05-24T20:25:58+08:00 ] 127.0.0.1 /Admin/Category/add.html?parent_id=1&str=ccc
INFO: [ app_begin ] --START--
INFO: Run Behavior\ReadHtmlCacheBehavior [ RunTime:0.000562s ]
INFO: [ app_begin ] --END-- [ RunTime:0.000901s ]
SQL: SHOW COLUMNS FROM `category` [ RunTime:0.0067s ]
SQL: SELECT * FROM `category` WHERE `parent_id` = 1  [ RunTime:0.0002s ]

[ 2017-05-24T20:26:09+08:00 ] 127.0.0.1 /Admin/Category/add.html?parent_id=1&str=ccc
INFO: [ app_begin ] --START--
INFO: Run Behavior\ReadHtmlCacheBehavior [ RunTime:0.000552s ]
INFO: [ app_begin ] --END-- [ RunTime:0.000895s ]
SQL: SHOW COLUMNS FROM `category` [ RunTime:0.0040s ]
SQL: SELECT * FROM `category` WHERE `parent_id` = 1  [ RunTime:0.0002s ]

[ 2017-05-24T20:26:34+08:00 ] 127.0.0.1 /Admin/Category/add.html?parent_id=1&str=ccc
INFO: [ app_begin ] --START--
INFO: Run Behavior\ReadHtmlCacheBehavior [ RunTime:0.000568s ]
INFO: [ app_begin ] --END-- [ RunTime:0.000914s ]
SQL: SHOW COLUMNS FROM `category` [ RunTime:0.0070s ]
SQL: SELECT * FROM `category` WHERE `parent_id` = 1  [ RunTime:0.0002s ]

[ 2017-05-24T20:26:37+08:00 ] 127.0.0.1 /Admin/Category/add.html?parent_id=5&str=aa
INFO: [ app_begin ] --START--
INFO: Run Behavior\ReadHtmlCacheBehavior [ RunTime:0.000551s ]
INFO: [ app_begin ] --END-- [ RunTime:0.000891s ]
SQL: SHOW COLUMNS FROM `category` [ RunTime:0.0066s ]
SQL: SELECT * FROM `category` WHERE `parent_id` = 5  [ RunTime:0.0002s ]

[ 2017-05-24T20:28:55+08:00 ] 127.0.0.1 /Admin/Category/add.html?parent_id=1&str=ccc
INFO: [ app_begin ] --START--
INFO: Run Behavior\ReadHtmlCacheBehavior [ RunTime:0.000552s ]
INFO: [ app_begin ] --END-- [ RunTime:0.000889s ]
SQL: SHOW COLUMNS FROM `category` [ RunTime:0.0069s ]
SQL: SELECT * FROM `category` WHERE `parent_id` = 1  [ RunTime:0.0002s ]

[ 2017-05-24T20:28:56+08:00 ] 127.0.0.1 /Admin/Category/add.html?parent_id=5&str=aa
INFO: [ app_begin ] --START--
INFO: Run Behavior\ReadHtmlCacheBehavior [ RunTime:0.000703s ]
INFO: [ app_begin ] --END-- [ RunTime:0.001057s ]
SQL: SHOW COLUMNS FROM `category` [ RunTime:0.0167s ]
SQL: SELECT * FROM `category` WHERE `parent_id` = 5  [ RunTime:0.0002s ]

[ 2017-05-24T20:57:52+08:00 ] 127.0.0.1 /Admin/Category/add.html?parent_id=2&str=%E5%95%86%E5%93%81
INFO: [ app_begin ] --START--
INFO: Run Behavior\ReadHtmlCacheBehavior [ RunTime:0.000560s ]
INFO: [ app_begin ] --END-- [ RunTime:0.000915s ]
SQL: SHOW COLUMNS FROM `category` [ RunTime:0.0069s ]
SQL: SELECT * FROM `category` WHERE `parent_id` = 2  [ RunTime:0.0003s ]

[ 2017-05-24T20:57:58+08:00 ] 127.0.0.1 /Admin/Category/add.html?parent_id=8&str=as
INFO: [ app_begin ] --START--
INFO: Run Behavior\ReadHtmlCacheBehavior [ RunTime:0.000561s ]
INFO: [ app_begin ] --END-- [ RunTime:0.000902s ]
SQL: SHOW COLUMNS FROM `category` [ RunTime:0.0066s ]
SQL: SELECT * FROM `category` WHERE `parent_id` = 8  [ RunTime:0.0003s ]

[ 2017-05-24T20:58:13+08:00 ] 127.0.0.1 /Admin/Category/add.html?parent_id=2&str=%E5%95%86%E5%93%81
INFO: [ app_begin ] --START--
INFO: Run Behavior\ReadHtmlCacheBehavior [ RunTime:0.000560s ]
INFO: [ app_begin ] --END-- [ RunTime:0.000908s ]
SQL: SHOW COLUMNS FROM `category` [ RunTime:0.0068s ]
SQL: SELECT * FROM `category` WHERE `parent_id` = 2  [ RunTime:0.0003s ]

[ 2017-05-24T20:58:15+08:00 ] 127.0.0.1 /Admin/Category/add.html?parent_id=8&str=as
INFO: [ app_begin ] --START--
INFO: Run Behavior\ReadHtmlCacheBehavior [ RunTime:0.000559s ]
INFO: [ app_begin ] --END-- [ RunTime:0.000911s ]
SQL: SHOW COLUMNS FROM `category` [ RunTime:0.0072s ]
SQL: SELECT * FROM `category` WHERE `parent_id` = 8  [ RunTime:0.0004s ]

[ 2017-05-24T20:58:16+08:00 ] 127.0.0.1 /Admin/Category/add.html?parent_id=10&str=111
INFO: [ app_begin ] --START--
INFO: Run Behavior\ReadHtmlCacheBehavior [ RunTime:0.000730s ]
INFO: [ app_begin ] --END-- [ RunTime:0.001169s ]
SQL: SHOW COLUMNS FROM `category` [ RunTime:0.0072s ]
SQL: SELECT * FROM `category` WHERE `parent_id` = 10  [ RunTime:0.0005s ]

[ 2017-05-24T21:01:46+08:00 ] 127.0.0.1 /Admin/Category/add.html?parent_id=1&str=ccc
INFO: [ app_begin ] --START--
INFO: Run Behavior\ReadHtmlCacheBehavior [ RunTime:0.000641s ]
INFO: [ app_begin ] --END-- [ RunTime:0.001071s ]
SQL: SHOW COLUMNS FROM `category` [ RunTime:0.0650s ]
SQL: SELECT * FROM `category` WHERE `parent_id` = 1  [ RunTime:0.0010s ]

[ 2017-05-24T21:02:02+08:00 ] 127.0.0.1 /Admin/Category/add.html?parent_id=2&str=%E5%95%86%E5%93%81
INFO: [ app_begin ] --START--
INFO: Run Behavior\ReadHtmlCacheBehavior [ RunTime:0.000568s ]
INFO: [ app_begin ] --END-- [ RunTime:0.000939s ]
SQL: SHOW COLUMNS FROM `category` [ RunTime:0.0069s ]
SQL: SELECT * FROM `category` WHERE `parent_id` = 2  [ RunTime:0.0002s ]

[ 2017-05-24T21:02:16+08:00 ] 127.0.0.1 /Admin/Category/add.html?parent_id=8&str=as
INFO: [ app_begin ] --START--
INFO: Run Behavior\ReadHtmlCacheBehavior [ RunTime:0.000560s ]
INFO: [ app_begin ] --END-- [ RunTime:0.000909s ]
SQL: SHOW COLUMNS FROM `category` [ RunTime:0.0034s ]
SQL: SELECT * FROM `category` WHERE `parent_id` = 8  [ RunTime:0.0002s ]

[ 2017-05-24T21:02:31+08:00 ] 127.0.0.1 /Admin/Category/add.html?parent_id=1&str=ccc
INFO: [ app_begin ] --START--
INFO: Run Behavior\ReadHtmlCacheBehavior [ RunTime:0.000565s ]
INFO: [ app_begin ] --END-- [ RunTime:0.000947s ]
SQL: SHOW COLUMNS FROM `category` [ RunTime:0.0070s ]
SQL: SELECT * FROM `category` WHERE `parent_id` = 1  [ RunTime:0.0002s ]

[ 2017-05-24T21:02:32+08:00 ] 127.0.0.1 /Admin/Category/add.html?parent_id=0&str=%E9%A1%B6%E7%BA%A7%E5%88%86%E7%B1%BB
INFO: [ app_begin ] --START--
INFO: Run Behavior\ReadHtmlCacheBehavior [ RunTime:0.000575s ]
INFO: [ app_begin ] --END-- [ RunTime:0.000967s ]
SQL: SHOW COLUMNS FROM `category` [ RunTime:0.0037s ]
SQL: SELECT * FROM `category` WHERE `parent_id` = 0  [ RunTime:0.0003s ]

[ 2017-05-24T21:02:34+08:00 ] 127.0.0.1 /Admin/Category/add.html?parent_id=2&str=%E5%95%86%E5%93%81
INFO: [ app_begin ] --START--
INFO: Run Behavior\ReadHtmlCacheBehavior [ RunTime:0.000569s ]
INFO: [ app_begin ] --END-- [ RunTime:0.000930s ]
SQL: SHOW COLUMNS FROM `category` [ RunTime:0.0067s ]
SQL: SELECT * FROM `category` WHERE `parent_id` = 2  [ RunTime:0.0002s ]

[ 2017-05-24T21:02:39+08:00 ] 127.0.0.1 /Admin/Category/add.html?parent_id=8&str=as
INFO: [ app_begin ] --START--
INFO: Run Behavior\ReadHtmlCacheBehavior [ RunTime:0.000562s ]
INFO: [ app_begin ] --END-- [ RunTime:0.000919s ]
SQL: SHOW COLUMNS FROM `category` [ RunTime:0.0073s ]
SQL: SELECT * FROM `category` WHERE `parent_id` = 8  [ RunTime:0.0002s ]

[ 2017-05-24T21:02:43+08:00 ] 127.0.0.1 /Admin/Category/add.html?parent_id=&str=--+choose+--
INFO: [ app_begin ] --START--
INFO: Run Behavior\ReadHtmlCacheBehavior [ RunTime:0.000652s ]
INFO: [ app_begin ] --END-- [ RunTime:0.001001s ]
SQL: SHOW COLUMNS FROM `category` [ RunTime:0.0069s ]
SQL: SELECT * FROM `category` WHERE `parent_id` = 0  [ RunTime:0.0002s ]

